
================================================================
======== txAdmin v6.0.2 atop fxserver 6620 Starting - 17/09/2023, 14:34:08
================================================================

================================================================
======== Log Rotated - 17/09/2023, 14:34:08                     
================================================================

================================================================
======== txAdmin v6.0.2 atop fxserver 6620 Starting - 17/09/2023, 14:35:08
================================================================
[14:37:40][WolfyDev] logged in via in-game ui
[14:54:45][WolfyDev] logged in from via NUI iframe
[14:54:53][WolfyDev] executed "setgroup 1 user"
[14:55:21][WolfyDev] executed "setgroup 1 admin"

================================================================
======== txAdmin v6.0.2 atop fxserver 6620 Starting - 17/09/2023, 19:36:49
================================================================
[19:37:27][WolfyDev] logged in via in-game ui
[20:18:52][WolfyDev] logged in from via NUI iframe
[20:19:02][WolfyDev] executed "setgroup 1 user"
[20:19:22][WolfyDev] executed "setgroup 1 mod"
[20:19:38][WolfyDev] executed "setgroup 1 admin"

================================================================
======== txAdmin v6.0.2 atop fxserver 6620 Starting - 17/09/2023, 21:07:02
================================================================
[21:07:30][WolfyDev] logged in via in-game ui
[21:07:31][WolfyDev] logged in from 127.0.0.1 via citizenfx
[21:07:31][WolfyDev] logged in via in-game ui

================================================================
======== txAdmin v6.0.2 atop fxserver 6620 Starting - 17/09/2023, 21:50:40
================================================================
[21:51:09][WolfyDev] logged in via in-game ui

================================================================
======== txAdmin v6.0.2 atop fxserver 6620 Starting - 17/09/2023, 21:54:39
================================================================
[21:55:07][WolfyDev] logged in via in-game ui

================================================================
======== txAdmin v6.0.2 atop fxserver 6620 Starting - 17/09/2023, 22:09:20
================================================================
[22:09:53][WolfyDev] logged in via in-game ui
[22:13:50][WolfyDev] logged in via in-game ui
