
================================================================
======== txAdmin v6.0.2 atop fxserver 6620 Starting - 21/09/2023, 01:36:29
================================================================

================================================================
======== Log Rotated - 21/09/2023, 01:36:29                     
================================================================
[01:37:16][WolfyDev] logged in via in-game ui

================================================================
======== txAdmin v6.0.2 atop fxserver 6620 Starting - 21/09/2023, 03:03:13
================================================================
[03:05:09][WolfyDev] logged in from 127.0.0.1 via citizenfx
[03:05:15][WolfyDev] executed "RESTART SERVER"
[03:05:45][WolfyDev] logged in via in-game ui

================================================================
======== txAdmin v6.0.2 atop fxserver 6620 Starting - 21/09/2023, 04:28:57
================================================================
[04:29:07][WolfyDev] logged in from 127.0.0.1 via citizenfx
[04:29:39][WolfyDev] logged in via in-game ui
[05:18:11][WolfyDev] logged in via in-game ui

================================================================
======== txAdmin v6.0.2 atop fxserver 6620 Starting - 21/09/2023, 05:39:30
================================================================
[05:39:59][WolfyDev] logged in via in-game ui

================================================================
======== txAdmin v6.0.2 atop fxserver 6620 Starting - 21/09/2023, 12:39:37
================================================================

================================================================
======== txAdmin v6.0.2 atop fxserver 6620 Starting - 21/09/2023, 12:42:59
================================================================
[12:43:32][WolfyDev] logged in via in-game ui

================================================================
======== txAdmin v6.0.2 atop fxserver 6620 Starting - 21/09/2023, 13:24:00
================================================================
[13:24:30][WolfyDev] logged in via in-game ui

================================================================
======== txAdmin v6.0.2 atop fxserver 6620 Starting - 21/09/2023, 13:25:23
================================================================
[13:25:50][WolfyDev] logged in via in-game ui

================================================================
======== txAdmin v6.0.2 atop fxserver 6620 Starting - 21/09/2023, 14:32:15
================================================================
[14:33:07][WolfyDev] logged in via in-game ui
[14:37:28][WolfyDev] logged in from 127.0.0.1 via citizenfx
[14:37:28][WolfyDev] logged in via in-game ui

================================================================
======== txAdmin v6.0.2 atop fxserver 6620 Starting - 21/09/2023, 16:41:37
================================================================

================================================================
======== txAdmin v6.0.2 atop fxserver 6620 Starting - 21/09/2023, 16:42:10
================================================================
[16:42:33][WolfyDev] logged in from 127.0.0.1 via citizenfx
[16:42:58][WolfyDev] executed "RESTART SERVER"
[16:43:27][WolfyDev] logged in via in-game ui

================================================================
======== txAdmin v6.0.2 atop fxserver 6620 Starting - 21/09/2023, 17:52:15
================================================================
[17:52:28][WolfyDev] logged in from 127.0.0.1 via citizenfx
[17:52:50][WolfyDev] logged in via in-game ui

================================================================
======== txAdmin v6.0.2 atop fxserver 6620 Starting - 21/09/2023, 18:02:18
================================================================
[18:02:33][WolfyDev] logged in from 127.0.0.1 via citizenfx
[18:02:46][WolfyDev] logged in via in-game ui
[18:02:47][WolfyDev] logged in via in-game ui
