
================================================================
======== txAdmin v6.0.2 atop fxserver 6775 Starting - 13/10/2023, 00:23:21
================================================================

================================================================
======== Log Rotated - 13/10/2023, 00:23:21                     
================================================================

================================================================
======== txAdmin v6.0.2 atop fxserver 6775 Starting - 13/10/2023, 00:27:58
================================================================
[00:29:49][WolfyDev] logged in via in-game ui

================================================================
======== txAdmin v6.0.2 atop fxserver 6775 Starting - 13/10/2023, 16:12:50
================================================================

================================================================
======== txAdmin v6.0.2 atop fxserver 6775 Starting - 13/10/2023, 16:14:37
================================================================
[16:14:59][WolfyDev] logged in via in-game ui

================================================================
======== txAdmin v6.0.2 atop fxserver 6775 Starting - 13/10/2023, 16:59:15
================================================================
[16:59:49][WolfyDev] logged in via in-game ui

================================================================
======== txAdmin v6.0.2 atop fxserver 6775 Starting - 13/10/2023, 20:17:25
================================================================

================================================================
======== txAdmin v6.0.2 atop fxserver 6775 Starting - 13/10/2023, 20:33:51
================================================================
[20:34:02][WolfyDev] logged in from 127.0.0.1 via citizenfx
[20:34:38][WolfyDev] executed "RESTART SERVER"
[20:35:09][WolfyDev] logged in via in-game ui
