
================================================================
======== txAdmin v6.0.2 atop fxserver 6620 Starting - 27/09/2023, 13:55:23
================================================================

================================================================
======== Log Rotated - 27/09/2023, 13:55:23                     
================================================================

================================================================
======== txAdmin v6.0.2 atop fxserver 6620 Starting - 27/09/2023, 13:55:45
================================================================
[13:56:04][WolfyDev] logged in from 127.0.0.1 via citizenfx

================================================================
======== txAdmin v6.0.2 atop fxserver 6620 Starting - 27/09/2023, 14:37:49
================================================================

================================================================
======== txAdmin v6.0.2 atop fxserver 6620 Starting - 27/09/2023, 14:39:09
================================================================
[14:39:40][WolfyDev] logged in via in-game ui

================================================================
======== txAdmin v6.0.2 atop fxserver 6620 Starting - 27/09/2023, 16:58:33
================================================================
[16:59:15][WolfyDev] logged in via in-game ui

================================================================
======== txAdmin v6.0.2 atop fxserver 6620 Starting - 27/09/2023, 17:03:13
================================================================
[17:03:41][WolfyDev] logged in via in-game ui
