
================================================================
======== txAdmin v6.0.2 atop fxserver 6620 Starting - 28/08/2023, 15:17:54
================================================================

================================================================
======== Log Rotated - 28/08/2023, 15:17:54                     
================================================================
[15:18:05][WolfyDev] logged in from 127.0.0.1 via citizenfx
[15:18:35][WolfyDev] executed "RESTART SERVER"
[15:20:18][WolfyDev] executed "RESTART SERVER"
[15:24:46][WolfyDev] executed "RESTART SERVER"
[15:25:28][WolfyDev] executed "RESTART SERVER"
[15:26:09][WolfyDev] executed "RESTART SERVER"
[15:28:31][WolfyDev] executed "RESTART SERVER"
[15:30:01][WolfyDev] logged in via in-game ui
[15:31:34][WolfyDev] logged in via in-game ui

================================================================
======== txAdmin v6.0.2 atop fxserver 6620 Starting - 28/08/2023, 16:10:25
================================================================
[16:10:54][WolfyDev] logged in via in-game ui

================================================================
======== txAdmin v6.0.2 atop fxserver 6620 Starting - 28/08/2023, 16:11:35
================================================================
[16:12:10][WolfyDev] logged in via in-game ui
[16:13:59][WolfyDev] logged in via in-game ui

================================================================
======== txAdmin v6.0.2 atop fxserver 6620 Starting - 28/08/2023, 16:17:48
================================================================
[16:18:16][WolfyDev] logged in via in-game ui

================================================================
======== txAdmin v6.0.2 atop fxserver 6620 Starting - 28/08/2023, 16:23:24
================================================================
[16:23:46][WolfyDev] logged in via in-game ui
[16:27:52][WolfyDev] logged in via in-game ui
[16:29:15][WolfyDev] logged in via in-game ui
[16:32:51][WolfyDev] logged in via in-game ui
[16:34:14][WolfyDev] logged in via in-game ui
