
================================================================
======== txAdmin v6.0.2 atop fxserver 6775 Starting - 12/10/2023, 00:18:34
================================================================

================================================================
======== Log Rotated - 12/10/2023, 00:18:34                     
================================================================
[00:19:08][WolfyDev] logged in via in-game ui

================================================================
======== txAdmin v6.0.2 atop fxserver 6775 Starting - 12/10/2023, 02:02:13
================================================================

================================================================
======== txAdmin v6.0.2 atop fxserver 6775 Starting - 12/10/2023, 02:02:47
================================================================
[02:03:39][WolfyDev] logged in via in-game ui

================================================================
======== txAdmin v6.0.2 atop fxserver 6775 Starting - 12/10/2023, 17:36:30
================================================================

================================================================
======== txAdmin v6.0.2 atop fxserver 6775 Starting - 12/10/2023, 17:36:58
================================================================
[17:37:41][WolfyDev] logged in via in-game ui
[19:51:29][WolfyDev] logged in from 127.0.0.1 via citizenfx
[19:51:29][WolfyDev] logged in via in-game ui
[19:51:32][WolfyDev] executed "clear"
[20:02:51][WolfyDev] executed "setgroup user"
[20:03:04][WolfyDev] executed "setgroup 1 user"
[20:03:07][WolfyDev] executed "setgroup 1 users"
[20:03:11][WolfyDev] executed "setgroup 1 user"
[20:03:31][WolfyDev] executed "setgroup 1 admin"

================================================================
======== txAdmin v6.0.2 atop fxserver 6775 Starting - 12/10/2023, 21:17:31
================================================================
[21:18:07][WolfyDev] logged in via in-game ui

================================================================
======== txAdmin v6.0.2 atop fxserver 6775 Starting - 12/10/2023, 21:28:16
================================================================
[21:29:00][WolfyDev] logged in from 127.0.0.1 via citizenfx
[21:29:07][WolfyDev] executed "RESTART SERVER"
[21:29:36][WolfyDev] logged in via in-game ui

================================================================
======== txAdmin v6.0.2 atop fxserver 6775 Starting - 12/10/2023, 22:38:23
================================================================
[22:39:10][WolfyDev] logged in via in-game ui
