
================================================================
======== txAdmin v6.0.2 atop fxserver 6620 Starting - 22/09/2023, 17:52:25
================================================================

================================================================
======== Log Rotated - 22/09/2023, 17:52:25                     
================================================================

================================================================
======== txAdmin v6.0.2 atop fxserver 6620 Starting - 22/09/2023, 17:53:15
================================================================
[17:53:37][WolfyDev] logged in via in-game ui
[17:53:45][WolfyDev] logged in from 127.0.0.1 via citizenfx
[17:53:46][WolfyDev] logged in via in-game ui

================================================================
======== txAdmin v6.0.2 atop fxserver 6620 Starting - 22/09/2023, 18:11:41
================================================================

================================================================
======== txAdmin v6.0.2 atop fxserver 6620 Starting - 22/09/2023, 18:12:21
================================================================
[18:12:42][WolfyDev] logged in from 127.0.0.1 via citizenfx
[18:12:52][WolfyDev] logged in via in-game ui
[18:12:53][WolfyDev] logged in via in-game ui

================================================================
======== txAdmin v6.0.2 atop fxserver 6620 Starting - 22/09/2023, 20:22:31
================================================================
[20:23:28][WolfyDev] logged in via in-game ui
