
================================================================
======== txAdmin v6.0.2 atop fxserver 6620 Starting - 08/08/2023, 14:52:28
================================================================
[14:52:48][WolfyDev] created admins file
[14:53:08][WolfyDev] Changing global/fxserver settings via setup stepper.
[14:53:22][WolfyDev] Changing fxRunner settings.
[14:53:27][WolfyDev] executed "RESTART SERVER"
[14:54:10][WolfyDev] executed "RESTART SERVER"

================================================================
======== txAdmin v6.0.2 atop fxserver 6620 Starting - 08/08/2023, 15:04:02
================================================================
[15:04:07][WolfyDev] logged in from 127.0.0.1 via citizenfx

================================================================
======== txAdmin v6.0.2 atop fxserver 6620 Starting - 08/08/2023, 19:09:12
================================================================
[19:09:31][WolfyDev] logged in from 127.0.0.1 via citizenfx
[19:10:19][WolfyDev] logged in via in-game ui

================================================================
======== txAdmin v6.0.2 atop fxserver 6620 Starting - 08/08/2023, 19:14:54
================================================================

================================================================
======== txAdmin v6.0.2 atop fxserver 6620 Starting - 08/08/2023, 19:15:53
================================================================

================================================================
======== txAdmin v6.0.2 atop fxserver 6620 Starting - 08/08/2023, 19:16:32
================================================================
[19:17:00][WolfyDev] logged in via in-game ui
