
================================================================
======== txAdmin v6.0.2 atop fxserver 6775 Starting - 11/10/2023, 05:40:32
================================================================

================================================================
======== Log Rotated - 11/10/2023, 05:40:32                     
================================================================
[05:40:46][WolfyDev] logged in from 127.0.0.1 via citizenfx
[05:41:38][WolfyDev] executed "RESTART SERVER"
[05:43:07][WolfyDev] executed "RESTART SERVER"
[05:43:54][WolfyDev] executed "RESTART SERVER"
[05:44:22][WolfyDev] executed "RESTART SERVER"
[05:45:19][WolfyDev] executed "RESTART SERVER"
[05:45:47][WolfyDev] logged in via in-game ui
[05:47:04][WolfyDev] executed "RESTART SERVER"
[05:47:43][WolfyDev] logged in via in-game ui
[05:48:41][WolfyDev] logged in via in-game ui
[05:49:22][WolfyDev] executed "RESTART SERVER"
[05:49:52][WolfyDev] logged in via in-game ui

================================================================
======== txAdmin v6.0.2 atop fxserver 6775 Starting - 11/10/2023, 05:57:24
================================================================
[05:58:17][WolfyDev] logged in from 127.0.0.1 via citizenfx
[05:58:20][WolfyDev] executed "RESTART SERVER"
[05:58:51][WolfyDev] logged in via in-game ui
[06:36:03][WolfyDev] logged in via in-game ui
[06:38:06][WolfyDev] logged in via in-game ui

================================================================
======== txAdmin v6.0.2 atop fxserver 6775 Starting - 11/10/2023, 08:56:22
================================================================
[08:56:47][WolfyDev] logged in via in-game ui

================================================================
======== txAdmin v6.0.2 atop fxserver 6775 Starting - 11/10/2023, 13:08:09
================================================================
[13:08:20][WolfyDev] logged in from 127.0.0.1 via citizenfx
[13:08:32][WolfyDev] logged in via in-game ui
[13:08:32][WolfyDev] logged in via in-game ui
[13:10:16][WolfyDev] logged in via in-game ui
[13:11:44][WolfyDev] logged in via in-game ui
[13:13:04][WolfyDev] logged in via in-game ui
[13:14:41][WolfyDev] logged in via in-game ui
[13:16:31][WolfyDev] logged in via in-game ui
[13:18:02][WolfyDev] logged in via in-game ui
[13:21:55][WolfyDev] logged in via in-game ui
[13:23:41][WolfyDev] logged in via in-game ui
[13:26:33][WolfyDev] logged in via in-game ui
[13:28:04][WolfyDev] logged in via in-game ui
[13:29:48][WolfyDev] logged in via in-game ui
[14:14:35][WolfyDev] logged in via in-game ui
[19:28:59][WolfyDev] logged in via in-game ui
[19:32:44][WolfyDev] logged in via in-game ui
[19:49:26][WolfyDev] logged in via in-game ui
[19:50:49][WolfyDev] logged in via in-game ui

================================================================
======== txAdmin v6.0.2 atop fxserver 6775 Starting - 11/10/2023, 22:09:14
================================================================
[22:09:52][WolfyDev] logged in via in-game ui
