
================================================================
======== txAdmin v6.0.2 atop fxserver 6620 Starting - 09/09/2023, 11:33:37
================================================================

================================================================
======== Log Rotated - 09/09/2023, 11:33:37                     
================================================================

================================================================
======== txAdmin v6.0.2 atop fxserver 6620 Starting - 09/09/2023, 11:36:50
================================================================

================================================================
======== txAdmin v6.0.2 atop fxserver 6620 Starting - 09/09/2023, 11:37:16
================================================================
[11:37:31][WolfyDev] logged in from 127.0.0.1 via citizenfx
[11:40:07][WolfyDev] executed "RESTART SERVER"
[11:41:30][WolfyDev] executed "RESTART SERVER"
[11:42:08][WolfyDev] executed "RESTART SERVER"
[11:43:01][WolfyDev] logged in via in-game ui

================================================================
======== txAdmin v6.0.2 atop fxserver 6620 Starting - 09/09/2023, 22:31:35
================================================================
[22:32:14][WolfyDev] logged in via in-game ui

================================================================
======== txAdmin v6.0.2 atop fxserver 6620 Starting - 09/09/2023, 22:53:33
================================================================
[22:53:49][WolfyDev] logged in from 127.0.0.1 via citizenfx
[22:54:16][WolfyDev] logged in via in-game ui
[23:14:59][WolfyDev] executed "ensure "ww-rental""
[23:15:18][WolfyDev] executed "RESTART SERVER"
[23:15:35][WolfyDev] executed "RESTART SERVER"
[23:16:22][WolfyDev] logged in via in-game ui
[23:24:39][WolfyDev] executed "RESTART SERVER"

================================================================
======== txAdmin v6.0.2 atop fxserver 6620 Starting - 09/09/2023, 23:36:39
================================================================

================================================================
======== txAdmin v6.0.2 atop fxserver 6620 Starting - 09/09/2023, 23:36:57
================================================================
[23:37:05][WolfyDev] logged in from 127.0.0.1 via citizenfx

================================================================
======== txAdmin v6.0.2 atop fxserver 6620 Starting - 09/09/2023, 23:37:16
================================================================
[23:37:23][WolfyDev] logged in from 127.0.0.1 via citizenfx
[23:38:01][WolfyDev] logged in via in-game ui
