
================================================================
======== Log Rotated - 13/09/2023, 16:40:45                     
================================================================

================================================================
======== FXServer Starting - 13/09/2023, 16:40:54               
================================================================
[           resources] Scanning resources.
[           resources] Found 34 resources.
[          svadhesive] Authenticating server license key...
[          svadhesive] Server license key authentication succeeded. Welcome!
[ citizen-server-impl] Couldn't find resource sessionmanager.
[    c-scripting-core] Creating script environments for monitor
[      script:monitor] [txAdmin] Resource v6.0.2 threads and commands set up. All Ready.
[           resources] Started resource monitor
[ citizen-server-impl] Couldn't find resource chat.
[ citizen-server-impl] Couldn't find resource spawnmanager.
[ citizen-server-impl] Couldn't find resource sessionmanager.
[ citizen-server-impl] Couldn't find resource hardcap.
[    c-scripting-core] Creating script environments for oxmysql
[           resources] [0mStarted resource oxmysql
[    c-resources-core] Could not find dependency spawnmanager for resource es_extended.
[ citizen-server-impl] Couldn't start resource es_extended.
[    c-scripting-core] Creating script environments for cron
[           resources] Started resource cron
[    c-scripting-core] Creating script environments for ox_lib
[           resources] Started resource ox_lib
[    c-scripting-core] Creating script environments for ox_target
[           resources] Started resource ox_target
[    c-scripting-core] Creating script environments for ox_inventory
[           resources] [0mStarted resource ox_inventory
[    c-scripting-core] Creating script environments for cd_easytime
[  script:cd_easytime] SCRIPT ERROR: @cd_easytime/server/server.lua:13: No such export getSharedObject in resource es_extended
[           resources] Started resource cd_easytime
[           resources] Started resource rprogress
[    c-resources-core] Could not find dependency spawnmanager for resource es_extended.
[    c-resources-core] Could not start dependency es_extended for resource esx_addonaccount.
[ citizen-server-impl] Couldn't start resource esx_addonaccount.
[    c-resources-core] Could not find dependency spawnmanager for resource es_extended.
[    c-resources-core] Could not start dependency es_extended for resource esx_addoninventory.
[ citizen-server-impl] Couldn't start resource esx_addoninventory.
[    c-resources-core] Could not find dependency spawnmanager for resource es_extended.
[    c-resources-core] Could not start dependency es_extended for resource esx_basicneeds.
[ citizen-server-impl] Couldn't start resource esx_basicneeds.
[    c-resources-core] Could not find dependency spawnmanager for resource es_extended.
[    c-resources-core] Could not start dependency es_extended for resource esx_billing.
[ citizen-server-impl] Couldn't start resource esx_billing.
[    c-scripting-core] Creating script environments for esx_datastore
[script:esx_datastore] SCRIPT ERROR: @es_extended/imports.lua:1: No such export getSharedObject in resource es_extended
[           resources] Started resource esx_datastore
[    c-resources-core] Could not find dependency spawnmanager for resource es_extended.
[    c-resources-core] Could not start dependency es_extended for resource esx_identity.
[ citizen-server-impl] Couldn't start resource esx_identity.
[    c-scripting-core] Creating script environments for esx_license
[  script:esx_license] [0mSCRIPT ERROR: @es_extended/imports.lua:1: No such export getSharedObject in resource es_extended
[  script:esx_license] [0mSCRIPT ERROR: @esx_license/server/main.lua:135: attempt to index a nil value (global 'ESX')
[           resources] Started resource esx_license
[    c-scripting-core] Creating script environments for esx_optionalneeds
[script:esx_optionaln] SCRIPT ERROR: @es_extended/imports.lua:1: No such export getSharedObject in resource es_extended
[script:esx_optionaln] SCRIPT ERROR: @esx_optionalneeds/server/main.lua:1: attempt to index a nil value (global 'ESX')
[script:esx_optionaln] > fn (@esx_optionalneeds/server/main.lua:1)
[           resources] Started resource esx_optionalneeds
[    c-resources-core] Could not find dependency spawnmanager for resource es_extended.
[    c-resources-core] Could not start dependency es_extended for resource esx_society.
[ citizen-server-impl] Couldn't start resource esx_society.
[    c-resources-core] Could not find dependency spawnmanager for resource es_extended.
[    c-resources-core] Could not start dependency es_extended for resource esx_status.
[ citizen-server-impl] Couldn't start resource esx_status.
[    c-scripting-core] Creating script environments for illenium-appearance
[script:illenium-appe] SCRIPT ERROR: @illenium-appearance/server/framework/esx/main.lua:3: No such export getSharedObject in resource es_extended
[script:illenium-appe] SCRIPT ERROR: @illenium-appearance/server/framework/esx/callbacks.lua:3: No such export getSharedObject in resource es_extended
[           resources] Started resource illenium-appearance
[    c-scripting-core] [0mCreating script environments for ww-wipe
[      script:ww-wipe] SCRIPT ERROR: @es_extended/imports.lua:1: No such export getSharedObject in resource es_extended
[      script:ww-wipe] SCRIPT ERROR: @ww-wipe/shared/Framework.lua:26: No such export getSharedObject in resource es_extended
[           resources] [0mStarted resource ww-wipe
[    c-scripting-core] Creating script environments for ww-ambulanceJob
[script:ww-ambulanceJ] SCRIPT ERROR: @es_extended/imports.lua:1: No such export getSharedObject in resource es_extended
[           resources] Started resource ww-ambulanceJob
[    c-scripting-core] Creating script environments for ww-vehicleRent
[script:ww-vehicleRen] [0mSCRIPT ERROR: @es_extended/imports.lua:1: No such export getSharedObject in resource es_extended
[script:ww-vehicleRen] SCRIPT ERROR: @ww-vehicleRent/shared/Framework.lua:38: No such export getSharedObject in resource es_extended
[           resources] Started resource ww-vehicleRent
[    c-scripting-core] Creating script environments for esx_loadingscreen
[           resources] Started resource esx_loadingscreen
[    c-scripting-core] Creating script environments for rpemotes
[     script:rpemotes] RpEmotes by TayMcKenzieNZ, Mathu_lmn & MadsL loaded sucessfully.
[           resources] Started resource rpemotes
[resources:eclipseHos] Asset eclipseHospital/shmann_ehos_textures.ytd uses 22.8 MiB of physical memory.
[resources:eclipseHos] Asset eclipseHospital/shmann_hospital_props.ytd uses 24.0 MiB of physical memory.
[           resources] Started resource eclipseHospital (2 warnings)
[    c-resources-core] Could not find dependency spawnmanager for resource es_extended.
[    c-resources-core] Could not start dependency es_extended for resource esx_context.
[ citizen-server-impl] Couldn't start resource esx_context.
[    c-resources-core] Could not find dependency spawnmanager for resource es_extended.
[    c-resources-core] Could not start dependency es_extended for resource esx_menu_default.
[ citizen-server-impl] Couldn't start resource esx_menu_default.
[    c-resources-core] Could not find dependency spawnmanager for resource es_extended.
[    c-resources-core] Could not start dependency es_extended for resource esx_menu_dialog.
[ citizen-server-impl] Couldn't start resource esx_menu_dialog.
[    c-resources-core] Could not find dependency spawnmanager for resource es_extended.
[    c-resources-core] Could not start dependency es_extended for resource esx_menu_list.
[ citizen-server-impl] Couldn't start resource esx_menu_list.
[    c-scripting-core] Creating script environments for esx_notify
[   script:esx_notify] SCRIPT ERROR: @es_extended/imports.lua:1: No such export getSharedObject in resource es_extended
[           resources] Started resource esx_notify
[    c-scripting-core] Creating script environments for esx_progressbar
[script:esx_progressb] SCRIPT ERROR: @es_extended/imports.lua:1: No such export getSharedObject in resource es_extended
[           resources] Started resource esx_progressbar
[    c-scripting-core] Creating script environments for esx_textui
[   script:esx_textui] SCRIPT ERROR: @es_extended/imports.lua:1: No such export getSharedObject in resource es_extended
[           resources] Started resource esx_textui
[     script:rpemotes] [rpemotes] Current Version: 1.3.2
[     script:rpemotes] [rpemotes] Latest Version: 1.3.3
[     script:rpemotes] [rpemotes] You are currently running an outdated version, please update to version 1.3.3
[ script:ox_inventory] SCRIPT ERROR: @ox_inventory/modules/bridge/esx/server.lua:17: No such export getSharedObject in resource es_extended
[      script:oxmysql] [10.4.27-MariaDB] Database server connection established!
[ script:ox_inventory] [info] Database contains 34 items.
[  script:esx_license] SCRIPT ERROR: @esx_license/server/main.lua:10: attempt to index a nil value (global 'ESX')
[  script:esx_license] > cb (@esx_license/server/main.lua:10)
[  script:esx_license] > onReady (@oxmysql/lib/MySQL.lua:127)
[  script:esx_license] > fn (@oxmysql/lib/MySQL.lua:134)
[  script:esx_license] > rawQuery (@oxmysql/dist/build.js:25056)
[  script:esx_license] > processTicksAndRejections (node:internal/process/task_queues:96)
[      script:oxmysql] 2 2
[      script:oxmysql] 7 7
[      script:oxmysql] 4 5
[      script:oxmysql] An update is available for oxmysql (current version: 2.7.4)
[      script:oxmysql] https://github.com/overextended/oxmysql/releases/tag/v2.7.5
[ citizen-server-impl]         fff                          
[ citizen-server-impl]   cccc ff   xx  xx     rr rr    eee  
[ citizen-server-impl] cc     ffff   xx       rrr  r ee   e 
[ citizen-server-impl] cc     ff     xx   ... rr     eeeee  
[ citizen-server-impl]  ccccc ff   xx  xx ... rr      eeeee 
[ citizen-server-impl]                                      
[ citizen-server-impl] Authenticated with cfx.re Nucleus: https://wolfydev-7d4dbv.users.cfx.re/
[       script:ox_lib] An update is available for ox_inventory (current version: 2.32.1)
[       script:ox_lib] https://github.com/overextended/ox_inventory/releases/tag/v2.34.2
[ script:ox_inventory] [info] Inventory has loaded 235 items
[ citizen-server-impl] Server list query returned an error: System.Threading.Tasks.TaskCanceledException: A task was canceled. <- System.TimeoutException: A task was canceled. <- System.Threading.Tasks.TaskCanceledException: The request was canceled due to the configured HttpClient.Timeout of 30 seconds elapsing.
> txaEvent "adminsUpdated" "[]"
[ citizen-server-impl] Server list query returned an error: System.Threading.Tasks.TaskCanceledException: A task was canceled. <- System.TimeoutException: A task was canceled. <- System.Threading.Tasks.TaskCanceledException: The request was canceled due to the configured HttpClient.Timeout of 30 seconds elapsing.

================================================================
======== FXServer Starting - 13/09/2023, 16:44:49               
================================================================
[           resources] Scanning resources.
[           resources] Found 41 resources.
[          svadhesive] Authenticating server license key...
[          svadhesive] Server license key authentication succeeded. Welcome!
[    c-scripting-core] Creating script environments for sessionmanager
[           resources] Started resource sessionmanager
[    c-scripting-core] Creating script environments for monitor
[      script:monitor] [txAdmin] Resource v6.0.2 threads and commands set up. All Ready.
[           resources] Started resource monitor
[    c-scripting-core] [0mCreating script environments for yarn
[           resources] Started resource yarn
[    c-scripting-core] Creating script environments for webpack
[           resources] Started resource webpack
[ citizen-server-impl] Running build tasks on resource chat - it'll restart once completed.
> txaEvent "adminsUpdated" "[]"
[      script:webpack] chat: started building webpack.config.js
[ citizen-server-impl] Couldn't start resource chat.
[           resources] Started resource spawnmanager
[    c-scripting-core] Creating script environments for hardcap
[           resources] Started resource hardcap
[    c-scripting-core] Creating script environments for oxmysql
[           resources] Started resource oxmysql
[    c-scripting-core] Creating script environments for es_extended
[           resources] Started resource es_extended
[    c-scripting-core] Creating script environments for cron
[           resources] Started resource cron
[    c-scripting-core] Creating script environments for ox_lib
[           resources] Started resource ox_lib
[    c-scripting-core] Creating script environments for ox_target
[           resources] [0mStarted resource ox_target
[    c-scripting-core] Creating script environments for ox_inventory
[           resources] Started resource ox_inventory
[    c-scripting-core] Creating script environments for cd_easytime
[           resources] Started resource cd_easytime
[           resources] Started resource rprogress
[    c-scripting-core] Creating script environments for esx_addonaccount
[           resources] Started resource esx_addonaccount
[    c-scripting-core] Creating script environments for esx_addoninventory
[           resources] Started resource esx_addoninventory
[    c-scripting-core] Creating script environments for esx_status
[           resources] Started resource esx_status
[    c-scripting-core] Creating script environments for esx_basicneeds
[           resources] Started resource esx_basicneeds
[    c-scripting-core] Creating script environments for esx_billing
[           resources] Started resource esx_billing
[    c-scripting-core] Creating script environments for esx_datastore
[           resources] Started resource esx_datastore
[    c-scripting-core] Creating script environments for esx_identity
[           resources] Started resource esx_identity
[    c-scripting-core] Creating script environments for esx_license
[           resources] Started resource esx_license
[    c-scripting-core] Creating script environments for esx_optionalneeds
[           resources] Started resource esx_optionalneeds
[    c-scripting-core] Creating script environments for esx_society
[           resources] Started resource esx_society
[    c-scripting-core] Creating script environments for illenium-appearance
[           resources] Started resource illenium-appearance
[    c-scripting-core] [0mCreating script environments for ww-wipe
[           resources] [0mStarted resource ww-wipe
[    c-scripting-core] [0mCreating script environments for ww-ambulanceJob
[           resources] Started resource ww-ambulanceJob
[    c-scripting-core] Creating script environments for ww-vehicleRent
[           resources] Started resource ww-vehicleRent
[    c-scripting-core] Creating script environments for esx_loadingscreen
[           resources] Started resource esx_loadingscreen
[    c-scripting-core] [0mCreating script environments for rpemotes
[     script:rpemotes] [0mRpEmotes by TayMcKenzieNZ, Mathu_lmn & MadsL loaded sucessfully.
[           resources] Started resource rpemotes
[resources:eclipseHos] Asset eclipseHospital/shmann_ehos_textures.ytd uses 22.8 MiB of physical memory.
[resources:eclipseHos] Asset eclipseHospital/shmann_hospital_props.ytd uses 24.0 MiB of physical memory.
[           resources] Started resource eclipseHospital (2 warnings)
[    c-scripting-core] Creating script environments for esx_context
[           resources] Started resource esx_context
[           resources] Started resource esx_menu_default
[           resources] Started resource esx_menu_dialog
[           resources] Started resource esx_menu_list
[    c-scripting-core] Creating script environments for esx_notify
[           resources] Started resource esx_notify
[    c-scripting-core] Creating script environments for esx_progressbar
[           resources] Started resource esx_progressbar
[    c-scripting-core] Creating script environments for esx_textui
[           resources] Started resource esx_textui
[     script:rpemotes] [rpemotes] Current Version: 1.3.2
[     script:rpemotes] [rpemotes] Latest Version: 1.3.3
[     script:rpemotes] [rpemotes] You are currently running an outdated version, please update to version 1.3.3
[  script:cd_easytime] [cd_easytime] - Saved settings applied.
[      script:oxmysql] [10.4.27-MariaDB] Database server connection established!
[ script:ox_inventory] [info] Database contains 34 items.
[  script:es_extended] [INFO] ESX Legacy 1.10.1 initialized!
[ citizen-server-impl]         fff                          
[ citizen-server-impl]   cccc ff   xx  xx     rr rr    eee  
[ citizen-server-impl] cc     ffff   xx       rrr  r ee   e 
[ citizen-server-impl] cc     ff     xx   ... rr     eeeee  
[ citizen-server-impl]  ccccc ff   xx  xx ... rr      eeeee 
[ citizen-server-impl]                                      
[ citizen-server-impl] Authenticated with cfx.re Nucleus: https://wolfydev-7d4dbv.users.cfx.re/
[      script:oxmysql] 2 2
[      script:oxmysql] 7 7
[      script:oxmysql] 4 5
[      script:oxmysql] An update is available for oxmysql (current version: 2.7.4)
[      script:oxmysql] https://github.com/overextended/oxmysql/releases/tag/v2.7.5
[       script:ox_lib] An update is available for ox_inventory (current version: 2.32.1)
[       script:ox_lib] https://github.com/overextended/ox_inventory/releases/tag/v2.34.2
[ script:ox_inventory] [32m[info] Inventory has loaded 235 items
> txaEvent "serverShuttingDown" "{＂delay＂:5000,＂author＂:＂WolfyDev＂,＂message＂:＂Server restarting (requested by WolfyDev).＂}"
[      script:monitor] [36m[txAdmin] Server shutdown imminent. Kicking all players.
[      script:webpack] chat: built webpack.config.js
[ citizen-server-impl] Build tasks completed - starting resource chat.
[    c-scripting-core] Creating script environments for chat
[           resources] Started resource chat
[ citizen-server-impl] server thread hitch warning: timer interval of 166 milliseconds

================================================================
======== FXServer Starting - 13/09/2023, 16:45:13               
================================================================
[           resources] Scanning resources.
[           resources] Found 41 resources.
[          svadhesive] Authenticating server license key...
[          svadhesive] Server license key authentication succeeded. Welcome!
[    c-scripting-core] Creating script environments for sessionmanager
[           resources] Started resource sessionmanager
[    c-scripting-core] Creating script environments for monitor
[      script:monitor] [txAdmin] Resource v6.0.2 threads and commands set up. All Ready.
[           resources] Started resource monitor
[    c-scripting-core] Creating script environments for yarn
[           resources] Started resource yarn
[    c-scripting-core] Creating script environments for webpack
[           resources] Started resource webpack
[    c-scripting-core] Creating script environments for chat
[           resources] Started resource chat
[           resources] Started resource spawnmanager
[    c-scripting-core] Creating script environments for hardcap
[           resources] Started resource hardcap
[    c-scripting-core] Creating script environments for oxmysql
[           resources] Started resource oxmysql
[    c-scripting-core] Creating script environments for es_extended
[           resources] [0mStarted resource es_extended
[    c-scripting-core] Creating script environments for cron
[           resources] Started resource cron
[    c-scripting-core] Creating script environments for ox_lib
[           resources] Started resource ox_lib
[    c-scripting-core] Creating script environments for ox_target
[           resources] Started resource ox_target
[    c-scripting-core] Creating script environments for ox_inventory
[           resources] Started resource ox_inventory
[    c-scripting-core] Creating script environments for cd_easytime
[           resources] Started resource cd_easytime
[           resources] Started resource rprogress
[    c-scripting-core] [97mCreating script environments for esx_addonaccount
[           resources] Started resource esx_addonaccount
[    c-scripting-core] Creating script environments for esx_addoninventory
[           resources] Started resource esx_addoninventory
[    c-scripting-core] Creating script environments for esx_status
[           resources] Started resource esx_status
[    c-scripting-core] Creating script environments for esx_basicneeds
[           resources] Started resource esx_basicneeds
[    c-scripting-core] Creating script environments for esx_billing
[           resources] Started resource esx_billing
[    c-scripting-core] Creating script environments for esx_datastore
[           resources] Started resource esx_datastore
[    c-scripting-core] Creating script environments for esx_identity
[           resources] [97mStarted resource esx_identity
[    c-scripting-core] Creating script environments for esx_license
[           resources] Started resource esx_license
[    c-scripting-core] Creating script environments for esx_optionalneeds
[38;5;83m[           resources] Started resource esx_optionalneeds
[    c-scripting-core] Creating script environments for esx_society
[           resources] Started resource esx_society
[    c-scripting-core] Creating script environments for illenium-appearance
[           resources] Started resource illenium-appearance
[    c-scripting-core] Creating script environments for ww-wipe
[           resources] Started resource ww-wipe
[    c-scripting-core] Creating script environments for ww-ambulanceJob
[           resources] Started resource ww-ambulanceJob
[    c-scripting-core] Creating script environments for ww-vehicleRent
[           resources] Started resource ww-vehicleRent
[    c-scripting-core] Creating script environments for esx_loadingscreen
[           resources] Started resource esx_loadingscreen
[    c-scripting-core] Creating script environments for rpemotes
[     script:rpemotes] RpEmotes by TayMcKenzieNZ, Mathu_lmn & MadsL loaded sucessfully.
[           resources] [0mStarted resource rpemotes
[resources:eclipseHos] Asset eclipseHospital/shmann_ehos_textures.ytd uses 22.8 MiB of physical memory.
[resources:eclipseHos] Asset eclipseHospital/shmann_hospital_props.ytd uses 24.0 MiB of physical memory.
[           resources] Started resource eclipseHospital (2 warnings)
[    c-scripting-core] Creating script environments for esx_context
[           resources] Started resource esx_context
[           resources] Started resource esx_menu_default
[           resources] Started resource esx_menu_dialog
[           resources] Started resource esx_menu_list
[    c-scripting-core] Creating script environments for esx_notify
[           resources] Started resource esx_notify
[    c-scripting-core] Creating script environments for esx_progressbar
[           resources] [0mStarted resource esx_progressbar
[    c-scripting-core] Creating script environments for esx_textui
[           resources] Started resource esx_textui
[     script:rpemotes] [rpemotes] Current Version: 1.3.2
[     script:rpemotes] [rpemotes] Latest Version: 1.3.3
[     script:rpemotes] [rpemotes] You are currently running an outdated version, please update to version 1.3.3
[  script:cd_easytime] [cd_easytime] - Saved settings applied.
[      script:oxmysql] [10.4.27-MariaDB] Database server connection established!
[ citizen-server-impl]         fff                          
[ citizen-server-impl]   cccc ff   xx  xx     rr rr    eee  
[ citizen-server-impl] cc     ffff   xx       rrr  r ee   e 
[ citizen-server-impl] cc     ff     xx   ... rr     eeeee  
[ citizen-server-impl]  ccccc ff   xx  xx ... rr      eeeee 
[ citizen-server-impl]                                      
[ citizen-server-impl] Authenticated with cfx.re Nucleus: https://wolfydev-7d4dbv.users.cfx.re/
[ script:ox_inventory] [info] Database contains 34 items.
[  script:es_extended] [INFO] ESX [36mLegacy 1.10.1 initialized!
[      script:oxmysql] 2 2
[      script:oxmysql] 7 7
[      script:oxmysql] 4 5
[      script:oxmysql] An update is available for oxmysql (current version: 2.7.4)
[      script:oxmysql] https://github.com/overextended/oxmysql/releases/tag/v2.7.5
[       script:ox_lib] An update is available for ox_inventory (current version: 2.32.1)
[       script:ox_lib] https://github.com/overextended/ox_inventory/releases/tag/v2.34.2
[ script:ox_inventory] [info] Inventory has loaded 235 items
[      script:hardcap] Connecting: Wolfy
[ citizen-server-impl] Server list query returned an error: System.Threading.Tasks.TaskCanceledException: A task was canceled. <- System.TimeoutException: A task was canceled. <- System.Threading.Tasks.TaskCanceledException: The request was canceled due to the configured HttpClient.Timeout of 30 seconds elapsing.
[  script:es_extended] [INFO] Player "White Wolf" has connected to the server. ID: 1
[ citizen-server-impl] Server list query returned an error: System.Threading.Tasks.TaskCanceledException: A task was canceled. <- System.TimeoutException: A task was canceled. <- System.Threading.Tasks.TaskCanceledException: The request was canceled due to the configured HttpClient.Timeout of 30 seconds elapsing.
[ citizen-server-impl] Server list query returned an error: System.Threading.Tasks.TaskCanceledException: A task was canceled. <- System.TimeoutException: A task was canceled. <- System.Threading.Tasks.TaskCanceledException: The request was canceled due to the configured HttpClient.Timeout of 30 seconds elapsing.
[ citizen-server-impl] Server list query returned an error: System.Threading.Tasks.TaskCanceledException: A task was canceled. <- System.TimeoutException: A task was canceled. <- System.Threading.Tasks.TaskCanceledException: The request was canceled due to the configured HttpClient.Timeout of 30 seconds elapsing.
[  script:es_extended] [INFO] Saved 1 player over 0.0 ms
[  script:cd_easytime] [cd_easytime] - Weather changed to CLEAR
[ citizen-server-impl] Server list query returned an error: System.Threading.Tasks.TaskCanceledException: A task was canceled. <- System.TimeoutException: A task was canceled. <- System.Threading.Tasks.TaskCanceledException: The request was canceled due to the configured HttpClient.Timeout of 30 seconds elapsing.
[ citizen-server-impl] Server list query returned an error: System.Threading.Tasks.TaskCanceledException: A task was canceled. <- System.TimeoutException: A task was canceled. <- System.Threading.Tasks.TaskCanceledException: The request was canceled due to the configured HttpClient.Timeout of 30 seconds elapsing.
[  script:cd_easytime] [cd_easytime] - Saved settings applied.
[  script:cd_easytime] [cd_easytime] - Saved settings applied.
[ citizen-server-impl] Server list query returned an error: System.Threading.Tasks.TaskCanceledException: A task was canceled. <- System.TimeoutException: A task was canceled. <- System.Threading.Tasks.TaskCanceledException: The request was canceled due to the configured HttpClient.Timeout of 30 seconds elapsing.
[  script:es_extended] [INFO] Saved 1 player over 0.0 ms
[  script:cd_easytime] [cd_easytime] - Saved settings applied.
[ citizen-server-impl] server thread hitch warning: timer interval of 245 milliseconds
[  script:cd_easytime] [cd_easytime] - Saved settings applied.
[ citizen-server-impl] Server list query returned an error: System.Threading.Tasks.TaskCanceledException: A task was canceled. <- System.TimeoutException: A task was canceled. <- System.Threading.Tasks.TaskCanceledException: The request was canceled due to the configured HttpClient.Timeout of 30 seconds elapsing.
[  script:cd_easytime] =====================================
[  script:cd_easytime] [cd_easytime] - New Update Available.
[  script:cd_easytime] Current Version: 1.3.6.
[  script:cd_easytime] New Version: 1.3.7.
[  script:cd_easytime] Notes: minor fixes.
[  script:cd_easytime] =====================================
[  script:cd_easytime] [0m[cd_easytime] - Saved settings applied.
[  script:cd_easytime] =====================================
[  script:cd_easytime] [cd_easytime] - New Update Available.
[  script:cd_easytime] Current Version: 1.3.6.
[  script:cd_easytime] New Version: 1.3.7.
[  script:cd_easytime] Notes: minor fixes.
[  script:cd_easytime] =====================================
[ citizen-server-impl] Server list query returned an error: System.Threading.Tasks.TaskCanceledException: A task was canceled. <- System.TimeoutException: A task was canceled. <- System.Threading.Tasks.TaskCanceledException: The request was canceled due to the configured HttpClient.Timeout of 30 seconds elapsing.
[  script:cd_easytime] [cd_easytime] - Saved settings applied.
[  script:cd_easytime] =====================================
[  script:cd_easytime] [cd_easytime] - New Update Available.
[  script:cd_easytime] Current Version: 1.3.6.
[  script:cd_easytime] New Version: 1.3.7.
[  script:cd_easytime] Notes: minor fixes.
[  script:cd_easytime] =====================================
[  script:cd_easytime] [cd_easytime] - Saved settings applied.
[  script:cd_easytime] =====================================
[  script:cd_easytime] [cd_easytime] - New Update Available.
[  script:cd_easytime] Current Version: 1.3.6.
[  script:cd_easytime] New Version: 1.3.7.
[  script:cd_easytime] Notes: minor fixes.
[  script:cd_easytime] =====================================
[  script:cd_easytime] [cd_easytime] - Saved settings applied.
[  script:cd_easytime] =====================================[97m
[  script:cd_easytime] [cd_easytime] - New Update Available.
[  script:cd_easytime] Current Version: 1.3.6.
[  script:cd_easytime] New Version: 1.3.7.
[  script:cd_easytime] Notes: minor fixes.
[  script:cd_easytime] =====================================
[ citizen-server-impl] Server list query returned an error: System.Threading.Tasks.TaskCanceledException: A task was canceled. <- System.TimeoutException: A task was canceled. <- System.Threading.Tasks.TaskCanceledException: The request was canceled due to the configured HttpClient.Timeout of 30 seconds elapsing.
[  script:cd_easytime] [cd_easytime] - Saved settings applied.
[  script:cd_easytime] =====================================
[  script:cd_easytime] [cd_easytime] - New Update Available.
[  script:cd_easytime] Current Version: 1.3.6.
[  script:cd_easytime] New Version: 1.3.7.
[  script:cd_easytime] Notes: minor fixes.
[  script:cd_easytime] =====================================
[  script:es_extended] [INFO] Saved 1 player over 0.0 ms
[ citizen-server-impl] Server list query returned an error: System.Threading.Tasks.TaskCanceledException: A task was canceled. <- System.TimeoutException: A task was canceled. <- System.Threading.Tasks.TaskCanceledException: The request was canceled due to the configured HttpClient.Timeout of 30 seconds elapsing.
[  script:es_extended] [INFO] Saved player "White Wolf"
[ citizen-server-impl] Server list query returned an error: System.Threading.Tasks.TaskCanceledException: A task was canceled. <- System.TimeoutException: A task was canceled. <- System.Threading.Tasks.TaskCanceledException: The request was canceled due to the configured HttpClient.Timeout of 30 seconds elapsing.
