
================================================================
======== FXServer Starting - 10/10/2023, 19:51:03               
================================================================
[           resources] Scanning resources.
[           resources] Found 53 resources.
[          svadhesive] Authenticating server license key...
[          svadhesive] Server license key authentication succeeded. Welcome!
[    c-scripting-core] Creating script environments for sessionmanager
[           resources] Started resource sessionmanager
[    c-scripting-core] Creating script environments for monitor
[      script:monitor] [txAdmin] Resource v6.0.2 threads and commands set up. All Ready.
[           resources] Started resource monitor
[    c-scripting-core] [0mCreating script environments for yarn
[           resources] Started resource yarn
[    c-scripting-core] Creating script environments for webpack
[           resources] Started resource webpack
[    c-scripting-core] Creating script environments for chat
[           resources] Started resource chat
[           resources] Started resource spawnmanager
[    c-scripting-core] Creating script environments for hardcap
[           resources] Started resource hardcap
[    c-scripting-core] [0mCreating script environments for oxmysql
[           resources] Started resource oxmysql
[    c-scripting-core] Creating script environments for es_extended
[           resources] Started resource es_extended
[    c-scripting-core] Creating script environments for cron
[           resources] Started resource cron
[    c-resources-core] Resource 'ox_lib' can't run:
[    c-resources-core]   1. onesync: OneSync needs to be enabled[0m
[ citizen-server-impl] Couldn't start resource ox_lib.
[    c-resources-core] Resource 'ww-lib' can't run:
[    c-resources-core]   1. onesync: OneSync needs to be enabled
[ citizen-server-impl] Couldn't start resource ww-lib.
[    c-resources-core] Resource 'ox_lib' can't run:
[    c-resources-core]   1. onesync: OneSync needs to be enabled
[    c-resources-core] Could not start dependency ox_lib for resource ox_target.
[ citizen-server-impl] Couldn't start resource ox_target.
[    c-resources-core] Resource 'ox_lib' can't run:
[    c-resources-core]   1. onesync: OneSync needs to be enabled
[    c-resources-core] Could not start dependency ox_lib for resource ox_inventory.
[    c-resources-core] Resource 'ox_inventory' can't run:
[    c-resources-core]   1. onesync: OneSync needs to be enabled
[ citizen-server-impl] Couldn't start resource ox_inventory.
[    c-scripting-core] Creating script environments for cd_easytime
[           resources] Started resource cd_easytime
[           resources] Started resource rprogress
[    c-resources-core] Resource 'ox_lib' can't run:
[    c-resources-core]   1. onesync: OneSync needs to be enabled
[    c-resources-core] Could not start dependency ox_lib for resource dolu_tool.
[    c-resources-core] Resource 'dolu_tool' can't run:
[    c-resources-core]   1. onesync: OneSync needs to be enabled
[ citizen-server-impl] Couldn't start resource dolu_tool.
[    c-scripting-core] Creating script environments for esx_addonaccount
[           resources] Started resource esx_addonaccount
[    c-scripting-core] Creating script environments for esx_addoninventory
[           resources] Started resource esx_addoninventory
[    c-scripting-core] Creating script environments for esx_status
[           resources] Started resource esx_status
[    c-scripting-core] Creating script environments for esx_basicneeds
[           resources] Started resource esx_basicneeds
[    c-scripting-core] Creating script environments for esx_billing
[           resources] Started resource esx_billing
[    c-scripting-core] Creating script environments for esx_datastore
[           resources] Started resource esx_datastore
[    c-scripting-core] Creating script environments for esx_identity
[           resources] Started resource esx_identity
[    c-scripting-core] [0mCreating script environments for esx_license
[           resources] Started resource esx_license
[    c-scripting-core] [0mCreating script environments for esx_optionalneeds
[           resources] Started resource esx_optionalneeds
[    c-scripting-core] Creating script environments for esx_society
[  script:esx_society] SCRIPT ERROR: ox_lib must be started before this resource.
[  script:esx_society] > fn (@ox_lib/init.lua:19)
[           resources] Started resource esx_society
[    c-scripting-core] Creating script environments for illenium-appearance
[script:illenium-appe] SCRIPT ERROR: ox_lib must be started before this resource.
[script:illenium-appe] > fn (@ox_lib/init.lua:19)
[script:illenium-appe] [0mSCRIPT ERROR: @illenium-appearance/server/framework/esx/migrate.lua:132: attempt to index a nil value (global 'lib')
[script:illenium-appe] > fn (@illenium-appearance/server/framework/esx/migrate.lua:132)
[script:illenium-appe] SCRIPT ERROR: @illenium-appearance/server/framework/esx/callbacks.lua:16: attempt to index a nil value (global 'lib')
[script:illenium-appe] SCRIPT ERROR: @illenium-appearance/server/server.lua:44: attempt to index a nil value (global 'lib')
[script:illenium-appe] > fn (@illenium-appearance/server/server.lua:44)
[script:illenium-appe] SCRIPT ERROR: @illenium-appearance/server/permissions.lua:4: attempt to index a nil value (global 'lib')
[script:illenium-appe] > fn (@illenium-appearance/server/permissions.lua:4)
[           resources] Started resource illenium-appearance
[    c-resources-core] Resource 'ww-wipe' can't run:
[    c-resources-core]   1. onesync: OneSync needs to be enabled
[ citizen-server-impl] Couldn't start resource ww-wipe.
[    c-resources-core] Resource 'ww-vehicleRent' can't run:
[    c-resources-core]   1. onesync: OneSync needs to be enabled
[ citizen-server-impl] Couldn't start resource ww-vehicleRent.
[    c-resources-core] Resource 'ww-blipsbuilder' can't run:
[    c-resources-core]   1. onesync: OneSync needs to be enabled
[ citizen-server-impl] Couldn't start resource ww-blipsbuilder.
[    c-resources-core] Resource 'ww-carWash' can't run:
[    c-resources-core]   1. onesync: OneSync needs to be enabled
[ citizen-server-impl] Couldn't start resource ww-carWash.
[    c-resources-core] Resource 'ww-beeFarm' can't run:
[    c-resources-core]   1. onesync: OneSync needs to be enabled
[ citizen-server-impl] Couldn't start resource ww-beeFarm.
[    c-resources-core] Resource 'ww-testOOP' can't run:
[    c-resources-core]   1. onesync: OneSync needs to be enabled
[ citizen-server-impl] Couldn't start resource ww-testOOP.
[    c-resources-core] Resource 'ww-adminMenu' can't run:
[    c-resources-core]   1. onesync: OneSync needs to be enabled
[ citizen-server-impl] Couldn't start resource ww-adminMenu.
[    c-scripting-core] Creating script environments for esx_loadingscreen
[           resources] Started resource esx_loadingscreen
[    c-resources-core] Resource 'rpemotes' can't run:
[    c-resources-core]   1. onesync: OneSync needs to be enabled
[ citizen-server-impl] Couldn't start resource rpemotes.
[resources:eclipseHos] Asset eclipseHospital/shmann_ehos_textures.ytd uses 22.8 MiB of physical memory.
[resources:eclipseHos] Asset eclipseHospital/shmann_hospital_props.ytd uses 24.0 MiB of physical memory.
[           resources] Started resource eclipseHospital (2 warnings)
[    c-scripting-core] Creating script environments for esx_context
[           resources] Started resource esx_context
[           resources] Started resource esx_menu_default
[           resources] Started resource esx_menu_dialog
[           resources] Started resource esx_menu_list
[    c-scripting-core] Creating script environments for esx_notify
[           resources] Started resource esx_notify
[    c-scripting-core] [0mCreating script environments for esx_progressbar
[           resources] Started resource esx_progressbar
[    c-scripting-core] Creating script environments for esx_textui
[           resources] Started resource esx_textui
[  script:cd_easytime] [cd_easytime] - Saved settings applied.
[      script:oxmysql] [10.4.28-MariaDB] Database server connection established!
[ citizen-server-impl]         fff                          
[ citizen-server-impl]   cccc ff   xx  xx     rr rr    eee  
[ citizen-server-impl] [0mcc     ffff   xx       rrr  r ee   e 
[ citizen-server-impl] cc     ff     xx   ... rr     eeeee  
[ citizen-server-impl]  ccccc ff   xx  xx ... rr      eeeee 
[ citizen-server-impl]                                      
[ citizen-server-impl] Authenticated with cfx.re Nucleus: https://wolfydev-7d4dbv.users.cfx.re/
[  script:cd_easytime] =====================================
[  script:cd_easytime] [cd_easytime] - New Update Available.
[  script:cd_easytime] Current Version: 1.3.6.
[  script:cd_easytime] New Version: 1.3.7.
[  script:cd_easytime] Notes: minor fixes.
[  script:cd_easytime] =====================================
> txaEvent "serverShuttingDown" "{＂delay＂:5000,＂author＂:＂WolfyDev＂,＂message＂:＂Server restarting (requested by WolfyDev).＂}"
[      script:monitor] [txAdmin] Server shutdown imminent. Kicking all players.

================================================================
======== FXServer Starting - 10/10/2023, 19:51:20               
================================================================
[           resources] Scanning resources.
[           resources] Found 53 resources.
[          svadhesive] Authenticating server license key...
[          svadhesive] Server license key authentication succeeded. Welcome!
[    c-scripting-core] Creating script environments for sessionmanager
[           resources] Started resource sessionmanager
[    c-scripting-core] Creating script environments for monitor
[      script:monitor] [txAdmin] Resource v6.0.2 threads and commands set up. All Ready.
[           resources] [0mStarted resource monitor
[    c-scripting-core] Creating script environments for yarn
[           resources] Started resource yarn
[    c-scripting-core] Creating script environments for webpack
[           resources] Started resource webpack
[    c-scripting-core] Creating script environments for chat
[           resources] [0mStarted resource chat
[           resources] Started resource spawnmanager
[    c-scripting-core] Creating script environments for hardcap
[           resources] Started resource hardcap
[    c-scripting-core] Creating script environments for oxmysql
[           resources] [0mStarted resource oxmysql
[    c-scripting-core] Creating script environments for es_extended
[           resources] [97mStarted resource es_extended
[    c-scripting-core] Creating script environments for cron
[           resources] Started resource cron
[    c-scripting-core] Creating script environments for ox_lib
[           resources] Started resource ox_lib
[    c-scripting-core] Creating script environments for ww-lib
[           resources] Started resource ww-lib
[    c-scripting-core] Creating script environments for ox_target
[           resources] Started resource ox_target
[    c-scripting-core] Creating script environments for ox_inventory
[           resources] Started resource ox_inventory
[    c-scripting-core] Creating script environments for cd_easytime
[           resources] Started resource cd_easytime
[           resources] Started resource rprogress
[    c-scripting-core] Creating script environments for dolu_tool
[           resources] Started resource dolu_tool
[    c-scripting-core] Creating script environments for esx_addonaccount
[           resources] Started resource esx_addonaccount
[    c-scripting-core] Creating script environments for esx_addoninventory
[           resources] Started resource esx_addoninventory
[    c-scripting-core] Creating script environments for esx_status
[           resources] Started resource esx_status
[    c-scripting-core] Creating script environments for esx_basicneeds
[           resources] Started resource esx_basicneeds
[    c-scripting-core] Creating script environments for esx_billing
[           resources] Started resource esx_billing
[    c-scripting-core] Creating script environments for esx_datastore
[           resources] Started resource esx_datastore
[    c-scripting-core] Creating script environments for esx_identity
[           resources] Started resource esx_identity
[    c-scripting-core] [97mCreating script environments for esx_license
[           resources] Started resource esx_license
[    c-scripting-core] Creating script environments for esx_optionalneeds
[           resources] Started resource esx_optionalneeds
[    c-scripting-core] Creating script environments for esx_society
[           resources] Started resource esx_society
[    c-scripting-core] Creating script environments for illenium-appearance
[           resources] Started resource illenium-appearance
[    c-scripting-core] Creating script environments for ww-wipe
[           resources] [0mStarted resource ww-wipe
[    c-scripting-core] Creating script environments for ww-vehicleRent
[           resources] Started resource ww-vehicleRent
[    c-scripting-core] Creating script environments for ww-blipsbuilder
[           resources] Started resource ww-blipsbuilder
[    c-scripting-core] Creating script environments for ww-carWash
[           resources] Started resource ww-carWash
[    c-scripting-core] Creating script environments for ww-beeFarm
[           resources] [0mStarted resource ww-beeFarm
[    c-scripting-core] [97mCreating script environments for ww-testOOP
[           resources] Started resource ww-testOOP
[    c-scripting-core] Creating script environments for ww-adminMenu
[           resources] [0mStarted resource ww-adminMenu
[    c-scripting-core] Creating script environments for esx_loadingscreen
[           resources] Started resource esx_loadingscreen
[    c-scripting-core] Creating script environments for rpemotes
[     script:rpemotes] RpEmotes by TayMcKenzieNZ, Mathu_lmn & MadsL loaded sucessfully.
[           resources] Started resource rpemotes
[resources:eclipseHos] Asset eclipseHospital/shmann_ehos_textures.ytd uses 22.8 MiB of physical memory.
[resources:eclipseHos] Asset eclipseHospital/shmann_hospital_props.ytd uses 24.0 MiB of physical memory.
[           resources] Started resource eclipseHospital (2 warnings)
[    c-scripting-core] Creating script environments for esx_context
[           resources] Started resource esx_context
[           resources] Started resource esx_menu_default
[           resources] Started resource esx_menu_dialog
[           resources] Started resource esx_menu_list
[    c-scripting-core] [0mCreating script environments for esx_notify
[           resources] Started resource esx_notify
[    c-scripting-core] Creating script environments for esx_progressbar
[           resources] Started resource esx_progressbar
[    c-scripting-core] Creating script environments for esx_textui
[           resources] Started resource esx_textui
[     script:rpemotes] [rpemotes] Current Version: 1.3.2
[     script:rpemotes] [rpemotes] Latest Version: 1.3.6
[     script:rpemotes] [rpemotes] You are currently running an outdated version, please update to version 1.3.6
[  script:cd_easytime] [cd_easytime] - Saved settings applied.
[      script:oxmysql] [10.4.28-MariaDB] [32mDatabase server connection established!
[ citizen-server-impl]         fff                          
[ citizen-server-impl]   cccc ff   xx  xx     rr rr    eee  
[ citizen-server-impl] cc     ffff   xx       rrr  r ee   e 
[ citizen-server-impl] cc     ff     xx   ... rr     eeeee  
[ citizen-server-impl]  ccccc ff   xx  xx ... rr      eeeee 
[ citizen-server-impl]                                      
[ citizen-server-impl] Authenticated with cfx.re Nucleus: https://wolfydev-7d4dbv.users.cfx.re/
[ script:ox_inventory] [info] Database contains 35 items.
[  script:es_extended] [INFO] ESX Legacy 1.10.1 initialized!
[ script:ox_inventory] [info] Inventory has loaded 237 items
[  script:cd_easytime] =====================================
[  script:cd_easytime] [cd_easytime] - New Update Available.
[  script:cd_easytime] Current Version: 1.3.6.
[  script:cd_easytime] New Version: 1.3.7.
[  script:cd_easytime] Notes: minor fixes.
[  script:cd_easytime] =====================================
[      script:hardcap] Connecting: Wolfy
[ citizen-server-impl] Server list query returned an error: System.Threading.Tasks.TaskCanceledException: A task was canceled. <- System.TimeoutException: A task was canceled. <- System.Threading.Tasks.TaskCanceledException: The request was canceled due to the configured HttpClient.Timeout of 30 seconds elapsing.
[  script:es_extended] [INFO] Player "White Wolf" has connected to the server. ID: 1
[ citizen-server-impl] Server list query returned an error: System.Threading.Tasks.TaskCanceledException: A task was canceled. <- System.TimeoutException: A task was canceled. <- System.Threading.Tasks.TaskCanceledException: The request was canceled due to the configured HttpClient.Timeout of 30 seconds elapsing.
[ citizen-server-impl] Server list query returned an error: System.Threading.Tasks.TaskCanceledException: A task was canceled. <- System.TimeoutException: A task was canceled. <- System.Threading.Tasks.TaskCanceledException: The request was canceled due to the configured HttpClient.Timeout of 30 seconds elapsing.
[ citizen-server-impl] Server list query returned an error: System.Threading.Tasks.TaskCanceledException: A task was canceled. <- System.TimeoutException: A task was canceled. <- System.Threading.Tasks.TaskCanceledException: The request was canceled due to the configured HttpClient.Timeout of 30 seconds elapsing.
[  script:es_extended] [INFO] Saved [36m1 player over 0.0 ms
[  script:cd_easytime] [cd_easytime] - Weather changed to CLEAR
[ citizen-server-impl] Server list query returned an error: System.Threading.Tasks.TaskCanceledException: A task was canceled. <- System.TimeoutException: A task was canceled. <- System.Threading.Tasks.TaskCanceledException: The request was canceled due to the configured HttpClient.Timeout of 30 seconds elapsing.
[ citizen-server-impl] Server list query returned an error: System.Threading.Tasks.TaskCanceledException: A task was canceled. <- System.TimeoutException: A task was canceled. <- System.Threading.Tasks.TaskCanceledException: The request was canceled due to the configured HttpClient.Timeout of 30 seconds elapsing.
[ citizen-server-impl] Server list query returned an error: System.Threading.Tasks.TaskCanceledException: A task was canceled. <- System.TimeoutException: A task was canceled. <- System.Threading.Tasks.TaskCanceledException: The request was canceled due to the configured HttpClient.Timeout of 30 seconds elapsing.
[  script:es_extended] [INFO] Saved 1 player over 0.0 ms
[  script:cd_easytime] [cd_easytime] - Weather changed to OVERCAST
[ citizen-server-impl] Server list query returned an error: System.Threading.Tasks.TaskCanceledException: A task was canceled. <- System.TimeoutException: A task was canceled. <- System.Threading.Tasks.TaskCanceledException: The request was canceled due to the configured HttpClient.Timeout of 30 seconds elapsing.
[ citizen-server-impl] Server list query returned an error: System.Threading.Tasks.TaskCanceledException: A task was canceled. <- System.TimeoutException: A task was canceled. <- System.Threading.Tasks.TaskCanceledException: The request was canceled due to the configured HttpClient.Timeout of 30 seconds elapsing.
[ citizen-server-impl] Server list query returned an error: System.Threading.Tasks.TaskCanceledException: A task was canceled. <- System.TimeoutException: A task was canceled. <- System.Threading.Tasks.TaskCanceledException: The request was canceled due to the configured HttpClient.Timeout of 30 seconds elapsing.
[  script:es_extended] [INFO] Saved 1 player over 0.0 ms
[  script:cd_easytime] [cd_easytime] - Weather changed to EXTRASUNNY
[ citizen-server-impl] Server list query returned an error: System.Threading.Tasks.TaskCanceledException: A task was canceled. <- System.TimeoutException: A task was canceled. <- System.Threading.Tasks.TaskCanceledException: The request was canceled due to the configured HttpClient.Timeout of 30 seconds elapsing.
[ citizen-server-impl] Server list query returned an error: System.Threading.Tasks.TaskCanceledException: A task was canceled. <- System.TimeoutException: A task was canceled. <- System.Threading.Tasks.TaskCanceledException: The request was canceled due to the configured HttpClient.Timeout of 30 seconds elapsing.
[ citizen-server-impl] Server list query returned an error: System.Threading.Tasks.TaskCanceledException: A task was canceled. <- System.TimeoutException: A task was canceled. <- System.Threading.Tasks.TaskCanceledException: The request was canceled due to the configured HttpClient.Timeout of 30 seconds elapsing.
[ citizen-server-impl] server thread hitch warning: timer interval of 672 milliseconds
[ citizen-server-impl] Server list query returned an error: System.Threading.Tasks.TaskCanceledException: A task was canceled. <- System.TimeoutException: A task was canceled. <- System.Threading.Tasks.TaskCanceledException: The request was canceled due to the configured HttpClient.Timeout of 30 seconds elapsing.
[  script:es_extended] [INFO] Saved 1 player over 0.0 ms
[  script:cd_easytime] [cd_easytime] - Weather changed to CLOUDS
[ citizen-server-impl] Server list query returned an error: System.Threading.Tasks.TaskCanceledException: A task was canceled. <- System.TimeoutException: A task was canceled. <- System.Threading.Tasks.TaskCanceledException: The request was canceled due to the configured HttpClient.Timeout of 30 seconds elapsing.
[ citizen-server-impl] Server list query returned an error: System.Threading.Tasks.TaskCanceledException: A task was canceled. <- System.TimeoutException: A task was canceled. <- System.Threading.Tasks.TaskCanceledException: The request was canceled due to the configured HttpClient.Timeout of 30 seconds elapsing.
[ citizen-server-impl] Server list query returned an error: System.Threading.Tasks.TaskCanceledException: A task was canceled. <- System.TimeoutException: A task was canceled. <- System.Threading.Tasks.TaskCanceledException: The request was canceled due to the configured HttpClient.Timeout of 30 seconds elapsing.
[  script:es_extended] [INFO] Saved 1 player over 0.0 ms
[ citizen-server-impl] Server list query returned an error: System.Threading.Tasks.TaskCanceledException: A task was canceled. <- System.TimeoutException: A task was canceled. <- System.Threading.Tasks.TaskCanceledException: The request was canceled due to the configured HttpClient.Timeout of 30 seconds elapsing.
[ citizen-server-impl] Server list query returned an error: System.Threading.Tasks.TaskCanceledException: A task was canceled. <- System.TimeoutException: A task was canceled. <- System.Threading.Tasks.TaskCanceledException: The request was canceled due to the configured HttpClient.Timeout of 30 seconds elapsing.
[ citizen-server-impl] Server list query returned an error: System.Threading.Tasks.TaskCanceledException: A task was canceled. <- System.TimeoutException: A task was canceled. <- System.Threading.Tasks.TaskCanceledException: The request was canceled due to the configured HttpClient.Timeout of 30 seconds elapsing.
[  script:es_extended] [INFO] Saved [36m1 player over 0.0 ms
[  script:cd_easytime] [cd_easytime] - Weather changed to SMOG
[ citizen-server-impl] Server list query returned an error: System.Threading.Tasks.TaskCanceledException: A task was canceled. <- System.TimeoutException: A task was canceled. <- System.Threading.Tasks.TaskCanceledException: The request was canceled due to the configured HttpClient.Timeout of 30 seconds elapsing.
[ citizen-server-impl] Server list query returned an error: System.Threading.Tasks.TaskCanceledException: A task was canceled. <- System.TimeoutException: A task was canceled. <- System.Threading.Tasks.TaskCanceledException: The request was canceled due to the configured HttpClient.Timeout of 30 seconds elapsing.
[ citizen-server-impl] Server list query returned an error: System.Threading.Tasks.TaskCanceledException: A task was canceled. <- System.TimeoutException: A task was canceled. <- System.Threading.Tasks.TaskCanceledException: The request was canceled due to the configured HttpClient.Timeout of 30 seconds elapsing.
[ citizen-server-impl] Server list query returned an error: System.Threading.Tasks.TaskCanceledException: A task was canceled. <- System.TimeoutException: A task was canceled. <- System.Threading.Tasks.TaskCanceledException: The request was canceled due to the configured HttpClient.Timeout of 30 seconds elapsing.
[  script:es_extended] [INFO] Saved 1 player over [36m0.0 ms
[  script:cd_easytime] [cd_easytime] - Weather changed to FOGGY
[ citizen-server-impl] Server list query returned an error: System.Threading.Tasks.TaskCanceledException: A task was canceled. <- System.TimeoutException: A task was canceled. <- System.Threading.Tasks.TaskCanceledException: The request was canceled due to the configured HttpClient.Timeout of 30 seconds elapsing.
[ citizen-server-impl] Server list query returned an error: System.Threading.Tasks.TaskCanceledException: A task was canceled. <- System.TimeoutException: A task was canceled. <- System.Threading.Tasks.TaskCanceledException: The request was canceled due to the configured HttpClient.Timeout of 30 seconds elapsing.
[ citizen-server-impl] Server list query returned an error: System.Threading.Tasks.TaskCanceledException: A task was canceled. <- System.TimeoutException: A task was canceled. <- System.Threading.Tasks.TaskCanceledException: The request was canceled due to the configured HttpClient.Timeout of 30 seconds elapsing.
[  script:es_extended] [INFO] Saved 1 player over 0.0 ms
[ citizen-server-impl] Server list query returned an error: System.Threading.Tasks.TaskCanceledException: A task was canceled. <- System.TimeoutException: A task was canceled. <- System.Threading.Tasks.TaskCanceledException: The request was canceled due to the configured HttpClient.Timeout of 30 seconds elapsing.
[ citizen-server-impl] Server list query returned an error: System.Threading.Tasks.TaskCanceledException: A task was canceled. <- System.TimeoutException: A task was canceled. <- System.Threading.Tasks.TaskCanceledException: The request was canceled due to the configured HttpClient.Timeout of 30 seconds elapsing.
[ citizen-server-impl] Server list query returned an error: System.Threading.Tasks.TaskCanceledException: A task was canceled. <- System.TimeoutException: A task was canceled. <- System.Threading.Tasks.TaskCanceledException: The request was canceled due to the configured HttpClient.Timeout of 30 seconds elapsing.
[  script:es_extended] [INFO] Saved 1 player over 0.0 ms
[ citizen-server-impl] Server list query returned an error: System.Threading.Tasks.TaskCanceledException: A task was canceled. <- System.TimeoutException: A task was canceled. <- System.Threading.Tasks.TaskCanceledException: The request was canceled due to the configured HttpClient.Timeout of 30 seconds elapsing.
[  script:cd_easytime] [cd_easytime] - Weather changed to CLEAR
[ citizen-server-impl] Server list query returned an error: System.Threading.Tasks.TaskCanceledException: A task was canceled. <- System.TimeoutException: A task was canceled. <- System.Threading.Tasks.TaskCanceledException: The request was canceled due to the configured HttpClient.Timeout of 30 seconds elapsing.
[ citizen-server-impl] Server list query returned an error: System.Threading.Tasks.TaskCanceledException: A task was canceled. <- System.TimeoutException: A task was canceled. <- System.Threading.Tasks.TaskCanceledException: The request was canceled due to the configured HttpClient.Timeout of 30 seconds elapsing.
[ citizen-server-impl] Server list query returned an error: System.Threading.Tasks.TaskCanceledException: A task was canceled. <- System.TimeoutException: A task was canceled. <- System.Threading.Tasks.TaskCanceledException: The request was canceled due to the configured HttpClient.Timeout of 30 seconds elapsing.
[  script:es_extended] [INFO] Saved [36m1 player over 0.0 ms
[  script:cd_easytime] [cd_easytime] - Weather changed to OVERCAST
[ citizen-server-impl] Server list query returned an error: System.Threading.Tasks.TaskCanceledException: A task was canceled. <- System.TimeoutException: A task was canceled. <- System.Threading.Tasks.TaskCanceledException: The request was canceled due to the configured HttpClient.Timeout of 30 seconds elapsing.
[ citizen-server-impl] Server list query returned an error: System.Threading.Tasks.TaskCanceledException: A task was canceled. <- System.TimeoutException: A task was canceled. <- System.Threading.Tasks.TaskCanceledException: The request was canceled due to the configured HttpClient.Timeout of 30 seconds elapsing.
[ citizen-server-impl] Server list query returned an error: System.Threading.Tasks.TaskCanceledException: A task was canceled. <- System.TimeoutException: A task was canceled. <- System.Threading.Tasks.TaskCanceledException: The request was canceled due to the configured HttpClient.Timeout of 30 seconds elapsing.
[  script:es_extended] [INFO] Saved 1 player over 0.0 ms
[  script:cd_easytime] [cd_easytime] - Weather changed to EXTRASUNNY
[ citizen-server-impl] Server list query returned an error: System.Threading.Tasks.TaskCanceledException: A task was canceled. <- System.TimeoutException: A task was canceled. <- System.Threading.Tasks.TaskCanceledException: The request was canceled due to the configured HttpClient.Timeout of 30 seconds elapsing.
[ citizen-server-impl] Server list query returned an error: System.Threading.Tasks.TaskCanceledException: A task was canceled. <- System.TimeoutException: A task was canceled. <- System.Threading.Tasks.TaskCanceledException: The request was canceled due to the configured HttpClient.Timeout of 30 seconds elapsing.
[ citizen-server-impl] Server list query returned an error: System.Threading.Tasks.TaskCanceledException: A task was canceled. <- System.TimeoutException: A task was canceled. <- System.Threading.Tasks.TaskCanceledException: The request was canceled due to the configured HttpClient.Timeout of 30 seconds elapsing.
[  script:es_extended] [INFO] Saved 1 player over 0.0 ms
[ citizen-server-impl] Server list query returned an error: System.Threading.Tasks.TaskCanceledException: A task was canceled. <- System.TimeoutException: A task was canceled. <- System.Threading.Tasks.TaskCanceledException: The request was canceled due to the configured HttpClient.Timeout of 30 seconds elapsing.
[  script:cd_easytime] [cd_easytime] - Weather changed to CLOUDS[97m
[ citizen-server-impl] [0mServer list query returned an error: System.Threading.Tasks.TaskCanceledException: A task was canceled. <- System.TimeoutException: A task was canceled. <- System.Threading.Tasks.TaskCanceledException: The request was canceled due to the configured HttpClient.Timeout of 30 seconds elapsing.
[ citizen-server-impl] Server list query returned an error: System.Threading.Tasks.TaskCanceledException: A task was canceled. <- System.TimeoutException: A task was canceled. <- System.Threading.Tasks.TaskCanceledException: The request was canceled due to the configured HttpClient.Timeout of 30 seconds elapsing.
[ citizen-server-impl] Server list query returned an error: System.Threading.Tasks.TaskCanceledException: A task was canceled. <- System.TimeoutException: A task was canceled. <- System.Threading.Tasks.TaskCanceledException: The request was canceled due to the configured HttpClient.Timeout of 30 seconds elapsing.
[  script:es_extended] [[32mINFO] Saved 1 player over 0.0 ms
[ citizen-server-impl] Server list query returned an error: System.Threading.Tasks.TaskCanceledException: A task was canceled. <- System.TimeoutException: A task was canceled. <- System.Threading.Tasks.TaskCanceledException: The request was canceled due to the configured HttpClient.Timeout of 30 seconds elapsing.
[ citizen-server-impl] Server list query returned an error: System.Threading.Tasks.TaskCanceledException: A task was canceled. <- System.TimeoutException: A task was canceled. <- System.Threading.Tasks.TaskCanceledException: The request was canceled due to the configured HttpClient.Timeout of 30 seconds elapsing.
[  script:es_extended] [0m[INFO] Saved player "White Wolf"

================================================================
======== FXServer Starting - 10/10/2023, 22:38:25               
================================================================
[           resources] Scanning resources.
[           resources] Found 53 resources.
[          svadhesive] Authenticating server license key...
[          svadhesive] Server license key authentication succeeded. Welcome!
[    c-scripting-core] Creating script environments for sessionmanager
[           resources] Started resource sessionmanager
[    c-scripting-core] Creating script environments for monitor
[      script:monitor] [txAdmin] Resource v6.0.2 threads and commands set up. All Ready.
[           resources] Started resource monitor
[    c-scripting-core] Creating script environments for yarn
[           resources] Started resource yarn
[    c-scripting-core] Creating script environments for webpack
[           resources] Started resource webpack
[    c-scripting-core] Creating script environments for chat
[           resources] Started resource chat
[           resources] Started resource spawnmanager
[    c-scripting-core] [0mCreating script environments for hardcap
[           resources] Started resource hardcap
[    c-scripting-core] Creating script environments for oxmysql
[           resources] Started resource oxmysql
[    c-scripting-core] Creating script environments for es_extended
[           resources] Started resource es_extended
[    c-scripting-core] Creating script environments for cron
[           resources] Started resource cron
[    c-scripting-core] Creating script environments for ox_lib
[           resources] Started resource ox_lib
[    c-scripting-core] Creating script environments for ww-lib
[           resources] Started resource ww-lib
[    c-scripting-core] Creating script environments for ox_target
[           resources] Started resource ox_target
[    c-scripting-core] Creating script environments for ox_inventory
[           resources] Started resource ox_inventory
[    c-scripting-core] Creating script environments for cd_easytime
[           resources] Started resource cd_easytime
[           resources] Started resource rprogress
[    c-scripting-core] Creating script environments for dolu_tool
[           resources] Started resource dolu_tool
[    c-scripting-core] Creating script environments for esx_addonaccount
[           resources] Started resource esx_addonaccount
[    c-scripting-core] Creating script environments for esx_addoninventory
[           resources] Started resource esx_addoninventory
[    c-scripting-core] Creating script environments for esx_status
[           resources] Started resource esx_status
[    c-scripting-core] Creating script environments for esx_basicneeds
[           resources] Started resource esx_basicneeds
[    c-scripting-core] Creating script environments for esx_billing
[           resources] Started resource esx_billing
[    c-scripting-core] Creating script environments for esx_datastore
[           resources] Started resource esx_datastore
[    c-scripting-core] Creating script environments for esx_identity
[           resources] Started resource esx_identity
[    c-scripting-core] Creating script environments for esx_license
[           resources] Started resource esx_license
[    c-scripting-core] Creating script environments for esx_optionalneeds
[           resources] Started resource esx_optionalneeds
[    c-scripting-core] Creating script environments for esx_society
[           resources] Started resource esx_society
[    c-scripting-core] Creating script environments for illenium-appearance
[           resources] Started resource illenium-appearance
[    c-scripting-core] [0mCreating script environments for ww-wipe
[           resources] Started resource ww-wipe
[    c-scripting-core] Creating script environments for ww-vehicleRent
[           resources] Started resource ww-vehicleRent
[    c-scripting-core] Creating script environments for ww-blipsbuilder
[           resources] Started resource ww-blipsbuilder
[    c-scripting-core] Creating script environments for ww-carWash
[           resources] Started resource ww-carWash
[    c-scripting-core] Creating script environments for ww-beeFarm
[           resources] Started resource ww-beeFarm
[    c-scripting-core] Creating script environments for ww-testOOP
[           resources] [97mStarted resource ww-testOOP
[    c-scripting-core] Creating script environments for ww-adminMenu
[           resources] Started resource ww-adminMenu
[    c-scripting-core] Creating script environments for esx_loadingscreen
[           resources] Started resource esx_loadingscreen
[    c-scripting-core] Creating script environments for rpemotes
[     script:rpemotes] RpEmotes by TayMcKenzieNZ, Mathu_lmn & MadsL loaded sucessfully.
[           resources] Started resource rpemotes
[resources:eclipseHos] Asset eclipseHospital/shmann_ehos_textures.ytd uses 22.8 MiB of physical memory.
[resources:eclipseHos] Asset eclipseHospital/shmann_hospital_props.ytd uses 24.0 MiB of physical memory.
[           resources] Started resource eclipseHospital (2 warnings)
[    c-scripting-core] Creating script environments for esx_context
[           resources] Started resource esx_context
[           resources] Started resource esx_menu_default
[           resources] Started resource esx_menu_dialog
[           resources] Started resource esx_menu_list
[    c-scripting-core] Creating script environments for esx_notify
[           resources] Started resource esx_notify
[    c-scripting-core] Creating script environments for esx_progressbar
[           resources] Started resource esx_progressbar
[    c-scripting-core] Creating script environments for esx_textui
[           resources] Started resource esx_textui
[     script:rpemotes] [rpemotes] Current Version: 1.3.2
[     script:rpemotes] [rpemotes] Latest Version: 1.3.6
[     script:rpemotes] [rpemotes] You are currently running an outdated version, please update to version 1.3.6
[  script:cd_easytime] [0m[cd_easytime] - Saved settings applied.
[      script:oxmysql] [10.4.28-MariaDB] Database server connection established!
[ script:ox_inventory] [info] Database contains 35 items.
[  script:es_extended] [INFO[0m] ESX Legacy 1.10.1 initialized!
[ citizen-server-impl]         fff                          
[ citizen-server-impl]   cccc ff   xx  xx     rr rr    eee  
[ citizen-server-impl] cc     ffff   xx       rrr  r ee   e 
[ citizen-server-impl] cc     ff     xx   ... rr     eeeee  
[ citizen-server-impl]  ccccc ff   xx  xx ... rr      eeeee 
[ citizen-server-impl]                                      
[ citizen-server-impl] Authenticated with cfx.re Nucleus: https://wolfydev-7d4dbv.users.cfx.re/
[ script:ox_inventory] [info] Inventory has loaded 237 items
[  script:cd_easytime] =====================================
[  script:cd_easytime] [cd_easytime] - New Update Available.
[  script:cd_easytime] Current Version: 1.3.6.
[  script:cd_easytime] New Version: 1.3.7.
[  script:cd_easytime] Notes: minor fixes.
[  script:cd_easytime] =====================================
[      script:hardcap] Connecting: Wolfy
[ citizen-server-impl] Server list query returned an error: System.Threading.Tasks.TaskCanceledException: A task was canceled. <- System.TimeoutException: A task was canceled. <- System.Threading.Tasks.TaskCanceledException: The request was canceled due to the configured HttpClient.Timeout of 30 seconds elapsing.
[ citizen-server-impl] server thread hitch warning: timer interval of 179 milliseconds
[  script:es_extended] [INFO] Player "White Wolf" has connected to the server. ID: 1
[ citizen-server-impl] Server list query returned an error: System.Threading.Tasks.TaskCanceledException: A task was canceled. <- System.TimeoutException: A task was canceled. <- System.Threading.Tasks.TaskCanceledException: The request was canceled due to the configured HttpClient.Timeout of 30 seconds elapsing.
[ citizen-server-impl] Server list query returned an error: System.Threading.Tasks.TaskCanceledException: A task was canceled. <- System.TimeoutException: A task was canceled. <- System.Threading.Tasks.TaskCanceledException: The request was canceled due to the configured HttpClient.Timeout of 30 seconds elapsing.
[ citizen-server-impl] Server list query returned an error: System.Threading.Tasks.TaskCanceledException: A task was canceled. <- System.TimeoutException: A task was canceled. <- System.Threading.Tasks.TaskCanceledException: The request was canceled due to the configured HttpClient.Timeout of 30 seconds elapsing.
[  script:es_extended] [INFO[0m] Saved 1 player over 0.0 ms
[  script:cd_easytime] [cd_easytime] - Weather changed to CLEAR
[ citizen-server-impl] Server list query returned an error: System.Threading.Tasks.TaskCanceledException: A task was canceled. <- System.TimeoutException: A task was canceled. <- System.Threading.Tasks.TaskCanceledException: The request was canceled due to the configured HttpClient.Timeout of 30 seconds elapsing.
[ citizen-server-impl] Server list query returned an error: System.Threading.Tasks.TaskCanceledException: A task was canceled. <- System.TimeoutException: A task was canceled. <- System.Threading.Tasks.TaskCanceledException: The request was canceled due to the configured HttpClient.Timeout of 30 seconds elapsing.
[ citizen-server-impl] Server list query returned an error: System.Threading.Tasks.TaskCanceledException: A task was canceled. <- System.TimeoutException: A task was canceled. <- System.Threading.Tasks.TaskCanceledException: The request was canceled due to the configured HttpClient.Timeout of 30 seconds elapsing.
[  script:es_extended] [INFO] Saved 1 player over 0.0 ms
[  script:cd_easytime] [cd_easytime] - Weather changed to OVERCAST
[ citizen-server-impl] Server list query returned an error: System.Threading.Tasks.TaskCanceledException: A task was canceled. <- System.TimeoutException: A task was canceled. <- System.Threading.Tasks.TaskCanceledException: The request was canceled due to the configured HttpClient.Timeout of 30 seconds elapsing.
[ citizen-server-impl] Server list query returned an error: System.Threading.Tasks.TaskCanceledException: A task was canceled. <- System.TimeoutException: A task was canceled. <- System.Threading.Tasks.TaskCanceledException: The request was canceled due to the configured HttpClient.Timeout of 30 seconds elapsing.
[ citizen-server-impl] Server list query returned an error: System.Threading.Tasks.TaskCanceledException: A task was canceled. <- System.TimeoutException: A task was canceled. <- System.Threading.Tasks.TaskCanceledException: The request was canceled due to the configured HttpClient.Timeout of 30 seconds elapsing.
[  script:es_extended] [INFO] Saved 1 player over 0.0 ms
[  script:cd_easytime] [cd_easytime] - Weather changed to EXTRASUNNY
[ citizen-server-impl] Server list query returned an error: System.Threading.Tasks.TaskCanceledException: A task was canceled. <- System.TimeoutException: A task was canceled. <- System.Threading.Tasks.TaskCanceledException: The request was canceled due to the configured HttpClient.Timeout of 30 seconds elapsing.
[ citizen-server-impl] Server list query returned an error: System.Threading.Tasks.TaskCanceledException: A task was canceled. <- System.TimeoutException: A task was canceled. <- System.Threading.Tasks.TaskCanceledException: The request was canceled due to the configured HttpClient.Timeout of 30 seconds elapsing.
[ citizen-server-impl] Server list query returned an error: System.Threading.Tasks.TaskCanceledException: A task was canceled. <- System.TimeoutException: A task was canceled. <- System.Threading.Tasks.TaskCanceledException: The request was canceled due to the configured HttpClient.Timeout of 30 seconds elapsing.
[ citizen-server-impl] Server list query returned an error: System.Threading.Tasks.TaskCanceledException: A task was canceled. <- System.TimeoutException: A task was canceled. <- System.Threading.Tasks.TaskCanceledException: The request was canceled due to the configured HttpClient.Timeout of 30 seconds elapsing.
[  script:es_extended] [INFO] Saved 1 player over [36m0.0 ms
[  script:cd_easytime] [cd_easytime] - Weather changed to CLOUDS
[ citizen-server-impl] Server list query returned an error: System.Threading.Tasks.TaskCanceledException: A task was canceled. <- System.TimeoutException: A task was canceled. <- System.Threading.Tasks.TaskCanceledException: The request was canceled due to the configured HttpClient.Timeout of 30 seconds elapsing.
[ citizen-server-impl] Server list query returned an error: System.Threading.Tasks.TaskCanceledException: A task was canceled. <- System.TimeoutException: A task was canceled. <- System.Threading.Tasks.TaskCanceledException: The request was canceled due to the configured HttpClient.Timeout of 30 seconds elapsing.
[ citizen-server-impl] Server list query returned an error: System.Threading.Tasks.TaskCanceledException: A task was canceled. <- System.TimeoutException: A task was canceled. <- System.Threading.Tasks.TaskCanceledException: The request was canceled due to the configured HttpClient.Timeout of 30 seconds elapsing.
[  script:es_extended] [INFO] Saved 1 player over 0.0 ms
[ citizen-server-impl] Server list query returned an error: System.Threading.Tasks.TaskCanceledException: A task was canceled. <- System.TimeoutException: A task was canceled. <- System.Threading.Tasks.TaskCanceledException: The request was canceled due to the configured HttpClient.Timeout of 30 seconds elapsing.
[ citizen-server-impl] Server list query returned an error: System.Threading.Tasks.TaskCanceledException: A task was canceled. <- System.TimeoutException: A task was canceled. <- System.Threading.Tasks.TaskCanceledException: The request was canceled due to the configured HttpClient.Timeout of 30 seconds elapsing.
[ citizen-server-impl] Server list query returned an error: System.Threading.Tasks.TaskCanceledException: A task was canceled. <- System.TimeoutException: A task was canceled. <- System.Threading.Tasks.TaskCanceledException: The request was canceled due to the configured HttpClient.Timeout of 30 seconds elapsing.
[  script:es_extended] [INFO] Saved 1 player over 0.0 ms
[ citizen-server-impl] Server list query returned an error: System.Threading.Tasks.TaskCanceledException: A task was canceled. <- System.TimeoutException: A task was canceled. <- System.Threading.Tasks.TaskCanceledException: The request was canceled due to the configured HttpClient.Timeout of 30 seconds elapsing.
[  script:cd_easytime] [cd_easytime] - Weather changed to SMOG
[ citizen-server-impl] Server list query returned an error: System.Threading.Tasks.TaskCanceledException: A task was canceled. <- System.TimeoutException: A task was canceled. <- System.Threading.Tasks.TaskCanceledException: The request was canceled due to the configured HttpClient.Timeout of 30 seconds elapsing.
[ citizen-server-impl] Server list query returned an error: System.Threading.Tasks.TaskCanceledException: A task was canceled. <- System.TimeoutException: A task was canceled. <- System.Threading.Tasks.TaskCanceledException: The request was canceled due to the configured HttpClient.Timeout of 30 seconds elapsing.
[ citizen-server-impl] Server list query returned an error: System.Threading.Tasks.TaskCanceledException: A task was canceled. <- System.TimeoutException: A task was canceled. <- System.Threading.Tasks.TaskCanceledException: The request was canceled due to the configured HttpClient.Timeout of 30 seconds elapsing.
[  script:es_extended] [INFO] Saved 1 player over 0.0 ms
[  script:cd_easytime] [cd_easytime] - Weather changed to FOGGY
[ citizen-server-impl] Server list query returned an error: System.Threading.Tasks.TaskCanceledException: A task was canceled. <- System.TimeoutException: A task was canceled. <- System.Threading.Tasks.TaskCanceledException: The request was canceled due to the configured HttpClient.Timeout of 30 seconds elapsing.
[ citizen-server-impl] Server list query returned an error: System.Threading.Tasks.TaskCanceledException: A task was canceled. <- System.TimeoutException: A task was canceled. <- System.Threading.Tasks.TaskCanceledException: The request was canceled due to the configured HttpClient.Timeout of 30 seconds elapsing.
[ citizen-server-impl] Server list query returned an error: System.Threading.Tasks.TaskCanceledException: A task was canceled. <- System.TimeoutException: A task was canceled. <- System.Threading.Tasks.TaskCanceledException: The request was canceled due to the configured HttpClient.Timeout of 30 seconds elapsing.
[  script:es_extended] [INFO] Saved 1 player over 0.0 ms
