
================================================================
======== Log Rotated - 22/09/2023, 17:52:25                     
================================================================

================================================================
======== FXServer Starting - 22/09/2023, 17:52:29               
================================================================
[           resources] Scanning resources.
[           resources] Found 44 resources.
[          svadhesive] Authenticating server license key...
[          svadhesive] Server license key authentication succeeded. Welcome!
[    c-scripting-core] Creating script environments for sessionmanager
[           resources] Started resource sessionmanager
[    c-scripting-core] [0mCreating script environments for monitor
[      script:monitor] [txAdmin] Resource v6.0.2 threads and commands set up. All Ready.
[           resources] [97mStarted resource monitor
[    c-scripting-core] Creating script environments for yarn
[           resources] Started resource yarn
[    c-scripting-core] Creating script environments for webpack
[           resources] Started resource webpack
[    c-scripting-core] Creating script environments for chat
[           resources] Started resource chat
[           resources] Started resource spawnmanager
[    c-scripting-core] Creating script environments for hardcap
[           resources] Started resource hardcap
[    c-scripting-core] Creating script environments for oxmysql
[           resources] Started resource oxmysql
[    c-scripting-core] Creating script environments for es_extended
[           resources] Started resource es_extended
[    c-scripting-core] Creating script environments for cron
[           resources] Started resource cron
[    c-scripting-core] Creating script environments for ox_lib
[           resources] Started resource ox_lib
[    c-scripting-core] Creating script environments for ox_target
[           resources] Started resource ox_target
[    c-scripting-core] Creating script environments for ox_inventory
[           resources] Started resource ox_inventory
[    c-scripting-core] Creating script environments for cd_easytime
[           resources] Started resource cd_easytime
[           resources] Started resource rprogress
[    c-scripting-core] Creating script environments for esx_addonaccount
[           resources] Started resource esx_addonaccount
[    c-scripting-core] Creating script environments for esx_addoninventory
[           resources] Started resource esx_addoninventory
[    c-scripting-core] Creating script environments for esx_status
[           resources] [0mStarted resource esx_status
[    c-scripting-core] Creating script environments for esx_basicneeds
[           resources] [0mStarted resource esx_basicneeds
[    c-scripting-core] Creating script environments for esx_billing
[           resources] [0mStarted resource esx_billing
[    c-scripting-core] Creating script environments for esx_datastore
[           resources] Started resource esx_datastore
[    c-scripting-core] Creating script environments for esx_identity
[           resources] Started resource esx_identity
[    c-scripting-core] Creating script environments for esx_license
[           resources] Started resource esx_license
[    c-scripting-core] Creating script environments for esx_optionalneeds
[           resources] Started resource esx_optionalneeds
[    c-scripting-core] Creating script environments for esx_society
[           resources] Started resource esx_society
[    c-scripting-core] Creating script environments for illenium-appearance
[           resources] Started resource illenium-appearance
[    c-scripting-core] Creating script environments for ww-wipe
[           resources] [0mStarted resource ww-wipe
[    c-scripting-core] Creating script environments for ww-ambulanceJob
[           resources] Started resource ww-ambulanceJob
[    c-scripting-core] Creating script environments for ww-vehicleRent
[           resources] Started resource ww-vehicleRent
[    c-scripting-core] Creating script environments for ww-blipsbuilder
[           resources] [97mStarted resource ww-blipsbuilder
[    c-scripting-core] Creating script environments for ww-ultimateCreator
[           resources] Started resource ww-ultimateCreator
[    c-scripting-core] Creating script environments for ww-blackMarket
[           resources] Started resource ww-blackMarket
[    c-scripting-core] Creating script environments for esx_loadingscreen
[           resources] Started resource esx_loadingscreen
[    c-scripting-core] Creating script environments for rpemotes
[     script:rpemotes] RpEmotes by TayMcKenzieNZ, Mathu_lmn & MadsL loaded sucessfully.
[           resources] Started resource rpemotes
[resources:eclipseHos] Asset eclipseHospital/shmann_ehos_textures.ytd uses 22.8 MiB of physical memory.
[resources:eclipseHos] Asset eclipseHospital/shmann_hospital_props.ytd uses 24.0 MiB of physical memory.
[           resources] Started resource eclipseHospital (2 warnings)
[    c-scripting-core] Creating script environments for esx_context
[           resources] Started resource esx_context
[           resources] Started resource esx_menu_default
[           resources] Started resource esx_menu_dialog
[           resources] Started resource esx_menu_list
[    c-scripting-core] Creating script environments for esx_notify
[           resources] Started resource esx_notify
[    c-scripting-core] Creating script environments for esx_progressbar
[           resources] Started resource esx_progressbar
[    c-scripting-core] Creating script environments for esx_textui
[           resources] Started resource esx_textui
[     script:rpemotes] [rpemotes] Current Version: 1.3.2
[     script:rpemotes] [rpemotes] Latest Version: 1.3.3
[     script:rpemotes] [rpemotes] You are currently running an outdated version, please update to version 1.3.3
[  script:cd_easytime] [cd_easytime] - Saved settings applied.
[      script:oxmysql] Unable to establish a connection to the database (ECONNREFUSED)!
[      script:oxmysql] Error -4078: connect ECONNREFUSED 127.0.0.1:3306
[      script:oxmysql] 2 2
[      script:oxmysql] 7 7
[      script:oxmysql] 4 5
[      script:oxmysql] An update is available for oxmysql (current version: 2.7.4)
[      script:oxmysql] https://github.com/overextended/oxmysql/releases/tag/v2.7.5
[ citizen-server-impl]         fff                          
[ citizen-server-impl]   cccc ff   xx  xx     rr rr    eee  
[ citizen-server-impl] cc     ffff   xx       rrr  r ee   e 
[ citizen-server-impl] cc     ff     xx   ... rr     eeeee  
[ citizen-server-impl]  ccccc ff   xx  xx ... rr      eeeee 
[ citizen-server-impl]                                      
[ citizen-server-impl] Authenticated with cfx.re Nucleus: https://wolfydev-7d4dbv.users.cfx.re/
[  script:cd_easytime] =====================================
[  script:cd_easytime] [cd_easytime] - New Update Available.
[  script:cd_easytime] Current Version: 1.3.6.
[  script:cd_easytime] New Version: 1.3.7.
[  script:cd_easytime] Notes: minor fixes.
[  script:cd_easytime] =====================================
[      script:hardcap] Connecting: Wolfy

================================================================
======== FXServer Starting - 22/09/2023, 17:53:16               
================================================================
[           resources] Scanning resources.
[           resources] Found 44 resources.
[          svadhesive] Authenticating server license key...
[          svadhesive] Server license key authentication succeeded. Welcome!
[    c-scripting-core] Creating script environments for sessionmanager
[           resources] Started resource sessionmanager
[    c-scripting-core] Creating script environments for monitor
[      script:monitor] [txAdmin] Resource v6.0.2 threads and commands set up. All Ready.
[           resources] Started resource monitor
[    c-scripting-core] [97mCreating script environments for yarn
[           resources] Started resource yarn
[    c-scripting-core] Creating script environments for webpack
[           resources] Started resource webpack
[    c-scripting-core] Creating script environments for chat
[           resources] Started resource chat
[           resources] Started resource spawnmanager
[    c-scripting-core] Creating script environments for hardcap
[           resources] Started resource hardcap
[    c-scripting-core] Creating script environments for oxmysql
[           resources] [0mStarted resource oxmysql
[    c-scripting-core] [0mCreating script environments for es_extended
[           resources] Started resource es_extended
[    c-scripting-core] Creating script environments for cron
[           resources] Started resource cron
[    c-scripting-core] Creating script environments for ox_lib
[           resources] Started resource ox_lib
[    c-scripting-core] Creating script environments for ox_target
[           resources] Started resource ox_target
[    c-scripting-core] Creating script environments for ox_inventory
[           resources] Started resource ox_inventory
[    c-scripting-core] Creating script environments for cd_easytime
[           resources] Started resource cd_easytime
[           resources] Started resource rprogress
[    c-scripting-core] Creating script environments for esx_addonaccount
[           resources] Started resource esx_addonaccount
[    c-scripting-core] Creating script environments for esx_addoninventory
[           resources] Started resource esx_addoninventory
[    c-scripting-core] Creating script environments for esx_status
[           resources] Started resource esx_status
[    c-scripting-core] Creating script environments for esx_basicneeds
[           resources] [0mStarted resource esx_basicneeds
[    c-scripting-core] Creating script environments for esx_billing
[           resources] Started resource esx_billing
[    c-scripting-core] Creating script environments for esx_datastore
[           resources] Started resource esx_datastore
[    c-scripting-core] Creating script environments for esx_identity
[           resources] Started resource esx_identity
[    c-scripting-core] Creating script environments for esx_license
[           resources] Started resource esx_license
[    c-scripting-core] Creating script environments for esx_optionalneeds
[           resources] [0mStarted resource esx_optionalneeds
[    c-scripting-core] Creating script environments for esx_society
[           resources] Started resource esx_society
[    c-scripting-core] Creating script environments for illenium-appearance
[           resources] Started resource illenium-appearance
[    c-scripting-core] Creating script environments for ww-wipe
[           resources] Started resource ww-wipe
[    c-scripting-core] Creating script environments for ww-ambulanceJob
[           resources] [0mStarted resource ww-ambulanceJob
[    c-scripting-core] Creating script environments for ww-vehicleRent
[           resources] Started resource ww-vehicleRent
[    c-scripting-core] Creating script environments for ww-blipsbuilder
[           resources] Started resource ww-blipsbuilder
[    c-scripting-core] Creating script environments for ww-ultimateCreator
[           resources] Started resource ww-ultimateCreator
[    c-scripting-core] Creating script environments for ww-blackMarket
[           resources] Started resource ww-blackMarket
[    c-scripting-core] Creating script environments for esx_loadingscreen
[           resources] Started resource esx_loadingscreen
[    c-scripting-core] Creating script environments for rpemotes
[     script:rpemotes] RpEmotes by TayMcKenzieNZ, Mathu_lmn & MadsL loaded sucessfully.
[           resources] [0mStarted resource rpemotes
[resources:eclipseHos] Asset eclipseHospital/shmann_ehos_textures.ytd uses 22.8 MiB of physical memory.
[resources:eclipseHos] Asset eclipseHospital/shmann_hospital_props.ytd uses 24.0 MiB of physical memory.
[           resources] Started resource eclipseHospital (2 warnings)
[    c-scripting-core] Creating script environments for esx_context
[           resources] Started resource esx_context
[           resources] Started resource esx_menu_default
[           resources] [0mStarted resource esx_menu_dialog
[           resources] Started resource esx_menu_list
[    c-scripting-core] Creating script environments for esx_notify
[           resources] Started resource esx_notify
[    c-scripting-core] Creating script environments for esx_progressbar
[           resources] Started resource esx_progressbar
[    c-scripting-core] Creating script environments for esx_textui
[           resources] Started resource esx_textui
[     script:rpemotes] [rpemotes] Current Version: 1.3.2
[     script:rpemotes] [rpemotes] Latest Version: 1.3.3
[     script:rpemotes] [rpemotes] You are currently running an outdated version, please update to version 1.3.3
[  script:cd_easytime] [cd_easytime] - Saved settings applied.
[      script:oxmysql] [10.4.27-MariaDB] Database server connection established!
[ citizen-server-impl]         fff                          
[ citizen-server-impl]   cccc ff   xx  xx     rr rr    eee  
[ citizen-server-impl] cc     ffff   xx       rrr  r ee   e 
[ citizen-server-impl] cc     ff     xx   ... rr     eeeee  
[ citizen-server-impl]  ccccc ff   xx  xx ... rr      eeeee 
[ citizen-server-impl]                                      
[ citizen-server-impl] Authenticated with cfx.re Nucleus: https://wolfydev-7d4dbv.users.cfx.re/
[ script:ox_inventory] [info] Database contains 7 items.
[  script:es_extended] [WARNING[0m] Ignoring job grades for "slaughterer" due to missing job
[  script:es_extended] [INFO] ESX Legacy 1.10.1 initialized!
[      script:oxmysql] [0m2 2
[      script:oxmysql] 7 7
[      script:oxmysql] 4 5
[      script:oxmysql] An update is available for oxmysql (current version: 2.7.4)
[      script:oxmysql] https://github.com/overextended/oxmysql/releases/tag/v2.7.5
[      script:hardcap] Connecting: Wolfy
[ script:ox_inventory] [info] Inventory has loaded 209 items
[  script:cd_easytime] =====================================
[  script:cd_easytime] [cd_easytime] - New Update Available.
[  script:cd_easytime] Current Version: 1.3.6.
[  script:cd_easytime] New Version: 1.3.7.
[  script:cd_easytime] Notes: minor fixes.
[  script:cd_easytime] =====================================
[ citizen-server-impl] Server list query returned an error: System.Threading.Tasks.TaskCanceledException: A task was canceled. <- System.TimeoutException: A task was canceled. <- System.Threading.Tasks.TaskCanceledException: The request was canceled due to the configured HttpClient.Timeout of 30 seconds elapsing.
[  script:es_extended] [INFO] Player "White Wolf" has connected to the server. ID: 1
> txaEvent "adminsUpdated" "[1]"
[ citizen-server-impl] Server list query returned an error: System.Threading.Tasks.TaskCanceledException: A task was canceled. <- System.TimeoutException: A task was canceled. <- System.Threading.Tasks.TaskCanceledException: The request was canceled due to the configured HttpClient.Timeout of 30 seconds elapsing.
[ citizen-server-impl] Server list query returned an error: System.Threading.Tasks.TaskCanceledException: A task was canceled. <- System.TimeoutException: A task was canceled. <- System.Threading.Tasks.TaskCanceledException: The request was canceled due to the configured HttpClient.Timeout of 30 seconds elapsing.
[ citizen-server-impl] Server list query returned an error: System.Threading.Tasks.TaskCanceledException: A task was canceled. <- System.TimeoutException: A task was canceled. <- System.Threading.Tasks.TaskCanceledException: The request was canceled due to the configured HttpClient.Timeout of 30 seconds elapsing.
[  script:es_extended] [INFO] Saved 1 player over 0.0 ms
[  script:cd_easytime] [cd_easytime] - Weather changed to CLEAR
[ citizen-server-impl] Server list query returned an error: System.Threading.Tasks.TaskCanceledException: A task was canceled. <- System.TimeoutException: A task was canceled. <- System.Threading.Tasks.TaskCanceledException: The request was canceled due to the configured HttpClient.Timeout of 30 seconds elapsing.
[ citizen-server-impl] Server list query returned an error: System.Threading.Tasks.TaskCanceledException: A task was canceled. <- System.TimeoutException: A task was canceled. <- System.Threading.Tasks.TaskCanceledException: The request was canceled due to the configured HttpClient.Timeout of 30 seconds elapsing.
[ citizen-server-impl] Server list query returned an error: System.Threading.Tasks.TaskCanceledException: A task was canceled. <- System.TimeoutException: A task was canceled. <- System.Threading.Tasks.TaskCanceledException: The request was canceled due to the configured HttpClient.Timeout of 30 seconds elapsing.
[  script:es_extended] [0m[INFO] Saved player "White Wolf"

================================================================
======== FXServer Starting - 22/09/2023, 18:11:52               
================================================================
[           resources] Scanning resources.
[           resources] Found 44 resources.
[          svadhesive] Authenticating server license key...
[          svadhesive] Server license key authentication succeeded. Welcome!
[    c-scripting-core] Creating script environments for sessionmanager
[           resources] Started resource sessionmanager
[    c-scripting-core] Creating script environments for monitor
[      script:monitor] [txAdmin] Resource v6.0.2 threads and commands set up. All Ready.
[           resources] Started resource monitor
[    c-scripting-core] Creating script environments for yarn
[           resources] Started resource yarn
[    c-scripting-core] Creating script environments for webpack
[           resources] Started resource webpack
[    c-scripting-core] Creating script environments for chat
[           resources] Started resource chat
[           resources] Started resource spawnmanager
[    c-scripting-core] Creating script environments for hardcap
[           resources] Started resource hardcap
[    c-scripting-core] Creating script environments for oxmysql
[           resources] [97mStarted resource oxmysql
[    c-scripting-core] Creating script environments for es_extended
[           resources] Started resource es_extended
[    c-scripting-core] Creating script environments for cron
[           resources] Started resource cron
[    c-scripting-core] Creating script environments for ox_lib
[           resources] Started resource ox_lib
[    c-scripting-core] [0mCreating script environments for ox_target
[           resources] [97mStarted resource ox_target
[    c-scripting-core] Creating script environments for ox_inventory
[           resources] Started resource ox_inventory
[    c-scripting-core] Creating script environments for cd_easytime
[           resources] Started resource cd_easytime
[           resources] Started resource rprogress
[    c-scripting-core] Creating script environments for esx_addonaccount
[           resources] Started resource esx_addonaccount
[    c-scripting-core] Creating script environments for esx_addoninventory
[           resources] Started resource esx_addoninventory
[    c-scripting-core] [0mCreating script environments for esx_status
[           resources] Started resource esx_status
[    c-scripting-core] Creating script environments for esx_basicneeds
[           resources] [0mStarted resource esx_basicneeds
[    c-scripting-core] Creating script environments for esx_billing
[           resources] Started resource esx_billing
[    c-scripting-core] [97mCreating script environments for esx_datastore
[           resources] Started resource esx_datastore
[    c-scripting-core] Creating script environments for esx_identity
[           resources] Started resource esx_identity
[    c-scripting-core] Creating script environments for esx_license
[           resources] Started resource esx_license
[    c-scripting-core] Creating script environments for esx_optionalneeds
[           resources] Started resource esx_optionalneeds
[    c-scripting-core] Creating script environments for esx_society
[           resources] Started resource esx_society
[    c-scripting-core] Creating script environments for illenium-appearance
[           resources] Started resource illenium-appearance
[    c-scripting-core] Creating script environments for ww-wipe
[           resources] Started resource ww-wipe
[    c-scripting-core] Creating script environments for ww-ambulanceJob
[           resources] [97mStarted resource ww-ambulanceJob
[    c-scripting-core] Creating script environments for ww-vehicleRent
[           resources] Started resource ww-vehicleRent
[    c-scripting-core] Creating script environments for ww-blipsbuilder
[           resources] Started resource ww-blipsbuilder
[    c-scripting-core] Creating script environments for ww-ultimateCreator
[           resources] Started resource ww-ultimateCreator
[    c-scripting-core] Creating script environments for ww-blackMarket
[           resources] Started resource ww-blackMarket
[    c-scripting-core] Creating script environments for esx_loadingscreen
[           resources] Started resource esx_loadingscreen
[    c-scripting-core] Creating script environments for rpemotes
[     script:rpemotes] [97mRpEmotes by TayMcKenzieNZ, Mathu_lmn & MadsL loaded sucessfully.
[           resources] [97mStarted resource rpemotes
[resources:eclipseHos] Asset eclipseHospital/shmann_ehos_textures.ytd uses 22.8 MiB of physical memory.
[resources:eclipseHos] Asset eclipseHospital/shmann_hospital_props.ytd uses 24.0 MiB of physical memory.
[           resources] Started resource eclipseHospital (2 warnings)
[    c-scripting-core] Creating script environments for esx_context
[           resources] Started resource esx_context
[           resources] Started resource esx_menu_default
[           resources] [0mStarted resource esx_menu_dialog
[           resources] Started resource esx_menu_list
[    c-scripting-core] Creating script environments for esx_notify
[           resources] Started resource esx_notify
[    c-scripting-core] [0mCreating script environments for esx_progressbar
[           resources] Started resource esx_progressbar
[    c-scripting-core] Creating script environments for esx_textui
[           resources] Started resource esx_textui
[     script:rpemotes] [rpemotes] Current Version: 1.3.2
[     script:rpemotes] [rpemotes] Latest Version: 1.3.3
[     script:rpemotes] [rpemotes] You are currently running an outdated version, please update to version 1.3.3
[  script:cd_easytime] [cd_easytime] - Saved settings applied.
[      script:oxmysql] [10.4.27-MariaDB] Database server connection established!
[ citizen-server-impl]         fff                          
[ citizen-server-impl]   cccc ff   xx  xx     rr rr    eee  
[ citizen-server-impl] cc     ffff   xx       rrr  r ee   e 
[ citizen-server-impl] cc     ff     xx   ... rr     eeeee  
[ citizen-server-impl]  ccccc ff   xx  xx ... rr      eeeee 
[ citizen-server-impl]                                      
[ citizen-server-impl] Authenticated with cfx.re Nucleus: https://wolfydev-7d4dbv.users.cfx.re/
[      script:oxmysql] 2 2
[      script:oxmysql] 7 7
[      script:oxmysql] 4 5
[      script:oxmysql] An update is available for oxmysql (current version: 2.7.4)
[      script:oxmysql] https://github.com/overextended/oxmysql/releases/tag/v2.7.5
[ script:ox_inventory] [info] Database contains 7 items.
[  script:es_extended] [WARNING] Ignoring job grades for "slaughterer" due to missing job
[  script:es_extended] [INFO] ESX Legacy 1.10.1 initialized!
[ script:ox_inventory] [info][0m Inventory has loaded 209 items
[  script:cd_easytime] =====================================
[  script:cd_easytime] [cd_easytime] - New Update Available.
[  script:cd_easytime] Current Version: 1.3.6.
[  script:cd_easytime] New Version: 1.3.7.
[  script:cd_easytime] Notes: minor fixes.
[  script:cd_easytime] =====================================

================================================================
======== FXServer Starting - 22/09/2023, 18:12:25               
================================================================
[           resources] Scanning resources.
[           resources] Found 44 resources.
[          svadhesive] Authenticating server license key...
[          svadhesive] Server license key authentication succeeded. Welcome!
[    c-scripting-core] Creating script environments for sessionmanager
[           resources] [0mStarted resource sessionmanager
[    c-scripting-core] Creating script environments for monitor
[      script:monitor] [txAdmin] Resource v6.0.2 threads and commands set up. All Ready.
[           resources] Started resource monitor
[    c-scripting-core] Creating script environments for yarn
[           resources] Started resource yarn
[    c-scripting-core] Creating script environments for webpack
[           resources] Started resource webpack
[    c-scripting-core] Creating script environments for chat
[           resources] Started resource chat
[           resources] Started resource spawnmanager
[    c-scripting-core] Creating script environments for hardcap
[           resources] Started resource hardcap
[    c-scripting-core] Creating script environments for oxmysql
[           resources] Started resource oxmysql
[    c-scripting-core] Creating script environments for es_extended
[           resources] Started resource es_extended
[    c-scripting-core] Creating script environments for cron
[           resources] Started resource cron
[    c-scripting-core] Creating script environments for ox_lib
[           resources] Started resource ox_lib
[    c-scripting-core] [0mCreating script environments for ox_target
[           resources] Started resource ox_target
[    c-scripting-core] Creating script environments for ox_inventory
[           resources] Started resource ox_inventory
[    c-scripting-core] Creating script environments for cd_easytime
[           resources] Started resource cd_easytime
[           resources] Started resource rprogress
[    c-scripting-core] Creating script environments for esx_addonaccount
[           resources] Started resource esx_addonaccount
[    c-scripting-core] Creating script environments for esx_addoninventory
[           resources] Started resource esx_addoninventory
[    c-scripting-core] Creating script environments for esx_status
[           resources] [0mStarted resource esx_status
[    c-scripting-core] Creating script environments for esx_basicneeds
[           resources] Started resource esx_basicneeds
[    c-scripting-core] Creating script environments for esx_billing
[           resources] [0mStarted resource esx_billing
[    c-scripting-core] Creating script environments for esx_datastore
[           resources] Started resource esx_datastore
[    c-scripting-core] Creating script environments for esx_identity
[           resources] Started resource esx_identity
[    c-scripting-core] Creating script environments for esx_license
[           resources] Started resource esx_license
[    c-scripting-core] Creating script environments for esx_optionalneeds
[           resources] Started resource esx_optionalneeds
[    c-scripting-core] Creating script environments for esx_society
[           resources] Started resource esx_society
[    c-scripting-core] Creating script environments for illenium-appearance
[           resources] [97mStarted resource illenium-appearance
[    c-scripting-core] Creating script environments for ww-wipe
[           resources] [97mStarted resource ww-wipe
[    c-scripting-core] [97mCreating script environments for ww-ambulanceJob
[           resources] [0mStarted resource ww-ambulanceJob
[    c-scripting-core] Creating script environments for ww-vehicleRent
[           resources] [97mStarted resource ww-vehicleRent
[    c-scripting-core] Creating script environments for ww-blipsbuilder
[           resources] Started resource ww-blipsbuilder
[    c-scripting-core] Creating script environments for ww-ultimateCreator
[           resources] Started resource ww-ultimateCreator
[    c-scripting-core] Creating script environments for ww-blackMarket
[           resources] [0mStarted resource ww-blackMarket
[    c-scripting-core] [97mCreating script environments for esx_loadingscreen
[           resources] Started resource esx_loadingscreen
[    c-scripting-core] Creating script environments for rpemotes
[     script:rpemotes] RpEmotes by TayMcKenzieNZ, Mathu_lmn & MadsL loaded sucessfully.
[           resources] [97mStarted resource rpemotes
[resources:eclipseHos] Asset eclipseHospital/shmann_ehos_textures.ytd uses 22.8 MiB of physical memory.
[resources:eclipseHos] Asset eclipseHospital/shmann_hospital_props.ytd uses 24.0 MiB of physical memory.
[           resources] Started resource eclipseHospital (2 warnings)
[    c-scripting-core] Creating script environments for esx_context
[           resources] Started resource esx_context
[           resources] Started resource esx_menu_default
[           resources] Started resource esx_menu_dialog
[           resources] Started resource esx_menu_list
[    c-scripting-core] Creating script environments for esx_notify
[           resources] [0mStarted resource esx_notify
[    c-scripting-core] Creating script environments for esx_progressbar
[           resources] Started resource esx_progressbar
[    c-scripting-core] Creating script environments for esx_textui
[           resources] Started resource esx_textui
[     script:rpemotes] [rpemotes] Current Version: 1.3.2
[     script:rpemotes] [rpemotes] Latest Version: 1.3.3
[     script:rpemotes] [rpemotes] You are currently running an outdated version, please update to version 1.3.3
[  script:cd_easytime] [cd_easytime] - Saved settings applied.
[      script:oxmysql] [10.4.27-MariaDB] Database server connection established!
[ script:ox_inventory] [info] Database contains 7 items.
[  script:es_extended] [WARNING] Ignoring job grades for "slaughterer" due to missing job
[  script:es_extended] [INFO] ESX Legacy 1.10.1 initialized!
[ citizen-server-impl]         fff                          
[ citizen-server-impl]   cccc ff   xx  xx     rr rr    eee  
[ citizen-server-impl] cc     ffff   xx       rrr  r ee   e 
[ citizen-server-impl] cc     ff     xx   ... rr     eeeee  
[ citizen-server-impl]  ccccc ff   xx  xx ... rr      eeeee 
[ citizen-server-impl]                                      
[ citizen-server-impl] Authenticated with cfx.re Nucleus: https://wolfydev-7d4dbv.users.cfx.re/
[      script:oxmysql] 2 2
[      script:oxmysql] 7 7
[      script:oxmysql] 4 5
[      script:oxmysql] An update is available for oxmysql (current version: 2.7.4)
[      script:oxmysql] https://github.com/overextended/oxmysql/releases/tag/v2.7.5
[ script:ox_inventory] [info] Inventory has loaded 209 items
[  script:cd_easytime] =====================================
[  script:cd_easytime] [cd_easytime] - New Update Available.
[  script:cd_easytime] Current Version: 1.3.6.
[  script:cd_easytime] New Version: 1.3.7.
[  script:cd_easytime] Notes: minor fixes.
[  script:cd_easytime] =====================================
[      script:hardcap] Connecting: Wolfy
> txaEvent "adminsUpdated" "[1]"
[ citizen-server-impl] Server list query returned an error: System.Threading.Tasks.TaskCanceledException: A task was canceled. <- System.TimeoutException: A task was canceled. <- System.Threading.Tasks.TaskCanceledException: The request was canceled due to the configured HttpClient.Timeout of 30 seconds elapsing.
[  script:es_extended] [INFO[97m] Player "White Wolf" has connected to the server. ID: 1
[script:ww-blackMarke] USB Key used by: Wolfy
[script:ww-blackMarke] USB Key used by: Wolfy
[ citizen-server-impl] Server list query returned an error: System.Threading.Tasks.TaskCanceledException: A task was canceled. <- System.TimeoutException: A task was canceled. <- System.Threading.Tasks.TaskCanceledException: The request was canceled due to the configured HttpClient.Timeout of 30 seconds elapsing.
[script:ww-blackMarke] USB Key used by: Wolfy
[script:ww-blackMarke] SCRIPT ERROR: @ww-blackMarket/server/main.lua:14: attempt to call a nil value (global 'UseKey')
[script:ww-blackMarke] > ref (@es_extended/server/functions.lua:421)
[script:ww-blackMarke] > [global chunk] (@ox_inventory/server.lua:343)
[script:ww-blackMarke] > handler (@ox_lib/imports/callback/server.lua:76)
[  script:es_extended] [WARNING] An error occured when using item "usb_key"! This was not caused by ESX.
[ citizen-server-impl] Server list query returned an error: System.Threading.Tasks.TaskCanceledException: A task was canceled. <- System.TimeoutException: A task was canceled. <- System.Threading.Tasks.TaskCanceledException: The request was canceled due to the configured HttpClient.Timeout of 30 seconds elapsing.
[script:ww-blackMarke] USB Key used by: Wolfy
[    c-scripting-core] InvokeNative: execution failed: Argument at index 1 was null.
[script:ww-blackMarke] SCRIPT ERROR: Execution of native 000000002f7a49e6 in script host failed: Argument at index 1 was null.
[script:ww-blackMarke] > ref[0m (@es_extended/server/functions.lua:421)
[script:ww-blackMarke] > [global chunk] (@ox_inventory/server.lua:343)
[script:ww-blackMarke] > handler (@ox_lib/imports/callback/server.lua:76)
[  script:es_extended] [WARNING] An error occured when using item "usb_key"! This was not caused by ESX.
[script:ww-blackMarke] USB Key used by: Wolfy
[    c-scripting-core] InvokeNative: execution failed: Argument at index 1 was null.
[script:ww-blackMarke] SCRIPT ERROR: Execution of native 000000002f7a49e6 in script host failed: Argument at index 1 was null.
[script:ww-blackMarke] > ref (@es_extended/server/functions.lua:421)
[script:ww-blackMarke] > [global chunk] (@ox_inventory/server.lua:343)
[script:ww-blackMarke] > handler (@ox_lib/imports/callback/server.lua:76)
[  script:es_extended] [WARNING] An error occured when using item "usb_key"! This was not caused by ESX.
[script:ww-blackMarke] table: 000001AEE5B7C380
[script:ww-blackMarke] USB Key used by: Wolfy
[    c-scripting-core] InvokeNative: execution failed: Argument at index 1 was null.
[script:ww-blackMarke] SCRIPT ERROR: Execution of native 000000002f7a49e6 in script host failed: Argument at index 1 was null.
[script:ww-blackMarke] > ref (@es_extended/server/functions.lua:421)
[script:ww-blackMarke] > [global chunk] (@ox_inventory/server.lua:343)
[script:ww-blackMarke] > handler (@ox_lib/imports/callback/server.lua:76)
[  script:es_extended] [WARNING] An error occured when using item "usb_key"! This was not caused by ESX.
[script:ww-blackMarke] {"weight":1,"stack":true,"count":2,"close":true,"name":"usb_key","label":"Clé USB"}
[script:ww-blackMarke] USB Key used by: Wolfy
[    c-scripting-core] InvokeNative: execution failed: Argument at index 1 was null.
[script:ww-blackMarke] SCRIPT ERROR: Execution of native 000000002f7a49e6 in script host failed: Argument at index 1 was null.
[script:ww-blackMarke] > ref (@es_extended/server/functions.lua:421)
[script:ww-blackMarke] > [global chunk] (@ox_inventory/server.lua:343)
[script:ww-blackMarke] > handler (@ox_lib/imports/callback/server.lua:76)
[  script:es_extended] [WARNING] An error occured when using item "usb_key"! This was not caused by ESX.
[script:ww-blackMarke] {"close":true,"label":"Clé USB","count":3,"weight":1,"name":"usb_key","stack":true}
[script:ww-blackMarke] USB Key used by: Wolfy
[    c-scripting-core] InvokeNative: execution failed: Argument at index 1 was null.
[script:ww-blackMarke] SCRIPT ERROR: Execution of native 000000002f7a49e6 in script host failed: Argument at index 1 was null.
[script:ww-blackMarke] > ref (@es_extended/server/functions.lua:421)
[script:ww-blackMarke] > [global chunk] (@ox_inventory/server.lua:343)
[script:ww-blackMarke] > handler (@ox_lib/imports/callback/server.lua:76)
[  script:es_extended] [WARNING] An error occured when using item "usb_key"! This was not caused by ESX.
[script:ww-blackMarke] {"name":"usb_key","stack":true,"count":3,"weight":1,"label":"Clé USB","close":true}
[script:ww-blackMarke] USB Key used by: Wolfy
[    c-scripting-core] InvokeNative: execution failed: Argument at index 1 was null.
[script:ww-blackMarke] SCRIPT ERROR: Execution of native 000000002f7a49e6 in script host failed: Argument at index 1 was null.
[script:ww-blackMarke] > ref (@es_extended/server/functions.lua:421)
[script:ww-blackMarke] > [global chunk] (@ox_inventory/server.lua:343)
[script:ww-blackMarke] > handler (@ox_lib/imports/callback/server.lua:76)
[  script:es_extended] [WARNING] An error occured when using item "usb_key"! This was not caused by ESX.
[ citizen-server-impl] Server list query returned an error: System.Threading.Tasks.TaskCanceledException: A task was canceled. <- System.TimeoutException: A task was canceled. <- System.Threading.Tasks.TaskCanceledException: The request was canceled due to the configured HttpClient.Timeout of 30 seconds elapsing.
[script:ww-blackMarke] {"stack":true,"count":3,"weight":1,"label":"Clé USB","close":true,"name":"usb_key"}
[script:ww-blackMarke] USB Key used by: Wolfy
[script:ww-blackMarke] SCRIPT ERROR: @ww-blackMarket/server/main.lua:15: attempt to call a nil value (field 'TriggerClientEvent')
[script:ww-blackMarke] > ref (@es_extended/server/functions.lua:421)
[script:ww-blackMarke] > [global chunk] (@ox_inventory/server.lua:343)
[script:ww-blackMarke] > handler (@ox_lib/imports/callback/server.lua:76)
[  script:es_extended] [WARNING] An error occured when using item "usb_key"! This was not caused by ESX.
[  script:es_extended] [0m[INFO] Saved 1 player over 0.0 ms
[  script:cd_easytime] [cd_easytime] - Weather changed to CLEAR
[script:ww-blackMarke] {"count":3,"label":"Clé USB","name":"usb_key","stack":true,"close":true,"weight":1}
[script:ww-blackMarke] USB Key used by: Wolfy
[script:ww-blackMarke] {"close":true,"stack":true,"weight":1,"label":"Clé USB","count":2,"name":"usb_key"}
[script:ww-blackMarke] USB Key used by: Wolfy
[script:ww-blackMarke] {"close":true,"weight":1,"count":1,"stack":true,"label":"Clé USB","name":"usb_key"}
[script:ww-blackMarke] USB Key used by: Wolfy
[ citizen-server-impl] Server list query returned an error: System.Threading.Tasks.TaskCanceledException: A task was canceled. <- System.TimeoutException: A task was canceled. <- System.Threading.Tasks.TaskCanceledException: The request was canceled due to the configured HttpClient.Timeout of 30 seconds elapsing.
[script:ww-blackMarke] {"weight":1,"count":1,"label":"Clé USB","name":"usb_key","close":true,"stack":true}
[script:ww-blackMarke] USB Key used by: Wolfy
[  script:es_extended] [INFO] Saved player "White Wolf"

================================================================
======== FXServer Starting - 22/09/2023, 20:22:39               
================================================================
[           resources] Scanning resources.
[           resources] Found 44 resources.
[          svadhesive] Authenticating server license key...
[          svadhesive] Server license key authentication succeeded. Welcome!
[    c-scripting-core] Creating script environments for sessionmanager
[           resources] Started resource sessionmanager
[    c-scripting-core] Creating script environments for monitor
[      script:monitor] [txAdmin] Resource v6.0.2 threads and commands set up. All Ready.
[           resources] Started resource monitor
[    c-scripting-core] Creating script environments for yarn
[           resources] Started resource yarn
[    c-scripting-core] Creating script environments for webpack
[           resources] Started resource webpack
[    c-scripting-core] Creating script environments for chat
[           resources] Started resource chat
[           resources] Started resource spawnmanager
[    c-scripting-core] Creating script environments for hardcap
[           resources] Started resource hardcap
[    c-scripting-core] Creating script environments for oxmysql
[           resources] [97mStarted resource oxmysql
[    c-scripting-core] Creating script environments for es_extended
[           resources] Started resource es_extended
[    c-scripting-core] Creating script environments for cron
[           resources] Started resource cron
[    c-scripting-core] Creating script environments for ox_lib
[           resources] Started resource ox_lib
[    c-scripting-core] Creating script environments for ox_target
[           resources] [97mStarted resource ox_target
[    c-scripting-core] Creating script environments for ox_inventory
[           resources] Started resource ox_inventory
[    c-scripting-core] Creating script environments for cd_easytime
[           resources] Started resource cd_easytime
[           resources] Started resource rprogress
[    c-scripting-core] Creating script environments for esx_addonaccount
[           resources] Started resource esx_addonaccount
[    c-scripting-core] Creating script environments for esx_addoninventory
[           resources] Started resource esx_addoninventory
[    c-scripting-core] Creating script environments for esx_status
[           resources] Started resource esx_status
[    c-scripting-core] Creating script environments for esx_basicneeds
[           resources] Started resource esx_basicneeds
[    c-scripting-core] Creating script environments for esx_billing
[           resources] Started resource esx_billing
[    c-scripting-core] [0mCreating script environments for esx_datastore
[           resources] Started resource esx_datastore
[    c-scripting-core] Creating script environments for esx_identity
[           resources] Started resource esx_identity
[    c-scripting-core] Creating script environments for esx_license
[           resources] Started resource esx_license
[    c-scripting-core] Creating script environments for esx_optionalneeds
[           resources] Started resource esx_optionalneeds
[    c-scripting-core] Creating script environments for esx_society
[           resources] [97mStarted resource esx_society
[    c-scripting-core] Creating script environments for illenium-appearance
[           resources] [0mStarted resource illenium-appearance
[    c-scripting-core] Creating script environments for ww-wipe
[           resources] Started resource ww-wipe
[    c-scripting-core] Creating script environments for ww-vehicleRent
[           resources] Started resource ww-vehicleRent
[    c-scripting-core] Creating script environments for ww-blipsbuilder
[           resources] Started resource ww-blipsbuilder
[    c-scripting-core] Creating script environments for esx_loadingscreen
[           resources] Started resource esx_loadingscreen
[    c-scripting-core] Creating script environments for rpemotes
[     script:rpemotes] RpEmotes by TayMcKenzieNZ, Mathu_lmn & MadsL loaded sucessfully.
[           resources] Started resource rpemotes
[resources:eclipseHos] Asset eclipseHospital/shmann_ehos_textures.ytd uses 22.8 MiB of physical memory.
[resources:eclipseHos] Asset eclipseHospital/shmann_hospital_props.ytd uses 24.0 MiB of physical memory.
[           resources] Started resource eclipseHospital (2 warnings)
[    c-scripting-core] Creating script environments for esx_context
[           resources] Started resource esx_context
[           resources] Started resource esx_menu_default
[           resources] Started resource esx_menu_dialog
[           resources] Started resource esx_menu_list
[    c-scripting-core] Creating script environments for esx_notify
[           resources] Started resource esx_notify
[    c-scripting-core] Creating script environments for esx_progressbar
[           resources] Started resource esx_progressbar
[    c-scripting-core] Creating script environments for esx_textui
[           resources] Started resource esx_textui
[     script:rpemotes] [rpemotes] Current Version: 1.3.2
[     script:rpemotes] [rpemotes] Latest Version: 1.3.3
[     script:rpemotes] [rpemotes] You are currently running an outdated version, please update to version 1.3.3
[  script:cd_easytime] [cd_easytime] - Saved settings applied.
[      script:oxmysql] [10.4.27-MariaDB] Database server connection established!
[ script:ox_inventory] [info] Database contains 7 items.
[  script:es_extended] [[93mWARNING] Ignoring job grades for "slaughterer" due to missing job
[  script:es_extended] [INFO] ESX Legacy 1.10.1 initialized!
[      script:oxmysql] 2 2
[      script:oxmysql] 7 7
[      script:oxmysql] 4 5
[      script:oxmysql] An update is available for oxmysql (current version: 2.7.4)
[      script:oxmysql] https://github.com/overextended/oxmysql/releases/tag/v2.7.5
[ citizen-server-impl]         fff                          
[ citizen-server-impl]   cccc ff   xx  xx     rr rr    eee  
[ citizen-server-impl] cc     ffff   xx       rrr  r ee   e 
[ citizen-server-impl] cc     ff     xx   ... rr     eeeee  
[ citizen-server-impl]  ccccc ff   xx  xx ... rr      eeeee 
[ citizen-server-impl]                                      
[ citizen-server-impl] Authenticated with cfx.re Nucleus: https://wolfydev-7d4dbv.users.cfx.re/
[ script:ox_inventory] [info] Inventory has loaded 209 items
[  script:cd_easytime] =====================================
[  script:cd_easytime] [cd_easytime] - New Update Available.
[  script:cd_easytime] Current Version: 1.3.6.
[  script:cd_easytime] New Version: 1.3.7.
[  script:cd_easytime] Notes: minor fixes.
[  script:cd_easytime] =====================================
[      script:hardcap] Connecting: Wolfy
[ citizen-server-impl] Server list query returned an error: System.Threading.Tasks.TaskCanceledException: A task was canceled. <- System.TimeoutException: A task was canceled. <- System.Threading.Tasks.TaskCanceledException: The request was canceled due to the configured HttpClient.Timeout of 30 seconds elapsing.
[  script:es_extended] [INFO] Player "White Wolf" has connected to the server. ID: 1
[ citizen-server-impl] Server list query returned an error: System.Threading.Tasks.TaskCanceledException: A task was canceled. <- System.TimeoutException: A task was canceled. <- System.Threading.Tasks.TaskCanceledException: The request was canceled due to the configured HttpClient.Timeout of 30 seconds elapsing.
[ citizen-server-impl] Server list query returned an error: System.Threading.Tasks.TaskCanceledException: A task was canceled. <- System.TimeoutException: A task was canceled. <- System.Threading.Tasks.TaskCanceledException: The request was canceled due to the configured HttpClient.Timeout of 30 seconds elapsing.
[script:ww-blipsbuild] Blip saved !
[script:ww-blipsbuild] Blip deleted!
[ citizen-server-impl] Server list query returned an error: System.Threading.Tasks.TaskCanceledException: A task was canceled. <- System.TimeoutException: A task was canceled. <- System.Threading.Tasks.TaskCanceledException: The request was canceled due to the configured HttpClient.Timeout of 30 seconds elapsing.
[  script:es_extended] [INFO] Saved 1 player over 0.0 ms
[  script:cd_easytime] [cd_easytime] - Weather changed to CLEAR
[ citizen-server-impl] server thread hitch warning: timer interval of 452 milliseconds
[      script:ww-test] SCRIPT ERROR: @ww-test/server/main.lua:13: attempt to index a nil value (local 'xPlayer')
[ citizen-server-impl] Server list query returned an error: System.Threading.Tasks.TaskCanceledException: A task was canceled. <- System.TimeoutException: A task was canceled. <- System.Threading.Tasks.TaskCanceledException: The request was canceled due to the configured HttpClient.Timeout of 30 seconds elapsing.
[ citizen-server-impl] server thread hitch warning: timer interval of 200 milliseconds
[ citizen-server-impl] Server list query returned an error: System.Threading.Tasks.TaskCanceledException: A task was canceled. <- System.TimeoutException: A task was canceled. <- System.Threading.Tasks.TaskCanceledException: The request was canceled due to the configured HttpClient.Timeout of 30 seconds elapsing.
[ citizen-server-impl] Server list query returned an error: System.Threading.Tasks.TaskCanceledException: A task was canceled. <- System.TimeoutException: A task was canceled. <- System.Threading.Tasks.TaskCanceledException: The request was canceled due to the configured HttpClient.Timeout of 30 seconds elapsing.
[  script:es_extended] [INFO] Saved 1 player over 0.0 ms
[  script:cd_easytime] [cd_easytime] - Weather changed to OVERCAST
[ citizen-server-impl] Server list query returned an error: System.Threading.Tasks.TaskCanceledException: A task was canceled. <- System.TimeoutException: A task was canceled. <- System.Threading.Tasks.TaskCanceledException: The request was canceled due to the configured HttpClient.Timeout of 30 seconds elapsing.
[ citizen-server-impl] Server list query returned an error: System.Threading.Tasks.TaskCanceledException: A task was canceled. <- System.TimeoutException: A task was canceled. <- System.Threading.Tasks.TaskCanceledException: The request was canceled due to the configured HttpClient.Timeout of 30 seconds elapsing.
[ citizen-server-impl] Server list query returned an error: System.Threading.Tasks.TaskCanceledException: A task was canceled. <- System.TimeoutException: A task was canceled. <- System.Threading.Tasks.TaskCanceledException: The request was canceled due to the configured HttpClient.Timeout of 30 seconds elapsing.
[  script:es_extended] [INFO[0m] Saved 1 player over 0.0 ms
[  script:cd_easytime] [cd_easytime] - Weather changed to EXTRASUNNY
[ citizen-server-impl] Server list query returned an error: System.Threading.Tasks.TaskCanceledException: A task was canceled. <- System.TimeoutException: A task was canceled. <- System.Threading.Tasks.TaskCanceledException: The request was canceled due to the configured HttpClient.Timeout of 30 seconds elapsing.
[ citizen-server-impl] Server list query returned an error: System.Threading.Tasks.TaskCanceledException: A task was canceled. <- System.TimeoutException: A task was canceled. <- System.Threading.Tasks.TaskCanceledException: The request was canceled due to the configured HttpClient.Timeout of 30 seconds elapsing.[0m
[  script:es_extended] [INFO] Saved player "White Wolf"
[ citizen-server-main] -> Quit