
================================================================
======== Log Rotated - 28/08/2023, 15:17:54                     
================================================================

================================================================
======== FXServer Starting - 28/08/2023, 15:17:56               
================================================================
[           resources] Scanning resources.
[           resources] Found 37 resources.
[          svadhesive] Authenticating server license key...
[          svadhesive] Server license key authentication succeeded. Welcome!
[    c-scripting-core] Creating script environments for sessionmanager
[           resources] Started resource sessionmanager
[    c-scripting-core] Creating script environments for monitor
[      script:monitor] [txAdmin] Resource v6.0.2 threads and commands set up. All Ready.
[           resources] Started resource monitor
[    c-scripting-core] [97mCreating script environments for yarn
[           resources] Started resource yarn
[    c-scripting-core] Creating script environments for webpack
[           resources] Started resource webpack
[    c-scripting-core] Creating script environments for chat
[           resources] Started resource chat
[           resources] Started resource spawnmanager
[    c-scripting-core] Creating script environments for hardcap
[           resources] Started resource hardcap
[    c-scripting-core] Creating script environments for oxmysql
[           resources] Started resource oxmysql
[    c-scripting-core] Creating script environments for es_extended
[           resources] Started resource es_extended
[    c-scripting-core] [0mCreating script environments for cron
[           resources] Started resource cron
[    c-scripting-core] Creating script environments for ox_lib
[           resources] Started resource ox_lib
[    c-scripting-core] Creating script environments for ox_target
[           resources] Started resource ox_target
[    c-scripting-core] [0mCreating script environments for ox_inventory
[           resources] Started resource ox_inventory
[    c-scripting-core] Creating script environments for cd_easytime
[  script:es_extended] [ERROR] Resource cd_easytime Used the getSharedObject Event, this event no longer exists! Visit https://documentation.esx-framework.org/tutorials/tutorials-esx/sharedevent for how to fix!
[           resources] Started resource cd_easytime
[           resources] Started resource rprogress
[    c-scripting-core] Creating script environments for esx_addonaccount
[           resources] Started resource esx_addonaccount
[    c-scripting-core] Creating script environments for esx_addoninventory
[           resources] Started resource esx_addoninventory
[    c-scripting-core] Creating script environments for esx_status
[           resources] Started resource esx_status
[    c-scripting-core] Creating script environments for esx_basicneeds
[           resources] Started resource esx_basicneeds
[    c-scripting-core] Creating script environments for esx_billing
[           resources] Started resource esx_billing
[    c-scripting-core] Creating script environments for esx_datastore
[           resources] Started resource esx_datastore
[    c-scripting-core] [0mCreating script environments for esx_identity
[           resources] Started resource esx_identity
[    c-scripting-core] Creating script environments for esx_license
[           resources] Started resource esx_license
[    c-scripting-core] Creating script environments for esx_optionalneeds
[           resources] Started resource esx_optionalneeds
[    c-scripting-core] Creating script environments for esx_society
[           resources] [0mStarted resource esx_society
[    c-scripting-core] Creating script environments for illenium-appearance
[           resources] Started resource illenium-appearance
[    c-scripting-core] Creating script environments for ww-wipe
[           resources] Started resource ww-wipe
[    c-scripting-core] Creating script environments for esx_loadingscreen
[           resources] Started resource esx_loadingscreen
[    c-scripting-core] Creating script environments for rpemotes
[     script:rpemotes] RpEmotes by TayMcKenzieNZ, Mathu_lmn & MadsL loaded sucessfully.
[     script:rpemotes] [rp] Sql Keybinding is turned off, if you want to enable /emotebind, set SqlKeybinding = true in config.lua and uncomment oxmysql lines in fxmanifest.lua.
> txaEvent "adminsUpdated" "[]"
[           resources] Started resource rpemotes
[    c-scripting-core] Creating script environments for esx_context
[           resources] Started resource esx_context
[           resources] Started resource esx_menu_default
[           resources] Started resource esx_menu_dialog
[           resources] Started resource esx_menu_list
[    c-scripting-core] [0mCreating script environments for esx_notify
[           resources] Started resource esx_notify
[    c-scripting-core] Creating script environments for esx_progressbar
[           resources] Started resource esx_progressbar
[    c-scripting-core] Creating script environments for esx_textui
[resources:esx_textui] Warning: could not find client_script `TextUI.lua` (defined in fxmanifest.lua:9)
[           resources] Started resource esx_textui (1 warning)
[     script:rpemotes] [rpemotes] Current Version: 1.2.9
[     script:rpemotes] [rpemotes] Latest Version: 1.3.1
[     script:rpemotes] [rpemotes] You are currently running an outdated version, please update to version 1.3.1
[  script:cd_easytime] [cd_easytime] - Saved settings applied.
[      script:oxmysql] Unable to establish a connection to the database (ECONNREFUSED)!
[      script:oxmysql] Error -4078: connect ECONNREFUSED 127.0.0.1:3306
[      script:oxmysql] 2 2
[      script:oxmysql] 7 7
[      script:oxmysql] 3 4
[      script:oxmysql] An update is available for oxmysql (current version: 2.7.3)
[      script:oxmysql] https://github.com/overextended/oxmysql/releases/tag/v2.7.4
[ citizen-server-impl]         fff                          
[ citizen-server-impl]   cccc ff   xx  xx     rr rr    eee  
[ citizen-server-impl] cc     ffff   xx       rrr  r ee   e 
[ citizen-server-impl] cc     ff     xx   ... rr     eeeee  
[ citizen-server-impl]  ccccc ff   xx  xx ... rr      eeeee 
[ citizen-server-impl]                                      
[ citizen-server-impl] Authenticated with cfx.re Nucleus: https://wolfydev-7d4dbv.users.cfx.re/
[       script:ox_lib] An update is available for ox_lib (current version: 3.8.1)
[       script:ox_lib] https://github.com/overextended/ox_lib/releases/tag/v3.9.0
[       script:ox_lib] An update is available for ox_inventory (current version: 2.32.1)
[       script:ox_lib] https://github.com/overextended/ox_inventory/releases/tag/v2.33.1
[       script:ox_lib] An update is available for ox_target (current version: 1.12.0)
[       script:ox_lib] https://github.com/overextended/ox_target/releases/tag/v1.13.0
> txaEvent "serverShuttingDown" "{＂delay＂:5000,＂author＂:＂WolfyDev＂,＂message＂:＂Server restarting (requested by WolfyDev).＂}"
[      script:monitor] [txAdmin] Server shutdown imminent. Kicking all players.

================================================================
======== FXServer Starting - 28/08/2023, 15:18:41               
================================================================
[           resources] Scanning resources.
[38;5;83m[           resources] Found 37 resources.
[          svadhesive] Authenticating server license key...
[          svadhesive] Server license key authentication succeeded. Welcome!
[    c-scripting-core] Creating script environments for sessionmanager
[           resources] Started resource sessionmanager
[    c-scripting-core] Creating script environments for monitor
[      script:monitor] [txAdmin] Resource v6.0.2 threads and commands set up. All Ready.
[           resources] Started resource monitor
[    c-scripting-core] Creating script environments for yarn
[           resources] Started resource yarn
[    c-scripting-core] [97mCreating script environments for webpack
[           resources] Started resource webpack
[    c-scripting-core] Creating script environments for chat
[           resources] Started resource chat
[           resources] Started resource spawnmanager
[    c-scripting-core] Creating script environments for hardcap
[           resources] Started resource hardcap
[    c-scripting-core] Creating script environments for oxmysql
[           resources] [97mStarted resource oxmysql
[    c-scripting-core] [0mCreating script environments for es_extended
[           resources] Started resource es_extended
[    c-scripting-core] Creating script environments for cron
[           resources] Started resource cron
[    c-scripting-core] Creating script environments for ox_lib
[           resources] Started resource ox_lib
[    c-scripting-core] Creating script environments for ox_target
[           resources] Started resource ox_target
[    c-scripting-core] Creating script environments for ox_inventory
[           resources] Started resource ox_inventory
[    c-scripting-core] Creating script environments for cd_easytime
[  script:es_extended] [ERROR] Resource cd_easytime Used the getSharedObject Event, this event no longer exists! Visit https://documentation.esx-framework.org/tutorials/tutorials-esx/sharedevent for how to fix!
[           resources] [0mStarted resource cd_easytime
[           resources] Started resource rprogress
[    c-scripting-core] Creating script environments for esx_addonaccount
[           resources] Started resource esx_addonaccount
[    c-scripting-core] Creating script environments for esx_addoninventory
[           resources] Started resource esx_addoninventory
[    c-scripting-core] Creating script environments for esx_status
[           resources] Started resource esx_status
[    c-scripting-core] Creating script environments for esx_basicneeds
[           resources] Started resource esx_basicneeds
[    c-scripting-core] Creating script environments for esx_billing
[           resources] Started resource esx_billing
[    c-scripting-core] Creating script environments for esx_datastore
[           resources] Started resource esx_datastore
[    c-scripting-core] [0mCreating script environments for esx_identity
[           resources] Started resource esx_identity
[    c-scripting-core] Creating script environments for esx_license
[           resources] Started resource esx_license
[    c-scripting-core] Creating script environments for esx_optionalneeds
[           resources] Started resource esx_optionalneeds
[    c-scripting-core] Creating script environments for esx_society
[           resources] Started resource esx_society
[    c-scripting-core] Creating script environments for illenium-appearance
[           resources] Started resource illenium-appearance
[    c-scripting-core] Creating script environments for ww-wipe
[           resources] Started resource ww-wipe
[    c-scripting-core] Creating script environments for esx_loadingscreen
[           resources] Started resource esx_loadingscreen
[    c-scripting-core] [0mCreating script environments for rpemotes
[     script:rpemotes] RpEmotes by TayMcKenzieNZ, Mathu_lmn & MadsL loaded sucessfully.
[     script:rpemotes] [rp] Sql Keybinding is turned off, if you want to enable /emotebind, set SqlKeybinding = true in config.lua and uncomment oxmysql lines in fxmanifest.lua.
[           resources] Started resource rpemotes
[    c-scripting-core] Creating script environments for esx_context
[           resources] Started resource esx_context
[           resources] [0mStarted resource esx_menu_default
[           resources] Started resource esx_menu_dialog
[           resources] [0mStarted resource esx_menu_list
[    c-scripting-core] Creating script environments for esx_notify
[           resources] [0mStarted resource esx_notify
[    c-scripting-core] [0mCreating script environments for esx_progressbar
[           resources] Started resource esx_progressbar
[    c-scripting-core] Creating script environments for esx_textui
[resources:esx_textui] Warning: could not find client_script `TextUI.lua` (defined in fxmanifest.lua:9)
[           resources] Started resource esx_textui (1 warning)
[     script:rpemotes] [rpemotes] Current Version: 1.2.9
[     script:rpemotes] [rpemotes] Latest Version: 1.3.1
[     script:rpemotes] [0m[rpemotes] You are currently running an outdated version, please update to version 1.3.1
[  script:cd_easytime] [cd_easytime] - Saved settings applied.
[      script:oxmysql] [10.4.27-MariaDB] Database server connection established!
[ citizen-server-impl]         fff                          
[ citizen-server-impl]   cccc ff   xx  xx     rr rr    eee  
[ citizen-server-impl] cc     ffff   xx       rrr  r ee   e 
[ citizen-server-impl] cc     ff     xx   ... rr     eeeee  
[ citizen-server-impl]  ccccc ff   xx  xx ... rr      eeeee 
[ citizen-server-impl]                                      
[ citizen-server-impl] Authenticated with cfx.re Nucleus: https://wolfydev-7d4dbv.users.cfx.re/
[ script:ox_inventory] [info] Database contains 34 items.
[  script:es_extended] [INFO] ESX Legacy 1.10.1 initialized!
[      script:oxmysql] 2 2
[      script:oxmysql] 7 7
[      script:oxmysql] 3 4
[      script:oxmysql] An update is available for oxmysql (current version: 2.7.3)
[      script:oxmysql] https://github.com/overextended/oxmysql/releases/tag/v2.7.4
[       script:ox_lib] An update is available for ox_lib (current version: 3.8.1)
[       script:ox_lib] https://github.com/overextended/ox_lib/releases/tag/v3.9.0
[       script:ox_lib] An update is available for ox_target (current version: 1.12.0)
[       script:ox_lib] https://github.com/overextended/ox_target/releases/tag/v1.13.0
[       script:ox_lib] An update is available for ox_inventory (current version: 2.32.1)
[       script:ox_lib] https://github.com/overextended/ox_inventory/releases/tag/v2.33.1
[ script:ox_inventory] [info] Inventory has loaded 235 items
> txaEvent "serverShuttingDown" "{＂delay＂:5000,＂author＂:＂WolfyDev＂,＂message＂:＂Server restarting (requested by WolfyDev).＂}"
[      script:monitor] [txAdmin] Server shutdown imminent. Kicking all players.

================================================================
======== FXServer Starting - 28/08/2023, 15:20:24               
================================================================
[           resources] Scanning resources.
[           resources] Found 37 resources.
[          svadhesive] Authenticating server license key...
[          svadhesive] Server license key authentication succeeded. Welcome!
[    c-scripting-core] Creating script environments for sessionmanager
[           resources] Started resource sessionmanager
[    c-scripting-core] [0mCreating script environments for monitor
[      script:monitor] [txAdmin] Resource v6.0.2 threads and commands set up. All Ready.
[           resources] Started resource monitor
[    c-scripting-core] Creating script environments for yarn
[           resources] Started resource yarn
[    c-scripting-core] Creating script environments for webpack
[           resources] Started resource webpack
[    c-scripting-core] Creating script environments for chat
[           resources] Started resource chat
[           resources] Started resource spawnmanager
[    c-scripting-core] Creating script environments for hardcap
[           resources] Started resource hardcap
[    c-scripting-core] Creating script environments for oxmysql
[           resources] Started resource oxmysql
[    c-scripting-core] Creating script environments for es_extended
[           resources] [0mStarted resource es_extended
[    c-scripting-core] [0mCreating script environments for cron
[           resources] Started resource cron
[    c-scripting-core] Creating script environments for ox_lib
[           resources] Started resource ox_lib
[    c-scripting-core] Creating script environments for ox_target
[           resources] Started resource ox_target
[    c-scripting-core] Creating script environments for ox_inventory
[           resources] Started resource ox_inventory
[    c-scripting-core] Creating script environments for cd_easytime
[           resources] Started resource cd_easytime
[           resources] [97mStarted resource rprogress
[    c-scripting-core] Creating script environments for esx_addonaccount
[           resources] Started resource esx_addonaccount
[    c-scripting-core] [97mCreating script environments for esx_addoninventory
[           resources] Started resource esx_addoninventory
[    c-scripting-core] [0mCreating script environments for esx_status
[           resources] Started resource esx_status
[    c-scripting-core] [0mCreating script environments for esx_basicneeds
[           resources] Started resource esx_basicneeds
[    c-scripting-core] Creating script environments for esx_billing
[           resources] Started resource esx_billing
[    c-scripting-core] Creating script environments for esx_datastore
[           resources] Started resource esx_datastore
[    c-scripting-core] Creating script environments for esx_identity
[           resources] [97mStarted resource esx_identity
[    c-scripting-core] [0mCreating script environments for esx_license
[           resources] Started resource esx_license
[    c-scripting-core] Creating script environments for esx_optionalneeds
[           resources] Started resource esx_optionalneeds
[    c-scripting-core] Creating script environments for esx_society
[           resources] Started resource esx_society
[    c-scripting-core] Creating script environments for illenium-appearance
[           resources] Started resource illenium-appearance
[    c-scripting-core] [97mCreating script environments for ww-wipe
[           resources] [0mStarted resource ww-wipe
[    c-scripting-core] Creating script environments for esx_loadingscreen
[           resources] Started resource esx_loadingscreen
[    c-scripting-core] Creating script environments for rpemotes
[     script:rpemotes] RpEmotes by TayMcKenzieNZ, Mathu_lmn & MadsL loaded sucessfully.
[     script:rpemotes] [rp] Sql Keybinding is turned off, if you want to enable /emotebind, set SqlKeybinding = true in config.lua and uncomment oxmysql lines in fxmanifest.lua.
[           resources] Started resource rpemotes
[    c-scripting-core] Creating script environments for esx_context
[           resources] Started resource esx_context
[           resources] [0mStarted resource esx_menu_default
[           resources] Started resource esx_menu_dialog
[           resources] Started resource esx_menu_list
[    c-scripting-core] Creating script environments for esx_notify
[           resources] Started resource esx_notify
[    c-scripting-core] Creating script environments for esx_progressbar
[           resources] Started resource esx_progressbar
[    c-scripting-core] Creating script environments for esx_textui
[resources:esx_textui] Warning: could not find client_script `TextUI.lua` (defined in fxmanifest.lua:9)
[           resources] Started resource esx_textui (1 warning)
[     script:rpemotes] [rpemotes] Current Version: 1.2.9
[     script:rpemotes] [rpemotes] Latest Version: 1.3.1
[     script:rpemotes] [rpemotes] You are currently running an outdated version, please update to version 1.3.1
[  script:cd_easytime] [cd_easytime] - Saved settings applied.
[      script:oxmysql] [10.4.27-MariaDB] Database server connection established!
[ citizen-server-impl]         fff                          
[38;5;73m[ citizen-server-impl]   cccc ff   xx  xx     rr rr    eee  
[ citizen-server-impl] cc     ffff   xx       rrr  r ee   e 
[ citizen-server-impl] cc     ff     xx   ... rr     eeeee  
[ citizen-server-impl]  ccccc ff   xx  xx ... rr      eeeee 
[ citizen-server-impl]                                      
[ citizen-server-impl] Authenticated with cfx.re Nucleus: https://wolfydev-7d4dbv.users.cfx.re/
[ script:ox_inventory] [info] Database contains 34 items.
[  script:es_extended] [INFO] ESX Legacy 1.10.1 initialized!
[      script:oxmysql] 2 2
[      script:oxmysql] 7 7
[      script:oxmysql] 3 4
[      script:oxmysql] An update is available for oxmysql (current version: 2.7.3)
[      script:oxmysql] https://github.com/overextended/oxmysql/releases/tag/v2.7.4
[       script:ox_lib] An update is available for ox_lib (current version: 3.8.1)
[       script:ox_lib] https://github.com/overextended/ox_lib/releases/tag/v3.9.0
[       script:ox_lib] An update is available for ox_inventory (current version: 2.32.1)
[       script:ox_lib] https://github.com/overextended/ox_inventory/releases/tag/v2.33.1
[       script:ox_lib] An update is available for ox_target (current version: 1.12.0)
[       script:ox_lib] https://github.com/overextended/ox_target/releases/tag/v1.13.0
[ script:ox_inventory] [info] Inventory has loaded 235 items
[ citizen-server-impl] Server list query returned an error: System.Threading.Tasks.TaskCanceledException: A task was canceled. <- System.TimeoutException: A task was canceled. <- System.Threading.Tasks.TaskCanceledException: The request was canceled due to the configured HttpClient.Timeout of 30 seconds elapsing.
> txaEvent "serverShuttingDown" "{＂delay＂:5000,＂author＂:＂WolfyDev＂,＂message＂:＂Server restarting (requested by WolfyDev).＂}"
[      script:monitor] [txAdmin] Server shutdown imminent. Kicking all players.

================================================================
======== FXServer Starting - 28/08/2023, 15:24:52               
================================================================
[           resources] Scanning resources.
[           resources] Found 37 resources.
[          svadhesive] Authenticating server license key...
[          svadhesive] Server license key authentication succeeded. Welcome!
[    c-scripting-core] Creating script environments for sessionmanager
[           resources] Started resource sessionmanager
[    c-scripting-core] Creating script environments for monitor
[      script:monitor] [txAdmin] Resource v6.0.2 threads and commands set up. All Ready.
[           resources] Started resource monitor
[    c-scripting-core] Creating script environments for yarn
[           resources] Started resource yarn
[    c-scripting-core] [97mCreating script environments for webpack
[           resources] Started resource webpack
[    c-scripting-core] Creating script environments for chat
[           resources] Started resource chat
[           resources] Started resource spawnmanager
[    c-scripting-core] Creating script environments for hardcap
[           resources] Started resource hardcap
[    c-scripting-core] Creating script environments for oxmysql
[           resources] Started resource oxmysql
[    c-scripting-core] Creating script environments for es_extended
[           resources] Started resource es_extended
[    c-scripting-core] [0mCreating script environments for cron
[           resources] Started resource cron
[    c-scripting-core] Creating script environments for ox_lib
[           resources] Started resource ox_lib
[    c-scripting-core] [97mCreating script environments for ox_target
[           resources] Started resource ox_target
[    c-scripting-core] Creating script environments for ox_inventory
[           resources] Started resource ox_inventory
[    c-scripting-core] Creating script environments for cd_easytime
[           resources] Started resource cd_easytime
[           resources] Started resource rprogress
[    c-scripting-core] Creating script environments for esx_addonaccount
[           resources] Started resource esx_addonaccount
[    c-scripting-core] Creating script environments for esx_addoninventory
[           resources] Started resource esx_addoninventory
[    c-scripting-core] [97mCreating script environments for esx_status
[           resources] Started resource esx_status
[    c-scripting-core] Creating script environments for esx_basicneeds
[           resources] Started resource esx_basicneeds
[    c-scripting-core] Creating script environments for esx_billing
[           resources] [0mStarted resource esx_billing
[    c-scripting-core] Creating script environments for esx_datastore
[           resources] Started resource esx_datastore
[    c-scripting-core] Creating script environments for esx_identity
[           resources] Started resource esx_identity
[    c-scripting-core] Creating script environments for esx_license
[           resources] Started resource esx_license
[    c-scripting-core] Creating script environments for esx_optionalneeds
[           resources] [0mStarted resource esx_optionalneeds
[    c-scripting-core] Creating script environments for esx_society
[           resources] Started resource esx_society
[    c-scripting-core] Creating script environments for illenium-appearance
[           resources] Started resource illenium-appearance
[    c-scripting-core] Creating script environments for ww-wipe
[           resources] Started resource ww-wipe
[    c-scripting-core] Creating script environments for esx_loadingscreen
[           resources] Started resource esx_loadingscreen
[    c-scripting-core] Creating script environments for rpemotes
[     script:rpemotes] RpEmotes by TayMcKenzieNZ, Mathu_lmn & MadsL loaded sucessfully.
[     script:rpemotes] [rp] Sql Keybinding is turned off, if you want to enable /emotebind, set SqlKeybinding = true in config.lua and uncomment oxmysql lines in fxmanifest.lua.
[           resources] Started resource rpemotes
[    c-scripting-core] Creating script environments for esx_context
[           resources] [0mStarted resource esx_context
[           resources] [0mStarted resource esx_menu_default
[           resources] Started resource esx_menu_dialog
[           resources] Started resource esx_menu_list
[    c-scripting-core] Creating script environments for esx_notify
[           resources] [0mStarted resource esx_notify
[    c-scripting-core] Creating script environments for esx_progressbar
[           resources] Started resource esx_progressbar
[    c-scripting-core] Creating script environments for esx_textui
[resources:esx_textui] Warning: could not find client_script `TextUI.lua` (defined in fxmanifest.lua:9)
[           resources] Started resource esx_textui (1 warning)
[     script:rpemotes] [0m[rpemotes] Current Version: 1.3.1
[     script:rpemotes] [rpemotes] Latest Version: 1.3.1
[     script:rpemotes] [rpemotes] You are running the latest version.
[  script:cd_easytime] [cd_easytime] - Saved settings applied.
[      script:oxmysql] [10.4.27-MariaDB] Database server connection established!
[ script:ox_inventory] [info] Database contains 34 items.
[  script:es_extended] [INFO] ESX Legacy 1.10.1 initialized!
[ citizen-server-impl]         fff                          
[ citizen-server-impl]   cccc ff   xx  xx     rr rr    eee  
[ citizen-server-impl] cc     ffff   xx       rrr  r ee   e 
[ citizen-server-impl] cc     ff     xx   ... rr     eeeee  
[ citizen-server-impl]  ccccc ff   xx  xx ... rr      eeeee 
[ citizen-server-impl]                                      
[ citizen-server-impl] Authenticated with cfx.re Nucleus: https://wolfydev-7d4dbv.users.cfx.re/
[      script:oxmysql] 2 2
[      script:oxmysql] 7 7
[      script:oxmysql] 3 4
[      script:oxmysql] An update is available for oxmysql (current version: 2.7.3)
[      script:oxmysql] https://github.com/overextended/oxmysql/releases/tag/v2.7.4
[       script:ox_lib] An update is available for ox_lib (current version: 3.8.1)
[       script:ox_lib] https://github.com/overextended/ox_lib/releases/tag/v3.9.0
[       script:ox_lib] An update is available for ox_target (current version: 1.12.0)
[       script:ox_lib] https://github.com/overextended/ox_target/releases/tag/v1.13.0
[       script:ox_lib] An update is available for ox_inventory (current version: 2.32.1)
[       script:ox_lib] https://github.com/overextended/ox_inventory/releases/tag/v2.33.1
[ script:ox_inventory] [info] Inventory has loaded 235 items
> txaEvent "serverShuttingDown" "{＂delay＂:5000,＂author＂:＂WolfyDev＂,＂message＂:＂Server restarting (requested by WolfyDev).＂}"
[      script:monitor] [txAdmin] Server shutdown imminent. Kicking all players.

================================================================
======== FXServer Starting - 28/08/2023, 15:25:34               
================================================================
[           resources] Scanning resources.
[           resources] Found 37 resources.
[          svadhesive] Authenticating server license key...
[          svadhesive] Server license key authentication succeeded. Welcome!
[    c-scripting-core] Creating script environments for sessionmanager
[           resources] Started resource sessionmanager
[    c-scripting-core] Creating script environments for monitor
[      script:monitor] [txAdmin] Resource v6.0.2 threads and commands set up. All Ready.
[           resources] Started resource monitor
[    c-scripting-core] Creating script environments for yarn
[           resources] Started resource yarn
[    c-scripting-core] [97mCreating script environments for webpack
[           resources] Started resource webpack
[    c-scripting-core] Creating script environments for chat
[           resources] [0mStarted resource chat
[           resources] Started resource spawnmanager
[    c-scripting-core] Creating script environments for hardcap
[           resources] Started resource hardcap
[    c-scripting-core] Creating script environments for oxmysql
[           resources] Started resource oxmysql
[    c-scripting-core] Creating script environments for es_extended
[           resources] Started resource es_extended
[    c-scripting-core] Creating script environments for cron
[           resources] Started resource cron
[    c-scripting-core] Creating script environments for ox_lib
[           resources] Started resource ox_lib
[    c-scripting-core] Creating script environments for ox_target
[           resources] [0mStarted resource ox_target
[    c-scripting-core] Creating script environments for ox_inventory
[           resources] Started resource ox_inventory
[    c-scripting-core] Creating script environments for cd_easytime
[           resources] Started resource cd_easytime
[           resources] [0mStarted resource rprogress
[    c-scripting-core] Creating script environments for esx_addonaccount
[           resources] [0mStarted resource esx_addonaccount
[    c-scripting-core] Creating script environments for esx_addoninventory
[           resources] Started resource esx_addoninventory
[    c-scripting-core] Creating script environments for esx_status
[           resources] Started resource esx_status
[    c-scripting-core] Creating script environments for esx_basicneeds
[           resources] [0mStarted resource esx_basicneeds
[    c-scripting-core] [97mCreating script environments for esx_billing
[           resources] Started resource esx_billing
[    c-scripting-core] Creating script environments for esx_datastore
[           resources] Started resource esx_datastore
[    c-scripting-core] Creating script environments for esx_identity
[           resources] Started resource esx_identity
[    c-scripting-core] Creating script environments for esx_license
[           resources] Started resource esx_license
[    c-scripting-core] [0mCreating script environments for esx_optionalneeds
[           resources] Started resource esx_optionalneeds
[    c-scripting-core] Creating script environments for esx_society
[           resources] [97mStarted resource esx_society
[    c-scripting-core] Creating script environments for illenium-appearance
[           resources] Started resource illenium-appearance
[    c-scripting-core] Creating script environments for ww-wipe
[           resources] Started resource ww-wipe
[    c-scripting-core] Creating script environments for esx_loadingscreen
[           resources] Started resource esx_loadingscreen
[    c-scripting-core] Creating script environments for rpemotes
[     script:rpemotes] RpEmotes by TayMcKenzieNZ, Mathu_lmn & MadsL loaded sucessfully.
[           resources] Started resource rpemotes
[    c-scripting-core] Creating script environments for esx_context
[           resources] Started resource esx_context
[           resources] [0mStarted resource esx_menu_default
[           resources] [0mStarted resource esx_menu_dialog
[           resources] Started resource esx_menu_list
[    c-scripting-core] Creating script environments for esx_notify
[           resources] Started resource esx_notify
[    c-scripting-core] [97mCreating script environments for esx_progressbar
[           resources] Started resource esx_progressbar
[    c-scripting-core] Creating script environments for esx_textui
[resources:esx_textui] Warning: could not find client_script `TextUI.lua` (defined in fxmanifest.lua:9)
[           resources] Started resource esx_textui (1 warning)
[     script:rpemotes] [0m[rpemotes] Current Version: 1.3.1
[     script:rpemotes] [rpemotes] Latest Version: 1.3.1
[     script:rpemotes] [rpemotes] You are running the latest version.
[  script:cd_easytime] [0m[cd_easytime] - Saved settings applied.
[      script:oxmysql] [10.4.27-MariaDB] Database server connection established!
[ citizen-server-impl]         fff                          
[ citizen-server-impl]   cccc ff   xx  xx     rr rr    eee  
[ citizen-server-impl] cc     ffff   xx       rrr  r ee   e 
[ citizen-server-impl] cc     ff     xx   ... rr     eeeee  
[ citizen-server-impl]  ccccc ff   xx  xx ... rr      eeeee 
[ citizen-server-impl]                                      
[ citizen-server-impl] Authenticated with cfx.re Nucleus: https://wolfydev-7d4dbv.users.cfx.re/
[ script:ox_inventory] [info] Database contains 34 items.
[  script:es_extended] [INFO] ESX Legacy 1.10.1 initialized!
[      script:oxmysql] 2 2
[      script:oxmysql] 7 7
[      script:oxmysql] 3 4
[      script:oxmysql] An update is available for oxmysql (current version: 2.7.3)
[      script:oxmysql] https://github.com/overextended/oxmysql/releases/tag/v2.7.4
[       script:ox_lib] An update is available for ox_lib (current version: 3.8.1)
[       script:ox_lib] https://github.com/overextended/ox_lib/releases/tag/v3.9.0
[       script:ox_lib] An update is available for ox_inventory (current version: 2.32.1)
[       script:ox_lib] https://github.com/overextended/ox_inventory/releases/tag/v2.33.1
[       script:ox_lib] An update is available for ox_target (current version: 1.12.0)
[       script:ox_lib] https://github.com/overextended/ox_target/releases/tag/v1.13.0
[ script:ox_inventory] [info] Inventory has loaded 235 items
> txaEvent "serverShuttingDown" "{＂delay＂:5000,＂author＂:＂WolfyDev＂,＂message＂:＂Server restarting (requested by WolfyDev).＂}"
[      script:monitor] [txAdmin] Server shutdown imminent. Kicking all players.

================================================================
======== FXServer Starting - 28/08/2023, 15:26:15               
================================================================
[           resources] Scanning resources.
[38;5;83m[           resources] Found 37 resources.
[          svadhesive] Authenticating server license key...
[          svadhesive] Server license key authentication succeeded. Welcome!
[    c-scripting-core] Creating script environments for sessionmanager
[           resources] Started resource sessionmanager
[    c-scripting-core] Creating script environments for monitor
[      script:monitor] [txAdmin] Resource v6.0.2 threads and commands set up. All Ready.
[           resources] Started resource monitor
[    c-scripting-core] [97mCreating script environments for yarn
[           resources] Started resource yarn
[    c-scripting-core] Creating script environments for webpack
[           resources] Started resource webpack
[    c-scripting-core] Creating script environments for chat
[           resources] Started resource chat
[           resources] Started resource spawnmanager
[    c-scripting-core] Creating script environments for hardcap
[           resources] Started resource hardcap
[    c-scripting-core] Creating script environments for oxmysql
[           resources] Started resource oxmysql
[    c-scripting-core] Creating script environments for es_extended
[           resources] Started resource es_extended
[    c-scripting-core] Creating script environments for cron
[           resources] Started resource cron
[    c-scripting-core] Creating script environments for ox_lib
[           resources] Started resource ox_lib
[    c-scripting-core] Creating script environments for ox_target
[           resources] [97mStarted resource ox_target
[    c-scripting-core] Creating script environments for ox_inventory
[           resources] [0mStarted resource ox_inventory
[    c-scripting-core] Creating script environments for cd_easytime
[           resources] Started resource cd_easytime
[           resources] [97mStarted resource rprogress
[    c-scripting-core] Creating script environments for esx_addonaccount
[           resources] Started resource esx_addonaccount
[    c-scripting-core] Creating script environments for esx_addoninventory
[           resources] [97mStarted resource esx_addoninventory
[    c-scripting-core] Creating script environments for esx_status
[           resources] Started resource esx_status
[    c-scripting-core] Creating script environments for esx_basicneeds
[           resources] Started resource esx_basicneeds
[    c-scripting-core] Creating script environments for esx_billing
[           resources] Started resource esx_billing
[    c-scripting-core] Creating script environments for esx_datastore
[           resources] Started resource esx_datastore
[    c-scripting-core] [0mCreating script environments for esx_identity
[           resources] Started resource esx_identity
[    c-scripting-core] Creating script environments for esx_license
[           resources] Started resource esx_license
[    c-scripting-core] Creating script environments for esx_optionalneeds
[           resources] [0mStarted resource esx_optionalneeds
[    c-scripting-core] Creating script environments for esx_society
[           resources] Started resource esx_society
[    c-scripting-core] Creating script environments for illenium-appearance
[           resources] Started resource illenium-appearance
[    c-scripting-core] Creating script environments for ww-wipe
[           resources] [0mStarted resource ww-wipe
[    c-scripting-core] Creating script environments for esx_loadingscreen
[           resources] Started resource esx_loadingscreen
[    c-scripting-core] Creating script environments for rpemotes
[     script:rpemotes] RpEmotes by TayMcKenzieNZ, Mathu_lmn & MadsL loaded sucessfully.
[           resources] Started resource rpemotes
[    c-scripting-core] Creating script environments for esx_context
[           resources] [97mStarted resource esx_context
[           resources] [0mStarted resource esx_menu_default
[           resources] Started resource esx_menu_dialog
[           resources] [97mStarted resource esx_menu_list
[    c-scripting-core] [0mCreating script environments for esx_notify
[           resources] Started resource esx_notify
[    c-scripting-core] Creating script environments for esx_progressbar
[           resources] [0mStarted resource esx_progressbar
[    c-scripting-core] [0mCreating script environments for esx_textui
[           resources] Started resource esx_textui
[     script:rpemotes] [rpemotes] Current Version: 1.3.1
[     script:rpemotes] [rpemotes] Latest Version: 1.3.1
[     script:rpemotes] [rpemotes] You are running the latest version.
[  script:cd_easytime] [0m[cd_easytime] - Saved settings applied.
[      script:oxmysql] [10.4.27-MariaDB] Database server connection established!
[ citizen-server-impl]         fff                          
[ citizen-server-impl]   cccc ff   xx  xx     rr rr    eee  
[38;5;73m[ citizen-server-impl] cc     ffff   xx       rrr  r ee   e 
[ citizen-server-impl] cc     ff     xx   ... rr     eeeee  
[ citizen-server-impl]  ccccc ff   xx  xx ... rr      eeeee 
[ citizen-server-impl]                                      
[ citizen-server-impl] Authenticated with cfx.re Nucleus: https://wolfydev-7d4dbv.users.cfx.re/
[ script:ox_inventory] [info] Database contains 34 items.
[  script:es_extended] [INFO] ESX [36mLegacy 1.10.1 initialized!
[      script:oxmysql] 2 2
[      script:oxmysql] [97m7 7
[      script:oxmysql] 3 4
[      script:oxmysql] An update is available for oxmysql (current version: 2.7.3)
[      script:oxmysql] https://github.com/overextended/oxmysql/releases/tag/v2.7.4
[       script:ox_lib] An update is available for ox_lib (current version: 3.8.1)
[       script:ox_lib] https://github.com/overextended/ox_lib/releases/tag/v3.9.0
[       script:ox_lib] An update is available for ox_target (current version: 1.12.0)
[       script:ox_lib] https://github.com/overextended/ox_target/releases/tag/v1.13.0
[       script:ox_lib] An update is available for ox_inventory (current version: 2.32.1)
[       script:ox_lib] https://github.com/overextended/ox_inventory/releases/tag/v2.33.1
[ script:ox_inventory] [info] Inventory has loaded 235 items
> txaEvent "serverShuttingDown" "{＂delay＂:5000,＂author＂:＂WolfyDev＂,＂message＂:＂Server restarting (requested by WolfyDev).＂}"
[      script:monitor] [txAdmin] Server shutdown imminent. Kicking all players.

================================================================
======== FXServer Starting - 28/08/2023, 15:28:37               
================================================================
[           resources] Scanning resources.
[           resources] Found 37 resources.
[          svadhesive] Authenticating server license key...
[          svadhesive] Server license key authentication succeeded. Welcome!
[    c-scripting-core] Creating script environments for sessionmanager
[           resources] Started resource sessionmanager
[    c-scripting-core] Creating script environments for monitor
[      script:monitor] [txAdmin] Resource v6.0.2 threads and commands set up. All Ready.
[           resources] Started resource monitor
[    c-scripting-core] Creating script environments for yarn
[           resources] Started resource yarn
[    c-scripting-core] [0mCreating script environments for webpack
[           resources] Started resource webpack
[    c-scripting-core] Creating script environments for chat
[           resources] Started resource chat
[           resources] Started resource spawnmanager
[    c-scripting-core] [97mCreating script environments for hardcap
[           resources] Started resource hardcap
[    c-scripting-core] Creating script environments for oxmysql
[           resources] [97mStarted resource oxmysql
[    c-scripting-core] [0mCreating script environments for es_extended
[           resources] [97mStarted resource es_extended
[    c-scripting-core] Creating script environments for cron
[           resources] Started resource cron
[    c-scripting-core] Creating script environments for ox_lib
[           resources] Started resource ox_lib
[    c-scripting-core] Creating script environments for ox_target
[           resources] Started resource ox_target
[    c-scripting-core] [97mCreating script environments for ox_inventory
[           resources] Started resource ox_inventory
[    c-scripting-core] [97mCreating script environments for cd_easytime
[           resources] Started resource cd_easytime
[           resources] [97mStarted resource rprogress
[    c-scripting-core] [97mCreating script environments for esx_addonaccount
[           resources] Started resource esx_addonaccount
[    c-scripting-core] Creating script environments for esx_addoninventory
[           resources] Started resource esx_addoninventory
[    c-scripting-core] Creating script environments for esx_status
[           resources] Started resource esx_status
[    c-scripting-core] [0mCreating script environments for esx_basicneeds
[           resources] Started resource esx_basicneeds
[    c-scripting-core] Creating script environments for esx_billing
[           resources] [97mStarted resource esx_billing
[    c-scripting-core] Creating script environments for esx_datastore
[           resources] Started resource esx_datastore
[    c-scripting-core] Creating script environments for esx_identity
[           resources] Started resource esx_identity
[    c-scripting-core] [0mCreating script environments for esx_license
[           resources] Started resource esx_license
[    c-scripting-core] Creating script environments for esx_optionalneeds
[           resources] Started resource esx_optionalneeds
[    c-scripting-core] Creating script environments for esx_society
[           resources] [0mStarted resource esx_society
[    c-scripting-core] Creating script environments for illenium-appearance
[           resources] Started resource illenium-appearance
[    c-scripting-core] Creating script environments for ww-wipe
[           resources] Started resource ww-wipe
[    c-scripting-core] Creating script environments for esx_loadingscreen
[           resources] Started resource esx_loadingscreen
[    c-scripting-core] Creating script environments for rpemotes
[     script:rpemotes] RpEmotes by TayMcKenzieNZ, Mathu_lmn & MadsL loaded sucessfully.
[           resources] Started resource rpemotes
[    c-scripting-core] Creating script environments for esx_context
[           resources] Started resource esx_context
[           resources] Started resource esx_menu_default
[           resources] [0mStarted resource esx_menu_dialog
[           resources] [0mStarted resource esx_menu_list
[    c-scripting-core] Creating script environments for esx_notify
[           resources] Started resource esx_notify
[    c-scripting-core] Creating script environments for esx_progressbar
[           resources] Started resource esx_progressbar
[    c-scripting-core] [97mCreating script environments for esx_textui
[           resources] [0mStarted resource esx_textui
[     script:rpemotes] [rpemotes] Current Version: 1.3.1
[     script:rpemotes] [rpemotes] Latest Version: 1.3.1
[     script:rpemotes] [rpemotes] You are running the latest version.
[  script:cd_easytime] [cd_easytime] - Saved settings applied.
[      script:oxmysql] [10.4.27-MariaDB] Database server connection established!
[ script:ox_inventory] [info] Database contains 34 items.
[  script:es_extended] [INFO] ESX Legacy 1.10.1[97m initialized!
[ citizen-server-impl]         fff                          
[ citizen-server-impl] [91m  cccc ff   xx  xx     rr rr    eee  
[ citizen-server-impl] cc     ffff   xx       rrr  r ee   e 
[ citizen-server-impl] cc     ff     xx   ... rr     eeeee  
[ citizen-server-impl]  ccccc ff   xx  xx ... rr      eeeee 
[ citizen-server-impl]                                      
[ citizen-server-impl] Authenticated with cfx.re Nucleus: https://wolfydev-7d4dbv.users.cfx.re/
[       script:ox_lib] An update is available for ox_inventory (current version: 2.32.1)
[       script:ox_lib] https://github.com/overextended/ox_inventory/releases/tag/v2.33.1
[ script:ox_inventory] [info] Inventory has loaded 235 items
[      script:hardcap] Connecting: Wolfy
[ citizen-server-impl] Server list query returned an error: System.Threading.Tasks.TaskCanceledException: A task was canceled. <- System.TimeoutException: A task was canceled. <- System.Threading.Tasks.TaskCanceledException: The request was canceled due to the configured HttpClient.Timeout of 30 seconds elapsing.
[     script:rpemotes] [rp] Wolfy got created!
[  script:es_extended] [INFO] Player "White Wolf" has connected to the server. ID: 1
[      script:ww-wipe] User data 525fa2ba075115294b0606735621fca0282600d0 has been erased frome the table datastore_data".
[      script:ww-wipe] User data 525fa2ba075115294b0606735621fca0282600d0 has been erased frome the table addon_account_data".
[      script:ww-wipe] No data has been founded for the user 525fa2ba075115294b0606735621fca0282600d0 inside table "ox_inventory".
[      script:ww-wipe] No data has been founded for the user 525fa2ba075115294b0606735621fca0282600d0 inside table "owned_vehicles".
[      script:ww-wipe] User data 525fa2ba075115294b0606735621fca0282600d0 has been erased frome the table users".
[  script:es_extended] [INFO] Saved player "White Wolf"
[      script:ww-wipe] No data has been founded for the user 525fa2ba075115294b0606735621fca0282600d0 inside table "user_licenses".
[      script:ww-wipe] No data has been founded for the user 525fa2ba075115294b0606735621fca0282600d0 inside table "billing".
[      script:ww-wipe] No data has been founded for the user 525fa2ba075115294b0606735621fca0282600d0 inside table "addon_inventory_items".
[      script:ww-wipe] No data has been founded for the user 525fa2ba075115294b0606735621fca0282600d0 inside table "banking".
[      script:ww-wipe] No data has been founded for the user 525fa2ba075115294b0606735621fca0282600d0 inside table "playerskins".
[      script:ww-wipe] No data has been founded for the user 525fa2ba075115294b0606735621fca0282600d0 inside table "player_outfits".
[      script:ww-wipe] Erreur lors de l'envoi du message sur Discord. Code de statut :	204
[      script:ww-wipe] 
[ citizen-server-impl] Server list query returned an error: System.Threading.Tasks.TaskCanceledException: A task was canceled. <- System.TimeoutException: A task was canceled. <- System.Threading.Tasks.TaskCanceledException: The request was canceled due to the configured HttpClient.Timeout of 30 seconds elapsing.
[      script:hardcap] Connecting: Wolfy
[ citizen-server-impl] Server list query returned an error: System.Threading.Tasks.TaskCanceledException: A task was canceled. <- System.TimeoutException: A task was canceled. <- System.Threading.Tasks.TaskCanceledException: The request was canceled due to the configured HttpClient.Timeout of 30 seconds elapsing.
[  script:es_extended] [INFO] Player 2 Has been granted admin permissions via Ace Perms.
[  script:es_extended] [INFO] Player "Wolfy" has connected to the server. ID: 2
[ citizen-server-impl] Server list query returned an error: System.Threading.Tasks.TaskCanceledException: A task was canceled. <- System.TimeoutException: A task was canceled. <- System.Threading.Tasks.TaskCanceledException: The request was canceled due to the configured HttpClient.Timeout of 30 seconds elapsing.
[ citizen-server-impl] Server list query returned an error: System.Threading.Tasks.TaskCanceledException: A task was canceled. <- System.TimeoutException: A task was canceled. <- System.Threading.Tasks.TaskCanceledException: The request was canceled due to the configured HttpClient.Timeout of 30 seconds elapsing.
[  script:es_extended] [INFO] Saved 1 player over 0.0 ms
[  script:cd_easytime] [cd_easytime] - Weather changed to CLEAR
[ citizen-server-impl] Server list query returned an error: System.Threading.Tasks.TaskCanceledException: A task was canceled. <- System.TimeoutException: A task was canceled. <- System.Threading.Tasks.TaskCanceledException: The request was canceled due to the configured HttpClient.Timeout of 30 seconds elapsing.
[ citizen-server-impl] Server list query returned an error: System.Threading.Tasks.TaskCanceledException: A task was canceled. <- System.TimeoutException: A task was canceled. <- System.Threading.Tasks.TaskCanceledException: The request was canceled due to the configured HttpClient.Timeout of 30 seconds elapsing.
[ citizen-server-impl] Server list query returned an error: System.Threading.Tasks.TaskCanceledException: A task was canceled. <- System.TimeoutException: A task was canceled. <- System.Threading.Tasks.TaskCanceledException: The request was canceled due to the configured HttpClient.Timeout of 30 seconds elapsing.
[  script:es_extended] [INFO] Saved 1 player over 0.0 ms
[  script:cd_easytime] [cd_easytime] - Weather changed to OVERCAST
[ citizen-server-impl] Server list query returned an error: System.Threading.Tasks.TaskCanceledException: A task was canceled. <- System.TimeoutException: A task was canceled. <- System.Threading.Tasks.TaskCanceledException: The request was canceled due to the configured HttpClient.Timeout of 30 seconds elapsing.
[ citizen-server-impl] Server list query returned an error: System.Threading.Tasks.TaskCanceledException: A task was canceled. <- System.TimeoutException: A task was canceled. <- System.Threading.Tasks.TaskCanceledException: The request was canceled due to the configured HttpClient.Timeout of 30 seconds elapsing.
[ citizen-server-impl] Server list query returned an error: System.Threading.Tasks.TaskCanceledException: A task was canceled. <- System.TimeoutException: A task was canceled. <- System.Threading.Tasks.TaskCanceledException: The request was canceled due to the configured HttpClient.Timeout of 30 seconds elapsing.
[ citizen-server-impl] Server list query returned an error: System.Threading.Tasks.TaskCanceledException: A task was canceled. <- System.TimeoutException: A task was canceled. <- System.Threading.Tasks.TaskCanceledException: The request was canceled due to the configured HttpClient.Timeout of 30 seconds elapsing.
[  script:es_extended] [INFO] Saved 1 player over 0.0 ms
[  script:cd_easytime] [cd_easytime] - Weather changed to EXTRASUNNY
[ citizen-server-impl] Server list query returned an error: System.Threading.Tasks.TaskCanceledException: A task was canceled. <- System.TimeoutException: A task was canceled. <- System.Threading.Tasks.TaskCanceledException: The request was canceled due to the configured HttpClient.Timeout of 30 seconds elapsing.
[ citizen-server-impl] Server list query returned an error: System.Threading.Tasks.TaskCanceledException: A task was canceled. <- System.TimeoutException: A task was canceled. <- System.Threading.Tasks.TaskCanceledException: The request was canceled due to the configured HttpClient.Timeout of 30 seconds elapsing.
[      script:ww-wipe] No data has been founded for the user 525fa2ba075115294b0606735621fca0282600d0 inside table "addon_account_data".
[      script:ww-wipe] No data has been founded for the user 525fa2ba075115294b0606735621fca0282600d0 inside table "addon_inventory_items".
[      script:ww-wipe] No data has been founded for the user 525fa2ba075115294b0606735621fca0282600d0 inside table "banking".
[      script:ww-wipe] No data has been founded for the user 525fa2ba075115294b0606735621fca0282600d0 inside table "billing".
[      script:ww-wipe] No data has been founded for the user 525fa2ba075115294b0606735621fca0282600d0 inside table "datastore_data".
[      script:ww-wipe] No data has been founded for the user 525fa2ba075115294b0606735621fca0282600d0 inside table "owned_vehicles".
[      script:ww-wipe] No data has been founded for the user 525fa2ba075115294b0606735621fca0282600d0 inside table "ox_inventory".
[      script:ww-wipe] No data has been founded for the user 525fa2ba075115294b0606735621fca0282600d0 inside table "playerskins".
[      script:ww-wipe] No data has been founded for the user 525fa2ba075115294b0606735621fca0282600d0 inside table "user_licenses".
[      script:ww-wipe] [0mUser data 525fa2ba075115294b0606735621fca0282600d0 has been erased frome the table player_outfits".
[      script:ww-wipe] User data 525fa2ba075115294b0606735621fca0282600d0 has been erased frome the table users".
[  script:es_extended] [0m[INFO] Saved player "White Wolf"
[      script:ww-wipe] Message envoyé sur Discord avec succès.
[ citizen-server-impl] Server list query returned an error: System.Threading.Tasks.TaskCanceledException: A task was canceled. <- System.TimeoutException: A task was canceled. <- System.Threading.Tasks.TaskCanceledException: The request was canceled due to the configured HttpClient.Timeout of 30 seconds elapsing.
[  script:cd_easytime] [cd_easytime] - Weather changed to CLOUDS
[ citizen-server-impl] Server list query returned an error: System.Threading.Tasks.TaskCanceledException: A task was canceled. <- System.TimeoutException: A task was canceled. <- System.Threading.Tasks.TaskCanceledException: The request was canceled due to the configured HttpClient.Timeout of 30 seconds elapsing.
[ citizen-server-main] -> Quitting: SIGINT received

================================================================
======== FXServer Starting - 28/08/2023, 16:10:32               
================================================================
[           resources] Scanning resources.
[38;5;83m[           resources] Found 37 resources.
[          svadhesive] Authenticating server license key...
[          svadhesive] Server license key authentication succeeded. Welcome!
[    c-scripting-core] Creating script environments for sessionmanager
[           resources] Started resource sessionmanager
[    c-scripting-core] Creating script environments for monitor
[      script:monitor] [txAdmin] Resource v6.0.2 threads and commands set up. All Ready.
[           resources] Started resource monitor
[    c-scripting-core] [97mCreating script environments for yarn
[           resources] Started resource yarn
[    c-scripting-core] Creating script environments for webpack
[           resources] Started resource webpack
[    c-scripting-core] Creating script environments for chat
[           resources] [97mStarted resource chat
[           resources] Started resource spawnmanager
[    c-scripting-core] Creating script environments for hardcap
[           resources] Started resource hardcap
[    c-scripting-core] Creating script environments for oxmysql
[           resources] Started resource oxmysql
[    c-scripting-core] Creating script environments for es_extended
[           resources] [97mStarted resource es_extended
[    c-scripting-core] Creating script environments for cron
[           resources] Started resource cron
[    c-scripting-core] Creating script environments for ox_lib
[           resources] Started resource ox_lib
[    c-scripting-core] Creating script environments for ox_target
[           resources] [0mStarted resource ox_target
[    c-scripting-core] Creating script environments for ox_inventory
[           resources] Started resource ox_inventory
[    c-scripting-core] Creating script environments for cd_easytime
[           resources] Started resource cd_easytime
[           resources] Started resource rprogress
[    c-scripting-core] Creating script environments for esx_addonaccount
[           resources] Started resource esx_addonaccount
[    c-scripting-core] Creating script environments for esx_addoninventory
[           resources] Started resource esx_addoninventory
[    c-scripting-core] [0mCreating script environments for esx_status
[           resources] [0mStarted resource esx_status
[    c-scripting-core] Creating script environments for esx_basicneeds
[           resources] Started resource esx_basicneeds
[    c-scripting-core] [0mCreating script environments for esx_billing
[           resources] Started resource esx_billing
[    c-scripting-core] Creating script environments for esx_datastore
[           resources] Started resource esx_datastore
[    c-scripting-core] Creating script environments for esx_identity
[           resources] Started resource esx_identity
[    c-scripting-core] Creating script environments for esx_license
[           resources] Started resource esx_license
[    c-scripting-core] [0mCreating script environments for esx_optionalneeds
[           resources] Started resource esx_optionalneeds
[    c-scripting-core] Creating script environments for esx_society
[           resources] Started resource esx_society
[    c-scripting-core] Creating script environments for illenium-appearance
[           resources] [0mStarted resource illenium-appearance
[    c-scripting-core] Creating script environments for ww-wipe
[           resources] Started resource ww-wipe
[    c-scripting-core] [0mCreating script environments for esx_loadingscreen
[           resources] [97mStarted resource esx_loadingscreen
[    c-scripting-core] Creating script environments for rpemotes
[     script:rpemotes] RpEmotes by TayMcKenzieNZ, Mathu_lmn & MadsL loaded sucessfully.
[           resources] Started resource rpemotes
[    c-scripting-core] [97mCreating script environments for esx_context
[           resources] Started resource esx_context
[           resources] [0mStarted resource esx_menu_default
[           resources] Started resource esx_menu_dialog
[           resources] Started resource esx_menu_list
[    c-scripting-core] Creating script environments for esx_notify
[           resources] [0mStarted resource esx_notify
[    c-scripting-core] Creating script environments for esx_progressbar
[           resources] Started resource esx_progressbar
[    c-scripting-core] [0mCreating script environments for esx_textui
[           resources] Started resource esx_textui
[     script:rpemotes] [rpemotes] Current Version: 1.3.1
[     script:rpemotes] [rpemotes] Latest Version: 1.3.1
[     script:rpemotes] [rpemotes] You are running the latest version.
[  script:cd_easytime] [cd_easytime] - Saved settings applied.
[      script:oxmysql] [10.4.27-MariaDB] Database server connection established!
[ citizen-server-impl]         fff                          
[ citizen-server-impl]   cccc ff   xx  xx     rr rr    eee  
[ citizen-server-impl] cc     ffff   xx       rrr  r ee   e 
[ citizen-server-impl] cc     ff     xx   ... rr     eeeee  
[ citizen-server-impl]  ccccc ff   xx  xx ... rr      eeeee 
[ citizen-server-impl]                                      
[ citizen-server-impl] Authenticated with cfx.re Nucleus: https://wolfydev-7d4dbv.users.cfx.re/
[ script:ox_inventory] [info] Database contains 34 items.
[  script:es_extended] [INFO] ESX Legacy 1.10.1 initialized!
[       script:ox_lib] An update is available for ox_inventory (current version: 2.32.1)
[       script:ox_lib] https://github.com/overextended/ox_inventory/releases/tag/v2.33.1
[ script:ox_inventory] [info] Inventory has loaded 235 items
[      script:hardcap] Connecting: Wolfy
[ citizen-server-impl] Server list query returned an error: System.Threading.Tasks.TaskCanceledException: A task was canceled. <- System.TimeoutException: A task was canceled. <- System.Threading.Tasks.TaskCanceledException: The request was canceled due to the configured HttpClient.Timeout of 30 seconds elapsing.
[  script:es_extended] [INFO] Player 1 Has been granted admin permissions via Ace Perms.
[  script:es_extended] [INFO] Player "Wolfy" has connected to the server. ID: 1
[      script:ww-wipe] No data has been founded for the user 525fa2ba075115294b0606735621fca0282600d0 inside table "billing".
[      script:ww-wipe] No data has been founded for the user 525fa2ba075115294b0606735621fca0282600d0 inside table "playerskins".
[      script:ww-wipe] No data has been founded for the user 525fa2ba075115294b0606735621fca0282600d0 inside table "addon_inventory_items".
[      script:ww-wipe] No data has been founded for the user 525fa2ba075115294b0606735621fca0282600d0 inside table "banking".
[      script:ww-wipe] No data has been founded for the user 525fa2ba075115294b0606735621fca0282600d0 inside table "owned_vehicles".
[      script:ww-wipe] No data has been founded for the user 525fa2ba075115294b0606735621fca0282600d0 inside table "ox_inventory".
[      script:ww-wipe] No data has been founded for the user 525fa2ba075115294b0606735621fca0282600d0 inside table "player_outfits".
[      script:ww-wipe] No data has been founded for the user 525fa2ba075115294b0606735621fca0282600d0 inside table "user_licenses".
[      script:ww-wipe] User data 525fa2ba075115294b0606735621fca0282600d0 has been erased frome the table datastore_data".
[      script:ww-wipe] User data 525fa2ba075115294b0606735621fca0282600d0 has been erased frome the table addon_account_data".
[      script:ww-wipe] User data 525fa2ba075115294b0606735621fca0282600d0 has been erased frome the table users".
[  script:es_extended] [INFO] Saved player "White Wolf"
[      script:ww-wipe] Message envoyé sur Discord avec succès.
[ citizen-server-impl] Server list query returned an error: System.Threading.Tasks.TaskCanceledException: A task was canceled. <- System.TimeoutException: A task was canceled. <- System.Threading.Tasks.TaskCanceledException: The request was canceled due to the configured HttpClient.Timeout of 30 seconds elapsing.

================================================================
======== FXServer Starting - 28/08/2023, 16:11:38               
================================================================
[           resources] Scanning resources.
[           resources] Found 37 resources.
[          svadhesive] Authenticating server license key...
[          svadhesive] Server license key authentication succeeded. Welcome!
[    c-scripting-core] Creating script environments for sessionmanager
[           resources] Started resource sessionmanager
[    c-scripting-core] Creating script environments for monitor
[      script:monitor] [txAdmin] Resource v6.0.2 threads and commands set up. All Ready.
[           resources] Started resource monitor
[    c-scripting-core] Creating script environments for yarn
[           resources] Started resource yarn
[    c-scripting-core] Creating script environments for webpack
[           resources] Started resource webpack
[    c-scripting-core] Creating script environments for chat
[           resources] Started resource chat
[           resources] Started resource spawnmanager
[    c-scripting-core] Creating script environments for hardcap
[           resources] Started resource hardcap
[    c-scripting-core] Creating script environments for oxmysql
[           resources] Started resource oxmysql
[    c-scripting-core] [97mCreating script environments for es_extended
[           resources] Started resource es_extended
[    c-scripting-core] Creating script environments for cron
[           resources] Started resource cron
[    c-scripting-core] [97mCreating script environments for ox_lib
[           resources] Started resource ox_lib
[    c-scripting-core] Creating script environments for ox_target
[           resources] [97mStarted resource ox_target
[    c-scripting-core] Creating script environments for ox_inventory
[           resources] Started resource ox_inventory
[    c-scripting-core] [0mCreating script environments for cd_easytime
[           resources] Started resource cd_easytime
[           resources] Started resource rprogress
[    c-scripting-core] Creating script environments for esx_addonaccount
[           resources] Started resource esx_addonaccount
[    c-scripting-core] Creating script environments for esx_addoninventory
[           resources] Started resource esx_addoninventory
[    c-scripting-core] Creating script environments for esx_status
[           resources] Started resource esx_status
[    c-scripting-core] [97mCreating script environments for esx_basicneeds
[           resources] Started resource esx_basicneeds
[    c-scripting-core] Creating script environments for esx_billing
[           resources] Started resource esx_billing
[    c-scripting-core] Creating script environments for esx_datastore
[           resources] Started resource esx_datastore
[    c-scripting-core] Creating script environments for esx_identity
[           resources] Started resource esx_identity
[    c-scripting-core] Creating script environments for esx_license
[           resources] Started resource esx_license
[    c-scripting-core] Creating script environments for esx_optionalneeds
[           resources] Started resource esx_optionalneeds
[    c-scripting-core] [0mCreating script environments for esx_society
[           resources] Started resource esx_society
[    c-scripting-core] Creating script environments for illenium-appearance
[           resources] Started resource illenium-appearance
[    c-scripting-core] Creating script environments for ww-wipe
[           resources] Started resource ww-wipe
[    c-scripting-core] Creating script environments for esx_loadingscreen
[           resources] [97mStarted resource esx_loadingscreen
[    c-scripting-core] [97mCreating script environments for rpemotes
[     script:rpemotes] RpEmotes by TayMcKenzieNZ, Mathu_lmn & MadsL loaded sucessfully.
[           resources] Started resource rpemotes
[    c-scripting-core] [97mCreating script environments for esx_context
[           resources] Started resource esx_context
[           resources] [0mStarted resource esx_menu_default
[           resources] Started resource esx_menu_dialog
[           resources] Started resource esx_menu_list
[    c-scripting-core] [97mCreating script environments for esx_notify
[           resources] Started resource esx_notify
[    c-scripting-core] [97mCreating script environments for esx_progressbar
[           resources] Started resource esx_progressbar
[    c-scripting-core] Creating script environments for esx_textui
[           resources] Started resource esx_textui
[     script:rpemotes] [rpemotes] Current Version: 1.3.1
[     script:rpemotes] [rpemotes] Latest Version: 1.3.1
[     script:rpemotes] [rpemotes] You are running the latest version.
[  script:cd_easytime] [cd_easytime] - Saved settings applied.
[      script:oxmysql] [10.4.27-MariaDB] Database server connection established!
[ script:ox_inventory] [info] Database contains 34 items.
[  script:es_extended] [INFO] ESX Legacy 1.10.1 initialized!
[ citizen-server-impl]         fff                          
[ citizen-server-impl]   cccc ff   xx  xx     rr rr    eee  
[ citizen-server-impl] cc     ffff   xx       rrr  r ee   e 
[ citizen-server-impl] cc     ff     xx   ... rr     eeeee  
[ citizen-server-impl]  ccccc ff   xx  xx ... rr      eeeee 
[ citizen-server-impl]                                      
[ citizen-server-impl] [0mAuthenticated with cfx.re Nucleus: https://wolfydev-7d4dbv.users.cfx.re/
[       script:ox_lib] An update is available for ox_inventory (current version: 2.32.1)
[       script:ox_lib] https://github.com/overextended/ox_inventory/releases/tag/v2.33.1
[ script:ox_inventory] [info] Inventory has loaded 235 items
[      script:hardcap] Connecting: Wolfy
[ citizen-server-impl] Server list query returned an error: System.Threading.Tasks.TaskCanceledException: A task was canceled. <- System.TimeoutException: A task was canceled. <- System.Threading.Tasks.TaskCanceledException: The request was canceled due to the configured HttpClient.Timeout of 30 seconds elapsing.
[  script:es_extended] [INFO[97m] Player 1 Has been granted admin permissions via Ace Perms.
[  script:es_extended] [INFO] Player "Wolfy"[97m has connected to the server. ID: 1
[  script:es_extended] [INFO] Saved player "White Wolf"
[      script:ww-wipe] Message envoyé sur Discord avec succès.
[ citizen-server-impl] Server list query returned an error: System.Net.Sockets.SocketException: Operation timed out <- System.Net.Http.HttpRequestException: Operation timed out (80.11.100.74:30120)
[      script:hardcap] Connecting: Wolfy
[ citizen-server-impl] Server list query returned an error: System.Threading.Tasks.TaskCanceledException: A task was canceled. <- System.TimeoutException: A task was canceled. <- System.Threading.Tasks.TaskCanceledException: The request was canceled due to the configured HttpClient.Timeout of 30 seconds elapsing.
[  script:es_extended] [INFO] Player "White Wolf" has connected to the server. ID: 2
[  script:es_extended] [INFO] Saved player "White Wolf"
[      script:ww-wipe] Message envoyé sur Discord avec succès.
[ citizen-server-impl] Server list query returned an error: System.Threading.Tasks.TaskCanceledException: A task was canceled. <- System.TimeoutException: A task was canceled. <- System.Threading.Tasks.TaskCanceledException: The request was canceled due to the configured HttpClient.Timeout of 30 seconds elapsing.
[ citizen-server-impl] Server list query returned an error: System.Threading.Tasks.TaskCanceledException: A task was canceled. <- System.TimeoutException: A task was canceled. <- System.Threading.Tasks.TaskCanceledException: The request was canceled due to the configured HttpClient.Timeout of 30 seconds elapsing.
[ citizen-server-main] -> Quitting: SIGINT received

================================================================
======== FXServer Starting - 28/08/2023, 16:17:56               
================================================================
[           resources] Scanning resources.
[           resources] Found 37 resources.
[          svadhesive] Authenticating server license key...
[          svadhesive] Server license key authentication succeeded. Welcome!
[    c-scripting-core] Creating script environments for sessionmanager
[           resources] [0mStarted resource sessionmanager
[    c-scripting-core] Creating script environments for monitor
[      script:monitor] [txAdmin] Resource v6.0.2 threads and commands set up. All Ready.
[           resources] Started resource monitor
[    c-scripting-core] [97mCreating script environments for yarn
[           resources] Started resource yarn
[    c-scripting-core] Creating script environments for webpack
[           resources] Started resource webpack
[    c-scripting-core] Creating script environments for chat
[           resources] Started resource chat
[           resources] Started resource spawnmanager
[    c-scripting-core] [97mCreating script environments for hardcap
[           resources] Started resource hardcap
[    c-scripting-core] [97mCreating script environments for oxmysql
[           resources] Started resource oxmysql
[    c-scripting-core] Creating script environments for es_extended
[           resources] Started resource es_extended
[    c-scripting-core] Creating script environments for cron
[           resources] Started resource cron
[    c-scripting-core] Creating script environments for ox_lib
[           resources] Started resource ox_lib
[    c-scripting-core] Creating script environments for ox_target
[           resources] Started resource ox_target
[    c-scripting-core] Creating script environments for ox_inventory
[           resources] Started resource ox_inventory
[    c-scripting-core] Creating script environments for cd_easytime
[           resources] Started resource cd_easytime
[           resources] Started resource rprogress
[    c-scripting-core] Creating script environments for esx_addonaccount
[           resources] Started resource esx_addonaccount
[    c-scripting-core] Creating script environments for esx_addoninventory
[           resources] Started resource esx_addoninventory
[    c-scripting-core] [0mCreating script environments for esx_status
[           resources] [97mStarted resource esx_status
[    c-scripting-core] Creating script environments for esx_basicneeds
[           resources] Started resource esx_basicneeds
[    c-scripting-core] Creating script environments for esx_billing
[           resources] [0mStarted resource esx_billing
[    c-scripting-core] Creating script environments for esx_datastore
[           resources] Started resource esx_datastore
[    c-scripting-core] Creating script environments for esx_identity
[           resources] Started resource esx_identity
[    c-scripting-core] Creating script environments for esx_license
[           resources] Started resource esx_license
[    c-scripting-core] Creating script environments for esx_optionalneeds
[           resources] Started resource esx_optionalneeds
[    c-scripting-core] [97mCreating script environments for esx_society
[           resources] Started resource esx_society
[    c-scripting-core] Creating script environments for illenium-appearance
[           resources] Started resource illenium-appearance
[    c-scripting-core] Creating script environments for ww-wipe
[           resources] Started resource ww-wipe
[    c-scripting-core] Creating script environments for esx_loadingscreen
[           resources] Started resource esx_loadingscreen
[    c-scripting-core] Creating script environments for rpemotes
[     script:rpemotes] RpEmotes by TayMcKenzieNZ, Mathu_lmn & MadsL loaded sucessfully.
[           resources] Started resource rpemotes
[    c-scripting-core] Creating script environments for esx_context
[           resources] Started resource esx_context
[           resources] Started resource esx_menu_default
[           resources] Started resource esx_menu_dialog
[           resources] Started resource esx_menu_list
[    c-scripting-core] [0mCreating script environments for esx_notify
[           resources] Started resource esx_notify
[    c-scripting-core] Creating script environments for esx_progressbar
[           resources] Started resource esx_progressbar
[    c-scripting-core] Creating script environments for esx_textui
[           resources] Started resource esx_textui
[     script:rpemotes] [rpemotes] Current Version: 1.3.1
[     script:rpemotes] [rpemotes] Latest Version: 1.3.1
[     script:rpemotes] [rpemotes] You are running the latest version.
[  script:cd_easytime] [cd_easytime] - Saved settings applied.
[      script:oxmysql] [10.4.27-MariaDB] Database server connection established!
[ citizen-server-impl]         fff                          
[ citizen-server-impl]   cccc ff   xx  xx     rr rr    eee  
[ citizen-server-impl] cc     ffff   xx       rrr  r ee   e 
[ citizen-server-impl] cc     ff     xx   ... rr     eeeee  
[ citizen-server-impl]  ccccc ff   xx  xx ... rr      eeeee 
[ citizen-server-impl]                                      
[ citizen-server-impl] Authenticated with cfx.re Nucleus: https://wolfydev-7d4dbv.users.cfx.re/
[ script:ox_inventory] [info] Database contains 34 items.
[  script:es_extended] [[32mINFO] ESX Legacy 1.10.1 initialized!
[       script:ox_lib] An update is available for ox_inventory (current version: 2.32.1)
[       script:ox_lib] https://github.com/overextended/ox_inventory/releases/tag/v2.33.1
[      script:hardcap] Connecting: Wolfy
[ script:ox_inventory] [info] Inventory has loaded 235 items
[ citizen-server-impl] Server list query returned an error: System.Threading.Tasks.TaskCanceledException: A task was canceled. <- System.TimeoutException: A task was canceled. <- System.Threading.Tasks.TaskCanceledException: The request was canceled due to the configured HttpClient.Timeout of 30 seconds elapsing.
[  script:es_extended] [INFO] Player "White Wolf" has connected to the server. ID: 1
[  script:es_extended] [INFO] Saved player "White Wolf"
[      script:ww-wipe] Message envoyé sur Discord avec succès.
[ citizen-server-impl] Server list query returned an error: System.Threading.Tasks.TaskCanceledException: A task was canceled. <- System.TimeoutException: A task was canceled. <- System.Threading.Tasks.TaskCanceledException: The request was canceled due to the configured HttpClient.Timeout of 30 seconds elapsing.
[ citizen-server-impl] Server list query returned an error: System.Threading.Tasks.TaskCanceledException: A task was canceled. <- System.TimeoutException: A task was canceled. <- System.Threading.Tasks.TaskCanceledException: The request was canceled due to the configured HttpClient.Timeout of 30 seconds elapsing.

================================================================
======== FXServer Starting - 28/08/2023, 16:23:27               
================================================================
[           resources] Scanning resources.
[           resources] Found 37 resources.
[          svadhesive] Authenticating server license key...
[          svadhesive] Server license key authentication succeeded. Welcome!
[    c-scripting-core] Creating script environments for sessionmanager
[           resources] Started resource sessionmanager
[    c-scripting-core] Creating script environments for monitor
[      script:monitor] [txAdmin] Resource v6.0.2 threads and commands set up. All Ready.
[           resources] Started resource monitor
[    c-scripting-core] Creating script environments for yarn
[           resources] Started resource yarn
[    c-scripting-core] [0mCreating script environments for webpack
[           resources] Started resource webpack
[    c-scripting-core] Creating script environments for chat
[           resources] Started resource chat
[           resources] Started resource spawnmanager
[    c-scripting-core] Creating script environments for hardcap
[           resources] Started resource hardcap
[    c-scripting-core] Creating script environments for oxmysql
[           resources] Started resource oxmysql
[    c-scripting-core] [0mCreating script environments for es_extended
[           resources] Started resource es_extended
[    c-scripting-core] Creating script environments for cron
[           resources] Started resource cron
[    c-scripting-core] Creating script environments for ox_lib
[           resources] Started resource ox_lib
[    c-scripting-core] Creating script environments for ox_target
[           resources] Started resource ox_target
[    c-scripting-core] [97mCreating script environments for ox_inventory
[           resources] Started resource ox_inventory
[    c-scripting-core] Creating script environments for cd_easytime
[           resources] [0mStarted resource cd_easytime
[           resources] Started resource rprogress
[    c-scripting-core] Creating script environments for esx_addonaccount
[           resources] Started resource esx_addonaccount
[    c-scripting-core] Creating script environments for esx_addoninventory
[           resources] Started resource esx_addoninventory
[    c-scripting-core] Creating script environments for esx_status
[           resources] Started resource esx_status
[    c-scripting-core] Creating script environments for esx_basicneeds
[           resources] Started resource esx_basicneeds
[    c-scripting-core] Creating script environments for esx_billing
[           resources] Started resource esx_billing
[    c-scripting-core] Creating script environments for esx_datastore
[           resources] Started resource esx_datastore
[    c-scripting-core] Creating script environments for esx_identity
[           resources] Started resource esx_identity
[    c-scripting-core] Creating script environments for esx_license
[           resources] Started resource esx_license
[    c-scripting-core] Creating script environments for esx_optionalneeds
[           resources] Started resource esx_optionalneeds
[    c-scripting-core] Creating script environments for esx_society
[           resources] Started resource esx_society
[    c-scripting-core] Creating script environments for illenium-appearance
[           resources] Started resource illenium-appearance
[    c-scripting-core] Creating script environments for ww-wipe
[           resources] [97mStarted resource ww-wipe
[    c-scripting-core] Creating script environments for esx_loadingscreen
[           resources] Started resource esx_loadingscreen
[    c-scripting-core] Creating script environments for rpemotes
[     script:rpemotes] RpEmotes by TayMcKenzieNZ, Mathu_lmn & MadsL loaded sucessfully.
[           resources] Started resource rpemotes
[    c-scripting-core] Creating script environments for esx_context
[           resources] Started resource esx_context
[           resources] Started resource esx_menu_default
[           resources] [97mStarted resource esx_menu_dialog
[           resources] Started resource esx_menu_list
[    c-scripting-core] Creating script environments for esx_notify
[           resources] Started resource esx_notify
[    c-scripting-core] [0mCreating script environments for esx_progressbar
[           resources] Started resource esx_progressbar
[    c-scripting-core] [0mCreating script environments for esx_textui
[           resources] Started resource esx_textui
[     script:rpemotes] [rpemotes] Current Version: 1.3.1
[     script:rpemotes] [rpemotes] Latest Version: 1.3.1
[     script:rpemotes] [rpemotes] You are running the latest version.
[  script:cd_easytime] [cd_easytime] - Saved settings applied.
[      script:oxmysql] [10.4.27-MariaDB] Database server connection established!
[ citizen-server-impl]         fff                          
[ citizen-server-impl]   cccc ff   xx  xx     rr rr    eee  
[ citizen-server-impl] cc     ffff   xx       rrr  r ee   e 
[ citizen-server-impl] cc     ff     xx   ... rr     eeeee  
[ citizen-server-impl]  ccccc ff   xx  xx ... rr      eeeee 
[ citizen-server-impl]                                      
[ citizen-server-impl] Authenticated with cfx.re Nucleus: https://wolfydev-7d4dbv.users.cfx.re/
[ script:ox_inventory] [info] Database contains 34 items.
[  script:es_extended] [INFO] ESX Legacy 1.10.1 initialized!
[       script:ox_lib] An update is available for ox_inventory (current version: 2.32.1)
[       script:ox_lib] https://github.com/overextended/ox_inventory/releases/tag/v2.33.1
[      script:hardcap] Connecting: Wolfy
[ script:ox_inventory] [32m[info] Inventory has loaded 235 items
[ citizen-server-impl] Server list query returned an error: System.Threading.Tasks.TaskCanceledException: A task was canceled. <- System.TimeoutException: A task was canceled. <- System.Threading.Tasks.TaskCanceledException: The request was canceled due to the configured HttpClient.Timeout of 30 seconds elapsing.
[  script:es_extended] [INFO] Player "White Wolf" has connected to the server. ID: 1
[ citizen-server-impl] Server list query returned an error: System.Threading.Tasks.TaskCanceledException: A task was canceled. <- System.TimeoutException: A task was canceled. <- System.Threading.Tasks.TaskCanceledException: The request was canceled due to the configured HttpClient.Timeout of 30 seconds elapsing.
[      script:ww-wipe] No data has been founded for the user 525fa2ba075115294b0606735621fca0282600d0 inside table "banking".
[      script:ww-wipe] No data has been founded for the user 525fa2ba075115294b0606735621fca0282600d0 inside table "addon_inventory_items".
[      script:ww-wipe] No data has been founded for the user 525fa2ba075115294b0606735621fca0282600d0 inside table "billing".
[      script:ww-wipe] [0mUser data 525fa2ba075115294b0606735621fca0282600d0 has been erased frome the table addon_account_data".
[      script:ww-wipe] [0mUser data 525fa2ba075115294b0606735621fca0282600d0 has been erased frome the table datastore_data".
[      script:ww-wipe] [0mNo data has been founded for the user 525fa2ba075115294b0606735621fca0282600d0 inside table "owned_vehicles".
[      script:ww-wipe] No data has been founded for the user 525fa2ba075115294b0606735621fca0282600d0 inside table "ox_inventory".
[      script:ww-wipe] No data has been founded for the user 525fa2ba075115294b0606735621fca0282600d0 inside table "playerskins".
[      script:ww-wipe] [0mNo data has been founded for the user 525fa2ba075115294b0606735621fca0282600d0 inside table "player_outfits".
[      script:ww-wipe] No data has been founded for the user 525fa2ba075115294b0606735621fca0282600d0 inside table "user_licenses".
[  script:es_extended] [INFO] Saved player "White Wolf"
[      script:ww-wipe] User data 525fa2ba075115294b0606735621fca0282600d0 has been erased frome the table users".
[      script:ww-wipe] Message envoyé sur Discord avec succès.
[ citizen-server-impl] Server list query returned an error: System.Threading.Tasks.TaskCanceledException: A task was canceled. <- System.TimeoutException: A task was canceled. <- System.Threading.Tasks.TaskCanceledException: The request was canceled due to the configured HttpClient.Timeout of 30 seconds elapsing.
[      script:hardcap] Connecting: Wolfy
[ citizen-server-impl] Server list query returned an error: System.Threading.Tasks.TaskCanceledException: A task was canceled. <- System.TimeoutException: A task was canceled. <- System.Threading.Tasks.TaskCanceledException: The request was canceled due to the configured HttpClient.Timeout of 30 seconds elapsing.
[  script:es_extended] [INFO] Player 2 Has been granted admin permissions via Ace Perms.
[  script:es_extended] [INFO] Player "Wolfy" has connected to the server. ID: 2
[  script:es_extended] [INFO] Saved player "White Wolf"
[      script:ww-wipe] Message envoyé sur Discord avec succès.
[ citizen-server-impl] Server list query returned an error: System.Threading.Tasks.TaskCanceledException: A task was canceled. <- System.TimeoutException: A task was canceled. <- System.Threading.Tasks.TaskCanceledException: The request was canceled due to the configured HttpClient.Timeout of 30 seconds elapsing.
[      script:hardcap] Connecting: Wolfy
[ citizen-server-impl] Server list query returned an error: System.Threading.Tasks.TaskCanceledException: A task was canceled. <- System.TimeoutException: A task was canceled. <- System.Threading.Tasks.TaskCanceledException: The request was canceled due to the configured HttpClient.Timeout of 30 seconds elapsing.
[  script:es_extended] [INFO] Player "White Wolf" has connected to the server. ID: 3
[  script:es_extended] [INFO] Saved player "White Wolf"
[      script:ww-wipe] Message envoyé sur Discord avec succès.
[ citizen-server-impl] Server list query returned an error: System.Threading.Tasks.TaskCanceledException: A task was canceled. <- System.TimeoutException: A task was canceled. <- System.Threading.Tasks.TaskCanceledException: The request was canceled due to the configured HttpClient.Timeout of 30 seconds elapsing.
[      script:hardcap] Connecting: Wolfy
[ citizen-server-impl] Server list query returned an error: System.Threading.Tasks.TaskCanceledException: A task was canceled. <- System.TimeoutException: A task was canceled. <- System.Threading.Tasks.TaskCanceledException: The request was canceled due to the configured HttpClient.Timeout of 30 seconds elapsing.
[  script:es_extended] [INFO] Player "White Wolf" has connected to the server. ID: 4
[  script:es_extended] [INFO] Saved player [36m"White Wolf"
[      script:ww-wipe] Message envoyé sur Discord avec succès.
[ citizen-server-impl] Server list query returned an error: System.Threading.Tasks.TaskCanceledException: A task was canceled. <- System.TimeoutException: A task was canceled. <- System.Threading.Tasks.TaskCanceledException: The request was canceled due to the configured HttpClient.Timeout of 30 seconds elapsing.
[  script:cd_easytime] [cd_easytime] - Weather changed to CLEAR
[      script:hardcap] Connecting: Wolfy
[ citizen-server-impl] Server list query returned an error: System.Threading.Tasks.TaskCanceledException: A task was canceled. <- System.TimeoutException: A task was canceled. <- System.Threading.Tasks.TaskCanceledException: The request was canceled due to the configured HttpClient.Timeout of 30 seconds elapsing.
[  script:es_extended] [INFO] Player 5 Has been granted admin permissions via Ace Perms.
[  script:es_extended] [INFO] Player "Wolfy" has connected to the server. ID: 5
[ citizen-server-impl] Server list query returned an error: System.Threading.Tasks.TaskCanceledException: A task was canceled. <- System.TimeoutException: A task was canceled. <- System.Threading.Tasks.TaskCanceledException: The request was canceled due to the configured HttpClient.Timeout of 30 seconds elapsing.
[  script:es_extended] [INFO[0m] Saved player "White Wolf"
[ citizen-server-main] -> Quitting: SIGINT received
