
================================================================
======== txAdmin Starting - 22/09/2023, 17:52:25                
================================================================

================================================================
======== Log Rotated - 22/09/2023, 17:52:25                     
================================================================
[17:52:40] txAdmin: Logger started

================================================================
======== txAdmin Starting - 22/09/2023, 17:53:15                
================================================================
[17:53:18] txAdmin: Logger started
[17:53:20] [ygypJ#1] Wolfy: joined with identifiers [license:525fa2ba075115294b0606735621fca0282600d0; xbl:2535450397870124; live:844425512482730; discord:1012804832777744434; fivem:6862164; license2:719ea9efd4a6e5f19a4005effb58b60b1e6b0aaa]
[17:53:55] [ygypJ#1] Wolfy: enabled noclip
[17:54:08] [ygypJ#1] Wolfy: became mortal (standard mode)
[17:54:14] [ygypJ#1] Wolfy: enabled noclip
[17:54:14] [ygypJ#1] Wolfy: became mortal (standard mode)
[17:54:38] [ygypJ#1] Wolfy: enabled noclip
[17:54:41] [ygypJ#1] Wolfy: became mortal (standard mode)
[17:56:14] [ygypJ#1] Wolfy: enabled noclip
[17:56:16] [ygypJ#1] Wolfy: became mortal (standard mode)
[17:57:55] [ygypJ#1] Wolfy: enabled noclip
[17:57:58] [ygypJ#1] Wolfy: became mortal (standard mode)
[17:58:20] [ygypJ#1] Wolfy: enabled noclip
[17:58:23] [ygypJ#1] Wolfy: became mortal (standard mode)
[17:59:28] [ygypJ#1] Wolfy: enabled noclip
[17:59:30] [ygypJ#1] Wolfy: became mortal (standard mode)
[18:01:03] [ygypJ#1] Wolfy: enabled noclip
[18:01:05] [ygypJ#1] Wolfy: became mortal (standard mode)
[18:02:01] [ygypJ#1] Wolfy: enabled noclip
[18:02:07] [ygypJ#1] Wolfy: became mortal (standard mode)
[18:02:18] [ygypJ#1] Wolfy: enabled noclip
[18:02:21] [ygypJ#1] Wolfy: became mortal (standard mode)
[18:02:33] [ygypJ#1] Wolfy: enabled noclip
[18:02:36] [ygypJ#1] Wolfy: became mortal (standard mode)
[18:03:00] [ygypJ#1] Wolfy: enabled noclip
[18:03:05] [ygypJ#1] Wolfy: became mortal (standard mode)
[18:03:37] [ygypJ#1] Wolfy: died from suicide (Falling)
[18:03:42] [ygypJ#1] Wolfy: enabled noclip
[18:03:44] [ygypJ#1] Wolfy: became mortal (standard mode)
[18:03:54] [ygypJ#1] Wolfy: enabled noclip
[18:04:02] [ygypJ#1] Wolfy: became mortal (standard mode)
[18:04:04] [ygypJ#1] Wolfy: enabled noclip
[18:04:05] [ygypJ#1] Wolfy: became mortal (standard mode)
[18:04:07] [ygypJ#1] Wolfy: enabled noclip
[18:04:08] [ygypJ#1] Wolfy: became mortal (standard mode)
[18:04:38] [ygypJ#1] Wolfy: enabled noclip
[18:04:39] [ygypJ#1] Wolfy: became mortal (standard mode)
[18:04:43] [ygypJ#1] Wolfy: enabled noclip
[18:04:49] [ygypJ#1] Wolfy: became mortal (standard mode)
[18:05:19] [ygypJ#1] Wolfy: enabled noclip
[18:05:23] [ygypJ#1] Wolfy: became mortal (standard mode)
[18:05:25] [ygypJ#1] Wolfy: enabled noclip
[18:05:38] [ygypJ#1] Wolfy: became mortal (standard mode)
[18:06:07] [ygypJ#1] Wolfy: enabled noclip
[18:06:10] [ygypJ#1] Wolfy: became mortal (standard mode)
[18:06:24] [ygypJ#1] Wolfy: enabled noclip
[18:06:51] [ygypJ#1] Wolfy: became mortal (standard mode)
[18:06:58] [ygypJ#1] Wolfy: enabled noclip
[18:06:59] [ygypJ#1] Wolfy: became mortal (standard mode)
[18:07:09] [ygypJ#1] Wolfy: enabled noclip
[18:07:09] [ygypJ#1] Wolfy: became mortal (standard mode)
[18:07:39] [ygypJ#1] Wolfy: enabled noclip
[18:07:57] [ygypJ#1] Wolfy: became mortal (standard mode)
[18:08:24] [ygypJ#1] Wolfy: died from suicide
[18:08:31] [ygypJ#1] Wolfy: enabled noclip
[18:08:38] [ygypJ#1] Wolfy: became mortal (standard mode)
[18:09:17] [ygypJ#1] Wolfy: died from suicide
[18:09:28] [ygypJ#1] Wolfy: enabled noclip
[18:09:29] [ygypJ#1] Wolfy: became mortal (standard mode)
[18:11:28] [ygypJ#1] Wolfy: said "/restat ww-blackMarket"
[18:11:34] [ygypJ#1] Wolfy: said "/restat ww-blackMarket"
[18:11:35] [ygypJ#1] Wolfy: disconnected (Exiting)

================================================================
======== txAdmin Starting - 22/09/2023, 18:11:41                
================================================================
[18:11:56] txAdmin: Logger started

================================================================
======== txAdmin Starting - 22/09/2023, 18:12:21                
================================================================
[18:12:28] txAdmin: Logger started
[18:12:35] [FAtkf#1] Wolfy: joined with identifiers [license:525fa2ba075115294b0606735621fca0282600d0; xbl:2535450397870124; live:844425512482730; discord:1012804832777744434; fivem:6862164; license2:719ea9efd4a6e5f19a4005effb58b60b1e6b0aaa]
[18:25:37] [FAtkf#1] Wolfy: enabled noclip
[18:25:46] [FAtkf#1] Wolfy: became mortal (standard mode)
[18:26:29] [FAtkf#1] Wolfy: enabled noclip
[18:26:29] [FAtkf#1] Wolfy: became mortal (standard mode)
[18:26:58] [FAtkf#1] Wolfy: disconnected (Exiting)

================================================================
======== txAdmin Starting - 22/09/2023, 20:22:31                
================================================================
[20:22:58] txAdmin: Logger started
[20:23:11] [PjEGY#1] Wolfy: joined with identifiers [license:525fa2ba075115294b0606735621fca0282600d0; xbl:2535450397870124; live:844425512482730; discord:1012804832777744434; fivem:6862164; license2:719ea9efd4a6e5f19a4005effb58b60b1e6b0aaa]
[20:24:39] [PjEGY#1] Wolfy: enabled noclip
[20:27:06] [PjEGY#1] Wolfy: became mortal (standard mode)
[20:28:36] [PjEGY#1] Wolfy: enabled noclip
[20:29:02] [PjEGY#1] Wolfy: became mortal (standard mode)
[20:35:36] [PjEGY#1] Wolfy: enabled noclip
[20:35:46] [PjEGY#1] Wolfy: became mortal (standard mode)
[20:35:52] [PjEGY#1] Wolfy: enabled noclip
[20:35:58] [PjEGY#1] Wolfy: became mortal (standard mode)
[20:38:18] [PjEGY#1] Wolfy: enabled noclip
[20:56:59] [PjEGY#1] Wolfy: disconnected (Exiting)
