
================================================================
======== txAdmin Starting - 09/09/2023, 11:33:37                
================================================================

================================================================
======== Log Rotated - 09/09/2023, 11:33:37                     
================================================================
[11:33:49] txAdmin: Logger started

================================================================
======== txAdmin Starting - 09/09/2023, 11:36:50                
================================================================
[11:37:00] txAdmin: Logger started

================================================================
======== txAdmin Starting - 09/09/2023, 11:37:16                
================================================================
[11:37:21] txAdmin: Logger started
[11:40:16] txAdmin: Logger started
[11:41:39] txAdmin: Logger started
[11:42:16] txAdmin: Logger started
[11:42:43] [Nbydm#1] Wolfy: joined with identifiers [license:525fa2ba075115294b0606735621fca0282600d0; xbl:2535450397870124; live:844425512482730; discord:1012804832777744434; fivem:6862164; license2:719ea9efd4a6e5f19a4005effb58b60b1e6b0aaa]
[11:43:13] [Nbydm#1] Wolfy: enabled noclip
[11:43:52] [Nbydm#1] Wolfy: became mortal (standard mode)
[11:48:04] [Nbydm#1] Wolfy: enabled noclip
[11:48:09] [Nbydm#1] Wolfy: became mortal (standard mode)
[11:50:15] [Nbydm#1] Wolfy: enabled noclip
[11:50:17] [Nbydm#1] Wolfy: became mortal (standard mode)
[11:50:19] [Nbydm#1] Wolfy: repaired their vehicle
[11:51:44] [Nbydm#1] Wolfy: enabled noclip
[11:55:06] [Nbydm#1] Wolfy: became mortal (standard mode)
[11:58:53] [Nbydm#1] Wolfy: enabled noclip
[11:58:54] [Nbydm#1] Wolfy: became mortal (standard mode)
[12:01:54] [Nbydm#1] Wolfy: enabled noclip
[12:01:58] [Nbydm#1] Wolfy: became mortal (standard mode)
[12:01:58] [Nbydm#1] Wolfy: enabled noclip
[12:15:26] [Nbydm#1] Wolfy: said "/auit"
[12:15:28] [Nbydm#1] Wolfy: disconnected (Exiting)

================================================================
======== txAdmin Starting - 09/09/2023, 22:31:35                
================================================================
[22:31:46] txAdmin: Logger started
[22:31:53] [cm66a#1] Wolfy: joined with identifiers [license:525fa2ba075115294b0606735621fca0282600d0; xbl:2535450397870124; live:844425512482730; discord:1012804832777744434; fivem:6862164; license2:719ea9efd4a6e5f19a4005effb58b60b1e6b0aaa]
[22:34:00] [cm66a#1] Wolfy: enabled noclip
[22:34:03] [cm66a#1] Wolfy: became mortal (standard mode)
[22:53:09] [cm66a#1] Wolfy: disconnected (Couldn't load resource ww-rental: Couldn't load resource ww-rental from resources:/ww-rental/: Could)

================================================================
======== txAdmin Starting - 09/09/2023, 22:53:33                
================================================================
[22:53:38] txAdmin: Logger started
[22:54:00] [4kTpL#1] Wolfy: joined with identifiers [license:525fa2ba075115294b0606735621fca0282600d0; xbl:2535450397870124; live:844425512482730; discord:1012804832777744434; fivem:6862164; license2:719ea9efd4a6e5f19a4005effb58b60b1e6b0aaa]
[23:15:15] [4kTpL#1] Wolfy: disconnected (Exiting)
[23:15:26] txAdmin: Logger started
[23:15:43] txAdmin: Logger started
[23:15:59] [cHnJW#1] Wolfy: joined with identifiers [license:525fa2ba075115294b0606735621fca0282600d0; xbl:2535450397870124; live:844425512482730; discord:1012804832777744434; fivem:6862164; license2:719ea9efd4a6e5f19a4005effb58b60b1e6b0aaa]
[23:24:39] [cHnJW#1] Wolfy: disconnected ([txAdmin] Server restarting (requested by WolfyDev).)
[23:24:48] txAdmin: Logger started

================================================================
======== txAdmin Starting - 09/09/2023, 23:36:39                
================================================================
[23:36:49] txAdmin: Logger started

================================================================
======== txAdmin Starting - 09/09/2023, 23:36:57                
================================================================

================================================================
======== txAdmin Starting - 09/09/2023, 23:37:16                
================================================================
[23:37:21] txAdmin: Logger started
[23:37:43] [gLbjr#1] Wolfy: joined with identifiers [license:525fa2ba075115294b0606735621fca0282600d0; xbl:2535450397870124; live:844425512482730; discord:1012804832777744434; fivem:6862164; license2:719ea9efd4a6e5f19a4005effb58b60b1e6b0aaa]
[23:44:16] [gLbjr#1] Wolfy: enabled noclip
[23:44:23] [gLbjr#1] Wolfy: became mortal (standard mode)
[23:44:51] [gLbjr#1] Wolfy: enabled noclip
[23:45:09] [gLbjr#1] Wolfy: became mortal (standard mode)
[23:45:11] [gLbjr#1] Wolfy: enabled noclip
[23:45:12] [gLbjr#1] Wolfy: became mortal (standard mode)
[23:55:26] [gLbjr#1] Wolfy: enabled noclip
[23:55:27] [gLbjr#1] Wolfy: became mortal (standard mode)
