
================================================================
======== txAdmin Starting - 10/09/2023, 01:41:23                
================================================================

================================================================
======== Log Rotated - 10/09/2023, 01:41:23                     
================================================================
[01:41:36] txAdmin: Logger started
[01:41:49] [3P4rA#1] Wolfy: joined with identifiers [license:525fa2ba075115294b0606735621fca0282600d0; xbl:2535450397870124; live:844425512482730; discord:1012804832777744434; fivem:6862164; license2:719ea9efd4a6e5f19a4005effb58b60b1e6b0aaa]
[01:42:41] [3P4rA#1] Wolfy: teleported to coordinates (x=-1034.174, y=-2732.992, z=20.169)
[01:43:12] [3P4rA#1] Wolfy: teleported to coordinates (x=-1031.298, y=-2727.370, z=13.757)
[01:43:31] [3P4rA#1] Wolfy: teleported to coordinates (x=-898.685, y=-2709.578, z=20.169)
[01:49:51] [3P4rA#1] Wolfy: enabled noclip
[01:49:58] [3P4rA#1] Wolfy: became mortal (standard mode)
[01:50:09] [3P4rA#1] Wolfy: enabled noclip
[01:50:18] [3P4rA#1] Wolfy: became mortal (standard mode)
[01:50:29] [3P4rA#1] Wolfy: enabled noclip
[01:50:47] [3P4rA#1] Wolfy: became mortal (standard mode)
[01:51:19] [3P4rA#1] Wolfy: enabled noclip
[01:51:23] [3P4rA#1] Wolfy: became mortal (standard mode)
[01:57:27] [3P4rA#1] Wolfy: enabled noclip
[01:57:30] [3P4rA#1] Wolfy: became mortal (standard mode)
[01:58:09] [3P4rA#1] Wolfy: disconnected (Exiting)

================================================================
======== txAdmin Starting - 10/09/2023, 19:11:10                
================================================================
[19:11:26] txAdmin: Logger started
[19:11:47] [JYPLz#1] Wolfy: joined with identifiers [license:525fa2ba075115294b0606735621fca0282600d0; xbl:2535450397870124; live:844425512482730; discord:1012804832777744434; fivem:6862164; license2:719ea9efd4a6e5f19a4005effb58b60b1e6b0aaa]
[19:12:17] [JYPLz#1] Wolfy: enabled noclip
[19:12:23] [JYPLz#1] Wolfy: became mortal (standard mode)
[19:19:33] [JYPLz#1] Wolfy: enabled noclip
[19:19:37] [JYPLz#1] Wolfy: became mortal (standard mode)
[19:20:40] [JYPLz#1] Wolfy: enabled noclip
[19:21:28] [JYPLz#1] Wolfy: became mortal (standard mode)
[19:37:33] [JYPLz#1] Wolfy: enabled noclip
[19:37:36] [JYPLz#1] Wolfy: became mortal (standard mode)
[19:37:40] [JYPLz#1] Wolfy: enabled noclip
[19:37:41] [JYPLz#1] Wolfy: became mortal (standard mode)
[19:37:47] [JYPLz#1] Wolfy: enabled noclip
[19:37:49] [JYPLz#1] Wolfy: became mortal (standard mode)
[19:37:50] [JYPLz#1] Wolfy: enabled noclip
[19:37:50] [JYPLz#1] Wolfy: became mortal (standard mode)
[19:38:29] [JYPLz#1] Wolfy: enabled noclip
[19:38:32] [JYPLz#1] Wolfy: became mortal (standard mode)
[20:25:53] [JYPLz#1] Wolfy: enabled noclip
[20:26:00] [JYPLz#1] Wolfy: became mortal (standard mode)
[20:26:06] [JYPLz#1] Wolfy: enabled noclip
[20:26:07] [JYPLz#1] Wolfy: became mortal (standard mode)
[20:26:09] [JYPLz#1] Wolfy: enabled noclip
[20:26:11] [JYPLz#1] Wolfy: became mortal (standard mode)
[22:10:57] [JYPLz#1] Wolfy: enabled noclip
[22:10:59] [JYPLz#1] Wolfy: became mortal (standard mode)
[22:16:57] [JYPLz#1] Wolfy: enabled noclip
[22:16:59] [JYPLz#1] Wolfy: became mortal (standard mode)
[22:19:02] [JYPLz#1] Wolfy: enabled noclip
[22:19:09] [JYPLz#1] Wolfy: caused an explosion (PLANE)
[22:19:09] [JYPLz#1] Wolfy: caused an explosion (PLANE)
[22:20:04] [JYPLz#1] Wolfy: became mortal (standard mode)
[22:51:43] [JYPLz#1] Wolfy: enabled noclip
[22:53:15] [JYPLz#1] Wolfy: became mortal (standard mode)
[22:53:17] [JYPLz#1] Wolfy: enabled noclip
[23:00:10] [JYPLz#1] Wolfy: became mortal (standard mode)
