
================================================================
======== txAdmin Starting - 28/08/2023, 15:17:54                
================================================================

================================================================
======== Log Rotated - 28/08/2023, 15:17:54                     
================================================================
[15:18:10] txAdmin: Logger started
[15:18:43] txAdmin: Logger started
[15:20:26] txAdmin: Logger started
[15:24:55] txAdmin: Logger started
[15:25:36] txAdmin: Logger started
[15:26:18] txAdmin: Logger started
[15:28:40] txAdmin: Logger started
[15:29:44] [gHPkL#1] Wolfy: joined with identifiers [license:525fa2ba075115294b0606735621fca0282600d0; xbl:2535450397870124; live:844425512482730; discord:1012804832777744434; fivem:6862164; license2:719ea9efd4a6e5f19a4005effb58b60b1e6b0aaa]
[15:30:22] [gHPkL#1] Wolfy: disconnected (You have been wiped by an admin. Your character has been deleted.)
[15:31:18] [gHPkL#2] Wolfy: joined with identifiers [license:525fa2ba075115294b0606735621fca0282600d0; xbl:2535450397870124; live:844425512482730; discord:1012804832777744434; fivem:6862164; license2:719ea9efd4a6e5f19a4005effb58b60b1e6b0aaa]
[15:32:29] [gHPkL#2] Wolfy: enabled noclip
[15:32:35] [gHPkL#2] Wolfy: became mortal (standard mode)
[16:04:47] [gHPkL#2] Wolfy: enabled noclip
[16:04:53] [gHPkL#2] Wolfy: became mortal (standard mode)
[16:05:25] [gHPkL#2] Wolfy: enabled noclip
[16:05:31] [gHPkL#2] Wolfy: became mortal (standard mode)
[16:07:02] [gHPkL#2] Wolfy: disconnected (You have been wiped by an admin. Your character has been deleted.)

================================================================
======== txAdmin Starting - 28/08/2023, 16:10:25                
================================================================
[16:10:34] txAdmin: Logger started
[16:10:38] [MNTAX#1] Wolfy: joined with identifiers [license:525fa2ba075115294b0606735621fca0282600d0; xbl:2535450397870124; live:844425512482730; discord:1012804832777744434; fivem:6862164; license2:719ea9efd4a6e5f19a4005effb58b60b1e6b0aaa]
[16:11:18] [MNTAX#1] Wolfy: disconnected (You have been wiped by an admin. Your character has been deleted.)

================================================================
======== txAdmin Starting - 28/08/2023, 16:11:35                
================================================================
[16:11:40] txAdmin: Logger started
[16:11:54] [kxxfy#1] Wolfy: joined with identifiers [license:525fa2ba075115294b0606735621fca0282600d0; xbl:2535450397870124; live:844425512482730; discord:1012804832777744434; fivem:6862164; license2:719ea9efd4a6e5f19a4005effb58b60b1e6b0aaa]
[16:12:34] [kxxfy#1] Wolfy: disconnected (You have been wiped by an admin. Your character has been deleted.)
[16:13:42] [kxxfy#2] Wolfy: joined with identifiers [license:525fa2ba075115294b0606735621fca0282600d0; xbl:2535450397870124; live:844425512482730; discord:1012804832777744434; fivem:6862164; license2:719ea9efd4a6e5f19a4005effb58b60b1e6b0aaa]
[16:14:24] [kxxfy#2] Wolfy: disconnected (You have been wiped by an admin. Your character has been deleted.)

================================================================
======== txAdmin Starting - 28/08/2023, 16:17:48                
================================================================
[16:17:58] txAdmin: Logger started
[16:18:00] [fcFkN#1] Wolfy: joined with identifiers [license:525fa2ba075115294b0606735621fca0282600d0; xbl:2535450397870124; live:844425512482730; discord:1012804832777744434; fivem:6862164; license2:719ea9efd4a6e5f19a4005effb58b60b1e6b0aaa]
[16:19:05] [fcFkN#1] Wolfy: disconnected (You have been wiped by an admin. Your character has been deleted.)

================================================================
======== txAdmin Starting - 28/08/2023, 16:23:24                
================================================================
[16:23:30] txAdmin: Logger started
[16:23:30] [kpk4t#1] Wolfy: joined with identifiers [license:525fa2ba075115294b0606735621fca0282600d0; xbl:2535450397870124; live:844425512482730; discord:1012804832777744434; fivem:6862164; license2:719ea9efd4a6e5f19a4005effb58b60b1e6b0aaa]
[16:26:47] [kpk4t#1] Wolfy: disconnected (You have been wiped by an admin. Your character has been deleted.)
[16:27:36] [kpk4t#2] Wolfy: joined with identifiers [license:525fa2ba075115294b0606735621fca0282600d0; xbl:2535450397870124; live:844425512482730; discord:1012804832777744434; fivem:6862164; license2:719ea9efd4a6e5f19a4005effb58b60b1e6b0aaa]
[16:28:21] [kpk4t#2] Wolfy: disconnected (You have been wiped by an admin. Your character has been deleted.)
[16:28:58] [kpk4t#3] Wolfy: joined with identifiers [license:525fa2ba075115294b0606735621fca0282600d0; xbl:2535450397870124; live:844425512482730; discord:1012804832777744434; fivem:6862164; license2:719ea9efd4a6e5f19a4005effb58b60b1e6b0aaa]
[16:29:45] [kpk4t#3] Wolfy: disconnected (You have been wiped by an admin. Your character has been deleted.)
[16:32:35] [kpk4t#4] Wolfy: joined with identifiers [license:525fa2ba075115294b0606735621fca0282600d0; xbl:2535450397870124; live:844425512482730; discord:1012804832777744434; fivem:6862164; license2:719ea9efd4a6e5f19a4005effb58b60b1e6b0aaa]
[16:33:20] [kpk4t#4] Wolfy: disconnected (You have been wiped by an admin. Your character has been deleted.)
[16:33:57] [kpk4t#5] Wolfy: joined with identifiers [license:525fa2ba075115294b0606735621fca0282600d0; xbl:2535450397870124; live:844425512482730; discord:1012804832777744434; fivem:6862164; license2:719ea9efd4a6e5f19a4005effb58b60b1e6b0aaa]
[16:38:10] [kpk4t#5] Wolfy: enabled noclip
[16:38:16] [kpk4t#5] Wolfy: became mortal (standard mode)
[16:38:20] [kpk4t#5] Wolfy: enabled noclip
[16:38:22] [kpk4t#5] Wolfy: became mortal (standard mode)
[16:38:25] [kpk4t#5] Wolfy: disconnected (Exiting)
