
================================================================
======== Log Rotated - 02/10/2023, 00:00:00                     
================================================================
[02:31:41] [fyB3U#1] Wolfy: disconnected (Exiting)

================================================================
======== txAdmin Starting - 02/10/2023, 15:14:14                
================================================================

================================================================
======== txAdmin Starting - 02/10/2023, 15:14:19                
================================================================
[15:14:34] txAdmin: Logger started

================================================================
======== txAdmin Starting - 02/10/2023, 15:14:54                
================================================================
[15:14:57] txAdmin: Logger started
[15:15:04] [BRwYP#1] Wolfy: joined with identifiers [license:525fa2ba075115294b0606735621fca0282600d0; xbl:2535450397870124; live:844425512482730; discord:1088163855819092119; fivem:6862164; license2:719ea9efd4a6e5f19a4005effb58b60b1e6b0aaa]
[15:15:37] [BRwYP#1] Wolfy: enabled noclip
[15:15:45] [BRwYP#1] Wolfy: became mortal (standard mode)
[15:16:48] [BRwYP#1] Wolfy: enabled noclip
[15:16:57] [BRwYP#1] Wolfy: became mortal (standard mode)
[15:17:41] [BRwYP#1] Wolfy: enabled noclip
[15:19:06] [BRwYP#1] Wolfy: became mortal (standard mode)
[16:17:10] [BRwYP#1] Wolfy: enabled noclip
[16:17:11] [BRwYP#1] Wolfy: became mortal (standard mode)
[16:17:30] [BRwYP#1] Wolfy: enabled noclip
[16:17:34] [BRwYP#1] Wolfy: became mortal (standard mode)
[16:18:05] [BRwYP#1] Wolfy: enabled noclip
[16:18:11] [BRwYP#1] Wolfy: became mortal (standard mode)

================================================================
======== txAdmin Starting - 02/10/2023, 16:36:29                
================================================================
[16:36:33] txAdmin: Logger started
[16:36:58] [q44Aq#1] Wolfy: joined with identifiers [license:525fa2ba075115294b0606735621fca0282600d0; xbl:2535450397870124; live:844425512482730; discord:1088163855819092119; fivem:6862164; license2:719ea9efd4a6e5f19a4005effb58b60b1e6b0aaa]
[16:55:04] [q44Aq#1] Wolfy: enabled noclip
[16:55:05] [q44Aq#1] Wolfy: became mortal (standard mode)
[16:55:18] [q44Aq#1] Wolfy: enabled noclip
[16:55:20] [q44Aq#1] Wolfy: became mortal (standard mode)
[16:55:28] [q44Aq#1] Wolfy: enabled noclip
[16:55:28] [q44Aq#1] Wolfy: became mortal (standard mode)
[16:55:29] [q44Aq#1] Wolfy: enabled noclip
[16:55:29] [q44Aq#1] Wolfy: became mortal (standard mode)
[17:10:46] [q44Aq#1] Wolfy: disconnected (Exiting)

================================================================
======== txAdmin Starting - 02/10/2023, 17:10:50                
================================================================
[17:10:53] txAdmin: Logger started
[17:12:07] [fQJ9r#1] Wolfy: joined with identifiers [license:525fa2ba075115294b0606735621fca0282600d0; xbl:2535450397870124; live:844425512482730; discord:1134859419520352256; fivem:6862164; license2:719ea9efd4a6e5f19a4005effb58b60b1e6b0aaa]

================================================================
======== txAdmin Starting - 02/10/2023, 17:13:15                
================================================================
[17:13:18] txAdmin: Logger started
[17:13:25] [84cMh#1] Wolfy: joined with identifiers [license:525fa2ba075115294b0606735621fca0282600d0; xbl:2535450397870124; live:844425512482730; discord:1134859419520352256; fivem:6862164; license2:719ea9efd4a6e5f19a4005effb58b60b1e6b0aaa]
[18:21:22] [84cMh#1] Wolfy: enabled noclip
[18:22:04] [84cMh#1] Wolfy: became mortal (standard mode)
[18:23:56] [84cMh#1] Wolfy: enabled noclip
[18:23:57] [84cMh#1] Wolfy: became mortal (standard mode)
[18:24:38] [84cMh#1] Wolfy: enabled noclip
[18:24:39] [84cMh#1] Wolfy: became mortal (standard mode)
[20:55:48] [84cMh#1] Wolfy: died from suicide (Falling)
[23:56:19] [84cMh#1] Wolfy: enabled noclip
[23:56:21] [84cMh#1] Wolfy: became mortal (standard mode)
[23:56:39] [84cMh#1] Wolfy: enabled noclip
[23:56:42] [84cMh#1] Wolfy: became mortal (standard mode)
