
================================================================
======== txAdmin Starting - 29/09/2023, 18:47:44                
================================================================

================================================================
======== Log Rotated - 29/09/2023, 18:47:44                     
================================================================

================================================================
======== txAdmin Starting - 29/09/2023, 18:48:03                
================================================================
[18:48:23] txAdmin: Logger started

================================================================
======== txAdmin Starting - 29/09/2023, 18:48:57                
================================================================
[18:49:00] txAdmin: Logger started
[18:49:09] [xFdeL#1] Wolfy: joined with identifiers [license:525fa2ba075115294b0606735621fca0282600d0; xbl:2535450397870124; live:844425512482730; discord:1012804832777744434; fivem:6862164; license2:719ea9efd4a6e5f19a4005effb58b60b1e6b0aaa]
[18:49:33] [xFdeL#1] Wolfy: enabled noclip
[18:49:35] [xFdeL#1] Wolfy: became mortal (standard mode)
[19:50:57] [xFdeL#1] Wolfy: died from suicide (Falling)
[22:30:06] [xFdeL#1] Wolfy: died from suicide (Falling)
[22:31:22] [xFdeL#1] Wolfy: disconnected (Exiting)
