
================================================================
======== txAdmin Starting - 17/09/2023, 14:34:08                
================================================================

================================================================
======== Log Rotated - 17/09/2023, 14:34:08                     
================================================================
[14:34:22] txAdmin: Logger started

================================================================
======== txAdmin Starting - 17/09/2023, 14:35:08                
================================================================
[14:35:14] txAdmin: Logger started
[14:37:22] [HzCHV#1] Wolfy: joined with identifiers [license:525fa2ba075115294b0606735621fca0282600d0; xbl:2535450397870124; live:844425512482730; discord:1012804832777744434; fivem:6862164; license2:719ea9efd4a6e5f19a4005effb58b60b1e6b0aaa]
[14:38:06] [HzCHV#1] Wolfy: enabled noclip
[14:38:16] [HzCHV#1] Wolfy: became mortal (standard mode)
[14:38:17] [HzCHV#1] Wolfy: enabled noclip
[14:38:17] [HzCHV#1] Wolfy: became mortal (standard mode)
[14:38:20] [HzCHV#1] Wolfy: enabled noclip
[14:38:24] [HzCHV#1] Wolfy: became mortal (standard mode)
[14:38:34] [HzCHV#1] Wolfy: enabled noclip
[14:38:37] [HzCHV#1] Wolfy: became mortal (standard mode)
[15:35:37] [HzCHV#1] Wolfy: disconnected (Exiting)

================================================================
======== txAdmin Starting - 17/09/2023, 19:36:49                
================================================================
[19:37:08] txAdmin: Logger started
[19:37:10] [VXJ7G#1] Wolfy: joined with identifiers [license:525fa2ba075115294b0606735621fca0282600d0; xbl:2535450397870124; live:844425512482730; discord:1012804832777744434; fivem:6862164; license2:719ea9efd4a6e5f19a4005effb58b60b1e6b0aaa]
[20:18:39] [VXJ7G#1] Wolfy: said "/CreateBlips"
[20:20:58] [VXJ7G#1] Wolfy: said "/BlipManagement"
[20:57:15] [VXJ7G#1] Wolfy: died from suicide (Falling)
