
================================================================
======== txAdmin Starting - 08/08/2023, 14:52:28                
================================================================
[14:53:15] txAdmin: Logger started
[14:53:44] txAdmin: Logger started
[14:54:19] txAdmin: Logger started

================================================================
======== txAdmin Starting - 08/08/2023, 15:04:02                
================================================================
[15:04:07] txAdmin: Logger started

================================================================
======== txAdmin Starting - 08/08/2023, 19:09:12                
================================================================
[19:09:18] txAdmin: Logger started
[19:09:56] [hXxpB#1] Wolfy: joined with identifiers [license:525fa2ba075115294b0606735621fca0282600d0; xbl:2535450397870124; live:844425512482730; discord:1134859419520352256; fivem:6862164; license2:719ea9efd4a6e5f19a4005effb58b60b1e6b0aaa]
[19:14:43] [hXxpB#1] Wolfy: disconnected (Exiting)

================================================================
======== txAdmin Starting - 08/08/2023, 19:14:54                
================================================================
[19:15:03] txAdmin: Logger started

================================================================
======== txAdmin Starting - 08/08/2023, 19:15:53                
================================================================
[19:16:03] txAdmin: Logger started

================================================================
======== txAdmin Starting - 08/08/2023, 19:16:32                
================================================================
[19:16:37] txAdmin: Logger started
[19:16:44] [HA9Cr#1] Wolfy: joined with identifiers [license:525fa2ba075115294b0606735621fca0282600d0; xbl:2535450397870124; live:844425512482730; discord:1134859419520352256; fivem:6862164; license2:719ea9efd4a6e5f19a4005effb58b60b1e6b0aaa]
[19:20:10] [HA9Cr#1] Wolfy: enabled noclip
[19:20:10] [HA9Cr#1] Wolfy: became mortal (standard mode)
[21:05:41] [HA9Cr#1] Wolfy: disconnected (Exiting)
