
================================================================
======== txAdmin Starting - 25/10/2023, 01:05:48                
================================================================

================================================================
======== Log Rotated - 25/10/2023, 01:05:48                     
================================================================
[01:05:51] txAdmin: Logger started
[01:07:11] [3XWrr#1] Wolfy Dev: joined with identifiers [license:525fa2ba075115294b0606735621fca0282600d0; xbl:2535450397870124; live:844425512482730; discord:1012804832777744434; fivem:6862164; license2:719ea9efd4a6e5f19a4005effb58b60b1e6b0aaa]
[02:01:38] [3XWrr#1] Wolfy Dev: died from suicide
[02:34:58] [3XWrr#1] Wolfy Dev: died from suicide
[02:35:47] [3XWrr#1] Wolfy Dev: died from suicide
[02:39:42] [3XWrr#1] Wolfy Dev: died from suicide (Rammed by Vehicle)
[02:40:09] [3XWrr#1] Wolfy Dev: died from suicide
[02:45:37] [3XWrr#1] Wolfy Dev: died from suicide (Rammed by Vehicle)
[02:57:40] [3XWrr#1] Wolfy Dev: died from suicide
[03:07:37] [3XWrr#1] Wolfy Dev: died from suicide
[03:14:56] [3XWrr#1] Wolfy Dev: disconnected (Server shutting down: SIGHUP received)

================================================================
======== txAdmin Starting - 25/10/2023, 15:20:32                
================================================================
[15:20:35] txAdmin: Logger started
