
================================================================
======== txAdmin Starting - 17/10/2023, 17:13:45                
================================================================

================================================================
======== Log Rotated - 17/10/2023, 17:13:46                     
================================================================
[17:14:15] txAdmin: Logger started
[17:14:19] [Eh8wY#1] Wolfy Dev: joined with identifiers [license:525fa2ba075115294b0606735621fca0282600d0; xbl:2535450397870124; live:844425512482730; discord:1088163855819092119; fivem:6862164; license2:719ea9efd4a6e5f19a4005effb58b60b1e6b0aaa]
[17:14:56] [Eh8wY#1] Wolfy Dev: enabled noclip
[17:15:06] [Eh8wY#1] Wolfy Dev: became mortal (standard mode)
[17:15:18] [Eh8wY#1] Wolfy Dev: enabled noclip
[17:15:29] [Eh8wY#1] Wolfy Dev: became mortal (standard mode)
[17:18:53] [Eh8wY#1] Wolfy Dev: enabled noclip
[17:18:54] [Eh8wY#1] Wolfy Dev: became mortal (standard mode)
[17:18:54] [Eh8wY#1] Wolfy Dev: enabled noclip
[17:18:55] [Eh8wY#1] Wolfy Dev: became mortal (standard mode)
[17:18:57] [Eh8wY#1] Wolfy Dev: enabled noclip
[17:18:57] [Eh8wY#1] Wolfy Dev: became mortal (standard mode)
[17:19:10] [Eh8wY#1] Wolfy Dev: enabled noclip
[17:19:27] [Eh8wY#1] Wolfy Dev: became mortal (standard mode)
[17:20:42] [Eh8wY#1] Wolfy Dev: enabled noclip
[17:20:50] [Eh8wY#1] Wolfy Dev: became mortal (standard mode)
[17:25:54] [Eh8wY#1] Wolfy Dev: enabled noclip
[17:25:55] [Eh8wY#1] Wolfy Dev: became mortal (standard mode)
[17:26:04] [Eh8wY#1] Wolfy Dev: enabled noclip
[17:26:11] [Eh8wY#1] Wolfy Dev: became mortal (standard mode)
[17:32:20] [Eh8wY#1] Wolfy Dev: enabled noclip
[17:32:28] [Eh8wY#1] Wolfy Dev: became mortal (standard mode)
[17:34:34] [Eh8wY#1] Wolfy Dev: enabled noclip
[17:34:42] [Eh8wY#1] Wolfy Dev: became mortal (standard mode)
[17:44:42] [Eh8wY#1] Wolfy Dev: disconnected (Exiting)

================================================================
======== txAdmin Starting - 17/10/2023, 17:45:06                
================================================================
[17:45:11] txAdmin: Logger started
[17:45:17] [GgNd8#1] Wolfy Dev: joined with identifiers [license:525fa2ba075115294b0606735621fca0282600d0; xbl:2535450397870124; live:844425512482730; discord:1088163855819092119; fivem:6862164; license2:719ea9efd4a6e5f19a4005effb58b60b1e6b0aaa]
[17:47:17] [GgNd8#1] Wolfy Dev: enabled noclip
[17:47:25] [GgNd8#1] Wolfy Dev: became mortal (standard mode)
[18:00:41] [GgNd8#1] Wolfy Dev: enabled noclip
[18:00:50] [GgNd8#1] Wolfy Dev: became mortal (standard mode)
[18:01:59] [GgNd8#1] Wolfy Dev: enabled noclip
[18:02:08] [GgNd8#1] Wolfy Dev: became mortal (standard mode)
