
================================================================
======== Log Rotated - 13/10/2023, 00:00:00                     
================================================================
[00:02:34] [YfxqP#1] Wolfy Dev: became mortal (standard mode)
[00:02:35] [YfxqP#1] Wolfy Dev: enabled noclip
[00:06:57] [YfxqP#1] Wolfy Dev: became mortal (standard mode)
[00:07:05] [YfxqP#1] Wolfy Dev: repaired their vehicle
[00:07:09] [YfxqP#1] Wolfy Dev: enabled noclip
[00:23:17] [YfxqP#1] Wolfy Dev: disconnected (Exiting)

================================================================
======== txAdmin Starting - 13/10/2023, 00:23:21                
================================================================

================================================================
======== txAdmin Starting - 13/10/2023, 00:27:58                
================================================================
[00:28:01] txAdmin: Logger started
[00:29:32] [bdiJF#1] Wolfy Dev: joined with identifiers [license:525fa2ba075115294b0606735621fca0282600d0; xbl:2535450397870124; live:844425512482730; discord:1088163855819092119; fivem:6862164; license2:719ea9efd4a6e5f19a4005effb58b60b1e6b0aaa]
[00:29:59] [bdiJF#1] Wolfy Dev: enabled noclip
[00:30:02] [bdiJF#1] Wolfy Dev: became mortal (standard mode)
[00:30:17] [bdiJF#1] Wolfy Dev: enabled noclip
[00:30:20] [bdiJF#1] Wolfy Dev: became mortal (standard mode)
[00:30:23] [bdiJF#1] Wolfy Dev: said "/-+adminmenu"
[00:30:56] [bdiJF#1] Wolfy Dev: said "/-+adminmenu"
[00:31:18] [bdiJF#1] Wolfy Dev: said "/-+adminmenu"
[00:31:25] [bdiJF#1] Wolfy Dev: said "/-+adminmenu"
[00:31:28] [bdiJF#1] Wolfy Dev: said "/-+adminmenu"
[00:31:30] [bdiJF#1] Wolfy Dev: said "/-+adminmenu"
[00:31:37] [bdiJF#1] Wolfy Dev: said "/-+adminmenu"
[00:31:40] [bdiJF#1] Wolfy Dev: said "/-+adminmenu"
[00:31:46] [bdiJF#1] Wolfy Dev: said "/-+adminmenu"
[00:31:53] [bdiJF#1] Wolfy Dev: said "/-+adminmenu"
[00:31:58] [bdiJF#1] Wolfy Dev: said "/-+adminmenu"
[00:32:09] [bdiJF#1] Wolfy Dev: said "/-+adminmenu"
[00:32:13] [bdiJF#1] Wolfy Dev: said "/-+adminmenu"
[00:32:29] [bdiJF#1] Wolfy Dev: said "/-+adminmenu"
[00:33:04] [bdiJF#1] Wolfy Dev: said "/-+adminmenu"
[00:33:14] [bdiJF#1] Wolfy Dev: said "/-+adminmenu"
[00:33:20] [bdiJF#1] Wolfy Dev: said "/-+adminmenu"
[00:33:25] [bdiJF#1] Wolfy Dev: said "/-+adminmenu"
[00:33:29] [bdiJF#1] Wolfy Dev: said "/-+adminmenu"
[00:33:32] [bdiJF#1] Wolfy Dev: said "/-+adminmenu"
[00:33:38] [bdiJF#1] Wolfy Dev: said "/-+adminmenu"
[00:33:47] [bdiJF#1] Wolfy Dev: said "/-+adminmenu"
[00:34:11] [bdiJF#1] Wolfy Dev: said "/-+adminmenu"
[00:34:17] [bdiJF#1] Wolfy Dev: said "/-+adminmenu"
[00:34:26] [bdiJF#1] Wolfy Dev: said "/-+adminmenu"
[00:34:30] [bdiJF#1] Wolfy Dev: enabled noclip
[00:34:31] [bdiJF#1] Wolfy Dev: became mortal (standard mode)
[00:34:41] [bdiJF#1] Wolfy Dev: said "/-+adminmenu"
[00:34:44] [bdiJF#1] Wolfy Dev: said "/-+adminmenu"
[00:34:48] [bdiJF#1] Wolfy Dev: said "/-+adminmenu"
[00:35:01] [bdiJF#1] Wolfy Dev: said "/-+adminmenu"
[00:35:10] [bdiJF#1] Wolfy Dev: said "/-+adminmenu"
[00:35:20] [bdiJF#1] Wolfy Dev: said "/-+adminmenu"
[00:35:31] [bdiJF#1] Wolfy Dev: said "/-+adminmenu"
[00:35:38] [bdiJF#1] Wolfy Dev: enabled noclip
[00:35:41] [bdiJF#1] Wolfy Dev: became mortal (standard mode)
[00:35:46] [bdiJF#1] Wolfy Dev: said "/-+adminmenu"
[00:36:05] [bdiJF#1] Wolfy Dev: said "/-+adminmenu"
[00:36:15] [bdiJF#1] Wolfy Dev: said "/-+adminmenu"
[00:36:25] [bdiJF#1] Wolfy Dev: said "/-+adminmenu"
[00:36:29] [bdiJF#1] Wolfy Dev: said "/-+adminmenu"
[00:36:32] [bdiJF#1] Wolfy Dev: said "/-+adminmenu"
[00:36:39] [bdiJF#1] Wolfy Dev: said "/-+adminmenu"
[00:36:45] [bdiJF#1] Wolfy Dev: said "/-+adminmenu"
[00:36:52] [bdiJF#1] Wolfy Dev: said "/-+adminmenu"
[00:37:08] [bdiJF#1] Wolfy Dev: said "/-+adminmenu"
[00:37:14] [bdiJF#1] Wolfy Dev: said "/-+adminmenu"
[00:37:50] [bdiJF#1] Wolfy Dev: said "/-+adminmenu"
[00:38:03] [bdiJF#1] Wolfy Dev: said "/-+adminmenu"
[00:38:14] [bdiJF#1] Wolfy Dev: said "/-+adminmenu"
[00:38:19] [bdiJF#1] Wolfy Dev: said "/-+adminmenu"
[00:38:23] [bdiJF#1] Wolfy Dev: said "/-+adminmenu"
[00:38:31] [bdiJF#1] Wolfy Dev: enabled noclip
[00:39:11] [bdiJF#1] Wolfy Dev: became mortal (standard mode)
[00:39:11] [bdiJF#1] Wolfy Dev: enabled noclip
[00:43:38] [bdiJF#1] Wolfy Dev: became mortal (standard mode)
[00:46:47] [bdiJF#1] Wolfy Dev: enabled noclip
[00:47:13] [bdiJF#1] Wolfy Dev: became mortal (standard mode)
[01:47:53] [bdiJF#1] Wolfy Dev: enabled noclip
[01:48:15] [bdiJF#1] Wolfy Dev: became mortal (standard mode)
[01:48:24] [bdiJF#1] Wolfy Dev: said "/-+adminmenu"
[01:53:43] [bdiJF#1] Wolfy Dev: said "/-+adminmenu"
[03:20:48] [bdiJF#1] Wolfy Dev: died from suicide (Falling)
[04:10:18] [bdiJF#1] Wolfy Dev: disconnected (Exiting)

================================================================
======== txAdmin Starting - 13/10/2023, 16:12:50                
================================================================
[16:13:05] txAdmin: Logger started

================================================================
======== txAdmin Starting - 13/10/2023, 16:14:37                
================================================================
[16:14:40] txAdmin: Logger started
[16:14:42] [ELBxJ#1] Wolfy Dev: joined with identifiers [license:525fa2ba075115294b0606735621fca0282600d0; xbl:2535450397870124; live:844425512482730; discord:1088163855819092119; fivem:6862164; license2:719ea9efd4a6e5f19a4005effb58b60b1e6b0aaa]
[16:17:27] [ELBxJ#1] Wolfy Dev: said "/-+adminmenu"
[16:17:36] [ELBxJ#1] Wolfy Dev: said "/-+adminmenu"
[16:17:40] [ELBxJ#1] Wolfy Dev: said "/-+adminmenu"
[16:17:49] [ELBxJ#1] Wolfy Dev: enabled noclip
[16:17:49] [ELBxJ#1] Wolfy Dev: became mortal (standard mode)
[16:18:35] [ELBxJ#1] Wolfy Dev: said "/-+adminmenu"
[16:18:39] [ELBxJ#1] Wolfy Dev: enabled noclip
[16:18:39] [ELBxJ#1] Wolfy Dev: became mortal (standard mode)
[16:24:17] [ELBxJ#1] Wolfy Dev: said "/-+adminmenu"
[16:24:27] [ELBxJ#1] Wolfy Dev: said "/-+adminmenu"
[16:24:37] [ELBxJ#1] Wolfy Dev: enabled noclip
[16:24:38] [ELBxJ#1] Wolfy Dev: became mortal (standard mode)
[16:24:43] [ELBxJ#1] Wolfy Dev: repaired their vehicle
[16:24:47] [ELBxJ#1] Wolfy Dev: said "/-+adminmenu"
[16:26:21] [ELBxJ#1] Wolfy Dev: said "/-+adminmenu"
[16:27:20] [ELBxJ#1] Wolfy Dev: said "/-+adminmenu"
[16:27:36] [ELBxJ#1] Wolfy Dev: said "/-+adminmenu"
[16:27:57] [ELBxJ#1] Wolfy Dev: said "/-+adminmenu"
[16:28:01] [ELBxJ#1] Wolfy Dev: said "/-+adminmenu"
[16:28:04] [ELBxJ#1] Wolfy Dev: said "/-+adminmenu"
[16:28:29] [ELBxJ#1] Wolfy Dev: said "/-+adminmenu"
[16:28:32] [ELBxJ#1] Wolfy Dev: said "/-+adminmenu"
[16:28:35] [ELBxJ#1] Wolfy Dev: said "/-+adminmenu"
[16:28:44] [ELBxJ#1] Wolfy Dev: said "/-+adminmenu"
[16:28:55] [ELBxJ#1] Wolfy Dev: said "/-+adminmenu"
[16:28:59] [ELBxJ#1] Wolfy Dev: said "/-+adminmenu"
[16:29:26] [ELBxJ#1] Wolfy Dev: said "/-+adminmenu"
[16:29:38] [ELBxJ#1] Wolfy Dev: said "/-+adminmenu"
[16:29:47] [ELBxJ#1] Wolfy Dev: said "/-+adminmenu"
[16:29:59] [ELBxJ#1] Wolfy Dev: said "/-+adminmenu"
[16:30:03] [ELBxJ#1] Wolfy Dev: said "/-+adminmenu"
[16:31:08] [ELBxJ#1] Wolfy Dev: said "/-+adminmenu"
[16:31:15] [ELBxJ#1] Wolfy Dev: said "/-+adminmenu"
[16:31:25] [ELBxJ#1] Wolfy Dev: said "/-+adminmenu"
[16:31:50] [ELBxJ#1] Wolfy Dev: said "/-+adminmenu"
[16:32:10] [ELBxJ#1] Wolfy Dev: said "/-+adminmenu"
[16:33:25] [ELBxJ#1] Wolfy Dev: said "/-+adminmenu"
[16:33:31] [ELBxJ#1] Wolfy Dev: enabled noclip
[16:33:32] [ELBxJ#1] Wolfy Dev: became mortal (standard mode)
[16:33:47] [ELBxJ#1] Wolfy Dev: said "/-+adminmenu"
[16:34:03] [ELBxJ#1] Wolfy Dev: said "/-+adminmenu"
[16:35:42] [ELBxJ#1] Wolfy Dev: said "/-+adminmenu"
[16:35:57] [ELBxJ#1] Wolfy Dev: enabled noclip
[16:35:58] [ELBxJ#1] Wolfy Dev: became mortal (standard mode)
[16:36:06] [ELBxJ#1] Wolfy Dev: said "/-+adminmenu"
[16:36:09] [ELBxJ#1] Wolfy Dev: said "/-+adminmenu"
[16:36:12] [ELBxJ#1] Wolfy Dev: said "/-+adminmenu"
[16:37:23] [ELBxJ#1] Wolfy Dev: said "/-+adminmenu"
[16:37:28] [ELBxJ#1] Wolfy Dev: said "/-+adminmenu"
[16:41:23] [ELBxJ#1] Wolfy Dev: enabled noclip
[16:41:29] [ELBxJ#1] Wolfy Dev: became mortal (standard mode)
[16:49:28] [ELBxJ#1] Wolfy Dev: repaired their vehicle

================================================================
======== txAdmin Starting - 13/10/2023, 16:59:15                
================================================================
[16:59:19] txAdmin: Logger started
[16:59:33] [RPVCh#1] Wolfy Dev: joined with identifiers [license:525fa2ba075115294b0606735621fca0282600d0; xbl:2535450397870124; live:844425512482730; discord:1088163855819092119; fivem:6862164; license2:719ea9efd4a6e5f19a4005effb58b60b1e6b0aaa]
[17:00:54] [RPVCh#1] Wolfy Dev: enabled noclip
[17:01:01] [RPVCh#1] Wolfy Dev: became mortal (standard mode)
[17:03:57] [RPVCh#1] Wolfy Dev: enabled noclip
[17:04:14] [RPVCh#1] Wolfy Dev: became mortal (standard mode)
[17:06:22] [RPVCh#1] Wolfy Dev: enabled noclip
[17:06:27] [RPVCh#1] Wolfy Dev: became mortal (standard mode)
[17:33:06] [RPVCh#1] Wolfy Dev: enabled noclip
[17:33:07] [RPVCh#1] Wolfy Dev: became mortal (standard mode)
[17:35:33] [RPVCh#1] Wolfy Dev: enabled noclip
[17:35:33] [RPVCh#1] Wolfy Dev: became mortal (standard mode)

================================================================
======== txAdmin Starting - 13/10/2023, 20:17:25                
================================================================
[20:17:40] txAdmin: Logger started

================================================================
======== txAdmin Starting - 13/10/2023, 20:33:51                
================================================================
[20:34:17] txAdmin: Logger started
[20:34:47] txAdmin: Logger started
[20:34:51] [rwcPJ#1] Wolfy Dev: joined with identifiers [license:525fa2ba075115294b0606735621fca0282600d0; xbl:2535450397870124; live:844425512482730; discord:1088163855819092119; fivem:6862164; license2:719ea9efd4a6e5f19a4005effb58b60b1e6b0aaa]
[20:43:19] [rwcPJ#1] Wolfy Dev: said "/-+adminmenu"
[20:43:24] [rwcPJ#1] Wolfy Dev: said "/-+adminmenu"
[20:43:59] [rwcPJ#1] Wolfy Dev: said "/-+adminmenu"
[20:44:04] [rwcPJ#1] Wolfy Dev: said "/-+adminmenu"
[20:45:34] [rwcPJ#1] Wolfy Dev: died from suicide
[20:45:37] [rwcPJ#1] Wolfy Dev: said "/-+adminmenu"
[20:46:08] [rwcPJ#1] Wolfy Dev: enabled noclip
[20:46:08] [rwcPJ#1] Wolfy Dev: became mortal (standard mode)
[20:46:09] [rwcPJ#1] Wolfy Dev: enabled noclip
[20:46:09] [rwcPJ#1] Wolfy Dev: became mortal (standard mode)
[20:46:11] [rwcPJ#1] Wolfy Dev: enabled noclip
[20:46:11] [rwcPJ#1] Wolfy Dev: became mortal (standard mode)
[22:10:14] [rwcPJ#1] Wolfy Dev: died from suicide (Falling)
[22:27:38] [rwcPJ#1] Wolfy Dev: said "/-+adminmenu"
[22:30:08] [rwcPJ#1] Wolfy Dev: enabled noclip
[22:30:12] [rwcPJ#1] Wolfy Dev: became mortal (standard mode)
[22:30:27] [rwcPJ#1] Wolfy Dev: died from suicide (Falling)
[22:30:29] [rwcPJ#1] Wolfy Dev: enabled noclip
[22:30:30] [rwcPJ#1] Wolfy Dev: became mortal (standard mode)
[22:30:32] [rwcPJ#1] Wolfy Dev: said "/-+adminmenu"
[22:31:56] [rwcPJ#1] Wolfy Dev: enabled noclip
[22:31:58] [rwcPJ#1] Wolfy Dev: became mortal (standard mode)
[22:36:24] [rwcPJ#1] Wolfy Dev: said "/-+adminmenu"
[22:36:29] [rwcPJ#1] Wolfy Dev: said "/-+adminmenu"
[22:36:32] [rwcPJ#1] Wolfy Dev: said "/-+adminmenu"
[22:37:04] [rwcPJ#1] Wolfy Dev: caused an explosion (PLANE)
[22:37:04] [rwcPJ#1] Wolfy Dev: died from suicide (Explosion)
[22:37:07] [rwcPJ#1] Wolfy Dev: said "/-+adminmenu"
[22:37:12] [rwcPJ#1] Wolfy Dev: said "/-+adminmenu"
[22:37:16] [rwcPJ#1] Wolfy Dev: enabled noclip
[22:37:16] [rwcPJ#1] Wolfy Dev: became mortal (standard mode)
[22:37:32] [rwcPJ#1] Wolfy Dev: said "/-+adminmenu"
[22:37:44] [rwcPJ#1] Wolfy Dev: said "/-+adminmenu"
[22:37:52] [rwcPJ#1] Wolfy Dev: said "/-+adminmenu"
[22:38:09] [rwcPJ#1] Wolfy Dev: enabled noclip
[22:38:11] [rwcPJ#1] Wolfy Dev: became mortal (standard mode)
[22:38:12] [rwcPJ#1] Wolfy Dev: enabled noclip
[22:38:13] [rwcPJ#1] Wolfy Dev: became mortal (standard mode)
[22:39:50] [rwcPJ#1] Wolfy Dev: enabled noclip
[22:39:51] [rwcPJ#1] Wolfy Dev: became mortal (standard mode)
