
================================================================
======== Log Rotated - 11/10/2023, 00:00:00                     
================================================================
[00:18:25] [iQAgq#1] Wolfy: died from suicide (Falling)
[04:50:51] [iQAgq#1] Wolfy: disconnected (Exiting)

================================================================
======== txAdmin Starting - 11/10/2023, 05:40:32                
================================================================
[05:40:48] txAdmin: Logger started
[05:41:46] txAdmin: Logger started
[05:43:16] txAdmin: Logger started
[05:44:03] txAdmin: Logger started
[05:44:30] txAdmin: Logger started
[05:45:28] txAdmin: Logger started
[05:45:30] [Rk7HK#1] Wolfy: joined with identifiers [license:525fa2ba075115294b0606735621fca0282600d0; xbl:2535450397870124; live:844425512482730; discord:1088163855819092119; fivem:6862164; license2:719ea9efd4a6e5f19a4005effb58b60b1e6b0aaa]
[05:47:04] [Rk7HK#1] Wolfy: disconnected ([txAdmin] Server restarting (requested by WolfyDev).)
[05:47:12] txAdmin: Logger started
[05:47:26] [J3PTT#1] Wolfy: joined with identifiers [license:525fa2ba075115294b0606735621fca0282600d0; xbl:2535450397870124; live:844425512482730; discord:1088163855819092119; fivem:6862164; license2:719ea9efd4a6e5f19a4005effb58b60b1e6b0aaa]
[05:47:53] [J3PTT#1] Wolfy: disconnected (Game crashed: DirectX encountered an unrecoverable error: DXGI_ERROR_DEVICE_REMOVED - L’instance de périphérique GPU a été suspendue. Utilisez GetDeviceRemovedReason pour déterminer l’action appropriée.)
[05:48:24] [J3PTT#2] Wolfy: joined with identifiers [license:525fa2ba075115294b0606735621fca0282600d0; xbl:2535450397870124; live:844425512482730; discord:1088163855819092119; fivem:6862164; license2:719ea9efd4a6e5f19a4005effb58b60b1e6b0aaa]
[05:48:53] [J3PTT#2] Wolfy: disconnected (Game crashed: Recursive error: DirectX encountered an unrecoverable error: DXGI_ERROR_DEVICE_REMOVED - L’instance de périphérique GPU a été suspendue. Utilisez GetDeviceRemovedReason pour déterminer l’action appropriée.)
[05:49:31] txAdmin: Logger started
[05:49:36] [GrBwL#1] Wolfy: joined with identifiers [license:525fa2ba075115294b0606735621fca0282600d0; xbl:2535450397870124; live:844425512482730; discord:1088163855819092119; fivem:6862164; license2:719ea9efd4a6e5f19a4005effb58b60b1e6b0aaa]
[05:51:00] [GrBwL#1] Wolfy: disconnected (Server->client connection timed out. Last seen 47912 msec ago.)

================================================================
======== txAdmin Starting - 11/10/2023, 05:57:24                
================================================================
[05:57:48] txAdmin: Logger started
[05:58:29] txAdmin: Logger started
[05:58:34] [3KLzf#1] Wolfy: joined with identifiers [license:525fa2ba075115294b0606735621fca0282600d0; xbl:2535450397870124; live:844425512482730; discord:1088163855819092119; fivem:6862164; license2:719ea9efd4a6e5f19a4005effb58b60b1e6b0aaa]
[06:27:28] [3KLzf#1] Wolfy: enabled noclip
[06:27:28] [3KLzf#1] Wolfy: became mortal (standard mode)
[06:33:25] [3KLzf#1] Wolfy: enabled noclip
[06:33:26] [3KLzf#1] Wolfy: became mortal (standard mode)
[06:33:28] [3KLzf#1] Wolfy: died from suicide (Falling)
[06:35:17] [3KLzf#1] Wolfy: disconnected (Yo man)
[06:35:47] [3KLzf#2] Wolfy: joined with identifiers [license:525fa2ba075115294b0606735621fca0282600d0; xbl:2535450397870124; live:844425512482730; discord:1088163855819092119; fivem:6862164; license2:719ea9efd4a6e5f19a4005effb58b60b1e6b0aaa]
[06:36:27] [3KLzf#2] Wolfy: disconnected (Yo Yo)
[06:37:50] [3KLzf#3] Wolfy: joined with identifiers [license:525fa2ba075115294b0606735621fca0282600d0; xbl:2535450397870124; live:844425512482730; discord:1088163855819092119; fivem:6862164; license2:719ea9efd4a6e5f19a4005effb58b60b1e6b0aaa]
[07:29:59] [3KLzf#3] Wolfy: said "/ensur ww-adminMenu"
[07:32:14] [3KLzf#3] Wolfy: enabled noclip
[07:32:15] [3KLzf#3] Wolfy: became mortal (standard mode)
[07:32:20] [3KLzf#3] Wolfy: said "/-+adminmenu"
[07:35:41] [3KLzf#3] Wolfy: said "/-+adminmenu"
[07:35:59] [3KLzf#3] Wolfy: said "/-+adminmenu"
[08:01:03] [3KLzf#3] Wolfy: enabled noclip
[08:01:04] [3KLzf#3] Wolfy: became mortal (standard mode)
[08:13:22] [3KLzf#3] Wolfy: enabled noclip
[08:13:24] [3KLzf#3] Wolfy: became mortal (standard mode)
[08:26:52] [3KLzf#3] Wolfy: said "/-+adminmenu"
[08:26:59] [3KLzf#3] Wolfy: said "/-+adminmenu"
[08:53:32] [3KLzf#3] Wolfy: enabled noclip
[08:53:32] [3KLzf#3] Wolfy: became mortal (standard mode)
[08:54:05] [3KLzf#3] Wolfy: enabled noclip
[08:54:05] [3KLzf#3] Wolfy: became mortal (standard mode)
[08:54:07] [3KLzf#3] Wolfy: died from suicide (Falling)
[08:56:16] [3KLzf#3] Wolfy: disconnected (Exiting)

================================================================
======== txAdmin Starting - 11/10/2023, 08:56:22                
================================================================
[08:56:28] txAdmin: Logger started
[08:56:29] [tyhD9#1] Wolfy: joined with identifiers [license:525fa2ba075115294b0606735621fca0282600d0; xbl:2535450397870124; live:844425512482730; discord:1088163855819092119; fivem:6862164; license2:719ea9efd4a6e5f19a4005effb58b60b1e6b0aaa]
[10:20:14] [tyhD9#1] Wolfy: died from suicide (Falling)
[11:30:39] [tyhD9#1] Wolfy: enabled noclip
[11:30:39] [tyhD9#1] Wolfy: became mortal (standard mode)
[11:30:43] [tyhD9#1] Wolfy: enabled noclip
[11:30:43] [tyhD9#1] Wolfy: became mortal (standard mode)
[11:30:45] [tyhD9#1] Wolfy: enabled noclip
[11:30:45] [tyhD9#1] Wolfy: became mortal (standard mode)
[11:30:49] [tyhD9#1] Wolfy: enabled noclip
[11:30:49] [tyhD9#1] Wolfy: became mortal (standard mode)
[11:30:52] [tyhD9#1] Wolfy: enabled noclip
[11:30:53] [tyhD9#1] Wolfy: became mortal (standard mode)
[11:30:55] [tyhD9#1] Wolfy: died from suicide (Falling)
[11:31:58] [tyhD9#1] Wolfy: enabled noclip
[11:31:58] [tyhD9#1] Wolfy: became mortal (standard mode)
[11:32:02] [tyhD9#1] Wolfy: enabled noclip
[11:32:02] [tyhD9#1] Wolfy: became mortal (standard mode)
[11:32:05] [tyhD9#1] Wolfy: died from suicide (Falling)
[11:34:50] [tyhD9#1] Wolfy: enabled noclip
[11:34:51] [tyhD9#1] Wolfy: became mortal (standard mode)
[11:49:52] [tyhD9#1] Wolfy: enabled noclip
[11:50:14] [tyhD9#1] Wolfy: became mortal (standard mode)
[13:01:03] [tyhD9#1] Wolfy: said "bringg"
[13:07:05] [tyhD9#1] Wolfy: disconnected (Chjeater)

================================================================
======== txAdmin Starting - 11/10/2023, 13:08:09                
================================================================
[13:08:13] txAdmin: Logger started
[13:08:14] [tg6KC#1] Wolfy: joined with identifiers [license:525fa2ba075115294b0606735621fca0282600d0; xbl:2535450397870124; live:844425512482730; discord:1134859419520352256; fivem:6862164; license2:719ea9efd4a6e5f19a4005effb58b60b1e6b0aaa]
[13:09:14] [tg6KC#1] Wolfy: disconnected (You have been kicked by : 1For this reason : CHEATERRRRRRRRRRRRRRRR)
[13:09:59] [tg6KC#2] Wolfy: joined with identifiers [license:525fa2ba075115294b0606735621fca0282600d0; xbl:2535450397870124; live:844425512482730; discord:1134859419520352256; fivem:6862164; license2:719ea9efd4a6e5f19a4005effb58b60b1e6b0aaa]
[13:10:35] [tg6KC#2] Wolfy: said "/++adminmenui"
[13:10:43] [tg6KC#2] Wolfy: disconnected (You have been kicked by : 2For this reason : CHEATERRRRRRR)
[13:11:27] [tg6KC#3] Wolfy: joined with identifiers [license:525fa2ba075115294b0606735621fca0282600d0; xbl:2535450397870124; live:844425512482730; discord:1134859419520352256; fivem:6862164; license2:719ea9efd4a6e5f19a4005effb58b60b1e6b0aaa]
[13:12:16] [tg6KC#3] Wolfy: disconnected (You have been kicked by : WolfyFor this reason : CHEATERRR)
[13:12:48] [tg6KC#4] Wolfy: joined with identifiers [license:525fa2ba075115294b0606735621fca0282600d0; xbl:2535450397870124; live:844425512482730; discord:1134859419520352256; fivem:6862164; license2:719ea9efd4a6e5f19a4005effb58b60b1e6b0aaa]
[13:13:24] [tg6KC#4] Wolfy: said "/restqrt ww(adminmenu"
[13:13:32] [tg6KC#4] Wolfy: said "/resstart ww-adminmenu"
[13:13:52] [tg6KC#4] Wolfy: disconnected (You have been kicked by : White WolfFor this reason : CHEATERRR)
[13:14:24] [tg6KC#5] Wolfy: joined with identifiers [license:525fa2ba075115294b0606735621fca0282600d0; xbl:2535450397870124; live:844425512482730; discord:1134859419520352256; fivem:6862164; license2:719ea9efd4a6e5f19a4005effb58b60b1e6b0aaa]
[13:15:17] [tg6KC#5] Wolfy: disconnected (You have been kicked by : White Wolf For this reason : CHEATERRR)
[13:16:14] [tg6KC#6] Wolfy: joined with identifiers [license:525fa2ba075115294b0606735621fca0282600d0; xbl:2535450397870124; live:844425512482730; discord:1134859419520352256; fivem:6862164; license2:719ea9efd4a6e5f19a4005effb58b60b1e6b0aaa]
[13:17:03] [tg6KC#6] Wolfy: disconnected (You have been kicked by : White Wolf  For  : CHEATERRRR)
[13:17:45] [tg6KC#7] Wolfy: joined with identifiers [license:525fa2ba075115294b0606735621fca0282600d0; xbl:2535450397870124; live:844425512482730; discord:1134859419520352256; fivem:6862164; license2:719ea9efd4a6e5f19a4005effb58b60b1e6b0aaa]
[13:18:58] [tg6KC#7] Wolfy: disconnected (You have been kicked by : White Wolf  For  : CHEATERRR)
[13:21:37] [tg6KC#8] Wolfy: joined with identifiers [license:525fa2ba075115294b0606735621fca0282600d0; xbl:2535450397870124; live:844425512482730; discord:1134859419520352256; fivem:6862164; license2:719ea9efd4a6e5f19a4005effb58b60b1e6b0aaa]
[13:22:31] [tg6KC#8] Wolfy: disconnected (You have been kicked by : White Wolf   For  : CHEATERRR)
[13:23:23] [tg6KC#9] Wolfy: joined with identifiers [license:525fa2ba075115294b0606735621fca0282600d0; xbl:2535450397870124; live:844425512482730; discord:1134859419520352256; fivem:6862164; license2:719ea9efd4a6e5f19a4005effb58b60b1e6b0aaa]
[13:25:14] [tg6KC#9] Wolfy: disconnected (You have been kicked by : White Wolf	  For  : CHEATERRR)
[13:26:15] [tg6KC#10] Wolfy: joined with identifiers [license:525fa2ba075115294b0606735621fca0282600d0; xbl:2535450397870124; live:844425512482730; discord:1134859419520352256; fivem:6862164; license2:719ea9efd4a6e5f19a4005effb58b60b1e6b0aaa]
[13:27:03] [tg6KC#10] Wolfy: disconnected (You have been kicked by : White Wolf	REASON  :  CHEATERRR)
[13:27:45] [tg6KC#11] Wolfy: joined with identifiers [license:525fa2ba075115294b0606735621fca0282600d0; xbl:2535450397870124; live:844425512482730; discord:1134859419520352256; fivem:6862164; license2:719ea9efd4a6e5f19a4005effb58b60b1e6b0aaa]
[13:28:48] [tg6KC#11] Wolfy: disconnected (You have been kicked by : White Wolf	REASON  :  CHEATER)
[13:29:30] [tg6KC#12] Wolfy: joined with identifiers [license:525fa2ba075115294b0606735621fca0282600d0; xbl:2535450397870124; live:844425512482730; discord:1134859419520352256; fivem:6862164; license2:719ea9efd4a6e5f19a4005effb58b60b1e6b0aaa]
[13:30:09] [tg6KC#12] Wolfy: disconnected (You have been kicked by : White Wolf		REASON  :  CHEATERR)
[14:14:15] [tg6KC#13] Wolfy: joined with identifiers [license:525fa2ba075115294b0606735621fca0282600d0; xbl:2535450397870124; live:844425512482730; discord:1134859419520352256; fivem:6862164; license2:719ea9efd4a6e5f19a4005effb58b60b1e6b0aaa]
[15:46:56] [tg6KC#13] Wolfy: died from suicide (Falling)
[19:27:05] [tg6KC#13] Wolfy: said "/++adminmenu*"
[19:27:07] [tg6KC#13] Wolfy: said "/++adminmenu*"
[19:27:37] [tg6KC#13] Wolfy: said "/-+adminmenu"
[19:27:43] [tg6KC#13] Wolfy: said "/-+adminmenu"
[19:27:54] [tg6KC#13] Wolfy: disconnected (AAA)
[19:28:41] [tg6KC#14] Wolfy: joined with identifiers [license:525fa2ba075115294b0606735621fca0282600d0; xbl:2535450397870124; live:844425512482730; discord:1012804832777744434; fivem:6862164; license2:719ea9efd4a6e5f19a4005effb58b60b1e6b0aaa]
[19:30:57] [tg6KC#14] Wolfy: disconnected (Aa)
[19:32:26] [tg6KC#15] Wolfy: joined with identifiers [license:525fa2ba075115294b0606735621fca0282600d0; xbl:2535450397870124; live:844425512482730; discord:1012804832777744434; fivem:6862164; license2:719ea9efd4a6e5f19a4005effb58b60b1e6b0aaa]
[19:33:14] [tg6KC#15] Wolfy: said "/++admminmenu"
[19:33:28] [tg6KC#15] Wolfy: disconnected (Perm)
[19:49:07] [tg6KC#16] Wolfy: joined with identifiers [license:525fa2ba075115294b0606735621fca0282600d0; xbl:2535450397870124; live:844425512482730; discord:1012804832777744434; fivem:6862164; license2:719ea9efd4a6e5f19a4005effb58b60b1e6b0aaa]
[19:49:54] [tg6KC#16] Wolfy: disconnected (CHEATER)
[19:50:30] [tg6KC#17] Wolfy: joined with identifiers [license:525fa2ba075115294b0606735621fca0282600d0; xbl:2535450397870124; live:844425512482730; discord:1012804832777744434; fivem:6862164; license2:719ea9efd4a6e5f19a4005effb58b60b1e6b0aaa]
[19:51:32] [tg6KC#17] Wolfy: disconnected (CHEATER)

================================================================
======== txAdmin Starting - 11/10/2023, 22:09:14                
================================================================
[22:09:34] txAdmin: Logger started
[22:09:36] [hqtrd#1] Wolfy: joined with identifiers [license:525fa2ba075115294b0606735621fca0282600d0; xbl:2535450397870124; live:844425512482730; discord:1088163855819092119; fivem:6862164; license2:719ea9efd4a6e5f19a4005effb58b60b1e6b0aaa]
[23:12:30] [hqtrd#1] Wolfy: died from suicide (Falling)
