
================================================================
======== txAdmin Starting - 01/10/2023, 10:12:43                
================================================================

================================================================
======== Log Rotated - 01/10/2023, 10:12:44                     
================================================================
[10:13:01] txAdmin: Logger started
[10:14:51] [fyB3U#1] Wolfy: joined with identifiers [license:525fa2ba075115294b0606735621fca0282600d0; xbl:2535450397870124; live:844425512482730; discord:1012804832777744434; fivem:6862164; license2:719ea9efd4a6e5f19a4005effb58b60b1e6b0aaa]
[10:15:13] [fyB3U#1] Wolfy: enabled noclip
[10:15:21] [fyB3U#1] Wolfy: became mortal (standard mode)
[10:36:39] [fyB3U#1] Wolfy: died from suicide (Falling)
[18:27:55] [fyB3U#1] Wolfy: enabled noclip
[18:28:02] [fyB3U#1] Wolfy: became mortal (standard mode)
[18:28:07] [fyB3U#1] Wolfy: enabled noclip
[18:28:10] [fyB3U#1] Wolfy: became mortal (standard mode)
[18:29:30] [fyB3U#1] Wolfy: enabled noclip
[18:29:38] [fyB3U#1] Wolfy: became mortal (standard mode)
[18:33:19] [fyB3U#1] Wolfy: enabled noclip
[18:33:20] [fyB3U#1] Wolfy: became mortal (standard mode)
[18:33:21] [fyB3U#1] Wolfy: enabled noclip
[18:33:21] [fyB3U#1] Wolfy: became mortal (standard mode)
[19:06:11] [fyB3U#1] Wolfy: enabled noclip
[19:06:13] [fyB3U#1] Wolfy: became mortal (standard mode)
[19:32:45] [fyB3U#1] Wolfy: enabled noclip
[19:32:55] [fyB3U#1] Wolfy: became mortal (standard mode)
[19:37:43] [fyB3U#1] Wolfy: enabled noclip
[19:37:44] [fyB3U#1] Wolfy: became mortal (standard mode)
[19:37:56] [fyB3U#1] Wolfy: enabled noclip
[19:37:57] [fyB3U#1] Wolfy: became mortal (standard mode)
[19:37:57] [fyB3U#1] Wolfy: enabled noclip
[19:38:09] [fyB3U#1] Wolfy: became mortal (standard mode)
[19:38:10] [fyB3U#1] Wolfy: enabled noclip
[19:38:12] [fyB3U#1] Wolfy: became mortal (standard mode)
[19:38:12] [fyB3U#1] Wolfy: enabled noclip
[19:38:14] [fyB3U#1] Wolfy: became mortal (standard mode)
[19:38:28] [fyB3U#1] Wolfy: enabled noclip
[19:38:30] [fyB3U#1] Wolfy: became mortal (standard mode)
[19:38:31] [fyB3U#1] Wolfy: enabled noclip
[19:38:33] [fyB3U#1] Wolfy: became mortal (standard mode)
[19:38:43] [fyB3U#1] Wolfy: enabled noclip
[19:38:43] [fyB3U#1] Wolfy: became mortal (standard mode)
[19:38:47] [fyB3U#1] Wolfy: enabled noclip
[19:38:47] [fyB3U#1] Wolfy: became mortal (standard mode)
[19:39:10] [fyB3U#1] Wolfy: enabled noclip
[19:39:14] [fyB3U#1] Wolfy: became mortal (standard mode)
[19:39:16] [fyB3U#1] Wolfy: enabled noclip
[19:39:16] [fyB3U#1] Wolfy: became mortal (standard mode)
[19:43:51] [fyB3U#1] Wolfy: enabled noclip
[19:43:53] [fyB3U#1] Wolfy: became mortal (standard mode)
[19:47:10] [fyB3U#1] Wolfy: enabled noclip
[19:47:12] [fyB3U#1] Wolfy: became mortal (standard mode)
[19:50:18] [fyB3U#1] Wolfy: died from suicide (Falling)
[19:50:38] [fyB3U#1] Wolfy: repaired their vehicle
[20:16:44] [fyB3U#1] Wolfy: enabled noclip
[20:20:29] [fyB3U#1] Wolfy: became mortal (standard mode)
[20:21:05] [fyB3U#1] Wolfy: enabled noclip
[20:31:52] [fyB3U#1] Wolfy: became mortal (standard mode)
[21:15:36] [fyB3U#1] Wolfy: died from suicide (Falling)
