
================================================================
======== txAdmin Starting - 10/10/2023, 19:50:25                
================================================================
[19:51:05] txAdmin: Logger started
[19:51:22] txAdmin: Logger started
[19:51:46] [HRVzR#1] Wolfy: joined with identifiers [license:525fa2ba075115294b0606735621fca0282600d0; xbl:2535450397870124; live:844425512482730; discord:1088163855819092119; fivem:6862164; license2:719ea9efd4a6e5f19a4005effb58b60b1e6b0aaa]
[19:52:33] [HRVzR#1] Wolfy: said "/-+AdminMenu"
[19:52:43] [HRVzR#1] Wolfy: said "/-+AdminMenu"
[19:52:47] [HRVzR#1] Wolfy: said "/-+AdminMenu"
[19:52:51] [HRVzR#1] Wolfy: said "/-+AdminMenu"
[19:52:53] [HRVzR#1] Wolfy: said "/-+AdminMenu"
[19:53:00] [HRVzR#1] Wolfy: said "/-+AdminMenu"
[19:53:06] [HRVzR#1] Wolfy: enabled god mode
[19:53:07] [HRVzR#1] Wolfy: enabled noclip
[19:53:07] [HRVzR#1] Wolfy: became mortal (standard mode)
[19:53:50] [HRVzR#1] Wolfy: said "/-+AdminMenu"
[19:53:53] [HRVzR#1] Wolfy: enabled noclip
[19:53:53] [HRVzR#1] Wolfy: became mortal (standard mode)
[19:53:55] [HRVzR#1] Wolfy: died from suicide (Falling)
[19:54:00] [HRVzR#1] Wolfy: said "/-+AdminMenu"
[20:00:33] [HRVzR#1] Wolfy: said "/-+AdminMenu"
[20:00:37] [HRVzR#1] Wolfy: said "/-+AdminMenu"
[20:01:04] [HRVzR#1] Wolfy: said "/-+AdminMenu"
[20:01:08] [HRVzR#1] Wolfy: enabled noclip
[20:01:08] [HRVzR#1] Wolfy: became mortal (standard mode)
[20:01:10] [HRVzR#1] Wolfy: enabled noclip
[20:01:10] [HRVzR#1] Wolfy: became mortal (standard mode)
[20:07:39] [HRVzR#1] Wolfy: said "/-+AdminMenu"
[20:07:44] [HRVzR#1] Wolfy: enabled noclip
[20:07:45] [HRVzR#1] Wolfy: became mortal (standard mode)
[20:07:47] [HRVzR#1] Wolfy: died from suicide (Falling)
[20:07:48] [HRVzR#1] Wolfy: said "/-+AdminMenu"
[20:09:34] [HRVzR#1] Wolfy: said "/-+AdminMenu"
[20:09:38] [HRVzR#1] Wolfy: enabled noclip
[20:09:38] [HRVzR#1] Wolfy: became mortal (standard mode)
[20:09:41] [HRVzR#1] Wolfy: said "/-+AdminMenu"
[20:15:05] [HRVzR#1] Wolfy: said "/-+AdminMenu"
[20:21:26] [HRVzR#1] Wolfy: said "/-+AdminMenu"
[20:30:31] [HRVzR#1] Wolfy: said "/-+AdminMenu"
[20:34:47] [HRVzR#1] Wolfy: said "/-+AdminMenu"
[20:40:14] [HRVzR#1] Wolfy: said "/-+AdminMenu"
[20:40:57] [HRVzR#1] Wolfy: said "/-+AdminMenu"
[20:41:58] [HRVzR#1] Wolfy: said "/-+AdminMenu"
[20:48:57] [HRVzR#1] Wolfy: said "/-+AdminMenu"
[20:50:26] [HRVzR#1] Wolfy: said "/-+AdminMenu"
[20:50:32] [HRVzR#1] Wolfy: said "/-+AdminMenu"
[20:50:38] [HRVzR#1] Wolfy: said "/-+AdminMenu"
[20:52:18] [HRVzR#1] Wolfy: said "/-+AdminMenu"
[20:52:21] [HRVzR#1] Wolfy: said "/-+AdminMenu"
[20:52:26] [HRVzR#1] Wolfy: said "/-+AdminMenu"
[20:54:44] [HRVzR#1] Wolfy: said "/-+AdminMenu"
[20:54:47] [HRVzR#1] Wolfy: said "/-+AdminMenu"
[20:55:07] [HRVzR#1] Wolfy: said "/-+AdminMenu"
[20:55:11] [HRVzR#1] Wolfy: said "/-+AdminMenu"
[20:55:16] [HRVzR#1] Wolfy: said "/-+AdminMenu"
[20:55:50] [HRVzR#1] Wolfy: said "/-+AdminMenu"
[20:56:52] [HRVzR#1] Wolfy: said "/-+AdminMenu"
[20:57:08] [HRVzR#1] Wolfy: said "/-+AdminMenu"
[20:57:12] [HRVzR#1] Wolfy: said "/-+AdminMenu"
[20:57:23] [HRVzR#1] Wolfy: said "/-+AdminMenu"
[20:57:27] [HRVzR#1] Wolfy: said "/-+AdminMenu"
[20:57:30] [HRVzR#1] Wolfy: said "/-+AdminMenu"
[20:57:32] [HRVzR#1] Wolfy: said "/-+AdminMenu"
[20:57:47] [HRVzR#1] Wolfy: enabled noclip
[20:57:47] [HRVzR#1] Wolfy: became mortal (standard mode)
[20:57:49] [HRVzR#1] Wolfy: said "/-+AdminMenu"
[20:57:50] [HRVzR#1] Wolfy: died from suicide (Falling)
[20:57:53] [HRVzR#1] Wolfy: said "/-+AdminMenu"
[20:57:55] [HRVzR#1] Wolfy: enabled noclip
[20:57:57] [HRVzR#1] Wolfy: became mortal (standard mode)
[20:57:59] [HRVzR#1] Wolfy: said "/-+AdminMenu"
[20:58:02] [HRVzR#1] Wolfy: said "/-+AdminMenu"
[20:58:09] [HRVzR#1] Wolfy: said "/-+AdminMenu"
[20:58:14] [HRVzR#1] Wolfy: said "/-+AdminMenu"
[21:07:37] [HRVzR#1] Wolfy: enabled noclip
[21:07:38] [HRVzR#1] Wolfy: became mortal (standard mode)
[21:15:59] [HRVzR#1] Wolfy: enabled noclip
[21:16:02] [HRVzR#1] Wolfy: became mortal (standard mode)
[21:18:52] [HRVzR#1] Wolfy: enabled noclip
[21:18:53] [HRVzR#1] Wolfy: became mortal (standard mode)
[21:26:52] [HRVzR#1] Wolfy: said "/-+AdminMenu"
[21:27:25] [HRVzR#1] Wolfy: said "/-+AdminMenu"
[21:28:01] [HRVzR#1] Wolfy: said "/-+AdminMenu"
[21:29:41] [HRVzR#1] Wolfy: said "/-+AdminMenu"
[21:30:35] [HRVzR#1] Wolfy: said "/-+AdminMenu"
[21:34:05] [HRVzR#1] Wolfy: said "/-+AdminMenu"
[21:34:10] [HRVzR#1] Wolfy: said "/-+AdminMenu"
[21:36:54] [HRVzR#1] Wolfy: said "/-+AdminMenu"
[21:37:01] [HRVzR#1] Wolfy: said "/-+AdminMenu"
[21:37:04] [HRVzR#1] Wolfy: said "/-+AdminMenu"
[21:39:48] [HRVzR#1] Wolfy: said "/-+AdminMenu"
[21:39:53] [HRVzR#1] Wolfy: said "/-+AdminMenu"
[21:57:51] [HRVzR#1] Wolfy: said "/-+AdminMenu"
[22:03:34] [HRVzR#1] Wolfy: said "/-+AdminMenu"
[22:06:01] [HRVzR#1] Wolfy: said "/-+AdminMenu"
[22:06:13] [HRVzR#1] Wolfy: said "/-+AdminMenu"
[22:07:35] [HRVzR#1] Wolfy: disconnected (Exiting)

================================================================
======== txAdmin Starting - 10/10/2023, 22:38:18                
================================================================
[22:38:36] txAdmin: Logger started
[22:38:45] [iQAgq#1] Wolfy: joined with identifiers [license:525fa2ba075115294b0606735621fca0282600d0; xbl:2535450397870124; live:844425512482730; discord:1134859419520352256; fivem:6862164; license2:719ea9efd4a6e5f19a4005effb58b60b1e6b0aaa]
[23:24:40] [iQAgq#1] Wolfy: enabled noclip
[23:24:40] [iQAgq#1] Wolfy: became mortal (standard mode)
[23:25:25] [iQAgq#1] Wolfy: enabled noclip
[23:25:25] [iQAgq#1] Wolfy: became mortal (standard mode)
[23:27:36] [iQAgq#1] Wolfy: enabled noclip
[23:27:36] [iQAgq#1] Wolfy: became mortal (standard mode)
[23:32:13] [iQAgq#1] Wolfy: said "/-+AdminMenu"
[23:32:39] [iQAgq#1] Wolfy: enabled noclip
[23:32:39] [iQAgq#1] Wolfy: became mortal (standard mode)
[23:32:42] [iQAgq#1] Wolfy: said "/-+AdminMenu"
[23:32:57] [iQAgq#1] Wolfy: said "/-+AdminMenu"
[23:33:00] [iQAgq#1] Wolfy: enabled noclip
[23:33:00] [iQAgq#1] Wolfy: became mortal (standard mode)
[23:33:01] [iQAgq#1] Wolfy: enabled noclip
[23:33:02] [iQAgq#1] Wolfy: became mortal (standard mode)
[23:33:03] [iQAgq#1] Wolfy: said "/-+AdminMenu"
[23:33:07] [iQAgq#1] Wolfy: said "/-+AdminMenu"
[23:33:11] [iQAgq#1] Wolfy: said "/-+AdminMenu"
[23:33:14] [iQAgq#1] Wolfy: said "/-+AdminMenu"
[23:33:17] [iQAgq#1] Wolfy: said "/-+AdminMenu"
[23:33:25] [iQAgq#1] Wolfy: said "/-+AdminMenu"
[23:33:28] [iQAgq#1] Wolfy: said "/-+AdminMenu"
[23:33:32] [iQAgq#1] Wolfy: said "/-+AdminMenu"
[23:33:38] [iQAgq#1] Wolfy: said "/-+AdminMenu"
[23:33:43] [iQAgq#1] Wolfy: said "/-+AdminMenu"
[23:33:47] [iQAgq#1] Wolfy: said "/-+AdminMenu"
[23:33:50] [iQAgq#1] Wolfy: said "/-+AdminMenu"
[23:33:52] [iQAgq#1] Wolfy: said "/-+AdminMenu"
[23:34:07] [iQAgq#1] Wolfy: enabled noclip
[23:35:29] [iQAgq#1] Wolfy: became mortal (standard mode)
[23:35:31] [iQAgq#1] Wolfy: enabled noclip
[23:35:31] [iQAgq#1] Wolfy: became mortal (standard mode)
[23:35:47] [iQAgq#1] Wolfy: enabled noclip
[23:35:47] [iQAgq#1] Wolfy: became mortal (standard mode)
[23:35:48] [iQAgq#1] Wolfy: enabled noclip
[23:35:49] [iQAgq#1] Wolfy: became mortal (standard mode)
