
================================================================
======== Log Rotated - 12/10/2023, 00:00:00                     
================================================================
[00:18:31] [hqtrd#1] Wolfy: disconnected (Exiting)

================================================================
======== txAdmin Starting - 12/10/2023, 00:18:34                
================================================================
[00:18:38] txAdmin: Logger started
[00:18:51] [C9e89#1] Wolfy: joined with identifiers [license:525fa2ba075115294b0606735621fca0282600d0; xbl:2535450397870124; live:844425512482730; discord:1012804832777744434; fivem:6862164; license2:719ea9efd4a6e5f19a4005effb58b60b1e6b0aaa]
[01:21:48] [C9e89#1] Wolfy: said "/-+adminmenu"
[01:29:13] [C9e89#1] Wolfy: enabled noclip
[01:29:14] [C9e89#1] Wolfy: became mortal (standard mode)
[01:29:18] [C9e89#1] Wolfy: enabled noclip
[01:29:19] [C9e89#1] Wolfy: became mortal (standard mode)
[01:29:29] [C9e89#1] Wolfy: said "/-+adminmenu"
[01:29:57] [C9e89#1] Wolfy: said "/-+adminmenu"
[01:39:55] [C9e89#1] Wolfy: said "/-+adminmenu"

================================================================
======== txAdmin Starting - 12/10/2023, 02:02:13                
================================================================
[02:02:17] txAdmin: Logger started

================================================================
======== txAdmin Starting - 12/10/2023, 02:02:47                
================================================================
[02:02:50] txAdmin: Logger started
[02:03:22] [PURzR#1] Wolfy: joined with identifiers [license:525fa2ba075115294b0606735621fca0282600d0; xbl:2535450397870124; live:844425512482730; discord:1012804832777744434; fivem:6862164; license2:719ea9efd4a6e5f19a4005effb58b60b1e6b0aaa]
[02:04:01] [PURzR#1] Wolfy: said "/-+adminmenu"
[02:04:08] [PURzR#1] Wolfy: said "/-+adminmenu"
[02:04:27] [PURzR#1] Wolfy: said "/-+adminmenu"
[02:05:32] [PURzR#1] Wolfy: said "/-+adminmenu"
[02:06:55] [PURzR#1] Wolfy: said "/-+adminmenu"
[02:07:04] [PURzR#1] Wolfy: said "/-+adminmenu"
[02:07:42] [PURzR#1] Wolfy: said "/-+adminmenu"
[02:07:47] [PURzR#1] Wolfy: said "/-+adminmenu"
[02:08:39] [PURzR#1] Wolfy: said "/-+adminmenu"
[02:08:52] [PURzR#1] Wolfy: said "/-+adminmenu"
[02:10:41] [PURzR#1] Wolfy: said "/-+adminmenu"
[02:10:55] [PURzR#1] Wolfy: said "/-+adminmenu"
[02:11:23] [PURzR#1] Wolfy: said "/-+adminmenu"
[02:11:31] [PURzR#1] Wolfy: said "/-+adminmenu"
[02:13:48] [PURzR#1] Wolfy: said "/-+adminmenu"
[02:13:53] [PURzR#1] Wolfy: said "/-+adminmenu"
[02:13:59] [PURzR#1] Wolfy: said "/-+adminmenu"
[02:14:07] [PURzR#1] Wolfy: said "/-+adminmenu"
[02:14:27] [PURzR#1] Wolfy: said "/-+adminmenu"
[02:14:42] [PURzR#1] Wolfy: said "/-+adminmenu"
[02:14:54] [PURzR#1] Wolfy: said "/-+adminmenu"
[02:15:02] [PURzR#1] Wolfy: said "/-+adminmenu"
[02:15:39] [PURzR#1] Wolfy: said "/-+adminmenu"
[02:15:56] [PURzR#1] Wolfy: said "/-+adminmenu"
[02:16:03] [PURzR#1] Wolfy: said "/-+adminmenu"
[02:17:21] [PURzR#1] Wolfy: said "/-+adminmenu"
[02:17:38] [PURzR#1] Wolfy: said "/-+adminmenu"
[02:18:56] [PURzR#1] Wolfy: said "/-+adminmenu"
[02:21:54] [PURzR#1] Wolfy: said "/-+adminmenu"
[02:22:33] [PURzR#1] Wolfy: said "/-+adminmenu"
[02:22:45] [PURzR#1] Wolfy: said "/-+adminmenu"
[02:25:07] [PURzR#1] Wolfy: said "/-+adminmenu"
[02:39:31] [PURzR#1] Wolfy: said "/-+adminmenu"
[02:44:23] [PURzR#1] Wolfy: said "/-+adminmenu"
[02:45:18] [PURzR#1] Wolfy: said "/-+adminmenu"
[02:45:28] [PURzR#1] Wolfy: said "/-+adminmenu"
[02:46:18] [PURzR#1] Wolfy: said "/-+adminmenu"
[02:46:46] [PURzR#1] Wolfy: said "/-+adminmenu"
[02:51:01] [PURzR#1] Wolfy: said "/-+adminmenu"
[02:51:08] [PURzR#1] Wolfy: said "/-+adminmenu"
[02:51:22] [PURzR#1] Wolfy: said "/-+adminmenu"
[02:51:28] [PURzR#1] Wolfy: said "/-+adminmenu"
[02:51:39] [PURzR#1] Wolfy: said "/-+adminmenu"
[02:51:51] [PURzR#1] Wolfy: said "/-+adminmenu"
[02:53:42] [PURzR#1] Wolfy: said "/-+adminmenu"
[02:53:52] [PURzR#1] Wolfy: said "/-+adminmenu"
[02:53:58] [PURzR#1] Wolfy: said "/-+adminmenu"
[02:54:04] [PURzR#1] Wolfy: said "/-+adminmenu"
[02:54:13] [PURzR#1] Wolfy: said "/-+adminmenu"
[02:54:35] [PURzR#1] Wolfy: said "/-+adminmenu"
[02:55:50] [PURzR#1] Wolfy: said "/-+adminmenu"
[02:57:17] [PURzR#1] Wolfy: said "/-+adminmenu"
[03:09:06] [PURzR#1] Wolfy: said "/-+adminmenu"
[03:09:09] [PURzR#1] Wolfy: said "/-+adminmenu"
[03:19:20] [PURzR#1] Wolfy: said "/-+adminmenu"
[03:19:29] [PURzR#1] Wolfy: enabled noclip
[03:19:33] [PURzR#1] Wolfy: became mortal (standard mode)
[03:19:37] [PURzR#1] Wolfy: said "/-+adminmenu"
[03:19:53] [PURzR#1] Wolfy: said "/-+adminmenu"
[03:25:44] [PURzR#1] Wolfy: said "/-+adminmenu"
[03:26:25] [PURzR#1] Wolfy: said "/-+adminmenu"
[03:26:40] [PURzR#1] Wolfy: enabled noclip
[03:26:42] [PURzR#1] Wolfy: said "/-+adminmenu"
[03:26:46] [PURzR#1] Wolfy: said "/-+adminmenu"
[03:27:43] [PURzR#1] Wolfy: said "/-+adminmenu"
[03:31:10] [PURzR#1] Wolfy: said "/-+adminmenu"
[03:31:16] [PURzR#1] Wolfy: became mortal (standard mode)
[03:33:32] [PURzR#1] Wolfy: disconnected (Exiting)

================================================================
======== txAdmin Starting - 12/10/2023, 17:36:30                
================================================================
[17:36:48] txAdmin: Logger started

================================================================
======== txAdmin Starting - 12/10/2023, 17:36:58                
================================================================
[17:37:01] txAdmin: Logger started
[17:37:18] [zhtiG#1] Wolfy: joined with identifiers [license:525fa2ba075115294b0606735621fca0282600d0; xbl:2535450397870124; live:844425512482730; discord:1088163855819092119; fivem:6862164; license2:719ea9efd4a6e5f19a4005effb58b60b1e6b0aaa]
[17:37:57] [zhtiG#1] Wolfy: said "/-+adminmenu"
[17:40:41] [zhtiG#1] Wolfy: said "/-+adminmenu"
[17:41:13] [zhtiG#1] Wolfy: said "/-+adminmenu"
[17:42:57] [zhtiG#1] Wolfy: said "/-+adminmenu"
[17:43:14] [zhtiG#1] Wolfy: said "/-+adminmenu"
[17:43:54] [zhtiG#1] Wolfy: said "/-+adminmenu"
[17:45:09] [zhtiG#1] Wolfy: said "/-+adminmenu"
[17:45:27] [zhtiG#1] Wolfy: enabled noclip
[17:45:27] [zhtiG#1] Wolfy: became mortal (standard mode)
[17:45:29] [zhtiG#1] Wolfy: died from suicide (Falling)
[17:45:33] [zhtiG#1] Wolfy: said "/-+adminmenu"
[17:48:10] [zhtiG#1] Wolfy: said "/-+adminmenu"
[17:48:20] [zhtiG#1] Wolfy: enabled noclip
[17:48:20] [zhtiG#1] Wolfy: became mortal (standard mode)
[17:48:22] [zhtiG#1] Wolfy: died from suicide (Falling)
[17:49:43] [zhtiG#1] Wolfy: said "/-+adminmenu"
[18:01:44] [zhtiG#1] Wolfy: said "/-+adminmenu"
[18:02:00] [zhtiG#1] Wolfy: said "/-+adminmenu"
[18:03:29] [zhtiG#1] Wolfy: said "/-+adminmenu"
[18:03:34] [zhtiG#1] Wolfy: said "/-+adminmenu"
[18:03:38] [zhtiG#1] Wolfy: said "/-+adminmenu"
[18:03:52] [zhtiG#1] Wolfy: said "/-+adminmenu"
[18:03:57] [zhtiG#1] Wolfy: said "/-+adminmenu"
[18:05:46] [zhtiG#1] Wolfy: said "/-+adminmenu"
[18:05:49] [zhtiG#1] Wolfy: said "/-+adminmenu"
[18:06:37] [zhtiG#1] Wolfy: said "/-+adminmenu"
[18:06:41] [zhtiG#1] Wolfy: said "/-+adminmenu"
[18:06:53] [zhtiG#1] Wolfy: said "/-+adminmenu"
[18:07:22] [zhtiG#1] Wolfy: enabled noclip
[18:07:23] [zhtiG#1] Wolfy: became mortal (standard mode)
[18:10:39] [zhtiG#1] Wolfy: said "/-+adminmenu"
[18:10:48] [zhtiG#1] Wolfy: said "/-+adminmenu"
[18:12:33] [zhtiG#1] Wolfy: said "/-+adminmenu"
[18:12:36] [zhtiG#1] Wolfy: said "/-+adminmenu"
[18:12:42] [zhtiG#1] Wolfy: said "/-+adminmenu"
[18:13:13] [zhtiG#1] Wolfy: said "/-+adminmenu"
[18:13:37] [zhtiG#1] Wolfy: said "/-+adminmenu"
[18:14:42] [zhtiG#1] Wolfy: said "/-+adminmenu"
[18:15:11] [zhtiG#1] Wolfy: said "/-+adminmenu"
[18:15:15] [zhtiG#1] Wolfy: said "/-+adminmenu"
[18:15:54] [zhtiG#1] Wolfy: said "/-+adminmenu"
[18:16:00] [zhtiG#1] Wolfy: enabled noclip
[18:16:02] [zhtiG#1] Wolfy: became mortal (standard mode)
[18:16:04] [zhtiG#1] Wolfy: said "/-+adminmenu"
[18:21:22] [zhtiG#1] Wolfy: said "/-+adminmenu"
[18:24:27] [zhtiG#1] Wolfy: said "/-+adminmenu"
[18:24:29] [zhtiG#1] Wolfy: said "/easytime"
[18:24:48] [zhtiG#1] Wolfy: said "/-+adminmenu"
[18:29:36] [zhtiG#1] Wolfy: said "/-+adminmenu"
[18:30:32] [zhtiG#1] Wolfy: said "/-+adminmenu"
[19:15:12] [zhtiG#1] Wolfy: died from suicide (Falling)
[19:40:11] [zhtiG#1] Wolfy: said "/-+adminmenu"
[19:45:56] [zhtiG#1] Wolfy: said "/-+adminmenu"
[19:45:59] [zhtiG#1] Wolfy: said "/-+adminmenu"
[19:46:22] [zhtiG#1] Wolfy: said "/-+adminmenu"
[19:47:48] [zhtiG#1] Wolfy: said "/-+adminmenu"
[19:50:31] [zhtiG#1] Wolfy: said "/-+adminmenu"
[19:51:12] [zhtiG#1] Wolfy: said "/-+adminmenu"
[19:51:46] [zhtiG#1] Wolfy: said "/-+adminmenu"
[19:52:41] [zhtiG#1] Wolfy: said "/-+adminmenu"
[19:53:06] [zhtiG#1] Wolfy: said "/-+adminmenu"
[19:54:29] [zhtiG#1] Wolfy: said "/-+adminmenu"
[19:54:33] [zhtiG#1] Wolfy: said "/-+adminmenu"
[19:55:29] [zhtiG#1] Wolfy: said "/-+adminmenu"
[19:59:40] [zhtiG#1] Wolfy: said "/-+adminmenu"
[20:01:03] [zhtiG#1] Wolfy: said "/-+adminmenu"
[20:01:07] [zhtiG#1] Wolfy: said "/-+adminmenu"
[20:02:19] [zhtiG#1] Wolfy: said "/-+adminmenu"
[20:03:19] [zhtiG#1] Wolfy: said "/-+adminmenu"
[20:03:20] [zhtiG#1] Wolfy: said "/-+adminmenu"
[20:03:20] [zhtiG#1] Wolfy: said "/-+adminmenu"
[20:03:20] [zhtiG#1] Wolfy: said "/-+adminmenu"
[20:03:20] [zhtiG#1] Wolfy: said "/-+adminmenu"
[20:03:21] [zhtiG#1] Wolfy: said "/-+adminmenu"
[20:03:21] [zhtiG#1] Wolfy: said "/-+adminmenu"
[20:03:21] [zhtiG#1] Wolfy: said "/-+adminmenu"
[20:03:21] [zhtiG#1] Wolfy: said "/-+adminmenu"
[20:03:21] [zhtiG#1] Wolfy: said "/-+adminmenu"
[20:03:22] [zhtiG#1] Wolfy: said "/-+adminmenu"
[20:03:22] [zhtiG#1] Wolfy: said "/-+adminmenu"
[20:03:33] [zhtiG#1] Wolfy: said "/-+adminmenu"
[20:03:55] [zhtiG#1] Wolfy: said "/-+adminmenu"
[20:04:09] [zhtiG#1] Wolfy: said "/-+adminmenu"
[20:04:35] [zhtiG#1] Wolfy: said "/-+adminmenu"
[20:05:20] [zhtiG#1] Wolfy: said "/-+adminmenu"
[20:05:42] [zhtiG#1] Wolfy: said "/-+adminmenu"
[20:06:11] [zhtiG#1] Wolfy: said "/-+adminmenu"
[20:07:07] [zhtiG#1] Wolfy: said "/-+adminmenu"
[20:07:38] [zhtiG#1] Wolfy: said "/-+adminmenu"
[20:08:18] [zhtiG#1] Wolfy: said "/-+adminmenu"
[20:08:22] [zhtiG#1] Wolfy: said "/-+adminmenu"
[20:08:47] [zhtiG#1] Wolfy: said "/-+adminmenu"
[20:09:27] [zhtiG#1] Wolfy: said "/-+adminmenu"
[20:11:06] [zhtiG#1] Wolfy: said "/-+adminmenu"
[20:25:17] [zhtiG#1] Wolfy: enabled noclip
[20:25:17] [zhtiG#1] Wolfy: became mortal (standard mode)
[20:25:20] [zhtiG#1] Wolfy: enabled noclip
[20:25:34] [zhtiG#1] Wolfy: said "/novlip"
[20:25:42] [zhtiG#1] Wolfy: became mortal (standard mode)
[20:25:43] [zhtiG#1] Wolfy: enabled noclip
[20:25:45] [zhtiG#1] Wolfy: became mortal (standard mode)
[20:28:34] [zhtiG#1] Wolfy: said "/-+adminmenu"
[20:29:57] [zhtiG#1] Wolfy: said "/-+adminmenu"
[20:30:01] [zhtiG#1] Wolfy: said "/-+adminmenu"
[20:30:16] [zhtiG#1] Wolfy: said "/-+adminmenu"
[20:30:20] [zhtiG#1] Wolfy: said "/-+adminmenu"
[20:30:35] [zhtiG#1] Wolfy: said "/-+adminmenu"
[20:31:32] [zhtiG#1] Wolfy: enabled noclip
[20:31:33] [zhtiG#1] Wolfy: became mortal (standard mode)
[20:31:36] [zhtiG#1] Wolfy: said "/-+adminmenu"
[20:37:40] [zhtiG#1] Wolfy: said "/-+adminmenu"
[20:37:52] [zhtiG#1] Wolfy: said "/-+adminmenu"
[20:37:59] [zhtiG#1] Wolfy: said "/-+adminmenu"
[20:38:07] [zhtiG#1] Wolfy: said "/-+adminmenu"
[20:38:14] [zhtiG#1] Wolfy: said "/-+adminmenu"
[20:42:01] [zhtiG#1] Wolfy: said "/-+adminmenu"
[20:42:31] [zhtiG#1] Wolfy: enabled noclip
[20:42:31] [zhtiG#1] Wolfy: became mortal (standard mode)
[20:43:53] [zhtiG#1] Wolfy: enabled noclip
[20:43:54] [zhtiG#1] Wolfy: became mortal (standard mode)
[20:43:56] [zhtiG#1] Wolfy: died from suicide (Falling)
[20:44:28] [zhtiG#1] Wolfy: said "/-+adminmenu"
[20:44:35] [zhtiG#1] Wolfy: said "/-+adminmenu"
[20:44:46] [zhtiG#1] Wolfy: enabled noclip
[20:44:46] [zhtiG#1] Wolfy: became mortal (standard mode)
[20:44:51] [zhtiG#1] Wolfy: died from suicide (Falling)
[20:45:29] [zhtiG#1] Wolfy: said "/-+adminmenu"
[20:45:38] [zhtiG#1] Wolfy: said "/-+adminmenu"
[20:45:55] [zhtiG#1] Wolfy: said "/-+adminmenu"
[20:46:04] [zhtiG#1] Wolfy: said "/-+adminmenu"
[20:46:10] [zhtiG#1] Wolfy: said "/-+adminmenu"
[20:46:26] [zhtiG#1] Wolfy: said "/-+adminmenu"
[20:47:35] [zhtiG#1] Wolfy: said "/-+adminmenu"
[20:47:51] [zhtiG#1] Wolfy: said "/-+adminmenu"
[20:48:14] [zhtiG#1] Wolfy: said "/-+adminmenu"
[20:50:15] [zhtiG#1] Wolfy: said "/-+adminmenu"
[20:50:43] [zhtiG#1] Wolfy: enabled noclip
[20:50:46] [zhtiG#1] Wolfy: became mortal (standard mode)
[20:50:50] [zhtiG#1] Wolfy: said "/-+adminmenu"
[20:58:22] [zhtiG#1] Wolfy: said "/-+adminmenu"
[20:58:26] [zhtiG#1] Wolfy: said "/-+adminmenu"
[20:59:07] [zhtiG#1] Wolfy: said "/-+adminmenu"
[20:59:48] [zhtiG#1] Wolfy: said "/-+adminmenu"
[21:00:14] [zhtiG#1] Wolfy: said "/-+adminmenu"
[21:05:18] [zhtiG#1] Wolfy: said "/-+adminmenu"
[21:06:00] [zhtiG#1] Wolfy: said "/-+adminmenu"
[21:08:20] [zhtiG#1] Wolfy: said "/-+adminmenu"
[21:13:18] [zhtiG#1] Wolfy: said "/-+adminmenu"
[21:13:48] [zhtiG#1] Wolfy: said "/-+adminmenu"
[21:14:22] [zhtiG#1] Wolfy: said "/-+adminmenu"
[21:16:37] [zhtiG#1] Wolfy: said "/-+adminmenu"
[21:17:07] [zhtiG#1] Wolfy: said "/-+adminmenu"
[21:17:27] [zhtiG#1] Wolfy: disconnected (Exiting)

================================================================
======== txAdmin Starting - 12/10/2023, 21:17:31                
================================================================
[21:17:49] txAdmin: Logger started
[21:17:51] [Lm7QF#1] Wolfy: joined with identifiers [license:525fa2ba075115294b0606735621fca0282600d0; xbl:2535450397870124; live:844425512482730; discord:1088163855819092119; fivem:6862164; license2:719ea9efd4a6e5f19a4005effb58b60b1e6b0aaa]
[21:18:19] [Lm7QF#1] Wolfy: said "/-+adminmenu"
[21:20:14] [Lm7QF#1] Wolfy: said "/-+adminmenu"
[21:20:50] [Lm7QF#1] Wolfy: said "/-+adminmenu"
[21:20:52] [Lm7QF#1] Wolfy: enabled noclip
[21:20:52] [Lm7QF#1] Wolfy: became mortal (standard mode)
[21:20:54] [Lm7QF#1] Wolfy: said "/-+adminmenu"
[21:25:40] [Lm7QF#1] Wolfy: disconnected (Exiting)

================================================================
======== txAdmin Starting - 12/10/2023, 21:28:16                
================================================================
[21:28:31] txAdmin: Logger started
[21:29:15] txAdmin: Logger started
[21:29:19] [DGUje#1] Wolfy Dev: joined with identifiers [license:525fa2ba075115294b0606735621fca0282600d0; xbl:2535450397870124; live:844425512482730; discord:1012804832777744434; fivem:6862164; license2:719ea9efd4a6e5f19a4005effb58b60b1e6b0aaa]
[21:29:52] [DGUje#1] Wolfy Dev: said "/-+adminmenu"
[21:30:41] [DGUje#1] Wolfy Dev: said "/-+adminmenu"
[21:31:30] [DGUje#1] Wolfy Dev: said "/-+adminmenu"
[21:41:13] [DGUje#1] Wolfy Dev: said "/-+adminmenu"
[21:41:58] [DGUje#1] Wolfy Dev: said "/-+adminmenu"
[21:43:39] [DGUje#1] Wolfy Dev: said "/-+adminmenu"
[21:45:07] [DGUje#1] Wolfy Dev: said "/-+adminmenu"
[21:45:16] [DGUje#1] Wolfy Dev: said "/-+adminmenu"
[21:46:03] [DGUje#1] Wolfy Dev: said "/-+adminmenu"
[21:46:39] [DGUje#1] Wolfy Dev: said "/-+adminmenu"
[21:46:51] [DGUje#1] Wolfy Dev: said "/-+adminmenu"
[21:46:59] [DGUje#1] Wolfy Dev: enabled noclip
[21:47:01] [DGUje#1] Wolfy Dev: became mortal (standard mode)
[21:47:01] [DGUje#1] Wolfy Dev: said "/-+adminmenu"
[21:47:07] [DGUje#1] Wolfy Dev: said "/-+adminmenu"
[21:47:16] [DGUje#1] Wolfy Dev: said "/-+adminmenu"
[21:47:20] [DGUje#1] Wolfy Dev: said "/-+adminmenu"
[21:47:31] [DGUje#1] Wolfy Dev: said "/-+adminmenu"
[21:49:31] [DGUje#1] Wolfy Dev: said "/-+adminmenu"
[21:49:41] [DGUje#1] Wolfy Dev: said "/-+adminmenu"
[21:49:55] [DGUje#1] Wolfy Dev: said "/-+adminmenu"
[21:50:01] [DGUje#1] Wolfy Dev: said "/-+adminmenu"
[21:50:05] [DGUje#1] Wolfy Dev: said "/-+adminmenu"
[21:50:10] [DGUje#1] Wolfy Dev: said "/-+adminmenu"
[21:50:16] [DGUje#1] Wolfy Dev: said "/-+adminmenu"
[21:50:22] [DGUje#1] Wolfy Dev: said "/-+adminmenu"
[21:50:31] [DGUje#1] Wolfy Dev: said "/-+adminmenu"
[21:50:42] [DGUje#1] Wolfy Dev: said "/-+adminmenu"
[21:50:45] [DGUje#1] Wolfy Dev: said "/-+adminmenu"
[21:50:50] [DGUje#1] Wolfy Dev: said "/-+adminmenu"
[21:50:53] [DGUje#1] Wolfy Dev: said "/-+adminmenu"
[21:51:06] [DGUje#1] Wolfy Dev: said "/-+adminmenu"
[21:51:13] [DGUje#1] Wolfy Dev: said "/-+adminmenu"
[21:51:19] [DGUje#1] Wolfy Dev: said "/-+adminmenu"
[21:51:27] [DGUje#1] Wolfy Dev: said "/-+adminmenu"
[21:51:54] [DGUje#1] Wolfy Dev: said "/-+adminmenu"
[21:51:57] [DGUje#1] Wolfy Dev: said "/-+adminmenu"
[21:52:17] [DGUje#1] Wolfy Dev: said "/-+adminmenu"
[21:52:23] [DGUje#1] Wolfy Dev: said "/-+adminmenu"
[21:52:32] [DGUje#1] Wolfy Dev: said "/-+adminmenu"
[21:52:41] [DGUje#1] Wolfy Dev: said "/-+adminmenu"
[21:52:52] [DGUje#1] Wolfy Dev: said "/-+adminmenu"
[21:52:57] [DGUje#1] Wolfy Dev: enabled noclip
[21:52:58] [DGUje#1] Wolfy Dev: became mortal (standard mode)
[21:53:03] [DGUje#1] Wolfy Dev: said "/-+adminmenu"
[21:53:07] [DGUje#1] Wolfy Dev: said "/-+adminmenu"
[21:53:14] [DGUje#1] Wolfy Dev: said "/-+adminmenu"
[21:53:20] [DGUje#1] Wolfy Dev: said "/-+adminmenu"
[21:53:26] [DGUje#1] Wolfy Dev: said "/-+adminmenu"
[21:53:32] [DGUje#1] Wolfy Dev: said "/-+adminmenu"
[21:53:40] [DGUje#1] Wolfy Dev: said "/-+adminmenu"
[21:53:43] [DGUje#1] Wolfy Dev: said "/-+adminmenu"
[21:53:49] [DGUje#1] Wolfy Dev: said "/-+adminmenu"
[21:54:00] [DGUje#1] Wolfy Dev: said "/-+adminmenu"
[21:54:13] [DGUje#1] Wolfy Dev: said "/-+adminmenu"
[21:54:19] [DGUje#1] Wolfy Dev: said "/-+adminmenu"
[21:54:28] [DGUje#1] Wolfy Dev: said "/-+adminmenu"
[21:54:33] [DGUje#1] Wolfy Dev: said "/-+adminmenu"
[21:54:35] [DGUje#1] Wolfy Dev: said "/-+adminmenu"
[21:55:09] [DGUje#1] Wolfy Dev: said "/-+adminmenu"
[21:56:38] [DGUje#1] Wolfy Dev: said "/noclip"
[21:57:30] [DGUje#1] Wolfy Dev: said "/-+adminmenu"
[21:57:35] [DGUje#1] Wolfy Dev: said "/-+adminmenu"
[21:57:38] [DGUje#1] Wolfy Dev: said "/-+adminmenu"
[21:57:44] [DGUje#1] Wolfy Dev: said "/-+adminmenu"
[22:11:05] [DGUje#1] Wolfy Dev: enabled noclip
[22:11:10] [DGUje#1] Wolfy Dev: became mortal (standard mode)
[22:11:12] [DGUje#1] Wolfy Dev: enabled noclip

================================================================
======== txAdmin Starting - 12/10/2023, 22:38:23                
================================================================
[22:38:27] txAdmin: Logger started
[22:38:54] [YfxqP#1] Wolfy Dev: joined with identifiers [license:525fa2ba075115294b0606735621fca0282600d0; xbl:2535450397870124; live:844425512482730; discord:1088163855819092119; fivem:6862164; license2:719ea9efd4a6e5f19a4005effb58b60b1e6b0aaa]
[22:39:26] [YfxqP#1] Wolfy Dev: enabled noclip
[22:39:33] [YfxqP#1] Wolfy Dev: became mortal (standard mode)
[22:39:37] [YfxqP#1] Wolfy Dev: enabled noclip
[22:39:37] [YfxqP#1] Wolfy Dev: became mortal (standard mode)
[22:39:49] [YfxqP#1] Wolfy Dev: said "/-+adminmenu"
[22:39:58] [YfxqP#1] Wolfy Dev: enabled noclip
[22:39:59] [YfxqP#1] Wolfy Dev: became mortal (standard mode)
[22:40:00] [YfxqP#1] Wolfy Dev: said "/-+adminmenu"
[22:40:03] [YfxqP#1] Wolfy Dev: said "/-+adminmenu"
[22:40:06] [YfxqP#1] Wolfy Dev: enabled noclip
[22:40:07] [YfxqP#1] Wolfy Dev: became mortal (standard mode)
[22:40:08] [YfxqP#1] Wolfy Dev: said "/-+adminmenu"
[22:40:14] [YfxqP#1] Wolfy Dev: said "/-+adminmenu"
[22:40:19] [YfxqP#1] Wolfy Dev: said "/-+adminmenu"
[22:40:22] [YfxqP#1] Wolfy Dev: said "/-+adminmenu"
[22:40:24] [YfxqP#1] Wolfy Dev: said "/-+adminmenu"
[22:40:29] [YfxqP#1] Wolfy Dev: said "/-+adminmenu"
[22:40:32] [YfxqP#1] Wolfy Dev: said "/-+adminmenu"
[22:40:37] [YfxqP#1] Wolfy Dev: said "/-+adminmenu"
[22:40:41] [YfxqP#1] Wolfy Dev: said "/-+adminmenu"
[22:40:43] [YfxqP#1] Wolfy Dev: said "/-+adminmenu"
[22:40:55] [YfxqP#1] Wolfy Dev: said "/-+adminmenu"
[22:41:00] [YfxqP#1] Wolfy Dev: said "/-+adminmenu"
[22:41:05] [YfxqP#1] Wolfy Dev: said "/-+adminmenu"
[22:41:17] [YfxqP#1] Wolfy Dev: said "/-+adminmenu"
[22:41:45] [YfxqP#1] Wolfy Dev: said "/-+adminmenu"
[22:41:55] [YfxqP#1] Wolfy Dev: said "/-+adminmenu"
[22:42:01] [YfxqP#1] Wolfy Dev: said "/-+adminmenu"
[22:42:07] [YfxqP#1] Wolfy Dev: said "/-+adminmenu"
[22:42:12] [YfxqP#1] Wolfy Dev: said "/-+adminmenu"
[22:42:15] [YfxqP#1] Wolfy Dev: said "/-+adminmenu"
[22:42:25] [YfxqP#1] Wolfy Dev: said "/-+adminmenu"
[22:42:46] [YfxqP#1] Wolfy Dev: said "/-+adminmenu"
[22:42:51] [YfxqP#1] Wolfy Dev: enabled noclip
[22:42:52] [YfxqP#1] Wolfy Dev: became mortal (standard mode)
[22:42:58] [YfxqP#1] Wolfy Dev: said "/-+adminmenu"
[22:43:00] [YfxqP#1] Wolfy Dev: said "/-+adminmenu"
[22:43:12] [YfxqP#1] Wolfy Dev: said "/-+adminmenu"
[22:43:26] [YfxqP#1] Wolfy Dev: said "/-+adminmenu"
[22:43:32] [YfxqP#1] Wolfy Dev: said "/-+adminmenu"
[22:43:39] [YfxqP#1] Wolfy Dev: said "/-+adminmenu"
[22:43:49] [YfxqP#1] Wolfy Dev: said "/-+adminmenu"
[22:43:57] [YfxqP#1] Wolfy Dev: said "/-+adminmenu"
[22:44:06] [YfxqP#1] Wolfy Dev: said "/-+adminmenu"
[22:44:09] [YfxqP#1] Wolfy Dev: said "/-+adminmenu"
[22:44:18] [YfxqP#1] Wolfy Dev: said "/-+adminmenu"
[22:44:30] [YfxqP#1] Wolfy Dev: said "/-+adminmenu"
[22:44:44] [YfxqP#1] Wolfy Dev: said "/-+adminmenu"
[22:44:51] [YfxqP#1] Wolfy Dev: said "/-+adminmenu"
[22:45:39] [YfxqP#1] Wolfy Dev: said "/-+adminmenu"
[22:45:44] [YfxqP#1] Wolfy Dev: said "/-+adminmenu"
[22:45:50] [YfxqP#1] Wolfy Dev: said "/-+adminmenu"
[22:52:06] [YfxqP#1] Wolfy Dev: repaired their vehicle
[22:52:47] [YfxqP#1] Wolfy Dev: repaired their vehicle
[23:12:46] [YfxqP#1] Wolfy Dev: repaired their vehicle
[23:14:05] [YfxqP#1] Wolfy Dev: repaired their vehicle
[23:18:46] [YfxqP#1] Wolfy Dev: repaired their vehicle
[23:25:41] [YfxqP#1] Wolfy Dev: enabled noclip
[23:25:43] [YfxqP#1] Wolfy Dev: became mortal (standard mode)
[23:26:13] [YfxqP#1] Wolfy Dev: repaired their vehicle
[23:26:20] [YfxqP#1] Wolfy Dev: repaired their vehicle
[23:29:34] [YfxqP#1] Wolfy Dev: enabled noclip
[23:29:35] [YfxqP#1] Wolfy Dev: became mortal (standard mode)
[23:39:57] [YfxqP#1] Wolfy Dev: said "/-+adminmenu"
[23:40:52] [YfxqP#1] Wolfy Dev: said "/-+adminmenu"
[23:41:02] [YfxqP#1] Wolfy Dev: said "/-+adminmenu"
[23:42:11] [YfxqP#1] Wolfy Dev: said "/-+adminmenu"
[23:42:49] [YfxqP#1] Wolfy Dev: said "/-+adminmenu"
[23:47:40] [YfxqP#1] Wolfy Dev: enabled noclip
