
================================================================
======== txAdmin Starting - 21/10/2023, 19:32:57                
================================================================

================================================================
======== Log Rotated - 21/10/2023, 19:32:57                     
================================================================
[19:33:01] txAdmin: Logger started
[19:33:28] [HrVc9#1] Wolfy Dev: joined with identifiers [license:525fa2ba075115294b0606735621fca0282600d0; xbl:2535450397870124; live:844425512482730; discord:1088163855819092119; fivem:6862164; license2:719ea9efd4a6e5f19a4005effb58b60b1e6b0aaa]
[19:33:59] [HrVc9#1] Wolfy Dev: enabled noclip
[19:34:04] [HrVc9#1] Wolfy Dev: became mortal (standard mode)
[19:42:00] [HrVc9#1] Wolfy Dev: said "/Saler"
[19:45:15] [HrVc9#1] Wolfy Dev: said "/-+adminmenu"
[19:45:25] [HrVc9#1] Wolfy Dev: said "/-+adminmenu"
[19:45:33] [HrVc9#1] Wolfy Dev: said "/-+adminmenu"
[19:46:36] [HrVc9#1] Wolfy Dev: enabled noclip
[19:46:37] [HrVc9#1] Wolfy Dev: became mortal (standard mode)
[19:46:38] [HrVc9#1] Wolfy Dev: said "/-+adminmenu"
[20:02:22] [HrVc9#1] Wolfy Dev: repaired their vehicle
[20:23:26] [HrVc9#1] Wolfy Dev: repaired their vehicle
[20:28:25] [HrVc9#1] Wolfy Dev: repaired their vehicle
[20:34:38] [HrVc9#1] Wolfy Dev: said "/quitg"
[20:34:40] [HrVc9#1] Wolfy Dev: disconnected (Exiting)
