
================================================================
======== Log Rotated - 14/10/2023, 00:00:00                     
================================================================
[00:02:01] [rwcPJ#1] Wolfy Dev: died from suicide (Falling)
[00:49:39] [rwcPJ#1] Wolfy Dev: said "/-+adminmenu"
[00:49:51] [rwcPJ#1] Wolfy Dev: enabled noclip
[00:49:54] [rwcPJ#1] Wolfy Dev: became mortal (standard mode)
[01:27:45] [rwcPJ#1] Wolfy Dev: said "/-+adminmenu"
[01:27:54] [rwcPJ#1] Wolfy Dev: said "/-+adminmenu"
[02:12:12] [rwcPJ#1] Wolfy Dev: enabled noclip
[02:12:19] [rwcPJ#1] Wolfy Dev: became mortal (standard mode)
[02:15:04] [rwcPJ#1] Wolfy Dev: died from suicide (Falling)
[02:33:10] [rwcPJ#1] Wolfy Dev: said "/reviver me"
[02:33:16] [rwcPJ#1] Wolfy Dev: enabled noclip
[02:33:17] [rwcPJ#1] Wolfy Dev: became mortal (standard mode)

================================================================
======== txAdmin Starting - 14/10/2023, 14:08:51                
================================================================
[14:09:03] txAdmin: Logger started
[14:09:22] [mcTLT#1] Wolfy Dev: joined with identifiers [license:525fa2ba075115294b0606735621fca0282600d0; xbl:2535450397870124; live:844425512482730; discord:1088163855819092119; fivem:6862164; license2:719ea9efd4a6e5f19a4005effb58b60b1e6b0aaa]
[14:31:36] [mcTLT#1] Wolfy Dev: said "/-+adminmenu"
[14:31:39] [mcTLT#1] Wolfy Dev: said "/-+adminmenu"
[14:31:41] [mcTLT#1] Wolfy Dev: said "/-+adminmenu"
[14:32:08] [mcTLT#1] Wolfy Dev: said "/-+adminmenu"
[14:32:13] [mcTLT#1] Wolfy Dev: said "/-+adminmenu"
[14:32:30] [mcTLT#1] Wolfy Dev: caused an explosion (BLIMP)
[14:32:30] [mcTLT#1] Wolfy Dev: caused an explosion (BLIMP)
[14:32:30] [mcTLT#1] Wolfy Dev: caused an explosion (BLIMP)
[14:32:30] [mcTLT#1] Wolfy Dev: caused an explosion (BLIMP)
[15:12:53] [mcTLT#1] Wolfy Dev: said "/-+adminmenu"
[18:01:57] [mcTLT#1] Wolfy Dev: died from suicide (Falling)
[18:02:10] [mcTLT#1] Wolfy Dev: said "/-+adminmenu"
[20:27:34] [mcTLT#1] Wolfy Dev: said "/-+adminmenu"
[20:28:01] [mcTLT#1] Wolfy Dev: said "/-+adminmenu"
[20:28:06] [mcTLT#1] Wolfy Dev: enabled noclip
[20:28:06] [mcTLT#1] Wolfy Dev: became mortal (standard mode)
[20:28:09] [mcTLT#1] Wolfy Dev: said "/-+adminmenu"
[20:28:17] [mcTLT#1] Wolfy Dev: said "/-+adminmenu"
[20:28:20] [mcTLT#1] Wolfy Dev: said "/-+adminmenu"
[20:28:22] [mcTLT#1] Wolfy Dev: said "/-+adminmenu"
[20:28:23] [mcTLT#1] Wolfy Dev: said "/-+adminmenu"
[20:28:28] [mcTLT#1] Wolfy Dev: said "/-+adminmenu"
[20:28:35] [mcTLT#1] Wolfy Dev: said "/-+adminmenu"
[20:28:38] [mcTLT#1] Wolfy Dev: said "/-+adminmenu"
[20:28:40] [mcTLT#1] Wolfy Dev: said "/-+adminmenu"
[20:28:53] [mcTLT#1] Wolfy Dev: said "/-+adminmenu"
[20:28:56] [mcTLT#1] Wolfy Dev: said "/-+adminmenu"
[20:29:25] [mcTLT#1] Wolfy Dev: said "/-+adminmenu"
[20:29:33] [mcTLT#1] Wolfy Dev: said "/-+adminmenu"
[20:29:39] [mcTLT#1] Wolfy Dev: said "/-+adminmenu"
[20:29:48] [mcTLT#1] Wolfy Dev: said "/-+adminmenu"
[20:29:53] [mcTLT#1] Wolfy Dev: said "/-+adminmenu"
[20:29:56] [mcTLT#1] Wolfy Dev: said "/-+adminmenu"
[20:30:10] [mcTLT#1] Wolfy Dev: said "/-+adminmenu"
[20:30:21] [mcTLT#1] Wolfy Dev: said "/-+adminmenu"
[20:30:28] [mcTLT#1] Wolfy Dev: said "/-+adminmenu"
[20:30:50] [mcTLT#1] Wolfy Dev: said "/-+adminmenu"
[20:30:56] [mcTLT#1] Wolfy Dev: said "/-+adminmenu"
[20:31:01] [mcTLT#1] Wolfy Dev: said "/-+adminmenu"
[20:31:10] [mcTLT#1] Wolfy Dev: said "/-+adminmenu"
[20:31:16] [mcTLT#1] Wolfy Dev: said "/-+adminmenu"
[20:31:30] [mcTLT#1] Wolfy Dev: said "/-+adminmenu"
[20:31:40] [mcTLT#1] Wolfy Dev: said "/-+adminmenu"
[20:31:44] [mcTLT#1] Wolfy Dev: said "/-+adminmenu"
[20:31:54] [mcTLT#1] Wolfy Dev: said "/-+adminmenu"
[20:31:58] [mcTLT#1] Wolfy Dev: enabled noclip
[20:32:00] [mcTLT#1] Wolfy Dev: became mortal (standard mode)
[20:32:00] [mcTLT#1] Wolfy Dev: said "/-+adminmenu"
[20:32:23] [mcTLT#1] Wolfy Dev: said "/-+adminmenu"
[20:32:26] [mcTLT#1] Wolfy Dev: said "/-+adminmenu"
[20:32:34] [mcTLT#1] Wolfy Dev: said "/-+adminmenu"
[20:32:40] [mcTLT#1] Wolfy Dev: said "/-+adminmenu"
[20:32:45] [mcTLT#1] Wolfy Dev: said "/-+adminmenu"
[20:32:52] [mcTLT#1] Wolfy Dev: enabled noclip
[20:32:59] [mcTLT#1] Wolfy Dev: became mortal (standard mode)
[20:33:00] [mcTLT#1] Wolfy Dev: said "/-+adminmenu"
[20:33:09] [mcTLT#1] Wolfy Dev: said "/-+adminmenu"
[20:33:15] [mcTLT#1] Wolfy Dev: said "/-+adminmenu"
[20:33:21] [mcTLT#1] Wolfy Dev: said "/-+adminmenu"
[20:33:41] [mcTLT#1] Wolfy Dev: said "/-+adminmenu"
[20:33:45] [mcTLT#1] Wolfy Dev: said "/-+adminmenu"
[20:34:03] [mcTLT#1] Wolfy Dev: enabled noclip
[20:34:04] [mcTLT#1] Wolfy Dev: became mortal (standard mode)
[20:34:21] [mcTLT#1] Wolfy Dev: said "/-+adminmenu"
[20:34:29] [mcTLT#1] Wolfy Dev: said "/-+adminmenu"
[20:34:34] [mcTLT#1] Wolfy Dev: said "/-+adminmenu"
[20:34:51] [mcTLT#1] Wolfy Dev: enabled noclip
[20:35:03] [mcTLT#1] Wolfy Dev: became mortal (standard mode)
[21:53:38] [mcTLT#1] Wolfy Dev: died from suicide (Falling)
[22:25:47] [mcTLT#1] Wolfy Dev: said "/-+adminmenu"
[22:25:52] [mcTLT#1] Wolfy Dev: enabled noclip
[22:25:59] [mcTLT#1] Wolfy Dev: became mortal (standard mode)
[22:34:58] [mcTLT#1] Wolfy Dev: enabled god mode
[22:35:00] [mcTLT#1] Wolfy Dev: enabled noclip
[22:35:00] [mcTLT#1] Wolfy Dev: became mortal (standard mode)
[22:35:05] [mcTLT#1] Wolfy Dev: died from suicide (Falling)
