
================================================================
======== txAdmin Starting - 13/09/2023, 16:40:45                
================================================================

================================================================
======== Log Rotated - 13/09/2023, 16:40:45                     
================================================================
[16:41:03] txAdmin: Logger started
[16:42:07] [eYhdw#1] Wolfy: joined with identifiers [license:525fa2ba075115294b0606735621fca0282600d0; xbl:2535450397870124; live:844425512482730; discord:1134859419520352256; fivem:6862164; license2:719ea9efd4a6e5f19a4005effb58b60b1e6b0aaa]
[16:42:45] [eYhdw#1] Wolfy: disconnected (Exiting)

================================================================
======== txAdmin Starting - 13/09/2023, 16:44:47                
================================================================
[16:44:59] txAdmin: Logger started
[16:45:15] txAdmin: Logger started
[16:45:27] [ePmQM#1] Wolfy: joined with identifiers [license:525fa2ba075115294b0606735621fca0282600d0; xbl:2535450397870124; live:844425512482730; discord:1134859419520352256; fivem:6862164; license2:719ea9efd4a6e5f19a4005effb58b60b1e6b0aaa]
[16:46:03] [ePmQM#1] Wolfy: enabled noclip
[16:46:07] [ePmQM#1] Wolfy: became mortal (standard mode)
[16:48:12] [ePmQM#1] Wolfy: enabled noclip
[16:48:13] [ePmQM#1] Wolfy: became mortal (standard mode)
[16:54:31] [ePmQM#1] Wolfy: enabled noclip
[16:54:39] [ePmQM#1] Wolfy: became mortal (standard mode)
[16:54:40] [ePmQM#1] Wolfy: enabled noclip
[16:54:40] [ePmQM#1] Wolfy: became mortal (standard mode)
[16:57:59] [ePmQM#1] Wolfy: enabled noclip
[16:58:08] [ePmQM#1] Wolfy: became mortal (standard mode)
[16:58:28] [ePmQM#1] Wolfy: enabled noclip
[16:58:50] [ePmQM#1] Wolfy: became mortal (standard mode)
[17:02:00] [ePmQM#1] Wolfy: enabled noclip
[17:02:03] [ePmQM#1] Wolfy: became mortal (standard mode)
[17:02:04] [ePmQM#1] Wolfy: enabled noclip
[17:02:04] [ePmQM#1] Wolfy: became mortal (standard mode)
[17:02:06] [ePmQM#1] Wolfy: enabled noclip
[17:02:07] [ePmQM#1] Wolfy: became mortal (standard mode)
[17:03:19] [ePmQM#1] Wolfy: enabled noclip
[17:05:11] [ePmQM#1] Wolfy: became mortal (standard mode)
[17:05:16] [ePmQM#1] Wolfy: enabled noclip
[17:05:17] [ePmQM#1] Wolfy: became mortal (standard mode)
[17:05:55] [ePmQM#1] Wolfy: enabled noclip
[17:05:57] [ePmQM#1] Wolfy: became mortal (standard mode)
[17:11:19] [ePmQM#1] Wolfy: enabled noclip
[17:11:25] [ePmQM#1] Wolfy: became mortal (standard mode)
[17:13:07] [ePmQM#1] Wolfy: enabled noclip
[17:14:04] [ePmQM#1] Wolfy: became mortal (standard mode)
[17:14:18] [ePmQM#1] Wolfy: enabled noclip
[17:14:18] [ePmQM#1] Wolfy: became mortal (standard mode)
[17:15:59] [ePmQM#1] Wolfy: enabled noclip
[17:16:05] [ePmQM#1] Wolfy: became mortal (standard mode)
[17:16:31] [ePmQM#1] Wolfy: enabled noclip
[17:16:32] [ePmQM#1] Wolfy: became mortal (standard mode)
[17:16:33] [ePmQM#1] Wolfy: enabled noclip
[17:16:34] [ePmQM#1] Wolfy: became mortal (standard mode)
[17:16:35] [ePmQM#1] Wolfy: enabled noclip
[17:16:44] [ePmQM#1] Wolfy: became mortal (standard mode)
[17:16:44] [ePmQM#1] Wolfy: enabled noclip
[17:16:45] [ePmQM#1] Wolfy: became mortal (standard mode)
[17:17:46] [ePmQM#1] Wolfy: disconnected (Exiting)
