
================================================================
======== txAdmin Starting - 21/09/2023, 01:36:29                
================================================================

================================================================
======== Log Rotated - 21/09/2023, 01:36:29                     
================================================================
[01:36:53] txAdmin: Logger started
[01:36:58] [7EiNJ#1] Wolfy: joined with identifiers [license:525fa2ba075115294b0606735621fca0282600d0; xbl:2535450397870124; live:844425512482730; discord:1012804832777744434; fivem:6862164; license2:719ea9efd4a6e5f19a4005effb58b60b1e6b0aaa]
[01:37:30] [7EiNJ#1] Wolfy: enabled noclip
[01:37:32] [7EiNJ#1] Wolfy: became mortal (standard mode)
[01:37:56] [7EiNJ#1] Wolfy: died from suicide (Falling)
[02:39:38] [7EiNJ#1] Wolfy: disconnected (Exiting)

================================================================
======== txAdmin Starting - 21/09/2023, 03:03:13                
================================================================
[03:03:38] txAdmin: Logger started
[03:05:24] txAdmin: Logger started
[03:05:29] [tEpdP#1] Wolfy: joined with identifiers [license:525fa2ba075115294b0606735621fca0282600d0; xbl:2535450397870124; live:844425512482730; discord:1012804832777744434; fivem:6862164; license2:719ea9efd4a6e5f19a4005effb58b60b1e6b0aaa]
[03:06:08] [tEpdP#1] Wolfy: enabled noclip
[03:06:22] [tEpdP#1] Wolfy: became mortal (standard mode)

================================================================
======== txAdmin Starting - 21/09/2023, 04:28:57                
================================================================
[04:29:06] txAdmin: Logger started
[04:29:21] [nqLVK#1] Wolfy: joined with identifiers [license:525fa2ba075115294b0606735621fca0282600d0; xbl:2535450397870124; live:844425512482730; discord:1134859419520352256; fivem:6862164; license2:719ea9efd4a6e5f19a4005effb58b60b1e6b0aaa]
[04:44:29] [nqLVK#1] Wolfy: enabled noclip
[04:44:32] [nqLVK#1] Wolfy: became mortal (standard mode)
[05:15:20] [nqLVK#1] Wolfy: enabled noclip
[05:15:22] [nqLVK#1] Wolfy: became mortal (standard mode)
[05:16:58] [nqLVK#1] Wolfy: disconnected (Game crashed: <<unknown pool>> Pool Full, Size == 256)
[05:17:54] [nqLVK#2] Wolfy: joined with identifiers [license:525fa2ba075115294b0606735621fca0282600d0; xbl:2535450397870124; live:844425512482730; discord:1134859419520352256; fivem:6862164; license2:719ea9efd4a6e5f19a4005effb58b60b1e6b0aaa]
[05:18:33] [nqLVK#2] Wolfy: teleported to coordinates (x=0.000, y=0.000, z=0.000)
[05:18:37] [nqLVK#2] Wolfy: enabled noclip
[05:18:40] [nqLVK#2] Wolfy: became mortal (standard mode)
[05:20:17] [nqLVK#2] Wolfy: enabled noclip
[05:20:19] [nqLVK#2] Wolfy: became mortal (standard mode)
[05:31:26] [nqLVK#2] Wolfy: enabled noclip
[05:31:28] [nqLVK#2] Wolfy: became mortal (standard mode)
[05:31:29] [nqLVK#2] Wolfy: enabled noclip
[05:31:30] [nqLVK#2] Wolfy: became mortal (standard mode)
[05:31:46] [nqLVK#2] Wolfy: enabled noclip
[05:31:48] [nqLVK#2] Wolfy: became mortal (standard mode)
[05:39:27] [nqLVK#2] Wolfy: disconnected (Exiting)

================================================================
======== txAdmin Starting - 21/09/2023, 05:39:30                
================================================================
[05:39:37] txAdmin: Logger started
[05:39:41] [NyG8c#1] Wolfy: joined with identifiers [license:525fa2ba075115294b0606735621fca0282600d0; xbl:2535450397870124; live:844425512482730; discord:1134859419520352256; fivem:6862164; license2:719ea9efd4a6e5f19a4005effb58b60b1e6b0aaa]
[05:43:33] [NyG8c#1] Wolfy: enabled noclip
[05:43:36] [NyG8c#1] Wolfy: became mortal (standard mode)

================================================================
======== txAdmin Starting - 21/09/2023, 12:39:37                
================================================================
[12:39:48] txAdmin: Logger started

================================================================
======== txAdmin Starting - 21/09/2023, 12:42:59                
================================================================
[12:43:04] txAdmin: Logger started
[12:43:14] [zq3fR#1] Wolfy: joined with identifiers [license:525fa2ba075115294b0606735621fca0282600d0; xbl:2535450397870124; live:844425512482730; discord:1012804832777744434; fivem:6862164; license2:719ea9efd4a6e5f19a4005effb58b60b1e6b0aaa]
[13:11:12] [zq3fR#1] Wolfy: enabled noclip
[13:11:14] [zq3fR#1] Wolfy: became mortal (standard mode)
[13:23:25] [zq3fR#1] Wolfy: enabled noclip
[13:23:26] [zq3fR#1] Wolfy: became mortal (standard mode)
[13:23:57] [zq3fR#1] Wolfy: disconnected (Exiting)

================================================================
======== txAdmin Starting - 21/09/2023, 13:24:00                
================================================================
[13:24:11] txAdmin: Logger started
[13:24:13] [LzHRD#1] Wolfy: joined with identifiers [license:525fa2ba075115294b0606735621fca0282600d0; xbl:2535450397870124; live:844425512482730; discord:1012804832777744434; fivem:6862164; license2:719ea9efd4a6e5f19a4005effb58b60b1e6b0aaa]
[13:25:20] [LzHRD#1] Wolfy: disconnected (Exiting)

================================================================
======== txAdmin Starting - 21/09/2023, 13:25:23                
================================================================
[13:25:28] txAdmin: Logger started
[13:25:33] [JGCqV#1] Wolfy: joined with identifiers [license:525fa2ba075115294b0606735621fca0282600d0; xbl:2535450397870124; live:844425512482730; discord:1012804832777744434; fivem:6862164; license2:719ea9efd4a6e5f19a4005effb58b60b1e6b0aaa]
[13:26:24] [JGCqV#1] Wolfy: enabled noclip
[13:26:25] [JGCqV#1] Wolfy: became mortal (standard mode)
[14:11:52] [JGCqV#1] Wolfy: died from suicide (Falling)
[14:28:25] [JGCqV#1] Wolfy: disconnected (Exiting)

================================================================
======== txAdmin Starting - 21/09/2023, 14:32:15                
================================================================
[14:32:21] txAdmin: Logger started
[14:32:51] [bhyGG#1] Wolfy: joined with identifiers [license:525fa2ba075115294b0606735621fca0282600d0; xbl:2535450397870124; live:844425512482730; discord:1012804832777744434; fivem:6862164; license2:719ea9efd4a6e5f19a4005effb58b60b1e6b0aaa]
[14:47:38] [bhyGG#1] Wolfy: enabled noclip
[14:47:40] [bhyGG#1] Wolfy: became mortal (standard mode)
[14:57:04] [bhyGG#1] Wolfy: enabled noclip
[14:57:05] [bhyGG#1] Wolfy: became mortal (standard mode)
[15:32:01] [bhyGG#1] Wolfy: enabled noclip
[15:32:09] [bhyGG#1] Wolfy: became mortal (standard mode)
[15:33:37] [bhyGG#1] Wolfy: enabled noclip
[15:33:39] [bhyGG#1] Wolfy: became mortal (standard mode)
[15:37:54] [bhyGG#1] Wolfy: enabled noclip
[15:38:39] [bhyGG#1] Wolfy: became mortal (standard mode)
[15:39:46] [bhyGG#1] Wolfy: enabled noclip
[15:41:55] [bhyGG#1] Wolfy: became mortal (standard mode)
[15:42:00] [bhyGG#1] Wolfy: enabled noclip
[15:54:12] [bhyGG#1] Wolfy: became mortal (standard mode)
[15:54:16] [bhyGG#1] Wolfy: enabled noclip
[15:54:21] [bhyGG#1] Wolfy: became mortal (standard mode)
[16:07:02] [bhyGG#1] Wolfy: disconnected (Exiting)

================================================================
======== txAdmin Starting - 21/09/2023, 16:41:37                
================================================================
[16:41:54] txAdmin: Logger started

================================================================
======== txAdmin Starting - 21/09/2023, 16:42:10                
================================================================
[16:42:15] txAdmin: Logger started
[16:43:06] txAdmin: Logger started
[16:43:11] [dVhyG#1] Wolfy: joined with identifiers [license:525fa2ba075115294b0606735621fca0282600d0; xbl:2535450397870124; live:844425512482730; discord:1012804832777744434; fivem:6862164; license2:719ea9efd4a6e5f19a4005effb58b60b1e6b0aaa]
[17:27:52] [dVhyG#1] Wolfy: said "/society"

================================================================
======== txAdmin Starting - 21/09/2023, 17:52:15                
================================================================
[17:52:24] txAdmin: Logger started
[17:52:34] [LT7Ut#1] Wolfy: joined with identifiers [license:525fa2ba075115294b0606735621fca0282600d0; xbl:2535450397870124; live:844425512482730; discord:1012804832777744434; fivem:6862164; license2:719ea9efd4a6e5f19a4005effb58b60b1e6b0aaa]
[17:54:25] [LT7Ut#1] Wolfy: enabled noclip
[17:54:35] [LT7Ut#1] Wolfy: became mortal (standard mode)
[17:54:39] [LT7Ut#1] Wolfy: enabled noclip
[17:54:42] [LT7Ut#1] Wolfy: became mortal (standard mode)
[17:54:44] [LT7Ut#1] Wolfy: enabled noclip
[17:54:46] [LT7Ut#1] Wolfy: became mortal (standard mode)
[17:55:26] [LT7Ut#1] Wolfy: enabled noclip
[17:55:29] [LT7Ut#1] Wolfy: became mortal (standard mode)
[17:55:30] [LT7Ut#1] Wolfy: enabled noclip
[17:55:30] [LT7Ut#1] Wolfy: became mortal (standard mode)
[18:00:11] [LT7Ut#1] Wolfy: died from suicide (Falling)
[18:00:29] [LT7Ut#1] Wolfy: said "/revive me"
[18:00:35] [LT7Ut#1] Wolfy: healed themself
[18:00:36] [LT7Ut#1] Wolfy: enabled noclip
[18:00:36] [LT7Ut#1] Wolfy: became mortal (standard mode)
[18:02:15] [LT7Ut#1] Wolfy: disconnected (Exiting)

================================================================
======== txAdmin Starting - 21/09/2023, 18:02:18                
================================================================
[18:02:25] txAdmin: Logger started
[18:02:28] [XyVpn#1] Wolfy: joined with identifiers [license:525fa2ba075115294b0606735621fca0282600d0; xbl:2535450397870124; live:844425512482730; discord:1012804832777744434; fivem:6862164; license2:719ea9efd4a6e5f19a4005effb58b60b1e6b0aaa]
[18:03:55] [XyVpn#1] Wolfy: enabled noclip
[18:04:02] [XyVpn#1] Wolfy: became mortal (standard mode)
[18:04:41] [XyVpn#1] Wolfy: enabled noclip
[18:04:44] [XyVpn#1] Wolfy: became mortal (standard mode)
[18:05:25] [XyVpn#1] Wolfy: enabled noclip
[18:05:29] [XyVpn#1] Wolfy: became mortal (standard mode)
[18:05:31] [XyVpn#1] Wolfy: enabled noclip
[18:05:33] [XyVpn#1] Wolfy: became mortal (standard mode)
[18:08:24] [XyVpn#1] Wolfy: said "/testSociety"
[19:57:10] [XyVpn#1] Wolfy: enabled noclip
[19:57:15] [XyVpn#1] Wolfy: became mortal (standard mode)
[19:57:26] [XyVpn#1] Wolfy: enabled noclip
[19:57:28] [XyVpn#1] Wolfy: became mortal (standard mode)
[19:58:34] [XyVpn#1] Wolfy: enabled noclip
[19:58:35] [XyVpn#1] Wolfy: became mortal (standard mode)
[20:06:50] [XyVpn#1] Wolfy: enabled noclip
[20:50:29] [XyVpn#1] Wolfy: died from suicide (Falling)
[20:54:14] [XyVpn#1] Wolfy: disconnected (Exiting)

================================================================
======== txAdmin Starting - 21/09/2023, 21:08:57                
================================================================
[21:09:02] txAdmin: Logger started
[21:09:26] [PAq8z#1] Wolfy: joined with identifiers [license:525fa2ba075115294b0606735621fca0282600d0; xbl:2535450397870124; live:844425512482730; discord:1012804832777744434; fivem:6862164; license2:719ea9efd4a6e5f19a4005effb58b60b1e6b0aaa]
[21:10:06] [PAq8z#1] Wolfy: enabled noclip
[21:10:08] [PAq8z#1] Wolfy: became mortal (standard mode)
[21:10:13] [PAq8z#1] Wolfy: died from suicide (Falling)

================================================================
======== txAdmin Starting - 21/09/2023, 21:10:44                
================================================================
[21:10:47] txAdmin: Logger started

================================================================
======== txAdmin Starting - 21/09/2023, 21:11:04                
================================================================
[21:11:08] txAdmin: Logger started
[21:11:47] [YgHJY#1] Wolfy: joined with identifiers [license:525fa2ba075115294b0606735621fca0282600d0; xbl:2535450397870124; live:844425512482730; discord:1012804832777744434; fivem:6862164; license2:719ea9efd4a6e5f19a4005effb58b60b1e6b0aaa]
[21:12:27] [YgHJY#1] Wolfy: enabled noclip
[21:12:29] [YgHJY#1] Wolfy: became mortal (standard mode)
[21:12:33] [YgHJY#1] Wolfy: died from suicide (Falling)
[21:19:38] [YgHJY#1] Wolfy: enabled noclip
[21:21:51] [YgHJY#1] Wolfy: became mortal (standard mode)
[21:22:13] [YgHJY#1] Wolfy: enabled noclip
[21:22:14] [YgHJY#1] Wolfy: became mortal (standard mode)
[21:22:15] [YgHJY#1] Wolfy: enabled noclip
[21:22:17] [YgHJY#1] Wolfy: became mortal (standard mode)
[21:25:11] [YgHJY#1] Wolfy: enabled noclip
[21:25:26] [YgHJY#1] Wolfy: became mortal (standard mode)
[21:25:31] [YgHJY#1] Wolfy: enabled noclip
[21:30:01] [YgHJY#1] Wolfy: became mortal (standard mode)
[21:30:02] [YgHJY#1] Wolfy: enabled noclip
[21:30:04] [YgHJY#1] Wolfy: became mortal (standard mode)
[21:35:11] [YgHJY#1] Wolfy: enabled noclip
[21:35:13] [YgHJY#1] Wolfy: became mortal (standard mode)
[22:27:03] [YgHJY#1] Wolfy: disconnected (Exiting)

================================================================
======== txAdmin Starting - 21/09/2023, 22:27:06                
================================================================
[22:27:12] txAdmin: Logger started

================================================================
======== txAdmin Starting - 21/09/2023, 22:27:21                
================================================================
[22:27:42] txAdmin: Logger started

================================================================
======== txAdmin Starting - 21/09/2023, 22:29:49                
================================================================
[22:29:55] txAdmin: Logger started

================================================================
======== txAdmin Starting - 21/09/2023, 22:31:30                
================================================================
[22:31:35] txAdmin: Logger started

================================================================
======== txAdmin Starting - 21/09/2023, 22:31:48                
================================================================
[22:31:54] txAdmin: Logger started

================================================================
======== txAdmin Starting - 21/09/2023, 22:32:06                
================================================================
[22:32:11] txAdmin: Logger started

================================================================
======== txAdmin Starting - 21/09/2023, 23:07:51                
================================================================
[23:07:56] txAdmin: Logger started
[23:07:57] [dJgm3#1] Wolfy: joined with identifiers [license:525fa2ba075115294b0606735621fca0282600d0; xbl:2535450397870124; live:844425512482730; discord:1012804832777744434; fivem:6862164; license2:719ea9efd4a6e5f19a4005effb58b60b1e6b0aaa]
[23:08:51] [dJgm3#1] Wolfy: enabled noclip
[23:08:57] [dJgm3#1] Wolfy: became mortal (standard mode)
[23:10:25] [dJgm3#1] Wolfy: disconnected (Exiting)
[23:11:10] txAdmin: Logger started
[23:11:18] [HxmAR#1] Wolfy: joined with identifiers [license:525fa2ba075115294b0606735621fca0282600d0; xbl:2535450397870124; live:844425512482730; discord:1012804832777744434; fivem:6862164; license2:719ea9efd4a6e5f19a4005effb58b60b1e6b0aaa]
[23:12:04] [HxmAR#1] Wolfy: enabled noclip
[23:12:04] [HxmAR#1] Wolfy: became mortal (standard mode)
[23:12:08] [HxmAR#1] Wolfy: enabled noclip
[23:12:14] [HxmAR#1] Wolfy: became mortal (standard mode)
[23:13:00] [HxmAR#1] Wolfy: enabled noclip
[23:13:33] [HxmAR#1] Wolfy: became mortal (standard mode)
[23:13:35] [HxmAR#1] Wolfy: enabled noclip
[23:13:35] [HxmAR#1] Wolfy: became mortal (standard mode)
[23:13:36] [HxmAR#1] Wolfy: enabled noclip
[23:13:36] [HxmAR#1] Wolfy: became mortal (standard mode)
[23:13:37] [HxmAR#1] Wolfy: enabled noclip
[23:13:40] [HxmAR#1] Wolfy: became mortal (standard mode)
[23:13:50] [HxmAR#1] Wolfy: enabled noclip
[23:13:54] [HxmAR#1] Wolfy: became mortal (standard mode)
[23:14:22] [HxmAR#1] Wolfy: enabled noclip
[23:14:25] [HxmAR#1] Wolfy: became mortal (standard mode)
[23:14:45] [HxmAR#1] Wolfy: enabled noclip
[23:14:53] [HxmAR#1] Wolfy: became mortal (standard mode)
[23:15:04] [HxmAR#1] Wolfy: enabled noclip
[23:15:08] [HxmAR#1] Wolfy: became mortal (standard mode)
[23:15:20] [HxmAR#1] Wolfy: enabled noclip
[23:15:23] [HxmAR#1] Wolfy: became mortal (standard mode)
[23:16:27] [HxmAR#1] Wolfy: enabled noclip
[23:16:35] [HxmAR#1] Wolfy: became mortal (standard mode)
[23:17:41] [HxmAR#1] Wolfy: caused an explosion (TANKSHELL)
[23:17:41] [HxmAR#1] Wolfy: caused an explosion (GAS_TANK)
[23:17:41] [HxmAR#1] Wolfy: caused an explosion (TANKER)
[23:17:46] [HxmAR#1] Wolfy: caused an explosion (TANKSHELL)
[23:17:46] [HxmAR#1] Wolfy: caused an explosion (CAR)
[23:17:49] [HxmAR#1] Wolfy: caused an explosion (TANKSHELL)
[23:17:49] [HxmAR#1] Wolfy: caused an explosion (PETROL_PUMP)
[23:17:51] [HxmAR#1] Wolfy: caused an explosion (TANKSHELL)
[23:17:51] [HxmAR#1] Wolfy: caused an explosion (PETROL_PUMP)
[23:17:52] [HxmAR#1] Wolfy: caused an explosion (TANKSHELL)
[23:17:52] [HxmAR#1] Wolfy: caused an explosion (PETROL_PUMP)
[23:17:55] [HxmAR#1] Wolfy: caused an explosion (TANKSHELL)
[23:17:55] [HxmAR#1] Wolfy: caused an explosion (PETROL_PUMP)
[23:17:57] [HxmAR#1] Wolfy: caused an explosion (TANKSHELL)
[23:17:57] [HxmAR#1] Wolfy: caused an explosion (PETROL_PUMP)
[23:17:58] [HxmAR#1] Wolfy: caused an explosion (TANKSHELL)
[23:17:58] [HxmAR#1] Wolfy: caused an explosion (PETROL_PUMP)
[23:18:00] [HxmAR#1] Wolfy: caused an explosion (TANKSHELL)
[23:18:00] [HxmAR#1] Wolfy: caused an explosion (PETROL_PUMP)
[23:18:01] [HxmAR#1] Wolfy: caused an explosion (TANKSHELL)
[23:18:01] [HxmAR#1] Wolfy: caused an explosion (PETROL_PUMP)
[23:18:03] [HxmAR#1] Wolfy: caused an explosion (TANKSHELL)
[23:18:03] [HxmAR#1] Wolfy: caused an explosion (PETROL_PUMP)
[23:18:09] [HxmAR#1] Wolfy: caused an explosion (TANKSHELL)
[23:18:09] [HxmAR#1] Wolfy: caused an explosion (TRUCK)
[23:18:10] [HxmAR#1] Wolfy: caused an explosion (CAR)
[23:18:13] [HxmAR#1] Wolfy: caused an explosion (TANKSHELL)
[23:18:14] [HxmAR#1] Wolfy: enabled noclip
[23:18:17] [HxmAR#1] Wolfy: became mortal (standard mode)
[23:18:21] [HxmAR#1] Wolfy: boosted their vehicle
[23:18:28] [HxmAR#1] Wolfy: caused an explosion (TANKSHELL)
[23:18:28] [HxmAR#1] Wolfy: caused an explosion (CAR)
[23:18:28] [HxmAR#1] Wolfy: caused an explosion (CAR)
[23:18:31] [HxmAR#1] Wolfy: caused an explosion (TANKSHELL)
[23:18:31] [HxmAR#1] Wolfy: caused an explosion (CAR)
[23:18:36] [HxmAR#1] Wolfy: caused an explosion (TANKSHELL)
[23:18:37] [HxmAR#1] Wolfy: caused an explosion (TANKSHELL)
[23:18:55] [HxmAR#1] Wolfy: caused an explosion (TANKSHELL)
[23:19:21] [HxmAR#1] Wolfy: caused an explosion (GAS_TANK)
[23:19:21] [HxmAR#1] Wolfy: caused an explosion (TANKER)
[23:19:30] [HxmAR#1] Wolfy: caused an explosion (TANKSHELL)
[23:19:30] [HxmAR#1] Wolfy: caused an explosion (CAR)
[23:19:30] [HxmAR#1] Wolfy: caused an explosion (CAR)
[23:19:51] [HxmAR#1] Wolfy: enabled noclip
[23:19:57] [HxmAR#1] Wolfy: became mortal (standard mode)
[23:27:02] [HxmAR#1] Wolfy: enabled noclip
[23:27:11] [HxmAR#1] Wolfy: became mortal (standard mode)
[23:27:32] [HxmAR#1] Wolfy: enabled noclip
[23:27:36] [HxmAR#1] Wolfy: became mortal (standard mode)
[23:27:43] [HxmAR#1] Wolfy: enabled noclip
[23:27:51] [HxmAR#1] Wolfy: became mortal (standard mode)
[23:27:55] [HxmAR#1] Wolfy: enabled noclip
[23:28:22] [HxmAR#1] Wolfy: became mortal (standard mode)
[23:28:29] [HxmAR#1] Wolfy: enabled noclip
[23:28:33] [HxmAR#1] Wolfy: became mortal (standard mode)
[23:28:51] [HxmAR#1] Wolfy: enabled noclip
[23:28:59] [HxmAR#1] Wolfy: became mortal (standard mode)
[23:29:02] [HxmAR#1] Wolfy: enabled noclip
[23:29:10] [HxmAR#1] Wolfy: became mortal (standard mode)
[23:29:13] [HxmAR#1] Wolfy: enabled noclip
[23:29:28] [HxmAR#1] Wolfy: became mortal (standard mode)
[23:29:33] [HxmAR#1] Wolfy: enabled noclip
[23:29:36] [HxmAR#1] Wolfy: became mortal (standard mode)
[23:29:39] [HxmAR#1] Wolfy: enabled noclip
[23:29:48] [HxmAR#1] Wolfy: became mortal (standard mode)
[23:29:55] [HxmAR#1] Wolfy: enabled noclip
[23:29:58] [HxmAR#1] Wolfy: became mortal (standard mode)
[23:30:03] [HxmAR#1] Wolfy: enabled noclip
[23:30:09] [HxmAR#1] Wolfy: became mortal (standard mode)
[23:30:13] [HxmAR#1] Wolfy: enabled noclip
[23:30:19] [HxmAR#1] Wolfy: became mortal (standard mode)
[23:30:23] [HxmAR#1] Wolfy: enabled noclip
[23:30:39] [HxmAR#1] Wolfy: became mortal (standard mode)
[23:30:42] [HxmAR#1] Wolfy: enabled noclip
[23:30:52] [HxmAR#1] Wolfy: became mortal (standard mode)
[23:30:57] [HxmAR#1] Wolfy: enabled noclip
[23:31:02] [HxmAR#1] Wolfy: became mortal (standard mode)
[23:31:04] [HxmAR#1] Wolfy: enabled noclip
[23:31:10] [HxmAR#1] Wolfy: became mortal (standard mode)
[23:31:12] [HxmAR#1] Wolfy: enabled noclip
[23:31:23] [HxmAR#1] Wolfy: became mortal (standard mode)
[23:31:31] [HxmAR#1] Wolfy: enabled noclip
[23:31:37] [HxmAR#1] Wolfy: became mortal (standard mode)
[23:31:39] [HxmAR#1] Wolfy: enabled noclip
[23:31:43] [HxmAR#1] Wolfy: became mortal (standard mode)
[23:31:46] [HxmAR#1] Wolfy: enabled noclip
[23:31:50] [HxmAR#1] Wolfy: became mortal (standard mode)
[23:31:56] [HxmAR#1] Wolfy: enabled noclip
[23:31:58] [HxmAR#1] Wolfy: became mortal (standard mode)
[23:31:59] [HxmAR#1] Wolfy: enabled noclip
[23:32:04] [HxmAR#1] Wolfy: became mortal (standard mode)
[23:32:08] [HxmAR#1] Wolfy: enabled noclip
[23:32:11] [HxmAR#1] Wolfy: became mortal (standard mode)
[23:32:17] [HxmAR#1] Wolfy: enabled noclip
[23:32:34] [HxmAR#1] Wolfy: became mortal (standard mode)
[23:32:38] [HxmAR#1] Wolfy: enabled noclip
[23:32:42] [HxmAR#1] Wolfy: became mortal (standard mode)
[23:32:45] [HxmAR#1] Wolfy: enabled noclip
[23:32:48] [HxmAR#1] Wolfy: became mortal (standard mode)
[23:32:51] [HxmAR#1] Wolfy: enabled noclip
[23:33:01] [HxmAR#1] Wolfy: became mortal (standard mode)
[23:33:03] [HxmAR#1] Wolfy: enabled noclip
[23:33:07] [HxmAR#1] Wolfy: became mortal (standard mode)
[23:33:09] [HxmAR#1] Wolfy: enabled noclip
[23:33:17] [HxmAR#1] Wolfy: became mortal (standard mode)
[23:33:21] [HxmAR#1] Wolfy: enabled noclip
[23:33:26] [HxmAR#1] Wolfy: became mortal (standard mode)
[23:33:28] [HxmAR#1] Wolfy: enabled noclip
[23:33:33] [HxmAR#1] Wolfy: became mortal (standard mode)
[23:33:36] [HxmAR#1] Wolfy: enabled noclip
[23:34:05] [HxmAR#1] Wolfy: became mortal (standard mode)
[23:34:08] [HxmAR#1] Wolfy: enabled noclip
[23:34:13] [HxmAR#1] Wolfy: became mortal (standard mode)
[23:34:17] [HxmAR#1] Wolfy: enabled noclip
[23:38:15] [HxmAR#1] Wolfy: became mortal (standard mode)
[23:38:16] [HxmAR#1] Wolfy: disconnected (Exiting)
