
================================================================
======== Log Rotated - 15/10/2023, 00:00:06                     
================================================================
[00:00:44] [mcTLT#1] Wolfy Dev: died from suicide (Falling)
[01:43:37] [mcTLT#1] Wolfy Dev: said "/-+adminmenu"
[01:43:47] [mcTLT#1] Wolfy Dev: enabled noclip
[01:43:47] [mcTLT#1] Wolfy Dev: became mortal (standard mode)
[01:43:48] [mcTLT#1] Wolfy Dev: enabled noclip
[01:43:48] [mcTLT#1] Wolfy Dev: became mortal (standard mode)
[01:49:26] [mcTLT#1] Wolfy Dev: enabled noclip
[01:49:36] [mcTLT#1] Wolfy Dev: became mortal (standard mode)
[01:50:11] [mcTLT#1] Wolfy Dev: said "/-+adminmenu"
[02:08:54] [mcTLT#1] Wolfy Dev: said "/-+adminmenu"
[02:10:00] [mcTLT#1] Wolfy Dev: said "/-+adminmenu"
[02:11:51] [mcTLT#1] Wolfy Dev: disconnected (Exiting)

================================================================
======== txAdmin Starting - 15/10/2023, 03:40:53                
================================================================
[03:41:09] txAdmin: Logger started
[03:41:20] [MnBfy#1] Wolfy Dev: joined with identifiers [license:525fa2ba075115294b0606735621fca0282600d0; xbl:2535450397870124; live:844425512482730; discord:1088163855819092119; fivem:6862164; license2:719ea9efd4a6e5f19a4005effb58b60b1e6b0aaa]
[03:49:39] [MnBfy#1] Wolfy Dev: enabled noclip
[03:50:42] [MnBfy#1] Wolfy Dev: became mortal (standard mode)
[04:02:35] [MnBfy#1] Wolfy Dev: disconnected (Exiting)

================================================================
======== txAdmin Starting - 15/10/2023, 04:02:39                
================================================================
[04:02:42] txAdmin: Logger started
[04:02:50] [c46Yi#1] Wolfy Dev: joined with identifiers [license:525fa2ba075115294b0606735621fca0282600d0; xbl:2535450397870124; live:844425512482730; discord:1088163855819092119; fivem:6862164; license2:719ea9efd4a6e5f19a4005effb58b60b1e6b0aaa]
[04:40:14] [c46Yi#1] Wolfy Dev: died from suicide (Falling)
[04:40:43] [c46Yi#1] Wolfy Dev: said "/-+adminmenu"
[04:41:33] [c46Yi#1] Wolfy Dev: said "/-+adminmenu"
[05:42:42] [c46Yi#1] Wolfy Dev: enabled noclip
[05:42:49] [c46Yi#1] Wolfy Dev: became mortal (standard mode)
[05:44:06] [c46Yi#1] Wolfy Dev: enabled noclip
[05:45:35] [c46Yi#1] Wolfy Dev: became mortal (standard mode)
[05:45:40] [c46Yi#1] Wolfy Dev: enabled noclip
[05:45:44] [c46Yi#1] Wolfy Dev: became mortal (standard mode)
[05:46:02] [c46Yi#1] Wolfy Dev: enabled noclip
[05:46:05] [c46Yi#1] Wolfy Dev: became mortal (standard mode)
[05:55:16] [c46Yi#1] Wolfy Dev: said "/-+adminmenu"
[05:55:42] [c46Yi#1] Wolfy Dev: said "/-+adminmenu"
[06:06:11] [c46Yi#1] Wolfy Dev: died from suicide (Falling)
[06:06:41] [c46Yi#1] Wolfy Dev: said "/-+adminmenu"
[06:21:23] [c46Yi#1] Wolfy Dev: disconnected (Exiting)

================================================================
======== txAdmin Starting - 15/10/2023, 13:51:28                
================================================================
[13:51:40] txAdmin: Logger started

================================================================
======== txAdmin Starting - 15/10/2023, 14:21:10                
================================================================
[14:21:14] txAdmin: Logger started
[14:21:27] [wRPze#1] Wolfy Dev: joined with identifiers [license:525fa2ba075115294b0606735621fca0282600d0; xbl:2535450397870124; live:844425512482730; discord:1088163855819092119; fivem:6862164; license2:719ea9efd4a6e5f19a4005effb58b60b1e6b0aaa]
[14:28:25] [wRPze#1] Wolfy Dev: said "/-+adminmenu"
[14:32:40] [wRPze#1] Wolfy Dev: enabled noclip
[14:32:40] [wRPze#1] Wolfy Dev: became mortal (standard mode)
[14:32:41] [wRPze#1] Wolfy Dev: enabled noclip
[14:32:42] [wRPze#1] Wolfy Dev: became mortal (standard mode)
[14:32:43] [wRPze#1] Wolfy Dev: enabled noclip
[14:32:44] [wRPze#1] Wolfy Dev: became mortal (standard mode)
[14:32:46] [wRPze#1] Wolfy Dev: enabled noclip
[14:32:47] [wRPze#1] Wolfy Dev: died from suicide (Ranover by Vehicle)
[14:32:48] [wRPze#1] Wolfy Dev: became mortal (standard mode)
[14:32:51] [wRPze#1] Wolfy Dev: said "/-+adminmenu"
[14:32:55] [wRPze#1] Wolfy Dev: enabled noclip
[14:32:56] [wRPze#1] Wolfy Dev: became mortal (standard mode)
[14:33:45] [wRPze#1] Wolfy Dev: enabled noclip
[14:33:46] [wRPze#1] Wolfy Dev: became mortal (standard mode)
[14:34:16] [wRPze#1] Wolfy Dev: said "/-+adminmenu"
[14:34:26] [wRPze#1] Wolfy Dev: said "/-+adminmenu"
[14:35:17] [wRPze#1] Wolfy Dev: caused an explosion (PLANE)
[14:35:17] [wRPze#1] Wolfy Dev: caused an explosion (PLANE)
[14:35:17] [wRPze#1] Wolfy Dev: died from suicide (Explosion)
[14:35:34] [wRPze#1] Wolfy Dev: said "/-+adminmenu"
[14:35:37] [wRPze#1] Wolfy Dev: enabled noclip
[14:35:38] [wRPze#1] Wolfy Dev: became mortal (standard mode)
[14:35:50] [wRPze#1] Wolfy Dev: died from suicide (Falling)
[14:35:52] [wRPze#1] Wolfy Dev: said "/-+adminmenu"
[14:35:58] [wRPze#1] Wolfy Dev: enabled noclip
[14:36:05] [wRPze#1] Wolfy Dev: became mortal (standard mode)
[14:36:36] [wRPze#1] Wolfy Dev: enabled noclip
[14:36:47] [wRPze#1] Wolfy Dev: became mortal (standard mode)
[14:37:23] [wRPze#1] Wolfy Dev: said "/-+adminmenu"
[14:38:29] [wRPze#1] Wolfy Dev: caused an explosion (PLANE)
[14:38:29] [wRPze#1] Wolfy Dev: caused an explosion (PLANE)
[14:38:29] [wRPze#1] Wolfy Dev: died from suicide (Explosion)
[14:38:41] [wRPze#1] Wolfy Dev: said "/-+adminmenu"
[14:38:46] [wRPze#1] Wolfy Dev: enabled noclip
[14:38:46] [wRPze#1] Wolfy Dev: became mortal (standard mode)
[14:38:51] [wRPze#1] Wolfy Dev: said "/-+adminmenu"
[14:40:25] [wRPze#1] Wolfy Dev: said "/-+adminmenu"
[14:41:50] [wRPze#1] Wolfy Dev: disconnected (Exiting)
[15:05:03] [wRPze#2] Wolfy Dev: joined with identifiers [license:525fa2ba075115294b0606735621fca0282600d0; xbl:2535450397870124; live:844425512482730; discord:1088163855819092119; fivem:6862164; license2:719ea9efd4a6e5f19a4005effb58b60b1e6b0aaa]
[15:05:56] [wRPze#2] Wolfy Dev: said "/-+adminmenu"
[15:05:58] [wRPze#2] Wolfy Dev: disconnected (Exiting)

================================================================
======== txAdmin Starting - 15/10/2023, 15:52:26                
================================================================
[15:52:41] txAdmin: Logger started
[17:17:40] [aFrXk#1] Wolfy Dev: joined with identifiers [license:525fa2ba075115294b0606735621fca0282600d0; xbl:2535450397870124; live:844425512482730; discord:1088163855819092119; fivem:6862164; license2:719ea9efd4a6e5f19a4005effb58b60b1e6b0aaa]
[17:18:10] [aFrXk#1] Wolfy Dev: enabled noclip
[17:26:46] [aFrXk#1] Wolfy Dev: became mortal (standard mode)
[17:26:49] [aFrXk#1] Wolfy Dev: said "/-+adminmenu"
[17:27:55] [aFrXk#1] Wolfy Dev: said "/-+adminmenu"
[17:28:02] [aFrXk#1] Wolfy Dev: enabled noclip
[17:28:03] [aFrXk#1] Wolfy Dev: became mortal (standard mode)
[17:28:05] [aFrXk#1] Wolfy Dev: said "/-+adminmenu"
[17:28:24] [aFrXk#1] Wolfy Dev: said "/-+adminmenu"
[17:28:35] [aFrXk#1] Wolfy Dev: said "/-+adminmenu"
[18:40:11] [aFrXk#1] Wolfy Dev: died from suicide (Falling)
[19:54:00] [aFrXk#1] Wolfy Dev: disconnected (Exiting)

================================================================
======== txAdmin Starting - 15/10/2023, 20:57:00                
================================================================
[20:57:04] txAdmin: Logger started
[20:57:10] [tjFHA#1] Wolfy Dev: joined with identifiers [license:525fa2ba075115294b0606735621fca0282600d0; xbl:2535450397870124; live:844425512482730; discord:1088163855819092119; fivem:6862164; license2:719ea9efd4a6e5f19a4005effb58b60b1e6b0aaa]
[20:58:08] [tjFHA#1] Wolfy Dev: died from suicide (Falling)
[20:58:19] [tjFHA#1] Wolfy Dev: said "/-+adminmenu"
[21:12:18] [tjFHA#1] Wolfy Dev: enabled noclip
[21:12:35] [tjFHA#1] Wolfy Dev: became mortal (standard mode)
[21:12:37] [tjFHA#1] Wolfy Dev: enabled noclip
[21:12:46] [tjFHA#1] Wolfy Dev: became mortal (standard mode)
[21:18:33] [tjFHA#1] Wolfy Dev: enabled noclip
[21:18:46] [tjFHA#1] Wolfy Dev: became mortal (standard mode)
[21:18:55] [tjFHA#1] Wolfy Dev: teleported to coordinates (x=149.910, y=-1040.740, z=29.374)
[21:20:59] [tjFHA#1] Wolfy Dev: enabled noclip
[21:20:59] [tjFHA#1] Wolfy Dev: became mortal (standard mode)

================================================================
======== txAdmin Starting - 15/10/2023, 23:01:09                
================================================================
[23:01:13] txAdmin: Logger started
[23:01:29] [iJYwV#1] Wolfy Dev: joined with identifiers [license:525fa2ba075115294b0606735621fca0282600d0; xbl:2535450397870124; live:844425512482730; discord:1088163855819092119; fivem:6862164; license2:719ea9efd4a6e5f19a4005effb58b60b1e6b0aaa]
[23:02:24] [iJYwV#1] Wolfy Dev: enabled noclip
[23:02:24] [iJYwV#1] Wolfy Dev: became mortal (standard mode)
[23:04:37] [iJYwV#1] Wolfy Dev: enabled noclip
[23:04:38] [iJYwV#1] Wolfy Dev: became mortal (standard mode)
[23:05:29] [iJYwV#1] Wolfy Dev: enabled noclip
[23:05:31] [iJYwV#1] Wolfy Dev: became mortal (standard mode)
[23:05:41] [iJYwV#1] Wolfy Dev: enabled noclip
[23:05:42] [iJYwV#1] Wolfy Dev: became mortal (standard mode)
[23:05:43] [iJYwV#1] Wolfy Dev: enabled noclip
[23:05:43] [iJYwV#1] Wolfy Dev: became mortal (standard mode)
[23:05:55] [iJYwV#1] Wolfy Dev: enabled noclip
[23:05:55] [iJYwV#1] Wolfy Dev: became mortal (standard mode)
[23:06:05] [iJYwV#1] Wolfy Dev: enabled noclip
[23:06:07] [iJYwV#1] Wolfy Dev: became mortal (standard mode)
[23:08:20] [iJYwV#1] Wolfy Dev: enabled noclip
[23:08:20] [iJYwV#1] Wolfy Dev: became mortal (standard mode)
[23:08:21] [iJYwV#1] Wolfy Dev: enabled noclip
[23:08:21] [iJYwV#1] Wolfy Dev: became mortal (standard mode)
[23:10:33] [iJYwV#1] Wolfy Dev: enabled noclip
[23:10:34] [iJYwV#1] Wolfy Dev: became mortal (standard mode)
[23:12:59] [iJYwV#1] Wolfy Dev: caused an explosion (PLANE)
[23:12:59] [iJYwV#1] Wolfy Dev: caused an explosion (PLANE)
[23:12:59] [iJYwV#1] Wolfy Dev: died from suicide (Explosion)
[23:13:11] [iJYwV#1] Wolfy Dev: said "/-+adminmenu"
[23:13:14] [iJYwV#1] Wolfy Dev: enabled noclip
[23:13:14] [iJYwV#1] Wolfy Dev: became mortal (standard mode)
[23:13:41] [iJYwV#1] Wolfy Dev: enabled noclip
[23:13:47] [iJYwV#1] Wolfy Dev: became mortal (standard mode)
[23:20:51] [iJYwV#1] Wolfy Dev: repaired their vehicle
[23:21:17] [iJYwV#1] Wolfy Dev: repaired their vehicle
[23:22:26] [iJYwV#1] Wolfy Dev: repaired their vehicle
[23:24:56] [iJYwV#1] Wolfy Dev: repaired their vehicle
[23:25:17] [iJYwV#1] Wolfy Dev: repaired their vehicle
[23:28:25] [iJYwV#1] Wolfy Dev: repaired their vehicle
[23:29:29] [iJYwV#1] Wolfy Dev: repaired their vehicle
[23:35:35] [iJYwV#1] Wolfy Dev: died from suicide (Ranover by Vehicle)
[23:39:07] [iJYwV#1] Wolfy Dev: said "/-+adminmenu"
[23:41:31] [iJYwV#1] Wolfy Dev: enabled noclip
[23:41:31] [iJYwV#1] Wolfy Dev: became mortal (standard mode)
[23:41:31] [iJYwV#1] Wolfy Dev: died from suicide (Cougar)
[23:41:43] [iJYwV#1] Wolfy Dev: said "/-+adminmenu"
