
================================================================
======== txAdmin Starting - 17/09/2023, 14:34:08                
================================================================

================================================================
======== Log Rotated - 17/09/2023, 14:34:08                     
================================================================
[14:34:22] txAdmin: Logger started

================================================================
======== txAdmin Starting - 17/09/2023, 14:35:08                
================================================================
[14:35:14] txAdmin: Logger started
[14:37:22] [HzCHV#1] Wolfy: joined with identifiers [license:525fa2ba075115294b0606735621fca0282600d0; xbl:2535450397870124; live:844425512482730; discord:1012804832777744434; fivem:6862164; license2:719ea9efd4a6e5f19a4005effb58b60b1e6b0aaa]
[14:38:06] [HzCHV#1] Wolfy: enabled noclip
[14:38:16] [HzCHV#1] Wolfy: became mortal (standard mode)
[14:38:17] [HzCHV#1] Wolfy: enabled noclip
[14:38:17] [HzCHV#1] Wolfy: became mortal (standard mode)
[14:38:20] [HzCHV#1] Wolfy: enabled noclip
[14:38:24] [HzCHV#1] Wolfy: became mortal (standard mode)
[14:38:34] [HzCHV#1] Wolfy: enabled noclip
[14:38:37] [HzCHV#1] Wolfy: became mortal (standard mode)
[15:35:37] [HzCHV#1] Wolfy: disconnected (Exiting)

================================================================
======== txAdmin Starting - 17/09/2023, 19:36:49                
================================================================
[19:37:08] txAdmin: Logger started
[19:37:10] [VXJ7G#1] Wolfy: joined with identifiers [license:525fa2ba075115294b0606735621fca0282600d0; xbl:2535450397870124; live:844425512482730; discord:1012804832777744434; fivem:6862164; license2:719ea9efd4a6e5f19a4005effb58b60b1e6b0aaa]
[20:18:39] [VXJ7G#1] Wolfy: said "/CreateBlips"
[20:20:58] [VXJ7G#1] Wolfy: said "/BlipManagement"
[20:57:15] [VXJ7G#1] Wolfy: died from suicide (Falling)
[21:06:30] [VXJ7G#1] Wolfy: said "/revive me"
[21:06:59] [VXJ7G#1] Wolfy: disconnected (Exiting)

================================================================
======== txAdmin Starting - 17/09/2023, 21:07:02                
================================================================
[21:07:08] txAdmin: Logger started
[21:07:12] [GCj89#1] Wolfy: joined with identifiers [license:525fa2ba075115294b0606735621fca0282600d0; xbl:2535450397870124; live:844425512482730; discord:1134859419520352256; fivem:6862164; license2:719ea9efd4a6e5f19a4005effb58b60b1e6b0aaa]
[21:07:57] [GCj89#1] Wolfy: enabled noclip
[21:08:02] [GCj89#1] Wolfy: became mortal (standard mode)
[21:50:37] [GCj89#1] Wolfy: disconnected (Exiting)

================================================================
======== txAdmin Starting - 17/09/2023, 21:50:40                
================================================================
[21:50:47] txAdmin: Logger started
[21:50:51] [e6UT4#1] Wolfy: joined with identifiers [license:525fa2ba075115294b0606735621fca0282600d0; xbl:2535450397870124; live:844425512482730; discord:1134859419520352256; fivem:6862164; license2:719ea9efd4a6e5f19a4005effb58b60b1e6b0aaa]
[21:54:36] [e6UT4#1] Wolfy: disconnected (Exiting)

================================================================
======== txAdmin Starting - 17/09/2023, 21:54:39                
================================================================
[21:54:46] txAdmin: Logger started
[21:54:49] [XNdY3#1] Wolfy: joined with identifiers [license:525fa2ba075115294b0606735621fca0282600d0; xbl:2535450397870124; live:844425512482730; discord:1134859419520352256; fivem:6862164; license2:719ea9efd4a6e5f19a4005effb58b60b1e6b0aaa]
[22:08:54] [XNdY3#1] Wolfy: enabled noclip
[22:08:55] [XNdY3#1] Wolfy: became mortal (standard mode)
[22:08:56] [XNdY3#1] Wolfy: enabled noclip
[22:08:56] [XNdY3#1] Wolfy: became mortal (standard mode)
[22:09:17] [XNdY3#1] Wolfy: disconnected (Exiting)

================================================================
======== txAdmin Starting - 17/09/2023, 22:09:20                
================================================================
[22:09:26] txAdmin: Logger started
[22:09:37] [fnA89#1] Wolfy: joined with identifiers [license:525fa2ba075115294b0606735621fca0282600d0; xbl:2535450397870124; live:844425512482730; discord:1134859419520352256; fivem:6862164; license2:719ea9efd4a6e5f19a4005effb58b60b1e6b0aaa]
[22:10:12] [fnA89#1] Wolfy: enabled noclip
[22:10:16] [fnA89#1] Wolfy: became mortal (standard mode)
[22:12:00] [fnA89#1] Wolfy: enabled noclip
[22:12:01] [fnA89#1] Wolfy: became mortal (standard mode)
[22:12:54] [fnA89#1] Wolfy: disconnected (Exiting)
[22:13:33] [fnA89#2] Wolfy: joined with identifiers [license:525fa2ba075115294b0606735621fca0282600d0; xbl:2535450397870124; live:844425512482730; discord:1134859419520352256; fivem:6862164; license2:719ea9efd4a6e5f19a4005effb58b60b1e6b0aaa]
[22:14:10] [fnA89#2] Wolfy: enabled noclip
[22:44:00] [fnA89#2] Wolfy: became mortal (standard mode)
[23:01:11] [fnA89#2] Wolfy: enabled noclip
[23:02:05] [fnA89#2] Wolfy: became mortal (standard mode)
[23:03:20] [fnA89#2] Wolfy: disconnected (Exiting)
