
================================================================
======== txAdmin Starting - 30/09/2023, 09:24:25                
================================================================

================================================================
======== Log Rotated - 30/09/2023, 09:24:25                     
================================================================
[09:24:37] txAdmin: Logger started
[09:25:35] txAdmin: Logger started
[09:26:04] txAdmin: Logger started
[09:26:43] txAdmin: Logger started
[09:27:21] txAdmin: Logger started
[09:29:19] txAdmin: Logger started
[09:30:28] txAdmin: Logger started
[09:30:58] txAdmin: Logger started
[09:34:32] txAdmin: Logger started
[09:35:01] [bgQCz#1] Wolfy: joined with identifiers [license:525fa2ba075115294b0606735621fca0282600d0; xbl:2535450397870124; live:844425512482730; discord:1012804832777744434; fivem:6862164; license2:719ea9efd4a6e5f19a4005effb58b60b1e6b0aaa]
[12:24:52] [bgQCz#1] Wolfy: died from suicide (Falling)
[13:36:30] [bgQCz#1] Wolfy: said "/tp 0, 0, 0"
[13:36:52] [bgQCz#1] Wolfy: teleported to coordinates (x=0.000, y=0.000, z=0.000)
[15:01:52] [bgQCz#1] Wolfy: died from suicide (Falling)
[17:20:19] [bgQCz#1] Wolfy: died from suicide (Falling)
[19:46:09] [bgQCz#1] Wolfy: teleported to a waypoint
[20:48:14] [bgQCz#1] Wolfy: enabled noclip
