
================================================================
======== txAdmin Starting - 28/09/2023, 17:38:22                
================================================================

================================================================
======== Log Rotated - 28/09/2023, 17:38:22                     
================================================================
[17:38:34] txAdmin: Logger started

================================================================
======== txAdmin Starting - 28/09/2023, 17:39:25                
================================================================
[17:39:31] txAdmin: Logger started
[17:39:46] [zf7c9#1] Wolfy: joined with identifiers [license:525fa2ba075115294b0606735621fca0282600d0; xbl:2535450397870124; live:844425512482730; discord:1012804832777744434; fivem:6862164; license2:719ea9efd4a6e5f19a4005effb58b60b1e6b0aaa]
[17:40:19] [zf7c9#1] Wolfy: enabled noclip
[17:40:24] [zf7c9#1] Wolfy: became mortal (standard mode)
[17:41:37] [zf7c9#1] Wolfy: enabled noclip
[17:42:48] [zf7c9#1] Wolfy: became mortal (standard mode)
[17:45:17] [zf7c9#1] Wolfy: repaired their vehicle
[17:45:47] [zf7c9#1] Wolfy: repaired their vehicle
[17:46:17] [zf7c9#1] Wolfy: repaired their vehicle
[17:48:29] [zf7c9#1] Wolfy: repaired their vehicle
[17:48:41] [zf7c9#1] Wolfy: repaired their vehicle
[17:50:16] [zf7c9#1] Wolfy: repaired their vehicle
[17:50:56] [zf7c9#1] Wolfy: repaired their vehicle
[18:00:34] [zf7c9#1] Wolfy: caused an explosion (CAR)
[18:00:35] [zf7c9#1] Wolfy: died from suicide (Explosion)
[18:00:37] [zf7c9#1] Wolfy: enabled noclip
[18:00:37] [zf7c9#1] Wolfy: became mortal (standard mode)
[18:00:42] [zf7c9#1] Wolfy: enabled noclip
[18:00:42] [zf7c9#1] Wolfy: became mortal (standard mode)
[18:00:47] [zf7c9#1] Wolfy: enabled noclip
[18:01:13] [zf7c9#1] Wolfy: became mortal (standard mode)
[18:02:40] [zf7c9#1] Wolfy: enabled noclip
[18:02:49] [zf7c9#1] Wolfy: became mortal (standard mode)
[18:03:56] [zf7c9#1] Wolfy: enabled noclip
[18:06:23] [zf7c9#1] Wolfy: became mortal (standard mode)
[18:08:28] [zf7c9#1] Wolfy: enabled noclip
[18:08:38] [zf7c9#1] Wolfy: became mortal (standard mode)
[18:09:05] [zf7c9#1] Wolfy: enabled noclip
[18:09:15] [zf7c9#1] Wolfy: became mortal (standard mode)
[18:36:20] [zf7c9#1] Wolfy: disconnected (Exiting)

================================================================
======== txAdmin Starting - 28/09/2023, 18:45:31                
================================================================
[18:45:36] txAdmin: Logger started
[18:45:48] [pziB9#1] Wolfy: joined with identifiers [license:525fa2ba075115294b0606735621fca0282600d0; xbl:2535450397870124; live:844425512482730; discord:1012804832777744434; fivem:6862164; license2:719ea9efd4a6e5f19a4005effb58b60b1e6b0aaa]
[18:51:36] [pziB9#1] Wolfy: enabled noclip
[18:51:36] [pziB9#1] Wolfy: became mortal (standard mode)
[18:52:44] [pziB9#1] Wolfy: enabled noclip
[18:52:48] [pziB9#1] Wolfy: became mortal (standard mode)
[18:52:48] [pziB9#1] Wolfy: enabled noclip
[18:52:50] [pziB9#1] Wolfy: became mortal (standard mode)
[18:53:06] [pziB9#1] Wolfy: enabled noclip
[19:10:28] [pziB9#1] Wolfy: became mortal (standard mode)
[19:10:29] [pziB9#1] Wolfy: enabled noclip
[19:10:35] [pziB9#1] Wolfy: became mortal (standard mode)
[19:35:56] [pziB9#1] Wolfy: died from suicide (Falling)
[21:05:24] [pziB9#1] Wolfy: enabled noclip
[21:05:54] [pziB9#1] Wolfy: became mortal (standard mode)
[21:09:11] [pziB9#1] Wolfy: enabled noclip
[21:20:31] [pziB9#1] Wolfy: became mortal (standard mode)
[21:21:08] [pziB9#1] Wolfy: enabled noclip
[21:21:11] [pziB9#1] Wolfy: became mortal (standard mode)
[21:21:41] [pziB9#1] Wolfy: enabled noclip
[21:23:47] [pziB9#1] Wolfy: became mortal (standard mode)
[21:23:48] [pziB9#1] Wolfy: enabled noclip
[21:29:08] [pziB9#1] Wolfy: became mortal (standard mode)
[21:29:43] [pziB9#1] Wolfy: enabled noclip
[21:29:44] [pziB9#1] Wolfy: became mortal (standard mode)
[21:30:58] [pziB9#1] Wolfy: enabled noclip
[21:33:04] [pziB9#1] Wolfy: became mortal (standard mode)
[21:34:47] [pziB9#1] Wolfy: enabled noclip
[21:34:48] [pziB9#1] Wolfy: became mortal (standard mode)
[21:34:53] [pziB9#1] Wolfy: enabled noclip
[22:01:48] [pziB9#1] Wolfy: became mortal (standard mode)
[22:01:56] [pziB9#1] Wolfy: enabled noclip
[22:02:12] [pziB9#1] Wolfy: became mortal (standard mode)
[22:03:37] [pziB9#1] Wolfy: enabled noclip
[22:10:36] [pziB9#1] Wolfy: became mortal (standard mode)
[22:10:37] [pziB9#1] Wolfy: enabled noclip
[22:11:08] [pziB9#1] Wolfy: became mortal (standard mode)
[22:11:09] [pziB9#1] Wolfy: enabled noclip
[22:11:16] [pziB9#1] Wolfy: became mortal (standard mode)
[22:11:17] [pziB9#1] Wolfy: enabled noclip
[22:15:31] [pziB9#1] Wolfy: became mortal (standard mode)
[22:23:24] [pziB9#1] Wolfy: enabled noclip
[22:24:44] [pziB9#1] Wolfy: became mortal (standard mode)
[22:25:11] [pziB9#1] Wolfy: died from suicide (Falling)
[22:25:16] [pziB9#1] Wolfy: enabled noclip
[22:25:38] [pziB9#1] Wolfy: became mortal (standard mode)
[22:25:45] [pziB9#1] Wolfy: enabled noclip
[22:25:45] [pziB9#1] Wolfy: became mortal (standard mode)
[22:25:50] [pziB9#1] Wolfy: enabled noclip
[22:38:34] [pziB9#1] Wolfy: became mortal (standard mode)
[22:40:32] [pziB9#1] Wolfy: enabled noclip
[22:40:33] [pziB9#1] Wolfy: became mortal (standard mode)
[22:40:54] [pziB9#1] Wolfy: enabled noclip
[22:40:55] [pziB9#1] Wolfy: became mortal (standard mode)
[22:42:52] [pziB9#1] Wolfy: enabled noclip
[22:49:25] [pziB9#1] Wolfy: disconnected (Exiting)
